2024-09-02 20:54:19 INFO     ### Saving logs in: logs\09_02\FB15K-237\RotatE_20_54_19 ###
2024-09-02 20:54:23 INFO     	 (14541, 474, 14541)
2024-09-02 20:54:23 INFO     Total number of parameters 990042
2024-09-02 20:54:24 INFO     	 Start training
2024-09-02 20:55:18 INFO     	 Epoch 0 | average train loss: 0.0394
2024-09-02 20:55:18 INFO     	 Epoch 0 | average valid loss: 0.0192
2024-09-02 20:56:15 INFO     	 Epoch 1 | average train loss: 0.0204
2024-09-02 20:56:15 INFO     	 Epoch 1 | average valid loss: 0.0167
2024-09-02 20:57:10 INFO     	 Epoch 2 | average train loss: 0.0182
2024-09-02 20:57:11 INFO     	 Epoch 2 | average valid loss: 0.0149
2024-09-02 20:58:07 INFO     	 Epoch 3 | average train loss: 0.0167
2024-09-02 20:58:08 INFO     	 Epoch 3 | average valid loss: 0.0136
2024-09-02 20:59:05 INFO     	 Epoch 4 | average train loss: 0.0156
2024-09-02 20:59:05 INFO     	 Epoch 4 | average valid loss: 0.0127
2024-09-02 20:59:20 INFO     
average valid metrics:	MR: 716.361	| MRR: 0.191	| H@1: 0.134	| H@3: 0.205	| H@10: 0.302	| AMRI: 0.902	| rank_deviation: 0.00023
2024-09-02 20:59:20 INFO     	 Saving model at epoch 4 in logs\09_02\FB15K-237\RotatE_20_54_19
2024-09-02 21:00:17 INFO     	 Epoch 5 | average train loss: 0.0148
2024-09-02 21:00:18 INFO     	 Epoch 5 | average valid loss: 0.0121
2024-09-02 21:01:15 INFO     	 Epoch 6 | average train loss: 0.0142
2024-09-02 21:01:15 INFO     	 Epoch 6 | average valid loss: 0.0116
2024-09-02 21:02:07 INFO     	 Epoch 7 | average train loss: 0.0138
2024-09-02 21:02:08 INFO     	 Epoch 7 | average valid loss: 0.0113
2024-09-02 21:03:00 INFO     	 Epoch 8 | average train loss: 0.0134
2024-09-02 21:03:01 INFO     	 Epoch 8 | average valid loss: 0.0110
2024-09-02 21:03:53 INFO     	 Epoch 9 | average train loss: 0.0131
2024-09-02 21:03:53 INFO     	 Epoch 9 | average valid loss: 0.0107
2024-09-02 21:04:06 INFO     
average valid metrics:	MR: 464.633	| MRR: 0.223	| H@1: 0.159	| H@3: 0.241	| H@10: 0.349	| AMRI: 0.936	| rank_deviation: 0.00014
2024-09-02 21:04:06 INFO     	 Saving model at epoch 9 in logs\09_02\FB15K-237\RotatE_20_54_19
2024-09-02 21:05:01 INFO     	 Epoch 10 | average train loss: 0.0129
2024-09-02 21:05:02 INFO     	 Epoch 10 | average valid loss: 0.0106
2024-09-02 21:05:56 INFO     	 Epoch 11 | average train loss: 0.0127
2024-09-02 21:05:57 INFO     	 Epoch 11 | average valid loss: 0.0104
2024-09-02 21:06:50 INFO     	 Epoch 12 | average train loss: 0.0125
2024-09-02 21:06:51 INFO     	 Epoch 12 | average valid loss: 0.0103
2024-09-02 21:07:48 INFO     	 Epoch 13 | average train loss: 0.0123
2024-09-02 21:07:49 INFO     	 Epoch 13 | average valid loss: 0.0102
2024-09-02 21:08:43 INFO     	 Epoch 14 | average train loss: 0.0122
2024-09-02 21:08:44 INFO     	 Epoch 14 | average valid loss: 0.0101
2024-09-02 21:08:56 INFO     
average valid metrics:	MR: 400.669	| MRR: 0.238	| H@1: 0.171	| H@3: 0.257	| H@10: 0.368	| AMRI: 0.945	| rank_deviation: 0.00026
2024-09-02 21:08:56 INFO     	 Saving model at epoch 14 in logs\09_02\FB15K-237\RotatE_20_54_19
2024-09-02 21:09:50 INFO     	 Epoch 15 | average train loss: 0.0121
2024-09-02 21:09:50 INFO     	 Epoch 15 | average valid loss: 0.0100
2024-09-02 21:10:43 INFO     	 Epoch 16 | average train loss: 0.0119
2024-09-02 21:10:44 INFO     	 Epoch 16 | average valid loss: 0.0099
2024-09-02 21:11:37 INFO     	 Epoch 17 | average train loss: 0.0118
2024-09-02 21:11:38 INFO     	 Epoch 17 | average valid loss: 0.0099
2024-09-02 21:12:33 INFO     	 Epoch 18 | average train loss: 0.0117
2024-09-02 21:12:33 INFO     	 Epoch 18 | average valid loss: 0.0099
2024-09-02 21:13:30 INFO     	 Epoch 19 | average train loss: 0.0116
2024-09-02 21:13:30 INFO     	 Epoch 19 | average valid loss: 0.0098
2024-09-02 21:13:43 INFO     
average valid metrics:	MR: 370.136	| MRR: 0.247	| H@1: 0.178	| H@3: 0.269	| H@10: 0.381	| AMRI: 0.949	| rank_deviation: 0.00003
2024-09-02 21:13:43 INFO     	 Saving model at epoch 19 in logs\09_02\FB15K-237\RotatE_20_54_19
2024-09-02 21:14:38 INFO     	 Epoch 20 | average train loss: 0.0115
2024-09-02 21:14:39 INFO     	 Epoch 20 | average valid loss: 0.0098
2024-09-02 21:15:33 INFO     	 Epoch 21 | average train loss: 0.0114
2024-09-02 21:15:34 INFO     	 Epoch 21 | average valid loss: 0.0097
2024-09-02 21:16:29 INFO     	 Epoch 22 | average train loss: 0.0114
2024-09-02 21:16:29 INFO     	 Epoch 22 | average valid loss: 0.0097
2024-09-02 21:17:22 INFO     	 Epoch 23 | average train loss: 0.0113
2024-09-02 21:17:22 INFO     	 Epoch 23 | average valid loss: 0.0096
2024-09-02 21:18:19 INFO     	 Epoch 24 | average train loss: 0.0112
2024-09-02 21:18:20 INFO     	 Epoch 24 | average valid loss: 0.0096
2024-09-02 21:18:32 INFO     
average valid metrics:	MR: 352.973	| MRR: 0.251	| H@1: 0.181	| H@3: 0.275	| H@10: 0.391	| AMRI: 0.952	| rank_deviation: 0.00020
2024-09-02 21:18:32 INFO     	 Saving model at epoch 24 in logs\09_02\FB15K-237\RotatE_20_54_19
2024-09-02 21:19:30 INFO     	 Epoch 25 | average train loss: 0.0111
2024-09-02 21:19:31 INFO     	 Epoch 25 | average valid loss: 0.0096
2024-09-02 21:20:25 INFO     	 Epoch 26 | average train loss: 0.0111
2024-09-02 21:20:26 INFO     	 Epoch 26 | average valid loss: 0.0095
2024-09-02 21:21:21 INFO     	 Epoch 27 | average train loss: 0.0110
2024-09-02 21:21:21 INFO     	 Epoch 27 | average valid loss: 0.0095
2024-09-02 21:22:16 INFO     	 Epoch 28 | average train loss: 0.0109
2024-09-02 21:22:16 INFO     	 Epoch 28 | average valid loss: 0.0095
2024-09-02 21:23:11 INFO     	 Epoch 29 | average train loss: 0.0109
2024-09-02 21:23:12 INFO     	 Epoch 29 | average valid loss: 0.0095
2024-09-02 21:23:26 INFO     
average valid metrics:	MR: 341.820	| MRR: 0.255	| H@1: 0.184	| H@3: 0.278	| H@10: 0.398	| AMRI: 0.953	| rank_deviation: 0.00011
2024-09-02 21:23:26 INFO     	 Saving model at epoch 29 in logs\09_02\FB15K-237\RotatE_20_54_19
2024-09-02 21:24:21 INFO     	 Epoch 30 | average train loss: 0.0108
2024-09-02 21:24:21 INFO     	 Epoch 30 | average valid loss: 0.0095
2024-09-02 21:25:16 INFO     	 Epoch 31 | average train loss: 0.0107
2024-09-02 21:25:17 INFO     	 Epoch 31 | average valid loss: 0.0095
2024-09-02 21:26:10 INFO     	 Epoch 32 | average train loss: 0.0107
2024-09-02 21:26:11 INFO     	 Epoch 32 | average valid loss: 0.0095
2024-09-02 21:27:04 INFO     	 Epoch 33 | average train loss: 0.0106
2024-09-02 21:27:04 INFO     	 Epoch 33 | average valid loss: 0.0095
2024-09-02 21:27:59 INFO     	 Epoch 34 | average train loss: 0.0106
2024-09-02 21:28:00 INFO     	 Epoch 34 | average valid loss: 0.0094
2024-09-02 21:28:14 INFO     
average valid metrics:	MR: 335.792	| MRR: 0.258	| H@1: 0.186	| H@3: 0.283	| H@10: 0.401	| AMRI: 0.954	| rank_deviation: 0.00009
2024-09-02 21:28:14 INFO     	 Saving model at epoch 34 in logs\09_02\FB15K-237\RotatE_20_54_19
2024-09-02 21:29:07 INFO     	 Epoch 35 | average train loss: 0.0105
2024-09-02 21:29:08 INFO     	 Epoch 35 | average valid loss: 0.0094
2024-09-02 21:30:03 INFO     	 Epoch 36 | average train loss: 0.0105
2024-09-02 21:30:03 INFO     	 Epoch 36 | average valid loss: 0.0094
2024-09-02 21:30:58 INFO     	 Epoch 37 | average train loss: 0.0104
2024-09-02 21:30:59 INFO     	 Epoch 37 | average valid loss: 0.0094
2024-09-02 21:31:54 INFO     	 Epoch 38 | average train loss: 0.0104
2024-09-02 21:31:54 INFO     	 Epoch 38 | average valid loss: 0.0094
2024-09-02 21:32:50 INFO     	 Epoch 39 | average train loss: 0.0104
2024-09-02 21:32:51 INFO     	 Epoch 39 | average valid loss: 0.0094
2024-09-02 21:33:03 INFO     
average valid metrics:	MR: 330.230	| MRR: 0.259	| H@1: 0.186	| H@3: 0.283	| H@10: 0.403	| AMRI: 0.955	| rank_deviation: 0.00009
2024-09-02 21:33:03 INFO     	 Saving model at epoch 39 in logs\09_02\FB15K-237\RotatE_20_54_19
2024-09-02 21:33:56 INFO     	 Epoch 40 | average train loss: 0.0103
2024-09-02 21:33:56 INFO     	 Epoch 40 | average valid loss: 0.0094
2024-09-02 21:34:53 INFO     	 Epoch 41 | average train loss: 0.0103
2024-09-02 21:34:53 INFO     	 Epoch 41 | average valid loss: 0.0094
2024-09-02 21:35:47 INFO     	 Epoch 42 | average train loss: 0.0102
2024-09-02 21:35:48 INFO     	 Epoch 42 | average valid loss: 0.0094
2024-09-02 21:36:42 INFO     	 Epoch 43 | average train loss: 0.0102
2024-09-02 21:36:42 INFO     	 Epoch 43 | average valid loss: 0.0094
2024-09-02 21:37:36 INFO     	 Epoch 44 | average train loss: 0.0102
2024-09-02 21:37:36 INFO     	 Epoch 44 | average valid loss: 0.0094
2024-09-02 21:37:50 INFO     
average valid metrics:	MR: 326.907	| MRR: 0.260	| H@1: 0.186	| H@3: 0.284	| H@10: 0.406	| AMRI: 0.955	| rank_deviation: 0.00000
2024-09-02 21:37:50 INFO     	 Saving model at epoch 44 in logs\09_02\FB15K-237\RotatE_20_54_19
2024-09-02 21:38:45 INFO     	 Epoch 45 | average train loss: 0.0101
2024-09-02 21:38:45 INFO     	 Epoch 45 | average valid loss: 0.0094
2024-09-02 21:39:42 INFO     	 Epoch 46 | average train loss: 0.0101
2024-09-02 21:39:43 INFO     	 Epoch 46 | average valid loss: 0.0094
2024-09-02 21:40:38 INFO     	 Epoch 47 | average train loss: 0.0101
2024-09-02 21:40:39 INFO     	 Epoch 47 | average valid loss: 0.0094
2024-09-02 21:41:33 INFO     	 Epoch 48 | average train loss: 0.0100
2024-09-02 21:41:34 INFO     	 Epoch 48 | average valid loss: 0.0094
2024-09-02 21:42:27 INFO     	 Epoch 49 | average train loss: 0.0100
2024-09-02 21:42:28 INFO     	 Epoch 49 | average valid loss: 0.0094
2024-09-02 21:42:41 INFO     
average valid metrics:	MR: 324.671	| MRR: 0.261	| H@1: 0.187	| H@3: 0.285	| H@10: 0.408	| AMRI: 0.955	| rank_deviation: 0.00011
2024-09-02 21:42:41 INFO     	 Saving model at epoch 49 in logs\09_02\FB15K-237\RotatE_20_54_19
2024-09-02 21:43:35 INFO     	 Epoch 50 | average train loss: 0.0100
2024-09-02 21:43:36 INFO     	 Epoch 50 | average valid loss: 0.0094
2024-09-02 21:44:32 INFO     	 Epoch 51 | average train loss: 0.0099
2024-09-02 21:44:32 INFO     	 Epoch 51 | average valid loss: 0.0094
2024-09-02 21:45:27 INFO     	 Epoch 52 | average train loss: 0.0099
2024-09-02 21:45:28 INFO     	 Epoch 52 | average valid loss: 0.0094
2024-09-02 21:46:21 INFO     	 Epoch 53 | average train loss: 0.0099
2024-09-02 21:46:21 INFO     	 Epoch 53 | average valid loss: 0.0094
2024-09-02 21:47:15 INFO     	 Epoch 54 | average train loss: 0.0098
2024-09-02 21:47:15 INFO     	 Epoch 54 | average valid loss: 0.0094
2024-09-02 21:47:30 INFO     
average valid metrics:	MR: 323.522	| MRR: 0.262	| H@1: 0.187	| H@3: 0.286	| H@10: 0.410	| AMRI: 0.956	| rank_deviation: 0.00011
2024-09-02 21:47:30 INFO     	 Saving model at epoch 54 in logs\09_02\FB15K-237\RotatE_20_54_19
2024-09-02 21:48:23 INFO     	 Epoch 55 | average train loss: 0.0098
2024-09-02 21:48:24 INFO     	 Epoch 55 | average valid loss: 0.0094
2024-09-02 21:49:17 INFO     	 Epoch 56 | average train loss: 0.0098
2024-09-02 21:49:18 INFO     	 Epoch 56 | average valid loss: 0.0094
2024-09-02 21:50:12 INFO     	 Epoch 57 | average train loss: 0.0097
2024-09-02 21:50:13 INFO     	 Epoch 57 | average valid loss: 0.0094
2024-09-02 21:51:08 INFO     	 Epoch 58 | average train loss: 0.0097
2024-09-02 21:51:09 INFO     	 Epoch 58 | average valid loss: 0.0094
2024-09-02 21:52:04 INFO     	 Epoch 59 | average train loss: 0.0097
2024-09-02 21:52:04 INFO     	 Epoch 59 | average valid loss: 0.0094
2024-09-02 21:52:19 INFO     
average valid metrics:	MR: 322.384	| MRR: 0.263	| H@1: 0.189	| H@3: 0.287	| H@10: 0.410	| AMRI: 0.956	| rank_deviation: 0.00006
2024-09-02 21:52:19 INFO     	 Saving model at epoch 59 in logs\09_02\FB15K-237\RotatE_20_54_19
2024-09-02 21:53:14 INFO     	 Epoch 60 | average train loss: 0.0097
2024-09-02 21:53:14 INFO     	 Epoch 60 | average valid loss: 0.0094
2024-09-02 21:54:10 INFO     	 Epoch 61 | average train loss: 0.0097
2024-09-02 21:54:10 INFO     	 Epoch 61 | average valid loss: 0.0094
2024-09-02 21:55:05 INFO     	 Epoch 62 | average train loss: 0.0096
2024-09-02 21:55:06 INFO     	 Epoch 62 | average valid loss: 0.0094
2024-09-02 21:56:01 INFO     	 Epoch 63 | average train loss: 0.0096
2024-09-02 21:56:01 INFO     	 Epoch 63 | average valid loss: 0.0094
2024-09-02 21:56:55 INFO     	 Epoch 64 | average train loss: 0.0096
2024-09-02 21:56:55 INFO     	 Epoch 64 | average valid loss: 0.0094
2024-09-02 21:57:11 INFO     
average valid metrics:	MR: 321.931	| MRR: 0.263	| H@1: 0.188	| H@3: 0.289	| H@10: 0.410	| AMRI: 0.956	| rank_deviation: 0.00014
2024-09-02 21:57:11 INFO     	 Saving model at epoch 64 in logs\09_02\FB15K-237\RotatE_20_54_19
2024-09-02 21:58:06 INFO     	 Epoch 65 | average train loss: 0.0096
2024-09-02 21:58:06 INFO     	 Epoch 65 | average valid loss: 0.0094
2024-09-02 21:59:00 INFO     	 Epoch 66 | average train loss: 0.0095
2024-09-02 21:59:01 INFO     	 Epoch 66 | average valid loss: 0.0094
2024-09-02 21:59:57 INFO     	 Epoch 67 | average train loss: 0.0095
2024-09-02 21:59:57 INFO     	 Epoch 67 | average valid loss: 0.0094
2024-09-02 22:00:52 INFO     	 Epoch 68 | average train loss: 0.0095
2024-09-02 22:00:52 INFO     	 Epoch 68 | average valid loss: 0.0094
2024-09-02 22:01:48 INFO     	 Epoch 69 | average train loss: 0.0095
2024-09-02 22:01:48 INFO     	 Epoch 69 | average valid loss: 0.0094
2024-09-02 22:02:04 INFO     
average valid metrics:	MR: 321.770	| MRR: 0.263	| H@1: 0.188	| H@3: 0.288	| H@10: 0.410	| AMRI: 0.956	| rank_deviation: 0.00003
2024-09-02 22:02:57 INFO     	 Epoch 70 | average train loss: 0.0094
2024-09-02 22:02:58 INFO     	 Epoch 70 | average valid loss: 0.0095
2024-09-02 22:03:53 INFO     	 Epoch 71 | average train loss: 0.0094
2024-09-02 22:03:54 INFO     	 Epoch 71 | average valid loss: 0.0094
2024-09-02 22:04:48 INFO     	 Epoch 72 | average train loss: 0.0094
2024-09-02 22:04:49 INFO     	 Epoch 72 | average valid loss: 0.0094
2024-09-02 22:05:42 INFO     	 Epoch 73 | average train loss: 0.0094
2024-09-02 22:05:43 INFO     	 Epoch 73 | average valid loss: 0.0095
2024-09-02 22:06:36 INFO     	 Epoch 74 | average train loss: 0.0094
2024-09-02 22:06:36 INFO     	 Epoch 74 | average valid loss: 0.0094
2024-09-02 22:06:51 INFO     
average valid metrics:	MR: 321.416	| MRR: 0.263	| H@1: 0.187	| H@3: 0.289	| H@10: 0.412	| AMRI: 0.956	| rank_deviation: 0.00003
2024-09-02 22:07:45 INFO     	 Epoch 75 | average train loss: 0.0093
2024-09-02 22:07:45 INFO     	 Epoch 75 | average valid loss: 0.0095
2024-09-02 22:08:42 INFO     	 Epoch 76 | average train loss: 0.0093
2024-09-02 22:08:42 INFO     	 Epoch 76 | average valid loss: 0.0094
2024-09-02 22:09:38 INFO     	 Epoch 77 | average train loss: 0.0093
2024-09-02 22:09:38 INFO     	 Epoch 77 | average valid loss: 0.0095
2024-09-02 22:10:32 INFO     	 Epoch 78 | average train loss: 0.0093
2024-09-02 22:10:33 INFO     	 Epoch 78 | average valid loss: 0.0095
2024-09-02 22:11:28 INFO     	 Epoch 79 | average train loss: 0.0093
2024-09-02 22:11:28 INFO     	 Epoch 79 | average valid loss: 0.0095
2024-09-02 22:11:44 INFO     
average valid metrics:	MR: 321.474	| MRR: 0.263	| H@1: 0.187	| H@3: 0.290	| H@10: 0.412	| AMRI: 0.956	| rank_deviation: 0.00000
2024-09-02 22:11:44 INFO     	 Saving model at epoch 79 in logs\09_02\FB15K-237\RotatE_20_54_19
2024-09-02 22:12:39 INFO     	 Epoch 80 | average train loss: 0.0093
2024-09-02 22:12:39 INFO     	 Epoch 80 | average valid loss: 0.0094
2024-09-02 22:13:34 INFO     	 Epoch 81 | average train loss: 0.0092
2024-09-02 22:13:34 INFO     	 Epoch 81 | average valid loss: 0.0095
2024-09-02 22:14:30 INFO     	 Epoch 82 | average train loss: 0.0092
2024-09-02 22:14:30 INFO     	 Epoch 82 | average valid loss: 0.0095
2024-09-02 22:15:26 INFO     	 Epoch 83 | average train loss: 0.0092
2024-09-02 22:15:26 INFO     	 Epoch 83 | average valid loss: 0.0095
2024-09-02 22:16:22 INFO     	 Epoch 84 | average train loss: 0.0092
2024-09-02 22:16:22 INFO     	 Epoch 84 | average valid loss: 0.0095
2024-09-02 22:16:36 INFO     
average valid metrics:	MR: 321.725	| MRR: 0.263	| H@1: 0.187	| H@3: 0.289	| H@10: 0.412	| AMRI: 0.956	| rank_deviation: 0.00009
2024-09-02 22:17:31 INFO     	 Epoch 85 | average train loss: 0.0092
2024-09-02 22:17:32 INFO     	 Epoch 85 | average valid loss: 0.0095
2024-09-02 22:18:26 INFO     	 Epoch 86 | average train loss: 0.0091
2024-09-02 22:18:27 INFO     	 Epoch 86 | average valid loss: 0.0095
2024-09-02 22:19:21 INFO     	 Epoch 87 | average train loss: 0.0091
2024-09-02 22:19:21 INFO     	 Epoch 87 | average valid loss: 0.0095
2024-09-02 22:20:17 INFO     	 Epoch 88 | average train loss: 0.0091
2024-09-02 22:20:17 INFO     	 Epoch 88 | average valid loss: 0.0095
2024-09-02 22:21:12 INFO     	 Epoch 89 | average train loss: 0.0091
2024-09-02 22:21:12 INFO     	 Epoch 89 | average valid loss: 0.0096
2024-09-02 22:21:27 INFO     
average valid metrics:	MR: 322.146	| MRR: 0.264	| H@1: 0.188	| H@3: 0.289	| H@10: 0.413	| AMRI: 0.956	| rank_deviation: 0.00006
2024-09-02 22:21:27 INFO     	 Saving model at epoch 89 in logs\09_02\FB15K-237\RotatE_20_54_19
2024-09-02 22:22:24 INFO     	 Epoch 90 | average train loss: 0.0091
2024-09-02 22:22:25 INFO     	 Epoch 90 | average valid loss: 0.0095
2024-09-02 22:23:19 INFO     	 Epoch 91 | average train loss: 0.0091
2024-09-02 22:23:20 INFO     	 Epoch 91 | average valid loss: 0.0096
2024-09-02 22:24:14 INFO     	 Epoch 92 | average train loss: 0.0091
2024-09-02 22:24:14 INFO     	 Epoch 92 | average valid loss: 0.0096
2024-09-02 22:25:09 INFO     	 Epoch 93 | average train loss: 0.0090
2024-09-02 22:25:09 INFO     	 Epoch 93 | average valid loss: 0.0096
2024-09-02 22:26:04 INFO     	 Epoch 94 | average train loss: 0.0090
2024-09-02 22:26:04 INFO     	 Epoch 94 | average valid loss: 0.0096
2024-09-02 22:26:22 INFO     
average valid metrics:	MR: 322.824	| MRR: 0.264	| H@1: 0.188	| H@3: 0.290	| H@10: 0.412	| AMRI: 0.956	| rank_deviation: 0.00000
2024-09-02 22:26:22 INFO     	 Saving model at epoch 94 in logs\09_02\FB15K-237\RotatE_20_54_19
2024-09-02 22:27:16 INFO     	 Epoch 95 | average train loss: 0.0090
2024-09-02 22:27:16 INFO     	 Epoch 95 | average valid loss: 0.0096
2024-09-02 22:28:10 INFO     	 Epoch 96 | average train loss: 0.0090
2024-09-02 22:28:11 INFO     	 Epoch 96 | average valid loss: 0.0096
2024-09-02 22:29:06 INFO     	 Epoch 97 | average train loss: 0.0090
2024-09-02 22:29:06 INFO     	 Epoch 97 | average valid loss: 0.0096
2024-09-02 22:30:01 INFO     	 Epoch 98 | average train loss: 0.0090
2024-09-02 22:30:01 INFO     	 Epoch 98 | average valid loss: 0.0096
2024-09-02 22:30:54 INFO     	 Epoch 99 | average train loss: 0.0090
2024-09-02 22:30:55 INFO     	 Epoch 99 | average valid loss: 0.0096
2024-09-02 22:31:11 INFO     
average valid metrics:	MR: 322.775	| MRR: 0.264	| H@1: 0.188	| H@3: 0.289	| H@10: 0.412	| AMRI: 0.956	| rank_deviation: 0.00014
2024-09-02 22:32:04 INFO     	 Epoch 100 | average train loss: 0.0089
2024-09-02 22:32:05 INFO     	 Epoch 100 | average valid loss: 0.0096
2024-09-02 22:32:58 INFO     	 Epoch 101 | average train loss: 0.0089
2024-09-02 22:32:59 INFO     	 Epoch 101 | average valid loss: 0.0095
2024-09-02 22:33:52 INFO     	 Epoch 102 | average train loss: 0.0089
2024-09-02 22:33:52 INFO     	 Epoch 102 | average valid loss: 0.0096
2024-09-02 22:34:46 INFO     	 Epoch 103 | average train loss: 0.0089
2024-09-02 22:34:46 INFO     	 Epoch 103 | average valid loss: 0.0096
2024-09-02 22:35:39 INFO     	 Epoch 104 | average train loss: 0.0089
2024-09-02 22:35:40 INFO     	 Epoch 104 | average valid loss: 0.0096
2024-09-02 22:35:55 INFO     
average valid metrics:	MR: 323.403	| MRR: 0.265	| H@1: 0.189	| H@3: 0.290	| H@10: 0.411	| AMRI: 0.956	| rank_deviation: 0.00006
2024-09-02 22:35:55 INFO     	 Saving model at epoch 104 in logs\09_02\FB15K-237\RotatE_20_54_19
2024-09-02 22:36:49 INFO     	 Epoch 105 | average train loss: 0.0089
2024-09-02 22:36:49 INFO     	 Epoch 105 | average valid loss: 0.0096
2024-09-02 22:37:44 INFO     	 Epoch 106 | average train loss: 0.0089
2024-09-02 22:37:44 INFO     	 Epoch 106 | average valid loss: 0.0096
2024-09-02 22:38:37 INFO     	 Epoch 107 | average train loss: 0.0089
2024-09-02 22:38:38 INFO     	 Epoch 107 | average valid loss: 0.0096
2024-09-02 22:39:32 INFO     	 Epoch 108 | average train loss: 0.0088
2024-09-02 22:39:32 INFO     	 Epoch 108 | average valid loss: 0.0096
2024-09-02 22:40:28 INFO     	 Epoch 109 | average train loss: 0.0088
2024-09-02 22:40:29 INFO     	 Epoch 109 | average valid loss: 0.0097
2024-09-02 22:40:45 INFO     
average valid metrics:	MR: 323.889	| MRR: 0.264	| H@1: 0.188	| H@3: 0.289	| H@10: 0.413	| AMRI: 0.956	| rank_deviation: 0.00009
2024-09-02 22:41:38 INFO     	 Epoch 110 | average train loss: 0.0088
2024-09-02 22:41:38 INFO     	 Epoch 110 | average valid loss: 0.0096
2024-09-02 22:42:31 INFO     	 Epoch 111 | average train loss: 0.0088
2024-09-02 22:42:31 INFO     	 Epoch 111 | average valid loss: 0.0097
2024-09-02 22:43:23 INFO     	 Epoch 112 | average train loss: 0.0088
2024-09-02 22:43:24 INFO     	 Epoch 112 | average valid loss: 0.0096
2024-09-02 22:44:16 INFO     	 Epoch 113 | average train loss: 0.0088
2024-09-02 22:44:17 INFO     	 Epoch 113 | average valid loss: 0.0096
2024-09-02 22:45:09 INFO     	 Epoch 114 | average train loss: 0.0088
2024-09-02 22:45:10 INFO     	 Epoch 114 | average valid loss: 0.0097
2024-09-02 22:45:25 INFO     
average valid metrics:	MR: 323.893	| MRR: 0.265	| H@1: 0.189	| H@3: 0.289	| H@10: 0.412	| AMRI: 0.956	| rank_deviation: 0.00006
2024-09-02 22:45:25 INFO     	 Saving model at epoch 114 in logs\09_02\FB15K-237\RotatE_20_54_19
2024-09-02 22:46:18 INFO     	 Epoch 115 | average train loss: 0.0088
2024-09-02 22:46:18 INFO     	 Epoch 115 | average valid loss: 0.0097
2024-09-02 22:47:10 INFO     	 Epoch 116 | average train loss: 0.0088
2024-09-02 22:47:11 INFO     	 Epoch 116 | average valid loss: 0.0096
2024-09-02 22:48:03 INFO     	 Epoch 117 | average train loss: 0.0087
2024-09-02 22:48:04 INFO     	 Epoch 117 | average valid loss: 0.0097
2024-09-02 22:48:55 INFO     	 Epoch 118 | average train loss: 0.0087
2024-09-02 22:48:56 INFO     	 Epoch 118 | average valid loss: 0.0097
2024-09-02 22:49:48 INFO     	 Epoch 119 | average train loss: 0.0087
2024-09-02 22:49:49 INFO     	 Epoch 119 | average valid loss: 0.0097
2024-09-02 22:50:04 INFO     
average valid metrics:	MR: 324.525	| MRR: 0.264	| H@1: 0.188	| H@3: 0.289	| H@10: 0.412	| AMRI: 0.956	| rank_deviation: 0.00011
2024-09-02 22:50:56 INFO     	 Epoch 120 | average train loss: 0.0087
2024-09-02 22:50:56 INFO     	 Epoch 120 | average valid loss: 0.0097
2024-09-02 22:51:48 INFO     	 Epoch 121 | average train loss: 0.0087
2024-09-02 22:51:49 INFO     	 Epoch 121 | average valid loss: 0.0097
2024-09-02 22:52:41 INFO     	 Epoch 122 | average train loss: 0.0087
2024-09-02 22:52:42 INFO     	 Epoch 122 | average valid loss: 0.0097
2024-09-02 22:53:34 INFO     	 Epoch 123 | average train loss: 0.0087
2024-09-02 22:53:35 INFO     	 Epoch 123 | average valid loss: 0.0097
2024-09-02 22:54:28 INFO     	 Epoch 124 | average train loss: 0.0087
2024-09-02 22:54:28 INFO     	 Epoch 124 | average valid loss: 0.0097
2024-09-02 22:54:45 INFO     
average valid metrics:	MR: 325.437	| MRR: 0.264	| H@1: 0.188	| H@3: 0.289	| H@10: 0.413	| AMRI: 0.955	| rank_deviation: 0.00009
2024-09-02 22:55:38 INFO     	 Epoch 125 | average train loss: 0.0087
2024-09-02 22:55:39 INFO     	 Epoch 125 | average valid loss: 0.0097
2024-09-02 22:56:33 INFO     	 Epoch 126 | average train loss: 0.0086
2024-09-02 22:56:33 INFO     	 Epoch 126 | average valid loss: 0.0098
2024-09-02 22:57:27 INFO     	 Epoch 127 | average train loss: 0.0086
2024-09-02 22:57:28 INFO     	 Epoch 127 | average valid loss: 0.0097
2024-09-02 22:58:22 INFO     	 Epoch 128 | average train loss: 0.0086
2024-09-02 22:58:22 INFO     	 Epoch 128 | average valid loss: 0.0097
2024-09-02 22:59:16 INFO     	 Epoch 129 | average train loss: 0.0086
2024-09-02 22:59:16 INFO     	 Epoch 129 | average valid loss: 0.0097
2024-09-02 22:59:33 INFO     
average valid metrics:	MR: 325.704	| MRR: 0.265	| H@1: 0.189	| H@3: 0.289	| H@10: 0.412	| AMRI: 0.955	| rank_deviation: 0.00009
2024-09-02 22:59:33 INFO     	 Saving model at epoch 129 in logs\09_02\FB15K-237\RotatE_20_54_19
2024-09-02 23:00:27 INFO     	 Epoch 130 | average train loss: 0.0086
2024-09-02 23:00:28 INFO     	 Epoch 130 | average valid loss: 0.0097
2024-09-02 23:01:26 INFO     	 Epoch 131 | average train loss: 0.0086
2024-09-02 23:01:26 INFO     	 Epoch 131 | average valid loss: 0.0097
2024-09-02 23:02:22 INFO     	 Epoch 132 | average train loss: 0.0086
2024-09-02 23:02:23 INFO     	 Epoch 132 | average valid loss: 0.0097
2024-09-02 23:03:18 INFO     	 Epoch 133 | average train loss: 0.0086
2024-09-02 23:03:18 INFO     	 Epoch 133 | average valid loss: 0.0097
2024-09-02 23:04:12 INFO     	 Epoch 134 | average train loss: 0.0086
2024-09-02 23:04:13 INFO     	 Epoch 134 | average valid loss: 0.0098
2024-09-02 23:04:30 INFO     
average valid metrics:	MR: 326.225	| MRR: 0.265	| H@1: 0.189	| H@3: 0.290	| H@10: 0.412	| AMRI: 0.955	| rank_deviation: 0.00020
2024-09-02 23:04:30 INFO     	 Saving model at epoch 134 in logs\09_02\FB15K-237\RotatE_20_54_19
2024-09-02 23:05:24 INFO     	 Epoch 135 | average train loss: 0.0086
2024-09-02 23:05:25 INFO     	 Epoch 135 | average valid loss: 0.0098
2024-09-02 23:06:19 INFO     	 Epoch 136 | average train loss: 0.0086
2024-09-02 23:06:19 INFO     	 Epoch 136 | average valid loss: 0.0098
2024-09-02 23:07:13 INFO     	 Epoch 137 | average train loss: 0.0085
2024-09-02 23:07:13 INFO     	 Epoch 137 | average valid loss: 0.0098
2024-09-02 23:08:08 INFO     	 Epoch 138 | average train loss: 0.0085
2024-09-02 23:08:08 INFO     	 Epoch 138 | average valid loss: 0.0098
2024-09-02 23:09:02 INFO     	 Epoch 139 | average train loss: 0.0085
2024-09-02 23:09:03 INFO     	 Epoch 139 | average valid loss: 0.0098
2024-09-02 23:09:20 INFO     
average valid metrics:	MR: 326.770	| MRR: 0.265	| H@1: 0.189	| H@3: 0.291	| H@10: 0.412	| AMRI: 0.955	| rank_deviation: 0.00006
2024-09-02 23:09:20 INFO     	 Saving model at epoch 139 in logs\09_02\FB15K-237\RotatE_20_54_19
2024-09-02 23:10:15 INFO     	 Epoch 140 | average train loss: 0.0085
2024-09-02 23:10:15 INFO     	 Epoch 140 | average valid loss: 0.0098
2024-09-02 23:11:09 INFO     	 Epoch 141 | average train loss: 0.0085
2024-09-02 23:11:10 INFO     	 Epoch 141 | average valid loss: 0.0098
2024-09-02 23:12:03 INFO     	 Epoch 142 | average train loss: 0.0085
2024-09-02 23:12:04 INFO     	 Epoch 142 | average valid loss: 0.0098
2024-09-02 23:12:58 INFO     	 Epoch 143 | average train loss: 0.0085
2024-09-02 23:12:59 INFO     	 Epoch 143 | average valid loss: 0.0098
2024-09-02 23:13:54 INFO     	 Epoch 144 | average train loss: 0.0085
2024-09-02 23:13:55 INFO     	 Epoch 144 | average valid loss: 0.0098
2024-09-02 23:14:14 INFO     
average valid metrics:	MR: 327.290	| MRR: 0.265	| H@1: 0.189	| H@3: 0.289	| H@10: 0.414	| AMRI: 0.955	| rank_deviation: 0.00006
2024-09-02 23:15:10 INFO     	 Epoch 145 | average train loss: 0.0085
2024-09-02 23:15:10 INFO     	 Epoch 145 | average valid loss: 0.0098
2024-09-02 23:16:06 INFO     	 Epoch 146 | average train loss: 0.0085
2024-09-02 23:16:06 INFO     	 Epoch 146 | average valid loss: 0.0098
2024-09-02 23:17:02 INFO     	 Epoch 147 | average train loss: 0.0085
2024-09-02 23:17:02 INFO     	 Epoch 147 | average valid loss: 0.0098
2024-09-02 23:17:57 INFO     	 Epoch 148 | average train loss: 0.0085
2024-09-02 23:17:58 INFO     	 Epoch 148 | average valid loss: 0.0099
2024-09-02 23:18:53 INFO     	 Epoch 149 | average train loss: 0.0084
2024-09-02 23:18:53 INFO     	 Epoch 149 | average valid loss: 0.0099
2024-09-02 23:19:10 INFO     
average valid metrics:	MR: 327.457	| MRR: 0.265	| H@1: 0.190	| H@3: 0.289	| H@10: 0.413	| AMRI: 0.955	| rank_deviation: 0.00003
2024-09-02 23:20:05 INFO     	 Epoch 150 | average train loss: 0.0084
2024-09-02 23:20:06 INFO     	 Epoch 150 | average valid loss: 0.0098
2024-09-02 23:21:01 INFO     	 Epoch 151 | average train loss: 0.0084
2024-09-02 23:21:01 INFO     	 Epoch 151 | average valid loss: 0.0099
2024-09-02 23:21:56 INFO     	 Epoch 152 | average train loss: 0.0084
2024-09-02 23:21:57 INFO     	 Epoch 152 | average valid loss: 0.0099
2024-09-02 23:22:50 INFO     	 Epoch 153 | average train loss: 0.0084
2024-09-02 23:22:51 INFO     	 Epoch 153 | average valid loss: 0.0099
2024-09-02 23:23:47 INFO     	 Epoch 154 | average train loss: 0.0084
2024-09-02 23:23:47 INFO     	 Epoch 154 | average valid loss: 0.0099
2024-09-02 23:24:04 INFO     
average valid metrics:	MR: 327.783	| MRR: 0.266	| H@1: 0.190	| H@3: 0.290	| H@10: 0.413	| AMRI: 0.955	| rank_deviation: 0.00017
2024-09-02 23:24:04 INFO     	 Saving model at epoch 154 in logs\09_02\FB15K-237\RotatE_20_54_19
2024-09-02 23:24:58 INFO     	 Epoch 155 | average train loss: 0.0084
2024-09-02 23:24:58 INFO     	 Epoch 155 | average valid loss: 0.0098
2024-09-02 23:25:52 INFO     	 Epoch 156 | average train loss: 0.0084
2024-09-02 23:25:52 INFO     	 Epoch 156 | average valid loss: 0.0099
2024-09-02 23:26:48 INFO     	 Epoch 157 | average train loss: 0.0084
2024-09-02 23:26:48 INFO     	 Epoch 157 | average valid loss: 0.0099
2024-09-02 23:27:43 INFO     	 Epoch 158 | average train loss: 0.0084
2024-09-02 23:27:43 INFO     	 Epoch 158 | average valid loss: 0.0099
2024-09-02 23:28:39 INFO     	 Epoch 159 | average train loss: 0.0084
2024-09-02 23:28:39 INFO     	 Epoch 159 | average valid loss: 0.0099
2024-09-02 23:28:57 INFO     
average valid metrics:	MR: 328.357	| MRR: 0.265	| H@1: 0.189	| H@3: 0.289	| H@10: 0.413	| AMRI: 0.955	| rank_deviation: 0.00014
2024-09-02 23:29:50 INFO     	 Epoch 160 | average train loss: 0.0084
2024-09-02 23:29:51 INFO     	 Epoch 160 | average valid loss: 0.0099
2024-09-02 23:30:45 INFO     	 Epoch 161 | average train loss: 0.0084
2024-09-02 23:30:45 INFO     	 Epoch 161 | average valid loss: 0.0099
2024-09-02 23:31:38 INFO     	 Epoch 162 | average train loss: 0.0084
2024-09-02 23:31:39 INFO     	 Epoch 162 | average valid loss: 0.0099
2024-09-02 23:32:33 INFO     	 Epoch 163 | average train loss: 0.0084
2024-09-02 23:32:33 INFO     	 Epoch 163 | average valid loss: 0.0099
2024-09-02 23:33:28 INFO     	 Epoch 164 | average train loss: 0.0083
2024-09-02 23:33:28 INFO     	 Epoch 164 | average valid loss: 0.0099
2024-09-02 23:33:45 INFO     
average valid metrics:	MR: 329.040	| MRR: 0.265	| H@1: 0.189	| H@3: 0.290	| H@10: 0.414	| AMRI: 0.955	| rank_deviation: 0.00006
2024-09-02 23:34:40 INFO     	 Epoch 165 | average train loss: 0.0083
2024-09-02 23:34:40 INFO     	 Epoch 165 | average valid loss: 0.0099
2024-09-02 23:35:37 INFO     	 Epoch 166 | average train loss: 0.0083
2024-09-02 23:35:37 INFO     	 Epoch 166 | average valid loss: 0.0099
2024-09-02 23:36:31 INFO     	 Epoch 167 | average train loss: 0.0083
2024-09-02 23:36:32 INFO     	 Epoch 167 | average valid loss: 0.0099
2024-09-02 23:37:26 INFO     	 Epoch 168 | average train loss: 0.0083
2024-09-02 23:37:26 INFO     	 Epoch 168 | average valid loss: 0.0099
2024-09-02 23:38:22 INFO     	 Epoch 169 | average train loss: 0.0083
2024-09-02 23:38:23 INFO     	 Epoch 169 | average valid loss: 0.0099
2024-09-02 23:38:40 INFO     
average valid metrics:	MR: 329.653	| MRR: 0.265	| H@1: 0.189	| H@3: 0.288	| H@10: 0.414	| AMRI: 0.955	| rank_deviation: 0.00009
2024-09-02 23:39:34 INFO     	 Epoch 170 | average train loss: 0.0083
2024-09-02 23:39:34 INFO     	 Epoch 170 | average valid loss: 0.0099
2024-09-02 23:40:28 INFO     	 Epoch 171 | average train loss: 0.0083
2024-09-02 23:40:29 INFO     	 Epoch 171 | average valid loss: 0.0099
2024-09-02 23:41:22 INFO     	 Epoch 172 | average train loss: 0.0083
2024-09-02 23:41:23 INFO     	 Epoch 172 | average valid loss: 0.0099
2024-09-02 23:42:17 INFO     	 Epoch 173 | average train loss: 0.0083
2024-09-02 23:42:18 INFO     	 Epoch 173 | average valid loss: 0.0100
2024-09-02 23:43:11 INFO     	 Epoch 174 | average train loss: 0.0083
2024-09-02 23:43:12 INFO     	 Epoch 174 | average valid loss: 0.0100
2024-09-02 23:43:30 INFO     
average valid metrics:	MR: 329.807	| MRR: 0.265	| H@1: 0.189	| H@3: 0.289	| H@10: 0.414	| AMRI: 0.955	| rank_deviation: 0.00014
2024-09-02 23:44:25 INFO     	 Epoch 175 | average train loss: 0.0083
2024-09-02 23:44:25 INFO     	 Epoch 175 | average valid loss: 0.0099
2024-09-02 23:45:21 INFO     	 Epoch 176 | average train loss: 0.0083
2024-09-02 23:45:21 INFO     	 Epoch 176 | average valid loss: 0.0100
2024-09-02 23:46:17 INFO     	 Epoch 177 | average train loss: 0.0083
2024-09-02 23:46:18 INFO     	 Epoch 177 | average valid loss: 0.0101
2024-09-02 23:47:13 INFO     	 Epoch 178 | average train loss: 0.0083
2024-09-02 23:47:14 INFO     	 Epoch 178 | average valid loss: 0.0100
2024-09-02 23:48:17 INFO     	 Epoch 179 | average train loss: 0.0083
2024-09-02 23:48:18 INFO     	 Epoch 179 | average valid loss: 0.0100
2024-09-02 23:48:42 INFO     
average valid metrics:	MR: 329.937	| MRR: 0.265	| H@1: 0.189	| H@3: 0.289	| H@10: 0.414	| AMRI: 0.955	| rank_deviation: 0.00006
2024-09-02 23:49:44 INFO     	 Epoch 180 | average train loss: 0.0082
2024-09-02 23:49:45 INFO     	 Epoch 180 | average valid loss: 0.0100
2024-09-02 23:50:50 INFO     	 Epoch 181 | average train loss: 0.0082
2024-09-02 23:50:50 INFO     	 Epoch 181 | average valid loss: 0.0100
2024-09-02 23:51:54 INFO     	 Epoch 182 | average train loss: 0.0082
2024-09-02 23:51:54 INFO     	 Epoch 182 | average valid loss: 0.0100
2024-09-02 23:52:52 INFO     	 Epoch 183 | average train loss: 0.0082
2024-09-02 23:52:53 INFO     	 Epoch 183 | average valid loss: 0.0100
2024-09-02 23:53:51 INFO     	 Epoch 184 | average train loss: 0.0082
2024-09-02 23:53:51 INFO     	 Epoch 184 | average valid loss: 0.0100
2024-09-02 23:54:08 INFO     
average valid metrics:	MR: 330.624	| MRR: 0.266	| H@1: 0.189	| H@3: 0.289	| H@10: 0.415	| AMRI: 0.955	| rank_deviation: 0.00009
2024-09-02 23:55:09 INFO     	 Epoch 185 | average train loss: 0.0082
2024-09-02 23:55:09 INFO     	 Epoch 185 | average valid loss: 0.0100
2024-09-02 23:56:06 INFO     	 Epoch 186 | average train loss: 0.0082
2024-09-02 23:56:07 INFO     	 Epoch 186 | average valid loss: 0.0101
2024-09-02 23:57:02 INFO     	 Epoch 187 | average train loss: 0.0082
2024-09-02 23:57:02 INFO     	 Epoch 187 | average valid loss: 0.0100
2024-09-02 23:57:57 INFO     	 Epoch 188 | average train loss: 0.0082
2024-09-02 23:57:57 INFO     	 Epoch 188 | average valid loss: 0.0100
2024-09-02 23:58:50 INFO     	 Epoch 189 | average train loss: 0.0082
2024-09-02 23:58:51 INFO     	 Epoch 189 | average valid loss: 0.0100
2024-09-02 23:59:09 INFO     
average valid metrics:	MR: 330.652	| MRR: 0.265	| H@1: 0.189	| H@3: 0.289	| H@10: 0.414	| AMRI: 0.955	| rank_deviation: 0.00003
2024-09-03 00:00:06 INFO     	 Epoch 190 | average train loss: 0.0082
2024-09-03 00:00:06 INFO     	 Epoch 190 | average valid loss: 0.0101
2024-09-03 00:00:59 INFO     	 Epoch 191 | average train loss: 0.0082
2024-09-03 00:00:59 INFO     	 Epoch 191 | average valid loss: 0.0100
2024-09-03 00:01:53 INFO     	 Epoch 192 | average train loss: 0.0082
2024-09-03 00:01:53 INFO     	 Epoch 192 | average valid loss: 0.0101
2024-09-03 00:02:48 INFO     	 Epoch 193 | average train loss: 0.0082
2024-09-03 00:02:49 INFO     	 Epoch 193 | average valid loss: 0.0100
2024-09-03 00:03:42 INFO     	 Epoch 194 | average train loss: 0.0082
2024-09-03 00:03:43 INFO     	 Epoch 194 | average valid loss: 0.0101
2024-09-03 00:04:01 INFO     
average valid metrics:	MR: 331.282	| MRR: 0.265	| H@1: 0.189	| H@3: 0.288	| H@10: 0.414	| AMRI: 0.955	| rank_deviation: 0.00014
2024-09-03 00:04:56 INFO     	 Epoch 195 | average train loss: 0.0082
2024-09-03 00:04:57 INFO     	 Epoch 195 | average valid loss: 0.0100
2024-09-03 00:05:53 INFO     	 Epoch 196 | average train loss: 0.0082
2024-09-03 00:05:54 INFO     	 Epoch 196 | average valid loss: 0.0100
2024-09-03 00:06:48 INFO     	 Epoch 197 | average train loss: 0.0082
2024-09-03 00:06:49 INFO     	 Epoch 197 | average valid loss: 0.0101
2024-09-03 00:07:45 INFO     	 Epoch 198 | average train loss: 0.0081
2024-09-03 00:07:46 INFO     	 Epoch 198 | average valid loss: 0.0100
2024-09-03 00:08:40 INFO     	 Epoch 199 | average train loss: 0.0081
2024-09-03 00:08:41 INFO     	 Epoch 199 | average valid loss: 0.0101
2024-09-03 00:08:57 INFO     
average valid metrics:	MR: 331.418	| MRR: 0.265	| H@1: 0.189	| H@3: 0.288	| H@10: 0.414	| AMRI: 0.955	| rank_deviation: 0.00003
2024-09-03 00:09:49 INFO     	 Epoch 200 | average train loss: 0.0081
2024-09-03 00:09:50 INFO     	 Epoch 200 | average valid loss: 0.0101
2024-09-03 00:10:43 INFO     	 Epoch 201 | average train loss: 0.0081
2024-09-03 00:10:44 INFO     	 Epoch 201 | average valid loss: 0.0101
2024-09-03 00:11:37 INFO     	 Epoch 202 | average train loss: 0.0081
2024-09-03 00:11:37 INFO     	 Epoch 202 | average valid loss: 0.0101
2024-09-03 00:12:30 INFO     	 Epoch 203 | average train loss: 0.0081
2024-09-03 00:12:31 INFO     	 Epoch 203 | average valid loss: 0.0101
2024-09-03 00:13:24 INFO     	 Epoch 204 | average train loss: 0.0081
2024-09-03 00:13:25 INFO     	 Epoch 204 | average valid loss: 0.0101
2024-09-03 00:13:44 INFO     
average valid metrics:	MR: 331.842	| MRR: 0.265	| H@1: 0.189	| H@3: 0.289	| H@10: 0.415	| AMRI: 0.954	| rank_deviation: 0.00017
2024-09-03 00:14:39 INFO     	 Epoch 205 | average train loss: 0.0081
2024-09-03 00:14:40 INFO     	 Epoch 205 | average valid loss: 0.0101
2024-09-03 00:15:34 INFO     	 Epoch 206 | average train loss: 0.0081
2024-09-03 00:15:35 INFO     	 Epoch 206 | average valid loss: 0.0101
2024-09-03 00:16:28 INFO     	 Epoch 207 | average train loss: 0.0081
2024-09-03 00:16:28 INFO     	 Epoch 207 | average valid loss: 0.0101
2024-09-03 00:17:21 INFO     	 Epoch 208 | average train loss: 0.0081
2024-09-03 00:17:21 INFO     	 Epoch 208 | average valid loss: 0.0101
2024-09-03 00:18:14 INFO     	 Epoch 209 | average train loss: 0.0081
2024-09-03 00:18:15 INFO     	 Epoch 209 | average valid loss: 0.0101
2024-09-03 00:18:33 INFO     
average valid metrics:	MR: 332.259	| MRR: 0.265	| H@1: 0.189	| H@3: 0.288	| H@10: 0.415	| AMRI: 0.954	| rank_deviation: 0.00009
2024-09-03 00:19:25 INFO     	 Epoch 210 | average train loss: 0.0081
2024-09-03 00:19:26 INFO     	 Epoch 210 | average valid loss: 0.0101
2024-09-03 00:20:19 INFO     	 Epoch 211 | average train loss: 0.0081
2024-09-03 00:20:19 INFO     	 Epoch 211 | average valid loss: 0.0101
2024-09-03 00:21:15 INFO     	 Epoch 212 | average train loss: 0.0081
2024-09-03 00:21:16 INFO     	 Epoch 212 | average valid loss: 0.0101
2024-09-03 00:22:10 INFO     	 Epoch 213 | average train loss: 0.0081
2024-09-03 00:22:10 INFO     	 Epoch 213 | average valid loss: 0.0102
2024-09-03 00:23:09 INFO     	 Epoch 214 | average train loss: 0.0081
2024-09-03 00:23:09 INFO     	 Epoch 214 | average valid loss: 0.0101
2024-09-03 00:23:29 INFO     
average valid metrics:	MR: 332.401	| MRR: 0.265	| H@1: 0.189	| H@3: 0.288	| H@10: 0.415	| AMRI: 0.954	| rank_deviation: 0.00020
2024-09-03 00:24:25 INFO     	 Epoch 215 | average train loss: 0.0081
2024-09-03 00:24:25 INFO     	 Epoch 215 | average valid loss: 0.0101
2024-09-03 00:25:21 INFO     	 Epoch 216 | average train loss: 0.0081
2024-09-03 00:25:21 INFO     	 Epoch 216 | average valid loss: 0.0102
2024-09-03 00:26:14 INFO     	 Epoch 217 | average train loss: 0.0081
2024-09-03 00:26:14 INFO     	 Epoch 217 | average valid loss: 0.0101
2024-09-03 00:27:07 INFO     	 Epoch 218 | average train loss: 0.0081
2024-09-03 00:27:08 INFO     	 Epoch 218 | average valid loss: 0.0102
2024-09-03 00:28:00 INFO     	 Epoch 219 | average train loss: 0.0080
2024-09-03 00:28:01 INFO     	 Epoch 219 | average valid loss: 0.0101
2024-09-03 00:28:20 INFO     
average valid metrics:	MR: 332.847	| MRR: 0.265	| H@1: 0.188	| H@3: 0.289	| H@10: 0.415	| AMRI: 0.954	| rank_deviation: 0.00011
2024-09-03 00:29:13 INFO     	 Epoch 220 | average train loss: 0.0080
2024-09-03 00:29:14 INFO     	 Epoch 220 | average valid loss: 0.0101
2024-09-03 00:30:06 INFO     	 Epoch 221 | average train loss: 0.0080
2024-09-03 00:30:07 INFO     	 Epoch 221 | average valid loss: 0.0101
2024-09-03 00:31:00 INFO     	 Epoch 222 | average train loss: 0.0080
2024-09-03 00:31:01 INFO     	 Epoch 222 | average valid loss: 0.0101
2024-09-03 00:31:54 INFO     	 Epoch 223 | average train loss: 0.0080
2024-09-03 00:31:54 INFO     	 Epoch 223 | average valid loss: 0.0102
2024-09-03 00:32:47 INFO     	 Epoch 224 | average train loss: 0.0080
2024-09-03 00:32:48 INFO     	 Epoch 224 | average valid loss: 0.0102
2024-09-03 00:33:06 INFO     
average valid metrics:	MR: 333.205	| MRR: 0.265	| H@1: 0.189	| H@3: 0.288	| H@10: 0.414	| AMRI: 0.954	| rank_deviation: 0.00009
2024-09-03 00:33:59 INFO     	 Epoch 225 | average train loss: 0.0080
2024-09-03 00:33:59 INFO     	 Epoch 225 | average valid loss: 0.0102
2024-09-03 00:34:52 INFO     	 Epoch 226 | average train loss: 0.0080
2024-09-03 00:34:52 INFO     	 Epoch 226 | average valid loss: 0.0102
2024-09-03 00:35:45 INFO     	 Epoch 227 | average train loss: 0.0080
2024-09-03 00:35:46 INFO     	 Epoch 227 | average valid loss: 0.0102
2024-09-03 00:36:38 INFO     	 Epoch 228 | average train loss: 0.0080
2024-09-03 00:36:39 INFO     	 Epoch 228 | average valid loss: 0.0102
2024-09-03 00:37:31 INFO     	 Epoch 229 | average train loss: 0.0080
2024-09-03 00:37:32 INFO     	 Epoch 229 | average valid loss: 0.0102
2024-09-03 00:37:51 INFO     
average valid metrics:	MR: 333.202	| MRR: 0.265	| H@1: 0.188	| H@3: 0.288	| H@10: 0.414	| AMRI: 0.954	| rank_deviation: 0.00011
2024-09-03 00:37:51 INFO     	 Early stopping
2024-09-03 00:37:51 INFO     	 Optimization finished
2024-09-03 00:37:51 INFO     	 Loading best model saved at epoch 154
2024-09-03 00:38:07 INFO     
average valid metrics:	MR: 327.783	| MRR: 0.266	| H@1: 0.190	| H@3: 0.290	| H@10: 0.413	| AMRI: 0.955	| rank_deviation: 0.00017
