2024-03-11 15:59:16 INFO     ### Saving logs in: D:\OneDrive - bwedu\MASTER\Masterarbeit\Software\Ensemble_Embedding\KGEmb\data\WN18RR_Entity_sampling_N10_2024_03_11\results ###
2024-03-11 15:59:16 INFO     Setting up embedding models
2024-03-11 15:59:16 INFO     Subgraphs with fixed embedding: {0: 'TransE', 1: 'TransE', 2: 'RotatE'}
		Remaining subgraphs will be embedded by random embedding methods
2024-03-11 15:59:16 INFO     Found mapping TransE for 0
2024-03-11 15:59:16 INFO     Creating model TransE for: sub_000
2024-03-11 15:59:16 INFO     	(40943, 22, 40943)
2024-03-11 15:59:18 INFO     Total number of parameters 41046886
2024-03-11 15:59:18 INFO     Found mapping TransE for 1
2024-03-11 15:59:18 INFO     Creating model TransE for: sub_001
2024-03-11 15:59:19 INFO     	(40943, 22, 40943)
2024-03-11 15:59:20 INFO     Total number of parameters 41046886
2024-03-11 15:59:20 INFO     Found mapping RotatE for 2
2024-03-11 15:59:20 INFO     Creating model RotatE for: sub_002
2024-03-11 15:59:21 INFO     	(40943, 22, 40943)
2024-03-11 15:59:21 INFO     Total number of parameters 82011886
2024-03-11 15:59:22 INFO     Randomly selected embedding method TransE for subgraph 3
2024-03-11 15:59:22 INFO     Creating model TransE for: sub_003
2024-03-11 15:59:22 INFO     	(40943, 22, 40943)
2024-03-11 15:59:23 INFO     Total number of parameters 41046886
2024-03-11 15:59:23 INFO     Randomly selected embedding method ComplEx for subgraph 4
2024-03-11 15:59:23 INFO     Creating model ComplEx for: sub_004
2024-03-11 15:59:24 INFO     	(40943, 22, 40943)
2024-03-11 15:59:24 INFO     Total number of parameters 82011886
2024-03-11 15:59:24 INFO     Randomly selected embedding method ComplEx for subgraph 5
2024-03-11 15:59:24 INFO     Creating model ComplEx for: sub_005
2024-03-11 15:59:25 INFO     	(40943, 22, 40943)
2024-03-11 15:59:26 INFO     Total number of parameters 82011886
2024-03-11 15:59:26 INFO     Randomly selected embedding method ComplEx for subgraph 6
2024-03-11 15:59:26 INFO     Creating model ComplEx for: sub_006
2024-03-11 15:59:26 INFO     	(40943, 22, 40943)
2024-03-11 15:59:27 INFO     Total number of parameters 82011886
2024-03-11 15:59:27 INFO     Randomly selected embedding method ComplEx for subgraph 7
2024-03-11 15:59:27 INFO     Creating model ComplEx for: sub_007
2024-03-11 15:59:27 INFO     	(40943, 22, 40943)
2024-03-11 15:59:28 INFO     Total number of parameters 82011886
2024-03-11 15:59:28 INFO     Randomly selected embedding method AttH for subgraph 8
2024-03-11 15:59:28 INFO     Creating model AttH for: sub_008
2024-03-11 15:59:28 INFO     	(40943, 22, 40943)
2024-03-11 15:59:30 INFO     Total number of parameters 41134887
2024-03-11 15:59:30 INFO     Randomly selected embedding method RotatE for subgraph 9
2024-03-11 15:59:30 INFO     Creating model RotatE for: sub_009
2024-03-11 15:59:30 INFO     	(40943, 22, 40943)
2024-03-11 15:59:31 INFO     Total number of parameters 82011886
2024-03-11 15:59:43 INFO     Start training
