2024-04-02 20:09:16 INFO     ### Saving logs in: D:\OneDrive - bwedu\MASTER\Masterarbeit\Software\Ensemble_Embedding_for_Link_Prediction\data\YAGO3-10_Entity_sampling_N10_min0.6\results ###
2024-04-02 20:09:16 INFO     Sampling 10 subgraphs with a relative size (0.6, 0.7) from YAGO3-10 with Entity sampling
2024-04-02 20:09:22 INFO     -/	Sampling subgraph data\YAGO3-10_Entity_sampling_N10_min0.6\sub_000 from YAGO3-10 with params:
		Entity sampling and (0.6, 0.7) relative subgraph size.	\-
2024-04-02 20:19:58 INFO     Current subgraph size 0.7000009267497035 reached or exceeded target size 0.7.
2024-04-02 20:19:58 INFO     Created subgraph 0 with 3854 entities and 0 relation names left unused and a relative subgraph size 0.7000009267497035.
2024-04-02 20:20:06 CRITICAL Length of delta: 755329	Total removed duplicates from delta: 219758
2024-04-02 20:20:06 INFO     -\	Updated config file D:\OneDrive - bwedu\MASTER\Masterarbeit\Software\Ensemble_Embedding_for_Link_Prediction\data\YAGO3-10_Entity_sampling_N10_min0.6\results\subgraph_config.csv for subgraph 000, sampling took 643.529 sec	/-

2024-04-02 20:20:09 INFO     -/	Sampling subgraph data\YAGO3-10_Entity_sampling_N10_min0.6\sub_001 from YAGO3-10 with params:
		Entity sampling and (0.6, 0.7) relative subgraph size.	\-
2024-04-02 20:31:36 INFO     Current subgraph size 0.700153840450771 reached or exceeded target size 0.7.
2024-04-02 20:31:36 INFO     Created subgraph 1 with 824 entities and 0 relation names left unused and a relative subgraph size 0.700153840450771.
2024-04-02 20:31:43 CRITICAL Length of delta: 755494	Total removed duplicates from delta: 220843
2024-04-02 20:31:43 INFO     -\	Updated config file D:\OneDrive - bwedu\MASTER\Masterarbeit\Software\Ensemble_Embedding_for_Link_Prediction\data\YAGO3-10_Entity_sampling_N10_min0.6\results\subgraph_config.csv for subgraph 001, sampling took 693.98 sec	/-

2024-04-02 20:31:48 INFO     -/	Sampling subgraph data\YAGO3-10_Entity_sampling_N10_min0.6\sub_002 from YAGO3-10 with params:
		Entity sampling and (0.6, 0.7) relative subgraph size.	\-
2024-04-02 20:44:25 INFO     Current subgraph size 0.700014827995255 reached or exceeded target size 0.7.
2024-04-02 20:44:25 INFO     Created subgraph 2 with 152 entities and 0 relation names left unused and a relative subgraph size 0.700014827995255.
2024-04-02 20:44:32 CRITICAL Length of delta: 755344	Total removed duplicates from delta: 220886
2024-04-02 20:44:32 INFO     -\	Updated config file D:\OneDrive - bwedu\MASTER\Masterarbeit\Software\Ensemble_Embedding_for_Link_Prediction\data\YAGO3-10_Entity_sampling_N10_min0.6\results\subgraph_config.csv for subgraph 002, sampling took 763.536 sec	/-

2024-04-02 20:44:35 INFO     -/	Sampling subgraph data\YAGO3-10_Entity_sampling_N10_min0.6\sub_003 from YAGO3-10 with params:
		Entity sampling and (0.6, 0.7) relative subgraph size.	\-
2024-04-02 20:54:56 INFO     Current subgraph size 0.7000111209964412 reached or exceeded target size 0.7.
2024-04-02 20:54:56 INFO     Created subgraph 3 with 50 entities and 0 relation names left unused and a relative subgraph size 0.7000111209964412.
2024-04-02 20:55:03 CRITICAL Length of delta: 755340	Total removed duplicates from delta: 219005
2024-04-02 20:55:03 INFO     -\	Updated config file D:\OneDrive - bwedu\MASTER\Masterarbeit\Software\Ensemble_Embedding_for_Link_Prediction\data\YAGO3-10_Entity_sampling_N10_min0.6\results\subgraph_config.csv for subgraph 003, sampling took 627.618 sec	/-

2024-04-02 20:55:06 INFO     -/	Sampling subgraph data\YAGO3-10_Entity_sampling_N10_min0.6\sub_004 from YAGO3-10 with params:
		Entity sampling and (0.6, 0.7) relative subgraph size.	\-
2024-04-02 21:05:34 INFO     Current subgraph size 0.7000009267497035 reached or exceeded target size 0.7.
2024-04-02 21:05:34 INFO     Created subgraph 4 with 18 entities and 0 relation names left unused and a relative subgraph size 0.7000009267497035.
2024-04-02 21:05:41 CRITICAL Length of delta: 755329	Total removed duplicates from delta: 220379
2024-04-02 21:05:41 INFO     -\	Updated config file D:\OneDrive - bwedu\MASTER\Masterarbeit\Software\Ensemble_Embedding_for_Link_Prediction\data\YAGO3-10_Entity_sampling_N10_min0.6\results\subgraph_config.csv for subgraph 004, sampling took 634.902 sec	/-

2024-04-02 21:05:44 INFO     -/	Sampling subgraph data\YAGO3-10_Entity_sampling_N10_min0.6\sub_005 from YAGO3-10 with params:
		Entity sampling and (0.6, 0.7) relative subgraph size.	\-
2024-04-02 21:16:43 INFO     Current subgraph size 0.7000018534994069 reached or exceeded target size 0.7.
2024-04-02 21:16:43 INFO     Created subgraph 5 with 8 entities and 0 relation names left unused and a relative subgraph size 0.7000018534994069.
2024-04-02 21:16:50 CRITICAL Length of delta: 755330	Total removed duplicates from delta: 220308
2024-04-02 21:16:50 INFO     -\	Updated config file D:\OneDrive - bwedu\MASTER\Masterarbeit\Software\Ensemble_Embedding_for_Link_Prediction\data\YAGO3-10_Entity_sampling_N10_min0.6\results\subgraph_config.csv for subgraph 005, sampling took 666.152 sec	/-

2024-04-02 21:16:53 INFO     -/	Sampling subgraph data\YAGO3-10_Entity_sampling_N10_min0.6\sub_006 from YAGO3-10 with params:
		Entity sampling and (0.6, 0.7) relative subgraph size.	\-
2024-04-02 21:28:55 INFO     Current subgraph size 0.7000046337485172 reached or exceeded target size 0.7.
2024-04-02 21:28:55 INFO     Created subgraph 6 with 2 entities and 0 relation names left unused and a relative subgraph size 0.7000046337485172.
2024-04-02 21:29:02 CRITICAL Length of delta: 755333	Total removed duplicates from delta: 220005
2024-04-02 21:29:02 INFO     -\	Updated config file D:\OneDrive - bwedu\MASTER\Masterarbeit\Software\Ensemble_Embedding_for_Link_Prediction\data\YAGO3-10_Entity_sampling_N10_min0.6\results\subgraph_config.csv for subgraph 006, sampling took 728.203 sec	/-

2024-04-02 21:29:05 INFO     -/	Sampling subgraph data\YAGO3-10_Entity_sampling_N10_min0.6\sub_007 from YAGO3-10 with params:
		Entity sampling and (0.6, 0.7) relative subgraph size.	\-
2024-04-02 21:29:05 INFO     Enforcing 2 entities to be present in the subgraph.
2024-04-02 21:40:55 INFO     Current subgraph size 0.7000092674970344 reached or exceeded target size 0.7.
2024-04-02 21:40:55 INFO     Created subgraph 7 with 0 entities and 0 relation names left unused and a relative subgraph size 0.7000092674970344.
2024-04-02 21:41:02 CRITICAL Length of delta: 755338	Total removed duplicates from delta: 221151
2024-04-02 21:41:02 INFO     -\	Updated config file D:\OneDrive - bwedu\MASTER\Masterarbeit\Software\Ensemble_Embedding_for_Link_Prediction\data\YAGO3-10_Entity_sampling_N10_min0.6\results\subgraph_config.csv for subgraph 007, sampling took 716.387 sec	/-

2024-04-02 21:41:05 INFO     -/	Sampling subgraph data\YAGO3-10_Entity_sampling_N10_min0.6\sub_008 from YAGO3-10 with params:
		Entity sampling and (0.6, 0.7) relative subgraph size.	\-
2024-04-02 21:52:30 INFO     Current subgraph size 0.7000537514827996 reached or exceeded target size 0.7.
2024-04-02 21:52:30 INFO     Created subgraph 8 with 0 entities and 0 relation names left unused and a relative subgraph size 0.7000537514827996.
2024-04-02 21:52:37 CRITICAL Length of delta: 755386	Total removed duplicates from delta: 220524
2024-04-02 21:52:37 INFO     -\	Updated config file D:\OneDrive - bwedu\MASTER\Masterarbeit\Software\Ensemble_Embedding_for_Link_Prediction\data\YAGO3-10_Entity_sampling_N10_min0.6\results\subgraph_config.csv for subgraph 008, sampling took 691.769 sec	/-

2024-04-02 21:52:40 INFO     -/	Sampling subgraph data\YAGO3-10_Entity_sampling_N10_min0.6\sub_009 from YAGO3-10 with params:
		Entity sampling and (0.6, 0.7) relative subgraph size.	\-
2024-04-02 22:04:36 INFO     Current subgraph size 0.7000815539739027 reached or exceeded target size 0.7.
2024-04-02 22:04:36 INFO     Created subgraph 9 with 0 entities and 0 relation names left unused and a relative subgraph size 0.7000815539739027.
2024-04-02 22:04:43 CRITICAL Length of delta: 755416	Total removed duplicates from delta: 220340
2024-04-02 22:04:43 INFO     -\	Updated config file D:\OneDrive - bwedu\MASTER\Masterarbeit\Software\Ensemble_Embedding_for_Link_Prediction\data\YAGO3-10_Entity_sampling_N10_min0.6\results\subgraph_config.csv for subgraph 009, sampling took 723.257 sec	/-

2024-04-02 22:04:43 INFO     ### Successfully created 10 subgraphs of the relative size (0.6, 0.7) from the original KG "YAGO3-10" in a total of 6926.918 seconds (avg: 692.692 sec) ###
