2024-04-03 18:10:17 INFO     ### Saving logs in: D:\OneDrive - bwedu\MASTER\Masterarbeit\Software\Ensemble_Embedding_for_Link_Prediction\data\WN18RR_Entity_sampling_N10_min0.6\results ###
2024-04-03 18:10:17 INFO     Sampling 10 subgraphs with a relative size (0.6, 0.7) from WN18RR with Entity sampling
2024-04-03 18:10:17 INFO     -/	Sampling subgraph data\WN18RR_Entity_sampling_N10_min0.6\sub_000 from WN18RR with params:
		Entity sampling and (0.6, 0.7) relative subgraph size.	\-
2024-04-03 18:10:26 INFO     Current subgraph size 0.7002475960154315 reached or exceeded target size 0.7.
2024-04-03 18:10:26 INFO     Created subgraph 0 with 5657 entities and 0 relation names left unused and a relative subgraph size 0.7002475960154315.
2024-04-03 18:10:27 CRITICAL Length of delta: 60806	Unnecessary sampling steps: 1271
2024-04-03 18:10:27 INFO     -\	Updated config file D:\OneDrive - bwedu\MASTER\Masterarbeit\Software\Ensemble_Embedding_for_Link_Prediction\data\WN18RR_Entity_sampling_N10_min0.6\results\subgraph_config.csv for subgraph 000, sampling took 9.676 sec	/-

2024-04-03 18:10:27 INFO     -/	Sampling subgraph data\WN18RR_Entity_sampling_N10_min0.6\sub_001 from WN18RR with params:
		Entity sampling and (0.6, 0.7) relative subgraph size.	\-
2024-04-03 18:10:36 INFO     Current subgraph size 0.7000172741406115 reached or exceeded target size 0.7.
2024-04-03 18:10:36 INFO     Created subgraph 1 with 1237 entities and 0 relation names left unused and a relative subgraph size 0.7000172741406115.
2024-04-03 18:10:37 CRITICAL Length of delta: 60786	Unnecessary sampling steps: 1246
2024-04-03 18:10:37 INFO     -\	Updated config file D:\OneDrive - bwedu\MASTER\Masterarbeit\Software\Ensemble_Embedding_for_Link_Prediction\data\WN18RR_Entity_sampling_N10_min0.6\results\subgraph_config.csv for subgraph 001, sampling took 9.83 sec	/-

2024-04-03 18:10:37 INFO     -/	Sampling subgraph data\WN18RR_Entity_sampling_N10_min0.6\sub_002 from WN18RR with params:
		Entity sampling and (0.6, 0.7) relative subgraph size.	\-
2024-04-03 18:10:47 INFO     Current subgraph size 0.7000287902343525 reached or exceeded target size 0.7.
2024-04-03 18:10:47 INFO     Created subgraph 2 with 291 entities and 0 relation names left unused and a relative subgraph size 0.7000287902343525.
2024-04-03 18:10:47 CRITICAL Length of delta: 60787	Unnecessary sampling steps: 1277
2024-04-03 18:10:47 INFO     -\	Updated config file D:\OneDrive - bwedu\MASTER\Masterarbeit\Software\Ensemble_Embedding_for_Link_Prediction\data\WN18RR_Entity_sampling_N10_min0.6\results\subgraph_config.csv for subgraph 002, sampling took 9.938 sec	/-

2024-04-03 18:10:47 INFO     -/	Sampling subgraph data\WN18RR_Entity_sampling_N10_min0.6\sub_003 from WN18RR with params:
		Entity sampling and (0.6, 0.7) relative subgraph size.	\-
2024-04-03 18:10:57 INFO     Current subgraph size 0.7000172741406115 reached or exceeded target size 0.7.
2024-04-03 18:10:57 INFO     Created subgraph 3 with 80 entities and 0 relation names left unused and a relative subgraph size 0.7000172741406115.
2024-04-03 18:10:57 CRITICAL Length of delta: 60786	Unnecessary sampling steps: 1178
2024-04-03 18:10:57 INFO     -\	Updated config file D:\OneDrive - bwedu\MASTER\Masterarbeit\Software\Ensemble_Embedding_for_Link_Prediction\data\WN18RR_Entity_sampling_N10_min0.6\results\subgraph_config.csv for subgraph 003, sampling took 9.98 sec	/-

2024-04-03 18:10:58 INFO     -/	Sampling subgraph data\WN18RR_Entity_sampling_N10_min0.6\sub_004 from WN18RR with params:
		Entity sampling and (0.6, 0.7) relative subgraph size.	\-
2024-04-03 18:11:07 INFO     Current subgraph size 0.7000057580468705 reached or exceeded target size 0.7.
2024-04-03 18:11:07 INFO     Created subgraph 4 with 23 entities and 0 relation names left unused and a relative subgraph size 0.7000057580468705.
2024-04-03 18:11:08 CRITICAL Length of delta: 60785	Unnecessary sampling steps: 1211
2024-04-03 18:11:08 INFO     -\	Updated config file D:\OneDrive - bwedu\MASTER\Masterarbeit\Software\Ensemble_Embedding_for_Link_Prediction\data\WN18RR_Entity_sampling_N10_min0.6\results\subgraph_config.csv for subgraph 004, sampling took 10.06 sec	/-

2024-04-03 18:11:08 INFO     -/	Sampling subgraph data\WN18RR_Entity_sampling_N10_min0.6\sub_005 from WN18RR with params:
		Entity sampling and (0.6, 0.7) relative subgraph size.	\-
2024-04-03 18:11:18 INFO     Current subgraph size 0.7000057580468705 reached or exceeded target size 0.7.
2024-04-03 18:11:18 INFO     Created subgraph 5 with 3 entities and 0 relation names left unused and a relative subgraph size 0.7000057580468705.
2024-04-03 18:11:18 CRITICAL Length of delta: 60785	Unnecessary sampling steps: 1263
2024-04-03 18:11:18 INFO     -\	Updated config file D:\OneDrive - bwedu\MASTER\Masterarbeit\Software\Ensemble_Embedding_for_Link_Prediction\data\WN18RR_Entity_sampling_N10_min0.6\results\subgraph_config.csv for subgraph 005, sampling took 10.409 sec	/-

2024-04-03 18:11:19 INFO     -/	Sampling subgraph data\WN18RR_Entity_sampling_N10_min0.6\sub_006 from WN18RR with params:
		Entity sampling and (0.6, 0.7) relative subgraph size.	\-
2024-04-03 18:11:29 INFO     Current subgraph size 0.7000172741406115 reached or exceeded target size 0.7.
2024-04-03 18:11:29 INFO     Created subgraph 6 with 0 entities and 0 relation names left unused and a relative subgraph size 0.7000172741406115.
2024-04-03 18:11:30 CRITICAL Length of delta: 60786	Unnecessary sampling steps: 1237
2024-04-03 18:11:30 INFO     -\	Updated config file D:\OneDrive - bwedu\MASTER\Masterarbeit\Software\Ensemble_Embedding_for_Link_Prediction\data\WN18RR_Entity_sampling_N10_min0.6\results\subgraph_config.csv for subgraph 006, sampling took 10.852 sec	/-

2024-04-03 18:11:30 INFO     -/	Sampling subgraph data\WN18RR_Entity_sampling_N10_min0.6\sub_007 from WN18RR with params:
		Entity sampling and (0.6, 0.7) relative subgraph size.	\-
2024-04-03 18:11:40 INFO     Current subgraph size 0.7000287902343525 reached or exceeded target size 0.7.
2024-04-03 18:11:40 INFO     Created subgraph 7 with 0 entities and 0 relation names left unused and a relative subgraph size 0.7000287902343525.
2024-04-03 18:11:40 CRITICAL Length of delta: 60787	Unnecessary sampling steps: 1314
2024-04-03 18:11:40 INFO     -\	Updated config file D:\OneDrive - bwedu\MASTER\Masterarbeit\Software\Ensemble_Embedding_for_Link_Prediction\data\WN18RR_Entity_sampling_N10_min0.6\results\subgraph_config.csv for subgraph 007, sampling took 10.361 sec	/-

2024-04-03 18:11:41 INFO     -/	Sampling subgraph data\WN18RR_Entity_sampling_N10_min0.6\sub_008 from WN18RR with params:
		Entity sampling and (0.6, 0.7) relative subgraph size.	\-
2024-04-03 18:11:51 INFO     Current subgraph size 0.7000403063280936 reached or exceeded target size 0.7.
2024-04-03 18:11:51 INFO     Created subgraph 8 with 0 entities and 0 relation names left unused and a relative subgraph size 0.7000403063280936.
2024-04-03 18:11:51 CRITICAL Length of delta: 60788	Unnecessary sampling steps: 1348
2024-04-03 18:11:51 INFO     -\	Updated config file D:\OneDrive - bwedu\MASTER\Masterarbeit\Software\Ensemble_Embedding_for_Link_Prediction\data\WN18RR_Entity_sampling_N10_min0.6\results\subgraph_config.csv for subgraph 008, sampling took 10.748 sec	/-

2024-04-03 18:11:52 INFO     -/	Sampling subgraph data\WN18RR_Entity_sampling_N10_min0.6\sub_009 from WN18RR with params:
		Entity sampling and (0.6, 0.7) relative subgraph size.	\-
2024-04-03 18:12:02 INFO     Current subgraph size 0.7000172741406115 reached or exceeded target size 0.7.
2024-04-03 18:12:02 INFO     Created subgraph 9 with 0 entities and 0 relation names left unused and a relative subgraph size 0.7000172741406115.
2024-04-03 18:12:02 CRITICAL Length of delta: 60786	Unnecessary sampling steps: 1260
2024-04-03 18:12:02 INFO     -\	Updated config file D:\OneDrive - bwedu\MASTER\Masterarbeit\Software\Ensemble_Embedding_for_Link_Prediction\data\WN18RR_Entity_sampling_N10_min0.6\results\subgraph_config.csv for subgraph 009, sampling took 10.555 sec	/-

2024-04-03 18:12:02 INFO     ### Successfully created 10 subgraphs of the relative size (0.6, 0.7) from the original KG "WN18RR" in a total of 105.422 seconds (avg: 10.542 sec) ###
