2024-05-16 20:00:26 INFO     ### Saving logs in: C:\Users\Tim\Documents\Masterarbeit\Software\Ensemble_Embedding_for_Link_Prediction\data\WN18RR_Entity_sampling_N4_min0.3_max0.7_mm05_dd16__HH20_MM00\results ###
2024-05-16 20:00:26 INFO     Sampling 4 subgraphs with a relative size (0.3, 0.7) from WN18RR with Entity sampling
2024-05-16 20:00:26 INFO     -/	Sampling subgraph data\WN18RR_Entity_sampling_N4_min0.3_max0.7_mm05_dd16__HH20_MM00\sub_000 from WN18RR with params:
							 Entity sampling and (0.3, 0.7) relative subgraph size.	\-
2024-05-16 20:00:36 INFO     Current subgraph size 0.7001094028905396 reached or exceeded target size 0.7.
2024-05-16 20:00:36 INFO     Created subgraph 0 with 6679 entities and 0 relation names left unused and a relative subgraph size 0.7001094028905396.
2024-05-16 20:00:37 INFO     Length of delta: 60794		Deviation from target size: 9
2024-05-16 20:00:37 INFO     -\	Updated config file "C:\Users\Tim\Documents\Masterarbeit\Software\Ensemble_Embedding_for_Link_Prediction\data\WN18RR_Entity_sampling_N4_min0.3_max0.7_mm05_dd16__HH20_MM00\results\subgraph_config.csv" for subgraph 000, sampling took 10.88 seconds	/-

2024-05-16 20:00:37 INFO     -/	Sampling subgraph data\WN18RR_Entity_sampling_N4_min0.3_max0.7_mm05_dd16__HH20_MM00\sub_001 from WN18RR with params:
							 Entity sampling and (0.3, 0.7) relative subgraph size.	\-
2024-05-16 20:00:48 INFO     Current subgraph size 0.7000172741406115 reached or exceeded target size 0.7.
2024-05-16 20:00:48 INFO     Created subgraph 1 with 1057 entities and 0 relation names left unused and a relative subgraph size 0.7000172741406115.
2024-05-16 20:00:48 INFO     Length of delta: 60786		Deviation from target size: 1
2024-05-16 20:00:48 INFO     -\	Updated config file "C:\Users\Tim\Documents\Masterarbeit\Software\Ensemble_Embedding_for_Link_Prediction\data\WN18RR_Entity_sampling_N4_min0.3_max0.7_mm05_dd16__HH20_MM00\results\subgraph_config.csv" for subgraph 001, sampling took 11.37 seconds	/-

2024-05-16 20:00:49 INFO     -/	Sampling subgraph data\WN18RR_Entity_sampling_N4_min0.3_max0.7_mm05_dd16__HH20_MM00\sub_002 from WN18RR with params:
							 Entity sampling and (0.3, 0.7) relative subgraph size.	\-
2024-05-16 20:00:49 INFO     Enforcing 1057 entities to be present in the subgraph
2024-05-16 20:01:00 INFO     Current subgraph size 0.7000057580468705 reached or exceeded target size 0.7.
2024-05-16 20:01:00 INFO     Created subgraph 2 with 0 entities and 0 relation names left unused and a relative subgraph size 0.7000057580468705.
2024-05-16 20:01:01 INFO     Length of delta: 60785		Deviation from target size: 0
2024-05-16 20:01:01 INFO     -\	Updated config file "C:\Users\Tim\Documents\Masterarbeit\Software\Ensemble_Embedding_for_Link_Prediction\data\WN18RR_Entity_sampling_N4_min0.3_max0.7_mm05_dd16__HH20_MM00\results\subgraph_config.csv" for subgraph 002, sampling took 12.45 seconds	/-

2024-05-16 20:01:01 INFO     -/	Sampling subgraph data\WN18RR_Entity_sampling_N4_min0.3_max0.7_mm05_dd16__HH20_MM00\sub_003 from WN18RR with params:
							 Entity sampling and (0.3, 0.7) relative subgraph size.	\-
2024-05-16 20:01:15 INFO     Current subgraph size 0.7000057580468705 reached or exceeded target size 0.7.
2024-05-16 20:01:15 INFO     Created subgraph 3 with 0 entities and 0 relation names left unused and a relative subgraph size 0.7000057580468705.
2024-05-16 20:01:15 INFO     Length of delta: 60785		Deviation from target size: 0
2024-05-16 20:01:15 INFO     -\	Updated config file "C:\Users\Tim\Documents\Masterarbeit\Software\Ensemble_Embedding_for_Link_Prediction\data\WN18RR_Entity_sampling_N4_min0.3_max0.7_mm05_dd16__HH20_MM00\results\subgraph_config.csv" for subgraph 003, sampling took 14.16 seconds	/-

2024-05-16 20:01:15 INFO     ### Successfully created 4 subgraphs of the relative size (0.3, 0.7) from the original KG "WN18RR" in a total of 49.69 seconds (avg: 12.42 seconds) ###
2024-05-16 20:01:15 INFO     ### Saving .json config files of models in: C:\Users\Tim\Documents\Masterarbeit\Software\Ensemble_Embedding_for_Link_Prediction\data\WN18RR_Entity_sampling_N4_min0.3_max0.7_mm05_dd16__HH20_MM00\results\model_setup_configs ###
2024-05-16 20:01:15 INFO     ### Saving .pt files of stored models in: C:\Users\Tim\Documents\Masterarbeit\Software\Ensemble_Embedding_for_Link_Prediction\data\WN18RR_Entity_sampling_N4_min0.3_max0.7_mm05_dd16__HH20_MM00\results\model_files ###
2024-05-16 20:01:16 INFO     -/	Setting up embedding models	\-
2024-05-16 20:01:16 INFO     All subgraphs will be embedded by ComplEx
2024-05-16 20:01:16 INFO     Setting ComplEx as embedding method for subgraph sub_000.
2024-05-16 20:01:16 INFO     Setting ComplEx as embedding method for subgraph sub_001.
2024-05-16 20:01:16 INFO     Setting ComplEx as embedding method for subgraph sub_002.
2024-05-16 20:01:16 INFO     Setting ComplEx as embedding method for subgraph sub_003.
2024-05-16 20:01:16 INFO     Mapping from embedding methods to subgraphs:
'ComplEx':	0, 1, 2, 3
2024-05-16 20:01:16 INFO     No already trained models found.
2024-05-16 20:01:16 INFO     -/	Creating new model from embedding method ComplEx for subgraph sub_000	\-
2024-05-16 20:01:16 INFO     Loading data for subgraph sub_000.
2024-05-16 20:01:16 INFO     -\	Total number of parameters: 4014526	/-
2024-05-16 20:01:16 INFO     -/	Creating new model from embedding method ComplEx for subgraph sub_001	\-
2024-05-16 20:01:16 INFO     Loading data for subgraph sub_001.
2024-05-16 20:01:17 INFO     -\	Total number of parameters: 4014526	/-
2024-05-16 20:01:17 INFO     -/	Creating new model from embedding method ComplEx for subgraph sub_002	\-
2024-05-16 20:01:17 INFO     Loading data for subgraph sub_002.
2024-05-16 20:01:18 INFO     -\	Total number of parameters: 4014526	/-
2024-05-16 20:01:18 INFO     -/	Creating new model from embedding method ComplEx for subgraph sub_003	\-
2024-05-16 20:01:18 INFO     Loading data for subgraph sub_003.
2024-05-16 20:01:18 INFO     -\	Total number of parameters: 4014526	/-
2024-05-16 20:01:18 INFO     -\	Successfully created all models in 2.72 seconds	/-
2024-05-16 20:01:18 INFO     -/	Starting training	\-
2024-05-16 20:01:18 INFO     -/	Start training sub_000 with ComplEx	\-
2024-05-16 20:01:19 INFO     -/	Start training sub_001 with ComplEx	\-
2024-05-16 20:01:19 INFO     -/	Start training sub_002 with ComplEx	\-
2024-05-16 20:01:19 INFO     -/	Start training sub_003 with ComplEx	\-
2024-05-16 20:01:19 INFO     Training subgraph sub_000 in epoch 0 with model ComplEx
2024-05-16 20:01:43 INFO     Subgraph sub_000 Training Epoch 0 | average train loss: 11.3069
2024-05-16 20:01:43 INFO     Training subgraph sub_001 in epoch 0 with model ComplEx
2024-05-16 20:02:07 INFO     Subgraph sub_001 Training Epoch 0 | average train loss: 11.3263
2024-05-16 20:02:07 INFO     Training subgraph sub_002 in epoch 0 with model ComplEx
2024-05-16 20:02:30 INFO     Subgraph sub_002 Training Epoch 0 | average train loss: 11.3758
2024-05-16 20:02:30 INFO     Training subgraph sub_003 in epoch 0 with model ComplEx
2024-05-16 20:02:54 INFO     Subgraph sub_003 Training Epoch 0 | average train loss: 11.3906
2024-05-16 20:02:54 INFO     Calculating self-attention...
2024-05-16 20:02:57 INFO     Calculating unified embedding for entities and relation names.
2024-05-16 20:02:57 INFO     Applying general embeddings to all models.
2024-05-16 20:02:59 INFO     Validation Epoch 0 | average valid loss: 14.0228
2024-05-16 20:02:59 INFO     -/	Validating the ensemble with the score aggregation method "maximum score".	\-
2024-05-16 20:03:08 INFO     Combining scores of all models with maximum score.
2024-05-16 20:03:11 INFO     Successfully aggregated all scores with aggregation method maximum score.
2024-05-16 20:03:13 INFO     	 valid MR: 23006.01 | MRR: 0.008 | H@1: 0.001 | H@3: 0.008 | H@10: 0.019 | AMRI: -0.123758 | MR_deviation: 1280.000
2024-05-16 20:03:13 INFO     -\	Finished validating the ensemble in 13.9 seconds	/-
2024-05-16 20:03:13 INFO     Saving models at epoch 0 in C:\Users\Tim\Documents\Masterarbeit\Software\Ensemble_Embedding_for_Link_Prediction\data\WN18RR_Entity_sampling_N4_min0.3_max0.7_mm05_dd16__HH20_MM00\results\model_files
2024-05-16 20:03:13 INFO     -\	Training and optimization of epoch 0 finished in 1 minute, 53.68 seconds	/-
2024-05-16 20:03:13 INFO     Training subgraph sub_000 in epoch 1 with model ComplEx
2024-05-16 20:03:37 INFO     Subgraph sub_000 Training Epoch 1 | average train loss: 10.2375
2024-05-16 20:03:37 INFO     Training subgraph sub_001 in epoch 1 with model ComplEx
2024-05-16 20:04:00 INFO     Subgraph sub_001 Training Epoch 1 | average train loss: 10.2855
2024-05-16 20:04:00 INFO     Training subgraph sub_002 in epoch 1 with model ComplEx
2024-05-16 20:04:24 INFO     Subgraph sub_002 Training Epoch 1 | average train loss: 10.2419
2024-05-16 20:04:24 INFO     Training subgraph sub_003 in epoch 1 with model ComplEx
2024-05-16 20:04:47 INFO     Subgraph sub_003 Training Epoch 1 | average train loss: 10.2980
2024-05-16 20:04:47 INFO     Calculating self-attention...
2024-05-16 20:04:50 INFO     Calculating unified embedding for entities and relation names.
2024-05-16 20:04:50 INFO     Applying general embeddings to all models.
2024-05-16 20:04:51 INFO     Validation Epoch 1 | average valid loss: 15.4248
2024-05-16 20:04:51 INFO     -/	Validating the ensemble with the score aggregation method "maximum score".	\-
2024-05-16 20:04:59 INFO     Combining scores of all models with maximum score.
2024-05-16 20:05:01 INFO     Successfully aggregated all scores with aggregation method maximum score.
2024-05-16 20:05:03 INFO     	 valid MR: 22470.39 | MRR: 0.007 | H@1: 0.000 | H@3: 0.008 | H@10: 0.017 | AMRI: -0.097594 | MR_deviation: 1126.000
2024-05-16 20:05:03 INFO     -\	Finished validating the ensemble in 12.31 seconds	/-
2024-05-16 20:05:03 INFO     -\	Training and optimization of epoch 1 finished in 1 minute, 50.16 seconds	/-
2024-05-16 20:05:03 INFO     Training subgraph sub_000 in epoch 2 with model ComplEx
2024-05-16 20:05:26 INFO     Subgraph sub_000 Training Epoch 2 | average train loss: 9.6482
2024-05-16 20:05:26 INFO     Training subgraph sub_001 in epoch 2 with model ComplEx
2024-05-16 20:05:49 INFO     Subgraph sub_001 Training Epoch 2 | average train loss: 9.7074
2024-05-16 20:05:49 INFO     Training subgraph sub_002 in epoch 2 with model ComplEx
2024-05-16 20:06:12 INFO     Subgraph sub_002 Training Epoch 2 | average train loss: 9.5594
2024-05-16 20:06:12 INFO     Training subgraph sub_003 in epoch 2 with model ComplEx
2024-05-16 20:06:36 INFO     Subgraph sub_003 Training Epoch 2 | average train loss: 9.6815
2024-05-16 20:06:36 INFO     Calculating self-attention...
2024-05-16 20:06:39 INFO     Calculating unified embedding for entities and relation names.
2024-05-16 20:06:39 INFO     Applying general embeddings to all models.
2024-05-16 20:06:40 INFO     Validation Epoch 2 | average valid loss: 16.3952
2024-05-16 20:06:40 INFO     -/	Validating the ensemble with the score aggregation method "maximum score".	\-
2024-05-16 20:06:48 INFO     Combining scores of all models with maximum score.
2024-05-16 20:06:50 INFO     Successfully aggregated all scores with aggregation method maximum score.
2024-05-16 20:06:52 INFO     	 valid MR: 21472.98 | MRR: 0.008 | H@1: 0.001 | H@3: 0.007 | H@10: 0.018 | AMRI: -0.048872 | MR_deviation: 1162.000
2024-05-16 20:06:52 INFO     -\	Finished validating the ensemble in 12.42 seconds	/-
2024-05-16 20:06:52 INFO     -\	Training and optimization of epoch 2 finished in 1 minute, 49.07 seconds	/-
2024-05-16 20:06:52 INFO     Training subgraph sub_000 in epoch 3 with model ComplEx
2024-05-16 20:07:15 INFO     Subgraph sub_000 Training Epoch 3 | average train loss: 9.1443
2024-05-16 20:07:15 INFO     Training subgraph sub_001 in epoch 3 with model ComplEx
2024-05-16 20:07:38 INFO     Subgraph sub_001 Training Epoch 3 | average train loss: 9.1954
2024-05-16 20:07:38 INFO     Training subgraph sub_002 in epoch 3 with model ComplEx
2024-05-16 20:08:01 INFO     Subgraph sub_002 Training Epoch 3 | average train loss: 8.9960
2024-05-16 20:08:01 INFO     Training subgraph sub_003 in epoch 3 with model ComplEx
2024-05-16 20:08:25 INFO     Subgraph sub_003 Training Epoch 3 | average train loss: 9.1622
2024-05-16 20:08:25 INFO     Calculating self-attention...
2024-05-16 20:08:28 INFO     Calculating unified embedding for entities and relation names.
2024-05-16 20:08:28 INFO     Applying general embeddings to all models.
2024-05-16 20:08:29 INFO     Validation Epoch 3 | average valid loss: 17.1678
2024-05-16 20:08:29 INFO     -/	Validating the ensemble with the score aggregation method "maximum score".	\-
2024-05-16 20:08:37 INFO     Combining scores of all models with maximum score.
2024-05-16 20:08:40 INFO     Successfully aggregated all scores with aggregation method maximum score.
2024-05-16 20:08:42 INFO     	 valid MR: 20894.96 | MRR: 0.008 | H@1: 0.000 | H@3: 0.009 | H@10: 0.023 | AMRI: -0.020637 | MR_deviation: 1146.000
2024-05-16 20:08:42 INFO     -\	Finished validating the ensemble in 13.18 seconds	/-
2024-05-16 20:08:42 INFO     Saving models at epoch 3 in C:\Users\Tim\Documents\Masterarbeit\Software\Ensemble_Embedding_for_Link_Prediction\data\WN18RR_Entity_sampling_N4_min0.3_max0.7_mm05_dd16__HH20_MM00\results\model_files
2024-05-16 20:08:42 INFO     -\	Training and optimization of epoch 3 finished in 1 minute, 50.04 seconds	/-
2024-05-16 20:08:42 INFO     Training subgraph sub_000 in epoch 4 with model ComplEx
2024-05-16 20:09:05 INFO     Subgraph sub_000 Training Epoch 4 | average train loss: 8.6399
2024-05-16 20:09:05 INFO     Training subgraph sub_001 in epoch 4 with model ComplEx
2024-05-16 20:09:28 INFO     Subgraph sub_001 Training Epoch 4 | average train loss: 8.6789
2024-05-16 20:09:28 INFO     Training subgraph sub_002 in epoch 4 with model ComplEx
2024-05-16 20:09:52 INFO     Subgraph sub_002 Training Epoch 4 | average train loss: 8.4707
2024-05-16 20:09:52 INFO     Training subgraph sub_003 in epoch 4 with model ComplEx
2024-05-16 20:10:15 INFO     Subgraph sub_003 Training Epoch 4 | average train loss: 8.6761
2024-05-16 20:10:15 INFO     Calculating self-attention...
2024-05-16 20:10:18 INFO     Calculating unified embedding for entities and relation names.
2024-05-16 20:10:18 INFO     Applying general embeddings to all models.
2024-05-16 20:10:19 INFO     Validation Epoch 4 | average valid loss: 17.7159
2024-05-16 20:10:19 INFO     -/	Validating the ensemble with the score aggregation method "maximum score".	\-
2024-05-16 20:10:27 INFO     Combining scores of all models with maximum score.
2024-05-16 20:10:29 INFO     Successfully aggregated all scores with aggregation method maximum score.
2024-05-16 20:10:31 INFO     	 valid MR: 20461.55 | MRR: 0.010 | H@1: 0.000 | H@3: 0.010 | H@10: 0.029 | AMRI: 0.000535 | MR_deviation: 1131.000
2024-05-16 20:10:31 INFO     -\	Finished validating the ensemble in 12.38 seconds	/-
2024-05-16 20:10:31 INFO     Saving models at epoch 4 in C:\Users\Tim\Documents\Masterarbeit\Software\Ensemble_Embedding_for_Link_Prediction\data\WN18RR_Entity_sampling_N4_min0.3_max0.7_mm05_dd16__HH20_MM00\results\model_files
2024-05-16 20:10:32 INFO     -\	Training and optimization of epoch 4 finished in 1 minute, 49.35 seconds	/-
2024-05-16 20:10:32 INFO     Training subgraph sub_000 in epoch 5 with model ComplEx
2024-05-16 20:10:55 INFO     Subgraph sub_000 Training Epoch 5 | average train loss: 8.1128
2024-05-16 20:10:55 INFO     Training subgraph sub_001 in epoch 5 with model ComplEx
2024-05-16 20:11:18 INFO     Subgraph sub_001 Training Epoch 5 | average train loss: 8.1572
2024-05-16 20:11:18 INFO     Training subgraph sub_002 in epoch 5 with model ComplEx
2024-05-16 20:11:41 INFO     Subgraph sub_002 Training Epoch 5 | average train loss: 7.9542
2024-05-16 20:11:41 INFO     Training subgraph sub_003 in epoch 5 with model ComplEx
2024-05-16 20:12:04 INFO     Subgraph sub_003 Training Epoch 5 | average train loss: 8.1960
2024-05-16 20:12:04 INFO     Calculating self-attention...
2024-05-16 20:12:07 INFO     Calculating unified embedding for entities and relation names.
2024-05-16 20:12:07 INFO     Applying general embeddings to all models.
2024-05-16 20:12:08 INFO     Validation Epoch 5 | average valid loss: 18.0580
2024-05-16 20:12:08 INFO     -/	Validating the ensemble with the score aggregation method "maximum score".	\-
2024-05-16 20:12:16 INFO     Combining scores of all models with maximum score.
2024-05-16 20:12:19 INFO     Successfully aggregated all scores with aggregation method maximum score.
2024-05-16 20:12:21 INFO     	 valid MR: 20033.74 | MRR: 0.013 | H@1: 0.001 | H@3: 0.013 | H@10: 0.037 | AMRI: 0.021433 | MR_deviation: 1075.000
2024-05-16 20:12:21 INFO     -\	Finished validating the ensemble in 12.42 seconds	/-
2024-05-16 20:12:21 INFO     Saving models at epoch 5 in C:\Users\Tim\Documents\Masterarbeit\Software\Ensemble_Embedding_for_Link_Prediction\data\WN18RR_Entity_sampling_N4_min0.3_max0.7_mm05_dd16__HH20_MM00\results\model_files
2024-05-16 20:12:21 INFO     -\	Training and optimization of epoch 5 finished in 1 minute, 49.25 seconds	/-
2024-05-16 20:12:21 INFO     Training subgraph sub_000 in epoch 6 with model ComplEx
2024-05-16 20:12:44 INFO     Subgraph sub_000 Training Epoch 6 | average train loss: 7.5809
2024-05-16 20:12:44 INFO     Training subgraph sub_001 in epoch 6 with model ComplEx
2024-05-16 20:13:07 INFO     Subgraph sub_001 Training Epoch 6 | average train loss: 7.6464
2024-05-16 20:13:07 INFO     Training subgraph sub_002 in epoch 6 with model ComplEx
2024-05-16 20:13:30 INFO     Subgraph sub_002 Training Epoch 6 | average train loss: 7.4595
2024-05-16 20:13:30 INFO     Training subgraph sub_003 in epoch 6 with model ComplEx
2024-05-16 20:13:53 INFO     Subgraph sub_003 Training Epoch 6 | average train loss: 7.7111
2024-05-16 20:13:53 INFO     Calculating self-attention...
2024-05-16 20:13:57 INFO     Calculating unified embedding for entities and relation names.
2024-05-16 20:13:57 INFO     Applying general embeddings to all models.
2024-05-16 20:13:58 INFO     Validation Epoch 6 | average valid loss: 18.1554
2024-05-16 20:13:58 INFO     -/	Validating the ensemble with the score aggregation method "maximum score".	\-
2024-05-16 20:14:06 INFO     Combining scores of all models with maximum score.
2024-05-16 20:14:08 INFO     Successfully aggregated all scores with aggregation method maximum score.
2024-05-16 20:14:10 INFO     	 valid MR: 19728.00 | MRR: 0.018 | H@1: 0.001 | H@3: 0.019 | H@10: 0.051 | AMRI: 0.036367 | MR_deviation: 1068.000
2024-05-16 20:14:10 INFO     -\	Finished validating the ensemble in 12.46 seconds	/-
2024-05-16 20:14:10 INFO     Saving models at epoch 6 in C:\Users\Tim\Documents\Masterarbeit\Software\Ensemble_Embedding_for_Link_Prediction\data\WN18RR_Entity_sampling_N4_min0.3_max0.7_mm05_dd16__HH20_MM00\results\model_files
2024-05-16 20:14:10 INFO     -\	Training and optimization of epoch 6 finished in 1 minute, 49.53 seconds	/-
2024-05-16 20:14:10 INFO     Training subgraph sub_000 in epoch 7 with model ComplEx
2024-05-16 20:14:33 INFO     Subgraph sub_000 Training Epoch 7 | average train loss: 7.0902
2024-05-16 20:14:33 INFO     Training subgraph sub_001 in epoch 7 with model ComplEx
2024-05-16 20:14:57 INFO     Subgraph sub_001 Training Epoch 7 | average train loss: 7.1722
2024-05-16 20:14:57 INFO     Training subgraph sub_002 in epoch 7 with model ComplEx
2024-05-16 20:15:20 INFO     Subgraph sub_002 Training Epoch 7 | average train loss: 7.0177
2024-05-16 20:15:20 INFO     Training subgraph sub_003 in epoch 7 with model ComplEx
2024-05-16 20:15:43 INFO     Subgraph sub_003 Training Epoch 7 | average train loss: 7.2440
2024-05-16 20:15:43 INFO     Calculating self-attention...
2024-05-16 20:15:46 INFO     Calculating unified embedding for entities and relation names.
2024-05-16 20:15:46 INFO     Applying general embeddings to all models.
2024-05-16 20:15:47 INFO     Validation Epoch 7 | average valid loss: 18.0551
2024-05-16 20:15:47 INFO     -/	Validating the ensemble with the score aggregation method "maximum score".	\-
2024-05-16 20:15:55 INFO     Combining scores of all models with maximum score.
2024-05-16 20:15:57 INFO     Successfully aggregated all scores with aggregation method maximum score.
2024-05-16 20:15:59 INFO     	 valid MR: 19516.69 | MRR: 0.024 | H@1: 0.003 | H@3: 0.026 | H@10: 0.071 | AMRI: 0.046690 | MR_deviation: 1106.000
2024-05-16 20:15:59 INFO     -\	Finished validating the ensemble in 12.34 seconds	/-
2024-05-16 20:15:59 INFO     Saving models at epoch 7 in C:\Users\Tim\Documents\Masterarbeit\Software\Ensemble_Embedding_for_Link_Prediction\data\WN18RR_Entity_sampling_N4_min0.3_max0.7_mm05_dd16__HH20_MM00\results\model_files
2024-05-16 20:15:59 INFO     -\	Training and optimization of epoch 7 finished in 1 minute, 49.04 seconds	/-
2024-05-16 20:15:59 INFO     Training subgraph sub_000 in epoch 8 with model ComplEx
2024-05-16 20:16:22 INFO     Subgraph sub_000 Training Epoch 8 | average train loss: 6.6719
2024-05-16 20:16:22 INFO     Training subgraph sub_001 in epoch 8 with model ComplEx
2024-05-16 20:16:46 INFO     Subgraph sub_001 Training Epoch 8 | average train loss: 6.7556
2024-05-16 20:16:46 INFO     Training subgraph sub_002 in epoch 8 with model ComplEx
2024-05-16 20:17:09 INFO     Subgraph sub_002 Training Epoch 8 | average train loss: 6.6402
2024-05-16 20:17:09 INFO     Training subgraph sub_003 in epoch 8 with model ComplEx
2024-05-16 20:17:32 INFO     Subgraph sub_003 Training Epoch 8 | average train loss: 6.8267
2024-05-16 20:17:32 INFO     Calculating self-attention...
2024-05-16 20:17:35 INFO     Calculating unified embedding for entities and relation names.
2024-05-16 20:17:35 INFO     Applying general embeddings to all models.
2024-05-16 20:17:36 INFO     Validation Epoch 8 | average valid loss: 17.8117
2024-05-16 20:17:36 INFO     -/	Validating the ensemble with the score aggregation method "maximum score".	\-
2024-05-16 20:17:44 INFO     Combining scores of all models with maximum score.
2024-05-16 20:17:47 INFO     Successfully aggregated all scores with aggregation method maximum score.
2024-05-16 20:17:49 INFO     	 valid MR: 19356.57 | MRR: 0.033 | H@1: 0.006 | H@3: 0.036 | H@10: 0.096 | AMRI: 0.054511 | MR_deviation: 1145.000
2024-05-16 20:17:49 INFO     -\	Finished validating the ensemble in 12.56 seconds	/-
2024-05-16 20:17:49 INFO     Saving models at epoch 8 in C:\Users\Tim\Documents\Masterarbeit\Software\Ensemble_Embedding_for_Link_Prediction\data\WN18RR_Entity_sampling_N4_min0.3_max0.7_mm05_dd16__HH20_MM00\results\model_files
2024-05-16 20:17:49 INFO     -\	Training and optimization of epoch 8 finished in 1 minute, 49.49 seconds	/-
2024-05-16 20:17:49 INFO     Training subgraph sub_000 in epoch 9 with model ComplEx
2024-05-16 20:18:12 INFO     Subgraph sub_000 Training Epoch 9 | average train loss: 6.3266
2024-05-16 20:18:12 INFO     Training subgraph sub_001 in epoch 9 with model ComplEx
2024-05-16 20:18:35 INFO     Subgraph sub_001 Training Epoch 9 | average train loss: 6.4022
2024-05-16 20:18:35 INFO     Training subgraph sub_002 in epoch 9 with model ComplEx
2024-05-16 20:18:58 INFO     Subgraph sub_002 Training Epoch 9 | average train loss: 6.3225
2024-05-16 20:18:58 INFO     Training subgraph sub_003 in epoch 9 with model ComplEx
2024-05-16 20:19:21 INFO     Subgraph sub_003 Training Epoch 9 | average train loss: 6.4712
2024-05-16 20:19:21 INFO     Calculating self-attention...
2024-05-16 20:19:25 INFO     Calculating unified embedding for entities and relation names.
2024-05-16 20:19:25 INFO     Applying general embeddings to all models.
2024-05-16 20:19:26 INFO     Validation Epoch 9 | average valid loss: 17.4688
2024-05-16 20:19:26 INFO     -/	Validating the ensemble with the score aggregation method "maximum score".	\-
2024-05-16 20:19:33 INFO     Combining scores of all models with maximum score.
2024-05-16 20:19:36 INFO     Successfully aggregated all scores with aggregation method maximum score.
2024-05-16 20:19:38 INFO     	 valid MR: 19219.29 | MRR: 0.042 | H@1: 0.009 | H@3: 0.048 | H@10: 0.118 | AMRI: 0.061217 | MR_deviation: 1180.000
2024-05-16 20:19:38 INFO     -\	Finished validating the ensemble in 12.25 seconds	/-
2024-05-16 20:19:38 INFO     Saving models at epoch 9 in C:\Users\Tim\Documents\Masterarbeit\Software\Ensemble_Embedding_for_Link_Prediction\data\WN18RR_Entity_sampling_N4_min0.3_max0.7_mm05_dd16__HH20_MM00\results\model_files
2024-05-16 20:19:38 INFO     -\	Training and optimization of epoch 9 finished in 1 minute, 49.18 seconds	/-
2024-05-16 20:19:38 INFO     Training subgraph sub_000 in epoch 10 with model ComplEx
2024-05-16 20:20:01 INFO     Subgraph sub_000 Training Epoch 10 | average train loss: 6.0434
2024-05-16 20:20:01 INFO     Training subgraph sub_001 in epoch 10 with model ComplEx
2024-05-16 20:20:24 INFO     Subgraph sub_001 Training Epoch 10 | average train loss: 6.1064
2024-05-16 20:20:24 INFO     Training subgraph sub_002 in epoch 10 with model ComplEx
2024-05-16 20:20:47 INFO     Subgraph sub_002 Training Epoch 10 | average train loss: 6.0556
2024-05-16 20:20:47 INFO     Training subgraph sub_003 in epoch 10 with model ComplEx
2024-05-16 20:21:11 INFO     Subgraph sub_003 Training Epoch 10 | average train loss: 6.1730
2024-05-16 20:21:11 INFO     Calculating self-attention...
2024-05-16 20:21:14 INFO     Calculating unified embedding for entities and relation names.
2024-05-16 20:21:14 INFO     Applying general embeddings to all models.
2024-05-16 20:21:15 INFO     Validation Epoch 10 | average valid loss: 17.0735
2024-05-16 20:21:15 INFO     -/	Validating the ensemble with the score aggregation method "maximum score".	\-
2024-05-16 20:21:22 INFO     Combining scores of all models with maximum score.
2024-05-16 20:21:25 INFO     Successfully aggregated all scores with aggregation method maximum score.
2024-05-16 20:21:27 INFO     	 valid MR: 19095.63 | MRR: 0.051 | H@1: 0.012 | H@3: 0.062 | H@10: 0.141 | AMRI: 0.067258 | MR_deviation: 1256.000
2024-05-16 20:21:27 INFO     -\	Finished validating the ensemble in 12.33 seconds	/-
2024-05-16 20:21:27 INFO     Saving models at epoch 10 in C:\Users\Tim\Documents\Masterarbeit\Software\Ensemble_Embedding_for_Link_Prediction\data\WN18RR_Entity_sampling_N4_min0.3_max0.7_mm05_dd16__HH20_MM00\results\model_files
2024-05-16 20:21:27 INFO     -\	Training and optimization of epoch 10 finished in 1 minute, 49.01 seconds	/-
2024-05-16 20:21:27 INFO     Training subgraph sub_000 in epoch 11 with model ComplEx
2024-05-16 20:21:50 INFO     Subgraph sub_000 Training Epoch 11 | average train loss: 5.8098
2024-05-16 20:21:50 INFO     Training subgraph sub_001 in epoch 11 with model ComplEx
2024-05-16 20:22:13 INFO     Subgraph sub_001 Training Epoch 11 | average train loss: 5.8593
2024-05-16 20:22:13 INFO     Training subgraph sub_002 in epoch 11 with model ComplEx
2024-05-16 20:22:36 INFO     Subgraph sub_002 Training Epoch 11 | average train loss: 5.8303
2024-05-16 20:22:36 INFO     Training subgraph sub_003 in epoch 11 with model ComplEx
2024-05-16 20:23:00 INFO     Subgraph sub_003 Training Epoch 11 | average train loss: 5.9242
2024-05-16 20:23:00 INFO     Calculating self-attention...
2024-05-16 20:23:03 INFO     Calculating unified embedding for entities and relation names.
2024-05-16 20:23:03 INFO     Applying general embeddings to all models.
2024-05-16 20:23:04 INFO     Validation Epoch 11 | average valid loss: 16.6639
2024-05-16 20:23:04 INFO     -/	Validating the ensemble with the score aggregation method "maximum score".	\-
2024-05-16 20:23:12 INFO     Combining scores of all models with maximum score.
2024-05-16 20:23:14 INFO     Successfully aggregated all scores with aggregation method maximum score.
2024-05-16 20:23:16 INFO     	 valid MR: 19010.28 | MRR: 0.059 | H@1: 0.014 | H@3: 0.077 | H@10: 0.162 | AMRI: 0.071427 | MR_deviation: 1306.000
2024-05-16 20:23:16 INFO     -\	Finished validating the ensemble in 12.31 seconds	/-
2024-05-16 20:23:16 INFO     Saving models at epoch 11 in C:\Users\Tim\Documents\Masterarbeit\Software\Ensemble_Embedding_for_Link_Prediction\data\WN18RR_Entity_sampling_N4_min0.3_max0.7_mm05_dd16__HH20_MM00\results\model_files
2024-05-16 20:23:16 INFO     -\	Training and optimization of epoch 11 finished in 1 minute, 49.2 seconds	/-
2024-05-16 20:23:16 INFO     Training subgraph sub_000 in epoch 12 with model ComplEx
2024-05-16 20:23:39 INFO     Subgraph sub_000 Training Epoch 12 | average train loss: 5.6152
2024-05-16 20:23:39 INFO     Training subgraph sub_001 in epoch 12 with model ComplEx
2024-05-16 20:24:02 INFO     Subgraph sub_001 Training Epoch 12 | average train loss: 5.6527
2024-05-16 20:24:02 INFO     Training subgraph sub_002 in epoch 12 with model ComplEx
2024-05-16 20:24:26 INFO     Subgraph sub_002 Training Epoch 12 | average train loss: 5.6393
2024-05-16 20:24:26 INFO     Training subgraph sub_003 in epoch 12 with model ComplEx
2024-05-16 20:24:49 INFO     Subgraph sub_003 Training Epoch 12 | average train loss: 5.7157
2024-05-16 20:24:49 INFO     Calculating self-attention...
2024-05-16 20:24:52 INFO     Calculating unified embedding for entities and relation names.
2024-05-16 20:24:52 INFO     Applying general embeddings to all models.
2024-05-16 20:24:53 INFO     Validation Epoch 12 | average valid loss: 16.2300
2024-05-16 20:24:53 INFO     -/	Validating the ensemble with the score aggregation method "maximum score".	\-
2024-05-16 20:25:02 INFO     Combining scores of all models with maximum score.
2024-05-16 20:25:04 INFO     Successfully aggregated all scores with aggregation method maximum score.
2024-05-16 20:25:06 INFO     	 valid MR: 18940.57 | MRR: 0.069 | H@1: 0.018 | H@3: 0.092 | H@10: 0.177 | AMRI: 0.074833 | MR_deviation: 1317.000
2024-05-16 20:25:06 INFO     -\	Finished validating the ensemble in 13.26 seconds	/-
2024-05-16 20:25:06 INFO     Saving models at epoch 12 in C:\Users\Tim\Documents\Masterarbeit\Software\Ensemble_Embedding_for_Link_Prediction\data\WN18RR_Entity_sampling_N4_min0.3_max0.7_mm05_dd16__HH20_MM00\results\model_files
2024-05-16 20:25:06 INFO     -\	Training and optimization of epoch 12 finished in 1 minute, 50.1 seconds	/-
2024-05-16 20:25:06 INFO     Training subgraph sub_000 in epoch 13 with model ComplEx
2024-05-16 20:25:29 INFO     Subgraph sub_000 Training Epoch 13 | average train loss: 5.4522
2024-05-16 20:25:29 INFO     Training subgraph sub_001 in epoch 13 with model ComplEx
2024-05-16 20:25:53 INFO     Subgraph sub_001 Training Epoch 13 | average train loss: 5.4788
2024-05-16 20:25:53 INFO     Training subgraph sub_002 in epoch 13 with model ComplEx
2024-05-16 20:26:16 INFO     Subgraph sub_002 Training Epoch 13 | average train loss: 5.4765
2024-05-16 20:26:16 INFO     Training subgraph sub_003 in epoch 13 with model ComplEx
2024-05-16 20:26:39 INFO     Subgraph sub_003 Training Epoch 13 | average train loss: 5.5398
2024-05-16 20:26:39 INFO     Calculating self-attention...
2024-05-16 20:26:42 INFO     Calculating unified embedding for entities and relation names.
2024-05-16 20:26:42 INFO     Applying general embeddings to all models.
2024-05-16 20:26:43 INFO     Validation Epoch 13 | average valid loss: 15.8079
2024-05-16 20:26:43 INFO     -/	Validating the ensemble with the score aggregation method "maximum score".	\-
2024-05-16 20:26:51 INFO     Combining scores of all models with maximum score.
2024-05-16 20:26:54 INFO     Successfully aggregated all scores with aggregation method maximum score.
2024-05-16 20:26:55 INFO     	 valid MR: 18864.82 | MRR: 0.077 | H@1: 0.021 | H@3: 0.105 | H@10: 0.196 | AMRI: 0.078533 | MR_deviation: 1348.000
2024-05-16 20:26:55 INFO     -\	Finished validating the ensemble in 12.41 seconds	/-
2024-05-16 20:26:55 INFO     Saving models at epoch 13 in C:\Users\Tim\Documents\Masterarbeit\Software\Ensemble_Embedding_for_Link_Prediction\data\WN18RR_Entity_sampling_N4_min0.3_max0.7_mm05_dd16__HH20_MM00\results\model_files
2024-05-16 20:26:56 INFO     -\	Training and optimization of epoch 13 finished in 1 minute, 49.33 seconds	/-
2024-05-16 20:26:56 INFO     Training subgraph sub_000 in epoch 14 with model ComplEx
2024-05-16 20:27:19 INFO     Subgraph sub_000 Training Epoch 14 | average train loss: 5.3144
2024-05-16 20:27:19 INFO     Training subgraph sub_001 in epoch 14 with model ComplEx
2024-05-16 20:27:42 INFO     Subgraph sub_001 Training Epoch 14 | average train loss: 5.3316
2024-05-16 20:27:42 INFO     Training subgraph sub_002 in epoch 14 with model ComplEx
2024-05-16 20:28:05 INFO     Subgraph sub_002 Training Epoch 14 | average train loss: 5.3373
2024-05-16 20:28:05 INFO     Training subgraph sub_003 in epoch 14 with model ComplEx
2024-05-16 20:28:28 INFO     Subgraph sub_003 Training Epoch 14 | average train loss: 5.3906
2024-05-16 20:28:28 INFO     Calculating self-attention...
2024-05-16 20:28:31 INFO     Calculating unified embedding for entities and relation names.
2024-05-16 20:28:31 INFO     Applying general embeddings to all models.
2024-05-16 20:28:32 INFO     Validation Epoch 14 | average valid loss: 15.3962
2024-05-16 20:28:32 INFO     -/	Validating the ensemble with the score aggregation method "maximum score".	\-
2024-05-16 20:28:40 INFO     Combining scores of all models with maximum score.
2024-05-16 20:28:43 INFO     Successfully aggregated all scores with aggregation method maximum score.
2024-05-16 20:28:45 INFO     	 valid MR: 18813.45 | MRR: 0.083 | H@1: 0.024 | H@3: 0.117 | H@10: 0.207 | AMRI: 0.081042 | MR_deviation: 1386.000
2024-05-16 20:28:45 INFO     -\	Finished validating the ensemble in 12.47 seconds	/-
2024-05-16 20:28:45 INFO     Saving models at epoch 14 in C:\Users\Tim\Documents\Masterarbeit\Software\Ensemble_Embedding_for_Link_Prediction\data\WN18RR_Entity_sampling_N4_min0.3_max0.7_mm05_dd16__HH20_MM00\results\model_files
2024-05-16 20:28:45 INFO     -\	Training and optimization of epoch 14 finished in 1 minute, 49.1 seconds	/-
2024-05-16 20:28:45 INFO     Training subgraph sub_000 in epoch 15 with model ComplEx
2024-05-16 20:29:08 INFO     Subgraph sub_000 Training Epoch 15 | average train loss: 5.1969
2024-05-16 20:29:08 INFO     Training subgraph sub_001 in epoch 15 with model ComplEx
2024-05-16 20:29:31 INFO     Subgraph sub_001 Training Epoch 15 | average train loss: 5.2066
2024-05-16 20:29:31 INFO     Training subgraph sub_002 in epoch 15 with model ComplEx
2024-05-16 20:29:54 INFO     Subgraph sub_002 Training Epoch 15 | average train loss: 5.2177
2024-05-16 20:29:54 INFO     Training subgraph sub_003 in epoch 15 with model ComplEx
2024-05-16 20:30:17 INFO     Subgraph sub_003 Training Epoch 15 | average train loss: 5.2634
2024-05-16 20:30:17 INFO     Calculating self-attention...
2024-05-16 20:30:20 INFO     Calculating unified embedding for entities and relation names.
2024-05-16 20:30:20 INFO     Applying general embeddings to all models.
2024-05-16 20:30:22 INFO     Validation Epoch 15 | average valid loss: 15.0117
2024-05-16 20:30:22 INFO     -/	Validating the ensemble with the score aggregation method "maximum score".	\-
2024-05-16 20:30:29 INFO     Combining scores of all models with maximum score.
2024-05-16 20:30:32 INFO     Successfully aggregated all scores with aggregation method maximum score.
2024-05-16 20:30:34 INFO     	 valid MR: 18743.82 | MRR: 0.089 | H@1: 0.027 | H@3: 0.128 | H@10: 0.217 | AMRI: 0.084443 | MR_deviation: 1407.000
2024-05-16 20:30:34 INFO     -\	Finished validating the ensemble in 12.4 seconds	/-
2024-05-16 20:30:34 INFO     Saving models at epoch 15 in C:\Users\Tim\Documents\Masterarbeit\Software\Ensemble_Embedding_for_Link_Prediction\data\WN18RR_Entity_sampling_N4_min0.3_max0.7_mm05_dd16__HH20_MM00\results\model_files
2024-05-16 20:30:34 INFO     -\	Training and optimization of epoch 15 finished in 1 minute, 49.32 seconds	/-
2024-05-16 20:30:34 INFO     Training subgraph sub_000 in epoch 16 with model ComplEx
2024-05-16 20:30:57 INFO     Subgraph sub_000 Training Epoch 16 | average train loss: 5.0959
2024-05-16 20:30:57 INFO     Training subgraph sub_001 in epoch 16 with model ComplEx
2024-05-16 20:31:20 INFO     Subgraph sub_001 Training Epoch 16 | average train loss: 5.0995
2024-05-16 20:31:20 INFO     Training subgraph sub_002 in epoch 16 with model ComplEx
2024-05-16 20:31:43 INFO     Subgraph sub_002 Training Epoch 16 | average train loss: 5.1142
2024-05-16 20:31:43 INFO     Training subgraph sub_003 in epoch 16 with model ComplEx
2024-05-16 20:32:07 INFO     Subgraph sub_003 Training Epoch 16 | average train loss: 5.1536
2024-05-16 20:32:07 INFO     Calculating self-attention...
2024-05-16 20:32:10 INFO     Calculating unified embedding for entities and relation names.
2024-05-16 20:32:10 INFO     Applying general embeddings to all models.
2024-05-16 20:32:11 INFO     Validation Epoch 16 | average valid loss: 14.6415
2024-05-16 20:32:11 INFO     -/	Validating the ensemble with the score aggregation method "maximum score".	\-
2024-05-16 20:32:19 INFO     Combining scores of all models with maximum score.
2024-05-16 20:32:22 INFO     Successfully aggregated all scores with aggregation method maximum score.
2024-05-16 20:32:24 INFO     	 valid MR: 18704.46 | MRR: 0.094 | H@1: 0.029 | H@3: 0.136 | H@10: 0.224 | AMRI: 0.086366 | MR_deviation: 1388.000
2024-05-16 20:32:24 INFO     -\	Finished validating the ensemble in 12.93 seconds	/-
2024-05-16 20:32:24 INFO     Saving models at epoch 16 in C:\Users\Tim\Documents\Masterarbeit\Software\Ensemble_Embedding_for_Link_Prediction\data\WN18RR_Entity_sampling_N4_min0.3_max0.7_mm05_dd16__HH20_MM00\results\model_files
2024-05-16 20:32:24 INFO     -\	Training and optimization of epoch 16 finished in 1 minute, 50.03 seconds	/-
2024-05-16 20:32:24 INFO     Training subgraph sub_000 in epoch 17 with model ComplEx
2024-05-16 20:32:47 INFO     Subgraph sub_000 Training Epoch 17 | average train loss: 5.0085
2024-05-16 20:32:47 INFO     Training subgraph sub_001 in epoch 17 with model ComplEx
2024-05-16 20:33:10 INFO     Subgraph sub_001 Training Epoch 17 | average train loss: 5.0073
2024-05-16 20:33:10 INFO     Training subgraph sub_002 in epoch 17 with model ComplEx
2024-05-16 20:33:33 INFO     Subgraph sub_002 Training Epoch 17 | average train loss: 5.0244
2024-05-16 20:33:33 INFO     Training subgraph sub_003 in epoch 17 with model ComplEx
2024-05-16 20:33:57 INFO     Subgraph sub_003 Training Epoch 17 | average train loss: 5.0592
2024-05-16 20:33:57 INFO     Calculating self-attention...
2024-05-16 20:34:00 INFO     Calculating unified embedding for entities and relation names.
2024-05-16 20:34:00 INFO     Applying general embeddings to all models.
2024-05-16 20:34:01 INFO     Validation Epoch 17 | average valid loss: 14.3037
2024-05-16 20:34:01 INFO     -/	Validating the ensemble with the score aggregation method "maximum score".	\-
2024-05-16 20:34:09 INFO     Combining scores of all models with maximum score.
2024-05-16 20:34:12 INFO     Successfully aggregated all scores with aggregation method maximum score.
2024-05-16 20:34:14 INFO     	 valid MR: 18655.25 | MRR: 0.097 | H@1: 0.030 | H@3: 0.141 | H@10: 0.233 | AMRI: 0.088770 | MR_deviation: 1428.000
2024-05-16 20:34:14 INFO     -\	Finished validating the ensemble in 12.64 seconds	/-
2024-05-16 20:34:14 INFO     Saving models at epoch 17 in C:\Users\Tim\Documents\Masterarbeit\Software\Ensemble_Embedding_for_Link_Prediction\data\WN18RR_Entity_sampling_N4_min0.3_max0.7_mm05_dd16__HH20_MM00\results\model_files
2024-05-16 20:34:14 INFO     -\	Training and optimization of epoch 17 finished in 1 minute, 49.68 seconds	/-
2024-05-16 20:34:14 INFO     Training subgraph sub_000 in epoch 18 with model ComplEx
2024-05-16 20:34:37 INFO     Subgraph sub_000 Training Epoch 18 | average train loss: 4.9326
2024-05-16 20:34:37 INFO     Training subgraph sub_001 in epoch 18 with model ComplEx
2024-05-16 20:35:00 INFO     Subgraph sub_001 Training Epoch 18 | average train loss: 4.9274
2024-05-16 20:35:00 INFO     Training subgraph sub_002 in epoch 18 with model ComplEx
2024-05-16 20:35:23 INFO     Subgraph sub_002 Training Epoch 18 | average train loss: 4.9460
2024-05-16 20:35:23 INFO     Training subgraph sub_003 in epoch 18 with model ComplEx
2024-05-16 20:35:46 INFO     Subgraph sub_003 Training Epoch 18 | average train loss: 4.9769
2024-05-16 20:35:46 INFO     Calculating self-attention...
2024-05-16 20:35:49 INFO     Calculating unified embedding for entities and relation names.
2024-05-16 20:35:49 INFO     Applying general embeddings to all models.
2024-05-16 20:35:50 INFO     Validation Epoch 18 | average valid loss: 13.9950
2024-05-16 20:35:50 INFO     -/	Validating the ensemble with the score aggregation method "maximum score".	\-
2024-05-16 20:35:58 INFO     Combining scores of all models with maximum score.
2024-05-16 20:36:01 INFO     Successfully aggregated all scores with aggregation method maximum score.
2024-05-16 20:36:03 INFO     	 valid MR: 18627.29 | MRR: 0.100 | H@1: 0.031 | H@3: 0.147 | H@10: 0.237 | AMRI: 0.090136 | MR_deviation: 1421.000
2024-05-16 20:36:03 INFO     -\	Finished validating the ensemble in 12.43 seconds	/-
2024-05-16 20:36:03 INFO     Saving models at epoch 18 in C:\Users\Tim\Documents\Masterarbeit\Software\Ensemble_Embedding_for_Link_Prediction\data\WN18RR_Entity_sampling_N4_min0.3_max0.7_mm05_dd16__HH20_MM00\results\model_files
2024-05-16 20:36:03 INFO     -\	Training and optimization of epoch 18 finished in 1 minute, 49.27 seconds	/-
2024-05-16 20:36:03 INFO     Training subgraph sub_000 in epoch 19 with model ComplEx
2024-05-16 20:36:26 INFO     Subgraph sub_000 Training Epoch 19 | average train loss: 4.8660
2024-05-16 20:36:26 INFO     Training subgraph sub_001 in epoch 19 with model ComplEx
2024-05-16 20:36:53 INFO     Subgraph sub_001 Training Epoch 19 | average train loss: 4.8578
2024-05-16 20:36:53 INFO     Training subgraph sub_002 in epoch 19 with model ComplEx
2024-05-16 20:37:17 INFO     Subgraph sub_002 Training Epoch 19 | average train loss: 4.8772
2024-05-16 20:37:17 INFO     Training subgraph sub_003 in epoch 19 with model ComplEx
2024-05-16 20:37:40 INFO     Subgraph sub_003 Training Epoch 19 | average train loss: 4.9050
2024-05-16 20:37:40 INFO     Calculating self-attention...
2024-05-16 20:37:43 INFO     Calculating unified embedding for entities and relation names.
2024-05-16 20:37:43 INFO     Applying general embeddings to all models.
2024-05-16 20:37:44 INFO     Validation Epoch 19 | average valid loss: 13.7057
2024-05-16 20:37:44 INFO     -/	Validating the ensemble with the score aggregation method "maximum score".	\-
2024-05-16 20:37:52 INFO     Combining scores of all models with maximum score.
2024-05-16 20:37:55 INFO     Successfully aggregated all scores with aggregation method maximum score.
2024-05-16 20:37:57 INFO     	 valid MR: 18584.40 | MRR: 0.102 | H@1: 0.032 | H@3: 0.151 | H@10: 0.242 | AMRI: 0.092231 | MR_deviation: 1463.000
2024-05-16 20:37:57 INFO     -\	Finished validating the ensemble in 12.44 seconds	/-
2024-05-16 20:37:57 INFO     Saving models at epoch 19 in C:\Users\Tim\Documents\Masterarbeit\Software\Ensemble_Embedding_for_Link_Prediction\data\WN18RR_Entity_sampling_N4_min0.3_max0.7_mm05_dd16__HH20_MM00\results\model_files
2024-05-16 20:37:57 INFO     -\	Training and optimization of epoch 19 finished in 1 minute, 53.66 seconds	/-
2024-05-16 20:37:57 INFO     Training subgraph sub_000 in epoch 20 with model ComplEx
2024-05-16 20:38:20 INFO     Subgraph sub_000 Training Epoch 20 | average train loss: 4.8074
2024-05-16 20:38:20 INFO     Training subgraph sub_001 in epoch 20 with model ComplEx
2024-05-16 20:38:43 INFO     Subgraph sub_001 Training Epoch 20 | average train loss: 4.7966
2024-05-16 20:38:43 INFO     Training subgraph sub_002 in epoch 20 with model ComplEx
2024-05-16 20:39:06 INFO     Subgraph sub_002 Training Epoch 20 | average train loss: 4.8165
2024-05-16 20:39:06 INFO     Training subgraph sub_003 in epoch 20 with model ComplEx
2024-05-16 20:39:29 INFO     Subgraph sub_003 Training Epoch 20 | average train loss: 4.8418
2024-05-16 20:39:29 INFO     Calculating self-attention...
2024-05-16 20:39:32 INFO     Calculating unified embedding for entities and relation names.
2024-05-16 20:39:32 INFO     Applying general embeddings to all models.
2024-05-16 20:39:33 INFO     Validation Epoch 20 | average valid loss: 13.4446
2024-05-16 20:39:33 INFO     -/	Validating the ensemble with the score aggregation method "maximum score".	\-
2024-05-16 20:39:41 INFO     Combining scores of all models with maximum score.
2024-05-16 20:39:44 INFO     Successfully aggregated all scores with aggregation method maximum score.
2024-05-16 20:39:46 INFO     	 valid MR: 18551.88 | MRR: 0.104 | H@1: 0.033 | H@3: 0.154 | H@10: 0.245 | AMRI: 0.093819 | MR_deviation: 1508.000
2024-05-16 20:39:46 INFO     -\	Finished validating the ensemble in 12.63 seconds	/-
2024-05-16 20:39:46 INFO     Saving models at epoch 20 in C:\Users\Tim\Documents\Masterarbeit\Software\Ensemble_Embedding_for_Link_Prediction\data\WN18RR_Entity_sampling_N4_min0.3_max0.7_mm05_dd16__HH20_MM00\results\model_files
2024-05-16 20:39:46 INFO     -\	Training and optimization of epoch 20 finished in 1 minute, 49.4 seconds	/-
2024-05-16 20:39:46 INFO     Training subgraph sub_000 in epoch 21 with model ComplEx
2024-05-16 20:40:09 INFO     Subgraph sub_000 Training Epoch 21 | average train loss: 4.7555
2024-05-16 20:40:09 INFO     Training subgraph sub_001 in epoch 21 with model ComplEx
2024-05-16 20:40:32 INFO     Subgraph sub_001 Training Epoch 21 | average train loss: 4.7428
2024-05-16 20:40:32 INFO     Training subgraph sub_002 in epoch 21 with model ComplEx
2024-05-16 20:40:55 INFO     Subgraph sub_002 Training Epoch 21 | average train loss: 4.7625
2024-05-16 20:40:55 INFO     Training subgraph sub_003 in epoch 21 with model ComplEx
2024-05-16 20:41:19 INFO     Subgraph sub_003 Training Epoch 21 | average train loss: 4.7858
2024-05-16 20:41:19 INFO     Calculating self-attention...
2024-05-16 20:41:22 INFO     Calculating unified embedding for entities and relation names.
2024-05-16 20:41:22 INFO     Applying general embeddings to all models.
2024-05-16 20:41:23 INFO     Validation Epoch 21 | average valid loss: 13.2061
2024-05-16 20:41:23 INFO     -/	Validating the ensemble with the score aggregation method "maximum score".	\-
2024-05-16 20:41:32 INFO     Combining scores of all models with maximum score.
2024-05-16 20:41:35 INFO     Successfully aggregated all scores with aggregation method maximum score.
2024-05-16 20:41:37 INFO     	 valid MR: 18551.78 | MRR: 0.106 | H@1: 0.033 | H@3: 0.158 | H@10: 0.247 | AMRI: 0.093824 | MR_deviation: 1471.000
2024-05-16 20:41:37 INFO     -\	Finished validating the ensemble in 13.87 seconds	/-
2024-05-16 20:41:37 INFO     Saving models at epoch 21 in C:\Users\Tim\Documents\Masterarbeit\Software\Ensemble_Embedding_for_Link_Prediction\data\WN18RR_Entity_sampling_N4_min0.3_max0.7_mm05_dd16__HH20_MM00\results\model_files
2024-05-16 20:41:37 INFO     -\	Training and optimization of epoch 21 finished in 1 minute, 50.86 seconds	/-
2024-05-16 20:41:37 INFO     Training subgraph sub_000 in epoch 22 with model ComplEx
2024-05-16 20:42:00 INFO     Subgraph sub_000 Training Epoch 22 | average train loss: 4.7091
2024-05-16 20:42:00 INFO     Training subgraph sub_001 in epoch 22 with model ComplEx
2024-05-16 20:42:23 INFO     Subgraph sub_001 Training Epoch 22 | average train loss: 4.6948
2024-05-16 20:42:23 INFO     Training subgraph sub_002 in epoch 22 with model ComplEx
2024-05-16 20:42:46 INFO     Subgraph sub_002 Training Epoch 22 | average train loss: 4.7143
2024-05-16 20:42:46 INFO     Training subgraph sub_003 in epoch 22 with model ComplEx
2024-05-16 20:43:10 INFO     Subgraph sub_003 Training Epoch 22 | average train loss: 4.7362
2024-05-16 20:43:10 INFO     Calculating self-attention...
2024-05-16 20:43:14 INFO     Calculating unified embedding for entities and relation names.
2024-05-16 20:43:14 INFO     Applying general embeddings to all models.
2024-05-16 20:43:15 INFO     Validation Epoch 22 | average valid loss: 12.9843
2024-05-16 20:43:15 INFO     -/	Validating the ensemble with the score aggregation method "maximum score".	\-
2024-05-16 20:43:24 INFO     Combining scores of all models with maximum score.
2024-05-16 20:43:27 INFO     Successfully aggregated all scores with aggregation method maximum score.
2024-05-16 20:43:29 INFO     	 valid MR: 18527.12 | MRR: 0.107 | H@1: 0.034 | H@3: 0.161 | H@10: 0.249 | AMRI: 0.095029 | MR_deviation: 1527.000
2024-05-16 20:43:29 INFO     -\	Finished validating the ensemble in 13.77 seconds	/-
2024-05-16 20:43:29 INFO     Saving models at epoch 22 in C:\Users\Tim\Documents\Masterarbeit\Software\Ensemble_Embedding_for_Link_Prediction\data\WN18RR_Entity_sampling_N4_min0.3_max0.7_mm05_dd16__HH20_MM00\results\model_files
2024-05-16 20:43:29 INFO     -\	Training and optimization of epoch 22 finished in 1 minute, 52.2 seconds	/-
2024-05-16 20:43:29 INFO     Training subgraph sub_000 in epoch 23 with model ComplEx
2024-05-16 20:43:52 INFO     Subgraph sub_000 Training Epoch 23 | average train loss: 4.6676
2024-05-16 20:43:52 INFO     Training subgraph sub_001 in epoch 23 with model ComplEx
2024-05-16 20:44:15 INFO     Subgraph sub_001 Training Epoch 23 | average train loss: 4.6519
2024-05-16 20:44:15 INFO     Training subgraph sub_002 in epoch 23 with model ComplEx
2024-05-16 20:44:39 INFO     Subgraph sub_002 Training Epoch 23 | average train loss: 4.6710
2024-05-16 20:44:39 INFO     Training subgraph sub_003 in epoch 23 with model ComplEx
2024-05-16 20:45:02 INFO     Subgraph sub_003 Training Epoch 23 | average train loss: 4.6918
2024-05-16 20:45:02 INFO     Calculating self-attention...
2024-05-16 20:45:05 INFO     Calculating unified embedding for entities and relation names.
2024-05-16 20:45:05 INFO     Applying general embeddings to all models.
2024-05-16 20:45:06 INFO     Validation Epoch 23 | average valid loss: 12.7847
2024-05-16 20:45:06 INFO     -/	Validating the ensemble with the score aggregation method "maximum score".	\-
2024-05-16 20:45:14 INFO     Combining scores of all models with maximum score.
2024-05-16 20:45:16 INFO     Successfully aggregated all scores with aggregation method maximum score.
2024-05-16 20:45:18 INFO     	 valid MR: 18505.57 | MRR: 0.108 | H@1: 0.034 | H@3: 0.162 | H@10: 0.251 | AMRI: 0.096081 | MR_deviation: 1544.000
2024-05-16 20:45:18 INFO     -\	Finished validating the ensemble in 12.48 seconds	/-
2024-05-16 20:45:18 INFO     Saving models at epoch 23 in C:\Users\Tim\Documents\Masterarbeit\Software\Ensemble_Embedding_for_Link_Prediction\data\WN18RR_Entity_sampling_N4_min0.3_max0.7_mm05_dd16__HH20_MM00\results\model_files
2024-05-16 20:45:18 INFO     -\	Training and optimization of epoch 23 finished in 1 minute, 49.24 seconds	/-
2024-05-16 20:45:18 INFO     Training subgraph sub_000 in epoch 24 with model ComplEx
2024-05-16 20:45:42 INFO     Subgraph sub_000 Training Epoch 24 | average train loss: 4.6302
2024-05-16 20:45:42 INFO     Training subgraph sub_001 in epoch 24 with model ComplEx
2024-05-16 20:46:05 INFO     Subgraph sub_001 Training Epoch 24 | average train loss: 4.6136
2024-05-16 20:46:05 INFO     Training subgraph sub_002 in epoch 24 with model ComplEx
2024-05-16 20:46:28 INFO     Subgraph sub_002 Training Epoch 24 | average train loss: 4.6322
2024-05-16 20:46:28 INFO     Training subgraph sub_003 in epoch 24 with model ComplEx
2024-05-16 20:46:51 INFO     Subgraph sub_003 Training Epoch 24 | average train loss: 4.6518
2024-05-16 20:46:51 INFO     Calculating self-attention...
2024-05-16 20:46:54 INFO     Calculating unified embedding for entities and relation names.
2024-05-16 20:46:54 INFO     Applying general embeddings to all models.
2024-05-16 20:46:55 INFO     Validation Epoch 24 | average valid loss: 12.6079
2024-05-16 20:46:55 INFO     -/	Validating the ensemble with the score aggregation method "maximum score".	\-
2024-05-16 20:47:03 INFO     Combining scores of all models with maximum score.
2024-05-16 20:47:05 INFO     Successfully aggregated all scores with aggregation method maximum score.
2024-05-16 20:47:07 INFO     	 valid MR: 18494.15 | MRR: 0.109 | H@1: 0.035 | H@3: 0.163 | H@10: 0.253 | AMRI: 0.096639 | MR_deviation: 1554.000
2024-05-16 20:47:07 INFO     -\	Finished validating the ensemble in 12.32 seconds	/-
2024-05-16 20:47:07 INFO     Saving models at epoch 24 in C:\Users\Tim\Documents\Masterarbeit\Software\Ensemble_Embedding_for_Link_Prediction\data\WN18RR_Entity_sampling_N4_min0.3_max0.7_mm05_dd16__HH20_MM00\results\model_files
2024-05-16 20:47:07 INFO     -\	Training and optimization of epoch 24 finished in 1 minute, 49.0 seconds	/-
2024-05-16 20:47:07 INFO     Training subgraph sub_000 in epoch 25 with model ComplEx
2024-05-16 20:47:31 INFO     Subgraph sub_000 Training Epoch 25 | average train loss: 4.5961
2024-05-16 20:47:31 INFO     Training subgraph sub_001 in epoch 25 with model ComplEx
2024-05-16 20:47:54 INFO     Subgraph sub_001 Training Epoch 25 | average train loss: 4.5788
2024-05-16 20:47:54 INFO     Training subgraph sub_002 in epoch 25 with model ComplEx
2024-05-16 20:48:17 INFO     Subgraph sub_002 Training Epoch 25 | average train loss: 4.5968
2024-05-16 20:48:17 INFO     Training subgraph sub_003 in epoch 25 with model ComplEx
2024-05-16 20:48:40 INFO     Subgraph sub_003 Training Epoch 25 | average train loss: 4.6157
2024-05-16 20:48:40 INFO     Calculating self-attention...
2024-05-16 20:48:43 INFO     Calculating unified embedding for entities and relation names.
2024-05-16 20:48:43 INFO     Applying general embeddings to all models.
2024-05-16 20:48:44 INFO     Validation Epoch 25 | average valid loss: 12.4428
2024-05-16 20:48:44 INFO     -/	Validating the ensemble with the score aggregation method "maximum score".	\-
2024-05-16 20:48:52 INFO     Combining scores of all models with maximum score.
2024-05-16 20:48:55 INFO     Successfully aggregated all scores with aggregation method maximum score.
2024-05-16 20:48:56 INFO     	 valid MR: 18469.71 | MRR: 0.110 | H@1: 0.035 | H@3: 0.165 | H@10: 0.255 | AMRI: 0.097833 | MR_deviation: 1541.000
2024-05-16 20:48:56 INFO     -\	Finished validating the ensemble in 12.4 seconds	/-
2024-05-16 20:48:56 INFO     Saving models at epoch 25 in C:\Users\Tim\Documents\Masterarbeit\Software\Ensemble_Embedding_for_Link_Prediction\data\WN18RR_Entity_sampling_N4_min0.3_max0.7_mm05_dd16__HH20_MM00\results\model_files
2024-05-16 20:48:57 INFO     -\	Training and optimization of epoch 25 finished in 1 minute, 49.2 seconds	/-
2024-05-16 20:48:57 INFO     Training subgraph sub_000 in epoch 26 with model ComplEx
2024-05-16 20:49:20 INFO     Subgraph sub_000 Training Epoch 26 | average train loss: 4.5652
2024-05-16 20:49:20 INFO     Training subgraph sub_001 in epoch 26 with model ComplEx
2024-05-16 20:49:43 INFO     Subgraph sub_001 Training Epoch 26 | average train loss: 4.5473
2024-05-16 20:49:43 INFO     Training subgraph sub_002 in epoch 26 with model ComplEx
2024-05-16 20:50:06 INFO     Subgraph sub_002 Training Epoch 26 | average train loss: 4.5646
2024-05-16 20:50:06 INFO     Training subgraph sub_003 in epoch 26 with model ComplEx
2024-05-16 20:50:29 INFO     Subgraph sub_003 Training Epoch 26 | average train loss: 4.5831
2024-05-16 20:50:29 INFO     Calculating self-attention...
2024-05-16 20:50:32 INFO     Calculating unified embedding for entities and relation names.
2024-05-16 20:50:32 INFO     Applying general embeddings to all models.
2024-05-16 20:50:33 INFO     Validation Epoch 26 | average valid loss: 12.2975
2024-05-16 20:50:33 INFO     -/	Validating the ensemble with the score aggregation method "maximum score".	\-
2024-05-16 20:50:41 INFO     Combining scores of all models with maximum score.
2024-05-16 20:50:44 INFO     Successfully aggregated all scores with aggregation method maximum score.
2024-05-16 20:50:46 INFO     	 valid MR: 18458.31 | MRR: 0.111 | H@1: 0.035 | H@3: 0.165 | H@10: 0.256 | AMRI: 0.098390 | MR_deviation: 1531.000
2024-05-16 20:50:46 INFO     -\	Finished validating the ensemble in 12.46 seconds	/-
2024-05-16 20:50:46 INFO     Saving models at epoch 26 in C:\Users\Tim\Documents\Masterarbeit\Software\Ensemble_Embedding_for_Link_Prediction\data\WN18RR_Entity_sampling_N4_min0.3_max0.7_mm05_dd16__HH20_MM00\results\model_files
2024-05-16 20:50:46 INFO     -\	Training and optimization of epoch 26 finished in 1 minute, 49.22 seconds	/-
2024-05-16 20:50:46 INFO     Training subgraph sub_000 in epoch 27 with model ComplEx
2024-05-16 20:51:09 INFO     Subgraph sub_000 Training Epoch 27 | average train loss: 4.5369
2024-05-16 20:51:09 INFO     Training subgraph sub_001 in epoch 27 with model ComplEx
2024-05-16 20:51:32 INFO     Subgraph sub_001 Training Epoch 27 | average train loss: 4.5186
2024-05-16 20:51:32 INFO     Training subgraph sub_002 in epoch 27 with model ComplEx
2024-05-16 20:51:55 INFO     Subgraph sub_002 Training Epoch 27 | average train loss: 4.5352
2024-05-16 20:51:55 INFO     Training subgraph sub_003 in epoch 27 with model ComplEx
2024-05-16 20:52:18 INFO     Subgraph sub_003 Training Epoch 27 | average train loss: 4.5534
2024-05-16 20:52:18 INFO     Calculating self-attention...
2024-05-16 20:52:21 INFO     Calculating unified embedding for entities and relation names.
2024-05-16 20:52:21 INFO     Applying general embeddings to all models.
2024-05-16 20:52:22 INFO     Validation Epoch 27 | average valid loss: 12.1640
2024-05-16 20:52:22 INFO     -/	Validating the ensemble with the score aggregation method "maximum score".	\-
2024-05-16 20:52:30 INFO     Combining scores of all models with maximum score.
2024-05-16 20:52:33 INFO     Successfully aggregated all scores with aggregation method maximum score.
2024-05-16 20:52:35 INFO     	 valid MR: 18444.55 | MRR: 0.111 | H@1: 0.036 | H@3: 0.166 | H@10: 0.257 | AMRI: 0.099062 | MR_deviation: 1568.000
2024-05-16 20:52:35 INFO     -\	Finished validating the ensemble in 12.43 seconds	/-
2024-05-16 20:52:35 INFO     Saving models at epoch 27 in C:\Users\Tim\Documents\Masterarbeit\Software\Ensemble_Embedding_for_Link_Prediction\data\WN18RR_Entity_sampling_N4_min0.3_max0.7_mm05_dd16__HH20_MM00\results\model_files
2024-05-16 20:52:35 INFO     -\	Training and optimization of epoch 27 finished in 1 minute, 49.19 seconds	/-
2024-05-16 20:52:35 INFO     Training subgraph sub_000 in epoch 28 with model ComplEx
2024-05-16 20:52:58 INFO     Subgraph sub_000 Training Epoch 28 | average train loss: 4.5109
2024-05-16 20:52:58 INFO     Training subgraph sub_001 in epoch 28 with model ComplEx
2024-05-16 20:53:21 INFO     Subgraph sub_001 Training Epoch 28 | average train loss: 4.4923
2024-05-16 20:53:21 INFO     Training subgraph sub_002 in epoch 28 with model ComplEx
2024-05-16 20:53:44 INFO     Subgraph sub_002 Training Epoch 28 | average train loss: 4.5082
2024-05-16 20:53:44 INFO     Training subgraph sub_003 in epoch 28 with model ComplEx
2024-05-16 20:54:07 INFO     Subgraph sub_003 Training Epoch 28 | average train loss: 4.5261
2024-05-16 20:54:07 INFO     Calculating self-attention...
2024-05-16 20:54:11 INFO     Calculating unified embedding for entities and relation names.
2024-05-16 20:54:11 INFO     Applying general embeddings to all models.
2024-05-16 20:54:12 INFO     Validation Epoch 28 | average valid loss: 12.0441
2024-05-16 20:54:12 INFO     -/	Validating the ensemble with the score aggregation method "maximum score".	\-
2024-05-16 20:54:20 INFO     Combining scores of all models with maximum score.
2024-05-16 20:54:22 INFO     Successfully aggregated all scores with aggregation method maximum score.
2024-05-16 20:54:24 INFO     	 valid MR: 18443.22 | MRR: 0.112 | H@1: 0.036 | H@3: 0.167 | H@10: 0.258 | AMRI: 0.099127 | MR_deviation: 1568.000
2024-05-16 20:54:24 INFO     -\	Finished validating the ensemble in 12.46 seconds	/-
2024-05-16 20:54:24 INFO     Saving models at epoch 28 in C:\Users\Tim\Documents\Masterarbeit\Software\Ensemble_Embedding_for_Link_Prediction\data\WN18RR_Entity_sampling_N4_min0.3_max0.7_mm05_dd16__HH20_MM00\results\model_files
2024-05-16 20:54:24 INFO     -\	Training and optimization of epoch 28 finished in 1 minute, 49.27 seconds	/-
2024-05-16 20:54:24 INFO     Training subgraph sub_000 in epoch 29 with model ComplEx
2024-05-16 20:54:47 INFO     Subgraph sub_000 Training Epoch 29 | average train loss: 4.4869
2024-05-16 20:54:47 INFO     Training subgraph sub_001 in epoch 29 with model ComplEx
2024-05-16 20:55:11 INFO     Subgraph sub_001 Training Epoch 29 | average train loss: 4.4681
2024-05-16 20:55:11 INFO     Training subgraph sub_002 in epoch 29 with model ComplEx
2024-05-16 20:55:34 INFO     Subgraph sub_002 Training Epoch 29 | average train loss: 4.4833
2024-05-16 20:55:34 INFO     Training subgraph sub_003 in epoch 29 with model ComplEx
2024-05-16 20:55:57 INFO     Subgraph sub_003 Training Epoch 29 | average train loss: 4.5010
2024-05-16 20:55:57 INFO     Calculating self-attention...
2024-05-16 20:56:00 INFO     Calculating unified embedding for entities and relation names.
2024-05-16 20:56:00 INFO     Applying general embeddings to all models.
2024-05-16 20:56:01 INFO     Validation Epoch 29 | average valid loss: 11.9337
2024-05-16 20:56:01 INFO     -/	Validating the ensemble with the score aggregation method "maximum score".	\-
2024-05-16 20:56:09 INFO     Combining scores of all models with maximum score.
2024-05-16 20:56:12 INFO     Successfully aggregated all scores with aggregation method maximum score.
2024-05-16 20:56:14 INFO     	 valid MR: 18440.21 | MRR: 0.112 | H@1: 0.036 | H@3: 0.168 | H@10: 0.258 | AMRI: 0.099274 | MR_deviation: 1566.000
2024-05-16 20:56:14 INFO     -\	Finished validating the ensemble in 12.61 seconds	/-
2024-05-16 20:56:14 INFO     Saving models at epoch 29 in C:\Users\Tim\Documents\Masterarbeit\Software\Ensemble_Embedding_for_Link_Prediction\data\WN18RR_Entity_sampling_N4_min0.3_max0.7_mm05_dd16__HH20_MM00\results\model_files
2024-05-16 20:56:14 INFO     -\	Training and optimization of epoch 29 finished in 1 minute, 49.54 seconds	/-
2024-05-16 20:56:14 INFO     Loading best models saved at epoch 29
2024-05-16 20:56:14 INFO     -\	Successfully finished training and optimizing all subgraphs in 54 minutes, 55.45 seconds	/-
2024-05-16 20:56:14 INFO     -/	Testing the ensemble with the score aggregation method "maximum score".	\-
2024-05-16 20:56:22 INFO     Combining scores of all models with maximum score.
2024-05-16 20:56:25 INFO     Successfully aggregated all scores with aggregation method maximum score.
2024-05-16 20:56:27 INFO     	 test MR: 17505.77 | MRR: 0.119 | H@1: 0.039 | H@3: 0.177 | H@10: 0.272 | AMRI: 0.144920 | MR_deviation: 1729.000
2024-05-16 20:56:27 INFO     -\	Finished testing the ensemble in 13.11 seconds	/-
2024-05-16 20:56:27 INFO     Finished ensemble training and testing in 55 minutes, 11.7 seconds.
2024-05-16 20:56:27 INFO     The entire process including sampling, training and testing took 56 minutes, 1.5 seconds.
2024-05-16 20:56:27 INFO     ### Saving logs in: C:\Users\Tim\Documents\Masterarbeit\Software\Ensemble_Embedding_for_Link_Prediction\data\WN18RR_Entity_sampling_N4_min0.3_max0.8_mm05_dd16__HH20_MM56\results ###
2024-05-16 20:56:27 INFO     Sampling 4 subgraphs with a relative size (0.3, 0.8) from WN18RR with Entity sampling
2024-05-16 20:56:27 INFO     -/	Sampling subgraph data\WN18RR_Entity_sampling_N4_min0.3_max0.8_mm05_dd16__HH20_MM56\sub_000 from WN18RR with params:
							 Entity sampling and (0.3, 0.8) relative subgraph size.	\-
2024-05-16 20:56:38 INFO     Current subgraph size 0.800011516093741 reached or exceeded target size 0.8.
2024-05-16 20:56:38 INFO     Created subgraph 0 with 4357 entities and 0 relation names left unused and a relative subgraph size 0.800011516093741.
2024-05-16 20:56:39 INFO     Length of delta: 69469		Deviation from target size: 1
2024-05-16 20:56:39 INFO     -\	Updated config file "C:\Users\Tim\Documents\Masterarbeit\Software\Ensemble_Embedding_for_Link_Prediction\data\WN18RR_Entity_sampling_N4_min0.3_max0.8_mm05_dd16__HH20_MM56\results\subgraph_config.csv" for subgraph 000, sampling took 11.4 seconds	/-

2024-05-16 20:56:39 INFO     -/	Sampling subgraph data\WN18RR_Entity_sampling_N4_min0.3_max0.8_mm05_dd16__HH20_MM56\sub_001 from WN18RR with params:
							 Entity sampling and (0.3, 0.8) relative subgraph size.	\-
2024-05-16 20:56:54 INFO     Current subgraph size 0.800023032187482 reached or exceeded target size 0.8.
2024-05-16 20:56:54 INFO     Created subgraph 1 with 471 entities and 0 relation names left unused and a relative subgraph size 0.800023032187482.
2024-05-16 20:56:55 INFO     Length of delta: 69470		Deviation from target size: 2
2024-05-16 20:56:55 INFO     -\	Updated config file "C:\Users\Tim\Documents\Masterarbeit\Software\Ensemble_Embedding_for_Link_Prediction\data\WN18RR_Entity_sampling_N4_min0.3_max0.8_mm05_dd16__HH20_MM56\results\subgraph_config.csv" for subgraph 001, sampling took 15.85 seconds	/-

2024-05-16 20:56:55 INFO     -/	Sampling subgraph data\WN18RR_Entity_sampling_N4_min0.3_max0.8_mm05_dd16__HH20_MM56\sub_002 from WN18RR with params:
							 Entity sampling and (0.3, 0.8) relative subgraph size.	\-
2024-05-16 20:56:55 INFO     Enforcing 471 entities to be present in the subgraph
