2024-09-02 18:50:33 INFO     ### Saving logs in: logs\09_02\NELL-995-h100\RotatE_18_50_33 ###
2024-09-02 18:50:36 INFO     	 (22411, 86, 22411)
2024-09-02 18:50:36 INFO     Total number of parameters 1484630
2024-09-02 18:50:39 INFO     	 Start training
2024-09-02 18:50:53 INFO     	 Epoch 0 | average train loss: 0.0899
2024-09-02 18:50:53 INFO     	 Epoch 0 | average valid loss: 0.0228
2024-09-02 18:51:04 INFO     	 Epoch 1 | average train loss: 0.0225
2024-09-02 18:51:04 INFO     	 Epoch 1 | average valid loss: 0.0187
2024-09-02 18:51:16 INFO     	 Epoch 2 | average train loss: 0.0200
2024-09-02 18:51:16 INFO     	 Epoch 2 | average valid loss: 0.0171
2024-09-02 18:51:28 INFO     	 Epoch 3 | average train loss: 0.0187
2024-09-02 18:51:28 INFO     	 Epoch 3 | average valid loss: 0.0162
2024-09-02 18:51:40 INFO     	 Epoch 4 | average train loss: 0.0178
2024-09-02 18:51:40 INFO     	 Epoch 4 | average valid loss: 0.0155
2024-09-02 18:51:42 INFO     
average valid metrics:	MR: 3985.104	| MRR: 0.180	| H@1: 0.130	| H@3: 0.204	| H@10: 0.269	| AMRI: 0.644	| rank_deviation: 0.00106
2024-09-02 18:51:42 INFO     	 Saving model at epoch 4 in logs\09_02\NELL-995-h100\RotatE_18_50_33
2024-09-02 18:51:54 INFO     	 Epoch 5 | average train loss: 0.0170
2024-09-02 18:51:54 INFO     	 Epoch 5 | average valid loss: 0.0150
2024-09-02 18:52:06 INFO     	 Epoch 6 | average train loss: 0.0164
2024-09-02 18:52:06 INFO     	 Epoch 6 | average valid loss: 0.0146
2024-09-02 18:52:17 INFO     	 Epoch 7 | average train loss: 0.0159
2024-09-02 18:52:17 INFO     	 Epoch 7 | average valid loss: 0.0143
2024-09-02 18:52:29 INFO     	 Epoch 8 | average train loss: 0.0154
2024-09-02 18:52:29 INFO     	 Epoch 8 | average valid loss: 0.0140
2024-09-02 18:52:42 INFO     	 Epoch 9 | average train loss: 0.0150
2024-09-02 18:52:42 INFO     	 Epoch 9 | average valid loss: 0.0138
2024-09-02 18:52:44 INFO     
average valid metrics:	MR: 3353.709	| MRR: 0.210	| H@1: 0.147	| H@3: 0.237	| H@10: 0.329	| AMRI: 0.701	| rank_deviation: 0.00106
2024-09-02 18:52:44 INFO     	 Saving model at epoch 9 in logs\09_02\NELL-995-h100\RotatE_18_50_33
2024-09-02 18:52:57 INFO     	 Epoch 10 | average train loss: 0.0146
2024-09-02 18:52:57 INFO     	 Epoch 10 | average valid loss: 0.0136
2024-09-02 18:53:08 INFO     	 Epoch 11 | average train loss: 0.0142
2024-09-02 18:53:08 INFO     	 Epoch 11 | average valid loss: 0.0133
2024-09-02 18:53:20 INFO     	 Epoch 12 | average train loss: 0.0139
2024-09-02 18:53:20 INFO     	 Epoch 12 | average valid loss: 0.0132
2024-09-02 18:53:32 INFO     	 Epoch 13 | average train loss: 0.0136
2024-09-02 18:53:32 INFO     	 Epoch 13 | average valid loss: 0.0130
2024-09-02 18:53:44 INFO     	 Epoch 14 | average train loss: 0.0133
2024-09-02 18:53:44 INFO     	 Epoch 14 | average valid loss: 0.0129
2024-09-02 18:53:46 INFO     
average valid metrics:	MR: 3011.005	| MRR: 0.226	| H@1: 0.157	| H@3: 0.255	| H@10: 0.363	| AMRI: 0.731	| rank_deviation: 0.00093
2024-09-02 18:53:46 INFO     	 Saving model at epoch 14 in logs\09_02\NELL-995-h100\RotatE_18_50_33
2024-09-02 18:53:58 INFO     	 Epoch 15 | average train loss: 0.0130
2024-09-02 18:53:58 INFO     	 Epoch 15 | average valid loss: 0.0128
2024-09-02 18:54:09 INFO     	 Epoch 16 | average train loss: 0.0127
2024-09-02 18:54:10 INFO     	 Epoch 16 | average valid loss: 0.0126
2024-09-02 18:54:21 INFO     	 Epoch 17 | average train loss: 0.0125
2024-09-02 18:54:21 INFO     	 Epoch 17 | average valid loss: 0.0126
2024-09-02 18:54:33 INFO     	 Epoch 18 | average train loss: 0.0122
2024-09-02 18:54:33 INFO     	 Epoch 18 | average valid loss: 0.0125
2024-09-02 18:54:45 INFO     	 Epoch 19 | average train loss: 0.0120
2024-09-02 18:54:45 INFO     	 Epoch 19 | average valid loss: 0.0124
2024-09-02 18:54:47 INFO     
average valid metrics:	MR: 2815.432	| MRR: 0.234	| H@1: 0.161	| H@3: 0.265	| H@10: 0.382	| AMRI: 0.749	| rank_deviation: 0.00053
2024-09-02 18:54:47 INFO     	 Saving model at epoch 19 in logs\09_02\NELL-995-h100\RotatE_18_50_33
2024-09-02 18:54:59 INFO     	 Epoch 20 | average train loss: 0.0118
2024-09-02 18:54:59 INFO     	 Epoch 20 | average valid loss: 0.0123
2024-09-02 18:55:11 INFO     	 Epoch 21 | average train loss: 0.0116
2024-09-02 18:55:11 INFO     	 Epoch 21 | average valid loss: 0.0122
2024-09-02 18:55:22 INFO     	 Epoch 22 | average train loss: 0.0114
2024-09-02 18:55:22 INFO     	 Epoch 22 | average valid loss: 0.0121
2024-09-02 18:55:34 INFO     	 Epoch 23 | average train loss: 0.0112
2024-09-02 18:55:34 INFO     	 Epoch 23 | average valid loss: 0.0122
2024-09-02 18:55:46 INFO     	 Epoch 24 | average train loss: 0.0110
2024-09-02 18:55:46 INFO     	 Epoch 24 | average valid loss: 0.0121
2024-09-02 18:55:48 INFO     
average valid metrics:	MR: 2698.670	| MRR: 0.241	| H@1: 0.164	| H@3: 0.273	| H@10: 0.395	| AMRI: 0.759	| rank_deviation: 0.00080
2024-09-02 18:55:48 INFO     	 Saving model at epoch 24 in logs\09_02\NELL-995-h100\RotatE_18_50_33
2024-09-02 18:56:00 INFO     	 Epoch 25 | average train loss: 0.0108
2024-09-02 18:56:00 INFO     	 Epoch 25 | average valid loss: 0.0121
2024-09-02 18:56:12 INFO     	 Epoch 26 | average train loss: 0.0107
2024-09-02 18:56:12 INFO     	 Epoch 26 | average valid loss: 0.0120
2024-09-02 18:56:23 INFO     	 Epoch 27 | average train loss: 0.0105
2024-09-02 18:56:24 INFO     	 Epoch 27 | average valid loss: 0.0120
2024-09-02 18:56:35 INFO     	 Epoch 28 | average train loss: 0.0103
2024-09-02 18:56:35 INFO     	 Epoch 28 | average valid loss: 0.0120
2024-09-02 18:56:47 INFO     	 Epoch 29 | average train loss: 0.0102
2024-09-02 18:56:47 INFO     	 Epoch 29 | average valid loss: 0.0120
2024-09-02 18:56:50 INFO     
average valid metrics:	MR: 2618.246	| MRR: 0.248	| H@1: 0.167	| H@3: 0.283	| H@10: 0.406	| AMRI: 0.766	| rank_deviation: 0.00053
2024-09-02 18:56:50 INFO     	 Saving model at epoch 29 in logs\09_02\NELL-995-h100\RotatE_18_50_33
2024-09-02 18:57:02 INFO     	 Epoch 30 | average train loss: 0.0100
2024-09-02 18:57:02 INFO     	 Epoch 30 | average valid loss: 0.0119
2024-09-02 18:57:13 INFO     	 Epoch 31 | average train loss: 0.0099
2024-09-02 18:57:13 INFO     	 Epoch 31 | average valid loss: 0.0119
2024-09-02 18:57:25 INFO     	 Epoch 32 | average train loss: 0.0098
2024-09-02 18:57:25 INFO     	 Epoch 32 | average valid loss: 0.0118
2024-09-02 18:57:36 INFO     	 Epoch 33 | average train loss: 0.0096
2024-09-02 18:57:36 INFO     	 Epoch 33 | average valid loss: 0.0119
2024-09-02 18:57:49 INFO     	 Epoch 34 | average train loss: 0.0095
2024-09-02 18:57:49 INFO     	 Epoch 34 | average valid loss: 0.0118
2024-09-02 18:57:51 INFO     
average valid metrics:	MR: 2558.329	| MRR: 0.252	| H@1: 0.171	| H@3: 0.285	| H@10: 0.412	| AMRI: 0.772	| rank_deviation: 0.00053
2024-09-02 18:57:51 INFO     	 Saving model at epoch 34 in logs\09_02\NELL-995-h100\RotatE_18_50_33
2024-09-02 18:58:05 INFO     	 Epoch 35 | average train loss: 0.0094
2024-09-02 18:58:06 INFO     	 Epoch 35 | average valid loss: 0.0119
2024-09-02 18:58:18 INFO     	 Epoch 36 | average train loss: 0.0093
2024-09-02 18:58:18 INFO     	 Epoch 36 | average valid loss: 0.0119
2024-09-02 18:58:30 INFO     	 Epoch 37 | average train loss: 0.0092
2024-09-02 18:58:30 INFO     	 Epoch 37 | average valid loss: 0.0119
2024-09-02 18:58:43 INFO     	 Epoch 38 | average train loss: 0.0090
2024-09-02 18:58:43 INFO     	 Epoch 38 | average valid loss: 0.0119
2024-09-02 18:58:58 INFO     	 Epoch 39 | average train loss: 0.0089
2024-09-02 18:58:58 INFO     	 Epoch 39 | average valid loss: 0.0119
2024-09-02 18:59:01 INFO     
average valid metrics:	MR: 2517.019	| MRR: 0.257	| H@1: 0.175	| H@3: 0.287	| H@10: 0.418	| AMRI: 0.775	| rank_deviation: 0.00080
2024-09-02 18:59:01 INFO     	 Saving model at epoch 39 in logs\09_02\NELL-995-h100\RotatE_18_50_33
2024-09-02 18:59:14 INFO     	 Epoch 40 | average train loss: 0.0088
2024-09-02 18:59:14 INFO     	 Epoch 40 | average valid loss: 0.0120
2024-09-02 18:59:26 INFO     	 Epoch 41 | average train loss: 0.0087
2024-09-02 18:59:26 INFO     	 Epoch 41 | average valid loss: 0.0119
2024-09-02 18:59:37 INFO     	 Epoch 42 | average train loss: 0.0086
2024-09-02 18:59:37 INFO     	 Epoch 42 | average valid loss: 0.0119
2024-09-02 18:59:49 INFO     	 Epoch 43 | average train loss: 0.0086
2024-09-02 18:59:49 INFO     	 Epoch 43 | average valid loss: 0.0120
2024-09-02 19:00:01 INFO     	 Epoch 44 | average train loss: 0.0085
2024-09-02 19:00:01 INFO     	 Epoch 44 | average valid loss: 0.0119
2024-09-02 19:00:04 INFO     
average valid metrics:	MR: 2482.543	| MRR: 0.262	| H@1: 0.179	| H@3: 0.296	| H@10: 0.420	| AMRI: 0.779	| rank_deviation: 0.00066
2024-09-02 19:00:04 INFO     	 Saving model at epoch 44 in logs\09_02\NELL-995-h100\RotatE_18_50_33
2024-09-02 19:00:15 INFO     	 Epoch 45 | average train loss: 0.0084
2024-09-02 19:00:16 INFO     	 Epoch 45 | average valid loss: 0.0120
2024-09-02 19:00:27 INFO     	 Epoch 46 | average train loss: 0.0083
2024-09-02 19:00:27 INFO     	 Epoch 46 | average valid loss: 0.0120
2024-09-02 19:00:39 INFO     	 Epoch 47 | average train loss: 0.0082
2024-09-02 19:00:39 INFO     	 Epoch 47 | average valid loss: 0.0121
2024-09-02 19:00:50 INFO     	 Epoch 48 | average train loss: 0.0081
2024-09-02 19:00:50 INFO     	 Epoch 48 | average valid loss: 0.0120
2024-09-02 19:01:02 INFO     	 Epoch 49 | average train loss: 0.0081
2024-09-02 19:01:02 INFO     	 Epoch 49 | average valid loss: 0.0121
2024-09-02 19:01:05 INFO     
average valid metrics:	MR: 2454.063	| MRR: 0.265	| H@1: 0.182	| H@3: 0.298	| H@10: 0.429	| AMRI: 0.781	| rank_deviation: 0.00093
2024-09-02 19:01:05 INFO     	 Saving model at epoch 49 in logs\09_02\NELL-995-h100\RotatE_18_50_33
2024-09-02 19:01:16 INFO     	 Epoch 50 | average train loss: 0.0080
2024-09-02 19:01:17 INFO     	 Epoch 50 | average valid loss: 0.0120
2024-09-02 19:01:28 INFO     	 Epoch 51 | average train loss: 0.0079
2024-09-02 19:01:28 INFO     	 Epoch 51 | average valid loss: 0.0121
2024-09-02 19:01:40 INFO     	 Epoch 52 | average train loss: 0.0078
2024-09-02 19:01:40 INFO     	 Epoch 52 | average valid loss: 0.0121
2024-09-02 19:01:51 INFO     	 Epoch 53 | average train loss: 0.0078
2024-09-02 19:01:51 INFO     	 Epoch 53 | average valid loss: 0.0121
2024-09-02 19:02:03 INFO     	 Epoch 54 | average train loss: 0.0077
2024-09-02 19:02:03 INFO     	 Epoch 54 | average valid loss: 0.0122
2024-09-02 19:02:06 INFO     
average valid metrics:	MR: 2431.880	| MRR: 0.268	| H@1: 0.184	| H@3: 0.301	| H@10: 0.429	| AMRI: 0.783	| rank_deviation: 0.00120
2024-09-02 19:02:06 INFO     	 Saving model at epoch 54 in logs\09_02\NELL-995-h100\RotatE_18_50_33
2024-09-02 19:02:17 INFO     	 Epoch 55 | average train loss: 0.0076
2024-09-02 19:02:17 INFO     	 Epoch 55 | average valid loss: 0.0121
2024-09-02 19:02:29 INFO     	 Epoch 56 | average train loss: 0.0076
2024-09-02 19:02:29 INFO     	 Epoch 56 | average valid loss: 0.0122
2024-09-02 19:02:41 INFO     	 Epoch 57 | average train loss: 0.0075
2024-09-02 19:02:41 INFO     	 Epoch 57 | average valid loss: 0.0122
2024-09-02 19:02:52 INFO     	 Epoch 58 | average train loss: 0.0075
2024-09-02 19:02:52 INFO     	 Epoch 58 | average valid loss: 0.0122
2024-09-02 19:03:04 INFO     	 Epoch 59 | average train loss: 0.0074
2024-09-02 19:03:04 INFO     	 Epoch 59 | average valid loss: 0.0122
2024-09-02 19:03:06 INFO     
average valid metrics:	MR: 2411.469	| MRR: 0.271	| H@1: 0.187	| H@3: 0.303	| H@10: 0.430	| AMRI: 0.785	| rank_deviation: 0.00013
2024-09-02 19:03:06 INFO     	 Saving model at epoch 59 in logs\09_02\NELL-995-h100\RotatE_18_50_33
2024-09-02 19:03:18 INFO     	 Epoch 60 | average train loss: 0.0073
2024-09-02 19:03:19 INFO     	 Epoch 60 | average valid loss: 0.0123
2024-09-02 19:03:31 INFO     	 Epoch 61 | average train loss: 0.0073
2024-09-02 19:03:31 INFO     	 Epoch 61 | average valid loss: 0.0123
2024-09-02 19:03:43 INFO     	 Epoch 62 | average train loss: 0.0072
2024-09-02 19:03:43 INFO     	 Epoch 62 | average valid loss: 0.0124
2024-09-02 19:03:55 INFO     	 Epoch 63 | average train loss: 0.0072
2024-09-02 19:03:55 INFO     	 Epoch 63 | average valid loss: 0.0124
2024-09-02 19:04:07 INFO     	 Epoch 64 | average train loss: 0.0071
2024-09-02 19:04:07 INFO     	 Epoch 64 | average valid loss: 0.0124
2024-09-02 19:04:11 INFO     
average valid metrics:	MR: 2394.016	| MRR: 0.273	| H@1: 0.190	| H@3: 0.306	| H@10: 0.434	| AMRI: 0.786	| rank_deviation: 0.00040
2024-09-02 19:04:11 INFO     	 Saving model at epoch 64 in logs\09_02\NELL-995-h100\RotatE_18_50_33
2024-09-02 19:04:25 INFO     	 Epoch 65 | average train loss: 0.0071
2024-09-02 19:04:25 INFO     	 Epoch 65 | average valid loss: 0.0125
2024-09-02 19:04:37 INFO     	 Epoch 66 | average train loss: 0.0070
2024-09-02 19:04:37 INFO     	 Epoch 66 | average valid loss: 0.0124
2024-09-02 19:04:51 INFO     	 Epoch 67 | average train loss: 0.0070
2024-09-02 19:04:51 INFO     	 Epoch 67 | average valid loss: 0.0125
2024-09-02 19:05:03 INFO     	 Epoch 68 | average train loss: 0.0070
2024-09-02 19:05:04 INFO     	 Epoch 68 | average valid loss: 0.0125
2024-09-02 19:05:16 INFO     	 Epoch 69 | average train loss: 0.0069
2024-09-02 19:05:16 INFO     	 Epoch 69 | average valid loss: 0.0125
2024-09-02 19:05:19 INFO     
average valid metrics:	MR: 2379.935	| MRR: 0.275	| H@1: 0.191	| H@3: 0.309	| H@10: 0.438	| AMRI: 0.788	| rank_deviation: 0.00027
2024-09-02 19:05:19 INFO     	 Saving model at epoch 69 in logs\09_02\NELL-995-h100\RotatE_18_50_33
2024-09-02 19:05:31 INFO     	 Epoch 70 | average train loss: 0.0069
2024-09-02 19:05:31 INFO     	 Epoch 70 | average valid loss: 0.0125
2024-09-02 19:05:43 INFO     	 Epoch 71 | average train loss: 0.0068
2024-09-02 19:05:43 INFO     	 Epoch 71 | average valid loss: 0.0125
2024-09-02 19:05:54 INFO     	 Epoch 72 | average train loss: 0.0068
2024-09-02 19:05:55 INFO     	 Epoch 72 | average valid loss: 0.0126
2024-09-02 19:06:06 INFO     	 Epoch 73 | average train loss: 0.0068
2024-09-02 19:06:06 INFO     	 Epoch 73 | average valid loss: 0.0126
2024-09-02 19:06:18 INFO     	 Epoch 74 | average train loss: 0.0067
2024-09-02 19:06:18 INFO     	 Epoch 74 | average valid loss: 0.0127
2024-09-02 19:06:21 INFO     
average valid metrics:	MR: 2367.273	| MRR: 0.277	| H@1: 0.193	| H@3: 0.311	| H@10: 0.440	| AMRI: 0.789	| rank_deviation: 0.00000
2024-09-02 19:06:21 INFO     	 Saving model at epoch 74 in logs\09_02\NELL-995-h100\RotatE_18_50_33
2024-09-02 19:06:33 INFO     	 Epoch 75 | average train loss: 0.0067
2024-09-02 19:06:33 INFO     	 Epoch 75 | average valid loss: 0.0127
2024-09-02 19:06:44 INFO     	 Epoch 76 | average train loss: 0.0066
2024-09-02 19:06:44 INFO     	 Epoch 76 | average valid loss: 0.0127
2024-09-02 19:06:56 INFO     	 Epoch 77 | average train loss: 0.0066
2024-09-02 19:06:56 INFO     	 Epoch 77 | average valid loss: 0.0127
2024-09-02 19:07:07 INFO     	 Epoch 78 | average train loss: 0.0066
2024-09-02 19:07:07 INFO     	 Epoch 78 | average valid loss: 0.0127
2024-09-02 19:07:19 INFO     	 Epoch 79 | average train loss: 0.0065
2024-09-02 19:07:19 INFO     	 Epoch 79 | average valid loss: 0.0128
2024-09-02 19:07:22 INFO     
average valid metrics:	MR: 2357.140	| MRR: 0.278	| H@1: 0.195	| H@3: 0.313	| H@10: 0.444	| AMRI: 0.790	| rank_deviation: 0.00040
2024-09-02 19:07:22 INFO     	 Saving model at epoch 79 in logs\09_02\NELL-995-h100\RotatE_18_50_33
2024-09-02 19:07:33 INFO     	 Epoch 80 | average train loss: 0.0065
2024-09-02 19:07:33 INFO     	 Epoch 80 | average valid loss: 0.0129
2024-09-02 19:07:45 INFO     	 Epoch 81 | average train loss: 0.0065
2024-09-02 19:07:45 INFO     	 Epoch 81 | average valid loss: 0.0129
2024-09-02 19:07:57 INFO     	 Epoch 82 | average train loss: 0.0064
2024-09-02 19:07:57 INFO     	 Epoch 82 | average valid loss: 0.0129
2024-09-02 19:08:08 INFO     	 Epoch 83 | average train loss: 0.0064
2024-09-02 19:08:09 INFO     	 Epoch 83 | average valid loss: 0.0129
2024-09-02 19:08:21 INFO     	 Epoch 84 | average train loss: 0.0064
2024-09-02 19:08:21 INFO     	 Epoch 84 | average valid loss: 0.0129
2024-09-02 19:08:24 INFO     
average valid metrics:	MR: 2346.351	| MRR: 0.280	| H@1: 0.196	| H@3: 0.316	| H@10: 0.446	| AMRI: 0.791	| rank_deviation: 0.00080
2024-09-02 19:08:24 INFO     	 Saving model at epoch 84 in logs\09_02\NELL-995-h100\RotatE_18_50_33
2024-09-02 19:08:35 INFO     	 Epoch 85 | average train loss: 0.0064
2024-09-02 19:08:36 INFO     	 Epoch 85 | average valid loss: 0.0130
2024-09-02 19:08:47 INFO     	 Epoch 86 | average train loss: 0.0063
2024-09-02 19:08:47 INFO     	 Epoch 86 | average valid loss: 0.0130
2024-09-02 19:08:59 INFO     	 Epoch 87 | average train loss: 0.0063
2024-09-02 19:08:59 INFO     	 Epoch 87 | average valid loss: 0.0130
2024-09-02 19:09:11 INFO     	 Epoch 88 | average train loss: 0.0063
2024-09-02 19:09:11 INFO     	 Epoch 88 | average valid loss: 0.0130
2024-09-02 19:09:22 INFO     	 Epoch 89 | average train loss: 0.0063
2024-09-02 19:09:22 INFO     	 Epoch 89 | average valid loss: 0.0131
2024-09-02 19:09:26 INFO     
average valid metrics:	MR: 2337.267	| MRR: 0.280	| H@1: 0.194	| H@3: 0.319	| H@10: 0.448	| AMRI: 0.792	| rank_deviation: 0.00013
2024-09-02 19:09:37 INFO     	 Epoch 90 | average train loss: 0.0062
2024-09-02 19:09:37 INFO     	 Epoch 90 | average valid loss: 0.0131
2024-09-02 19:09:49 INFO     	 Epoch 91 | average train loss: 0.0062
2024-09-02 19:09:49 INFO     	 Epoch 91 | average valid loss: 0.0130
2024-09-02 19:10:00 INFO     	 Epoch 92 | average train loss: 0.0062
2024-09-02 19:10:01 INFO     	 Epoch 92 | average valid loss: 0.0131
2024-09-02 19:10:12 INFO     	 Epoch 93 | average train loss: 0.0062
2024-09-02 19:10:13 INFO     	 Epoch 93 | average valid loss: 0.0131
2024-09-02 19:10:24 INFO     	 Epoch 94 | average train loss: 0.0061
2024-09-02 19:10:24 INFO     	 Epoch 94 | average valid loss: 0.0132
2024-09-02 19:10:27 INFO     
average valid metrics:	MR: 2330.178	| MRR: 0.282	| H@1: 0.197	| H@3: 0.318	| H@10: 0.452	| AMRI: 0.792	| rank_deviation: 0.00066
2024-09-02 19:10:27 INFO     	 Saving model at epoch 94 in logs\09_02\NELL-995-h100\RotatE_18_50_33
2024-09-02 19:10:39 INFO     	 Epoch 95 | average train loss: 0.0061
2024-09-02 19:10:39 INFO     	 Epoch 95 | average valid loss: 0.0131
2024-09-02 19:10:50 INFO     	 Epoch 96 | average train loss: 0.0061
2024-09-02 19:10:50 INFO     	 Epoch 96 | average valid loss: 0.0131
2024-09-02 19:11:02 INFO     	 Epoch 97 | average train loss: 0.0060
2024-09-02 19:11:02 INFO     	 Epoch 97 | average valid loss: 0.0132
2024-09-02 19:11:14 INFO     	 Epoch 98 | average train loss: 0.0060
2024-09-02 19:11:14 INFO     	 Epoch 98 | average valid loss: 0.0133
2024-09-02 19:11:26 INFO     	 Epoch 99 | average train loss: 0.0060
2024-09-02 19:11:26 INFO     	 Epoch 99 | average valid loss: 0.0133
2024-09-02 19:11:29 INFO     
average valid metrics:	MR: 2323.724	| MRR: 0.284	| H@1: 0.199	| H@3: 0.320	| H@10: 0.454	| AMRI: 0.793	| rank_deviation: 0.00040
2024-09-02 19:11:29 INFO     	 Saving model at epoch 99 in logs\09_02\NELL-995-h100\RotatE_18_50_33
2024-09-02 19:11:40 INFO     	 Epoch 100 | average train loss: 0.0060
2024-09-02 19:11:40 INFO     	 Epoch 100 | average valid loss: 0.0133
2024-09-02 19:11:52 INFO     	 Epoch 101 | average train loss: 0.0060
2024-09-02 19:11:52 INFO     	 Epoch 101 | average valid loss: 0.0133
2024-09-02 19:12:03 INFO     	 Epoch 102 | average train loss: 0.0059
2024-09-02 19:12:03 INFO     	 Epoch 102 | average valid loss: 0.0133
2024-09-02 19:12:15 INFO     	 Epoch 103 | average train loss: 0.0059
2024-09-02 19:12:15 INFO     	 Epoch 103 | average valid loss: 0.0135
2024-09-02 19:12:27 INFO     	 Epoch 104 | average train loss: 0.0059
2024-09-02 19:12:27 INFO     	 Epoch 104 | average valid loss: 0.0135
2024-09-02 19:12:29 INFO     
average valid metrics:	MR: 2316.509	| MRR: 0.285	| H@1: 0.200	| H@3: 0.321	| H@10: 0.454	| AMRI: 0.793	| rank_deviation: 0.00066
2024-09-02 19:12:29 INFO     	 Saving model at epoch 104 in logs\09_02\NELL-995-h100\RotatE_18_50_33
2024-09-02 19:12:41 INFO     	 Epoch 105 | average train loss: 0.0059
2024-09-02 19:12:41 INFO     	 Epoch 105 | average valid loss: 0.0134
2024-09-02 19:12:52 INFO     	 Epoch 106 | average train loss: 0.0059
2024-09-02 19:12:53 INFO     	 Epoch 106 | average valid loss: 0.0135
2024-09-02 19:13:04 INFO     	 Epoch 107 | average train loss: 0.0059
2024-09-02 19:13:04 INFO     	 Epoch 107 | average valid loss: 0.0135
2024-09-02 19:13:16 INFO     	 Epoch 108 | average train loss: 0.0058
2024-09-02 19:13:16 INFO     	 Epoch 108 | average valid loss: 0.0136
2024-09-02 19:13:28 INFO     	 Epoch 109 | average train loss: 0.0058
2024-09-02 19:13:29 INFO     	 Epoch 109 | average valid loss: 0.0136
2024-09-02 19:13:31 INFO     
average valid metrics:	MR: 2311.209	| MRR: 0.285	| H@1: 0.201	| H@3: 0.319	| H@10: 0.457	| AMRI: 0.794	| rank_deviation: 0.00066
2024-09-02 19:13:31 INFO     	 Saving model at epoch 109 in logs\09_02\NELL-995-h100\RotatE_18_50_33
2024-09-02 19:13:43 INFO     	 Epoch 110 | average train loss: 0.0058
2024-09-02 19:13:43 INFO     	 Epoch 110 | average valid loss: 0.0136
2024-09-02 19:13:54 INFO     	 Epoch 111 | average train loss: 0.0058
2024-09-02 19:13:55 INFO     	 Epoch 111 | average valid loss: 0.0136
2024-09-02 19:14:06 INFO     	 Epoch 112 | average train loss: 0.0058
2024-09-02 19:14:06 INFO     	 Epoch 112 | average valid loss: 0.0137
2024-09-02 19:14:17 INFO     	 Epoch 113 | average train loss: 0.0057
2024-09-02 19:14:18 INFO     	 Epoch 113 | average valid loss: 0.0136
2024-09-02 19:14:29 INFO     	 Epoch 114 | average train loss: 0.0057
2024-09-02 19:14:30 INFO     	 Epoch 114 | average valid loss: 0.0138
2024-09-02 19:14:32 INFO     
average valid metrics:	MR: 2305.489	| MRR: 0.286	| H@1: 0.201	| H@3: 0.323	| H@10: 0.456	| AMRI: 0.794	| rank_deviation: 0.00080
2024-09-02 19:14:32 INFO     	 Saving model at epoch 114 in logs\09_02\NELL-995-h100\RotatE_18_50_33
2024-09-02 19:14:44 INFO     	 Epoch 115 | average train loss: 0.0057
2024-09-02 19:14:44 INFO     	 Epoch 115 | average valid loss: 0.0137
2024-09-02 19:14:56 INFO     	 Epoch 116 | average train loss: 0.0057
2024-09-02 19:14:56 INFO     	 Epoch 116 | average valid loss: 0.0137
2024-09-02 19:15:07 INFO     	 Epoch 117 | average train loss: 0.0057
2024-09-02 19:15:07 INFO     	 Epoch 117 | average valid loss: 0.0138
2024-09-02 19:15:19 INFO     	 Epoch 118 | average train loss: 0.0057
2024-09-02 19:15:20 INFO     	 Epoch 118 | average valid loss: 0.0138
2024-09-02 19:15:31 INFO     	 Epoch 119 | average train loss: 0.0057
2024-09-02 19:15:31 INFO     	 Epoch 119 | average valid loss: 0.0138
2024-09-02 19:15:34 INFO     
average valid metrics:	MR: 2302.813	| MRR: 0.286	| H@1: 0.202	| H@3: 0.322	| H@10: 0.454	| AMRI: 0.795	| rank_deviation: 0.00080
2024-09-02 19:15:34 INFO     	 Saving model at epoch 119 in logs\09_02\NELL-995-h100\RotatE_18_50_33
2024-09-02 19:15:46 INFO     	 Epoch 120 | average train loss: 0.0056
2024-09-02 19:15:46 INFO     	 Epoch 120 | average valid loss: 0.0138
2024-09-02 19:15:57 INFO     	 Epoch 121 | average train loss: 0.0056
2024-09-02 19:15:57 INFO     	 Epoch 121 | average valid loss: 0.0139
2024-09-02 19:16:09 INFO     	 Epoch 122 | average train loss: 0.0056
2024-09-02 19:16:09 INFO     	 Epoch 122 | average valid loss: 0.0139
2024-09-02 19:16:21 INFO     	 Epoch 123 | average train loss: 0.0056
2024-09-02 19:16:21 INFO     	 Epoch 123 | average valid loss: 0.0139
2024-09-02 19:16:33 INFO     	 Epoch 124 | average train loss: 0.0056
2024-09-02 19:16:33 INFO     	 Epoch 124 | average valid loss: 0.0139
2024-09-02 19:16:35 INFO     
average valid metrics:	MR: 2298.203	| MRR: 0.287	| H@1: 0.202	| H@3: 0.323	| H@10: 0.455	| AMRI: 0.795	| rank_deviation: 0.00013
2024-09-02 19:16:35 INFO     	 Saving model at epoch 124 in logs\09_02\NELL-995-h100\RotatE_18_50_33
2024-09-02 19:16:48 INFO     	 Epoch 125 | average train loss: 0.0056
2024-09-02 19:16:48 INFO     	 Epoch 125 | average valid loss: 0.0140
2024-09-02 19:16:59 INFO     	 Epoch 126 | average train loss: 0.0056
2024-09-02 19:16:59 INFO     	 Epoch 126 | average valid loss: 0.0139
2024-09-02 19:17:09 INFO     	 Epoch 127 | average train loss: 0.0055
2024-09-02 19:17:09 INFO     	 Epoch 127 | average valid loss: 0.0139
2024-09-02 19:17:20 INFO     	 Epoch 128 | average train loss: 0.0055
2024-09-02 19:17:20 INFO     	 Epoch 128 | average valid loss: 0.0140
2024-09-02 19:17:31 INFO     	 Epoch 129 | average train loss: 0.0055
2024-09-02 19:17:31 INFO     	 Epoch 129 | average valid loss: 0.0140
2024-09-02 19:17:33 INFO     
average valid metrics:	MR: 2295.428	| MRR: 0.287	| H@1: 0.202	| H@3: 0.322	| H@10: 0.457	| AMRI: 0.795	| rank_deviation: 0.00053
2024-09-02 19:17:33 INFO     	 Saving model at epoch 129 in logs\09_02\NELL-995-h100\RotatE_18_50_33
2024-09-02 19:17:44 INFO     	 Epoch 130 | average train loss: 0.0055
2024-09-02 19:17:44 INFO     	 Epoch 130 | average valid loss: 0.0140
2024-09-02 19:17:54 INFO     	 Epoch 131 | average train loss: 0.0055
2024-09-02 19:17:55 INFO     	 Epoch 131 | average valid loss: 0.0140
2024-09-02 19:18:05 INFO     	 Epoch 132 | average train loss: 0.0055
2024-09-02 19:18:05 INFO     	 Epoch 132 | average valid loss: 0.0142
2024-09-02 19:18:16 INFO     	 Epoch 133 | average train loss: 0.0055
2024-09-02 19:18:16 INFO     	 Epoch 133 | average valid loss: 0.0141
2024-09-02 19:18:28 INFO     	 Epoch 134 | average train loss: 0.0055
2024-09-02 19:18:28 INFO     	 Epoch 134 | average valid loss: 0.0142
2024-09-02 19:18:30 INFO     
average valid metrics:	MR: 2290.176	| MRR: 0.288	| H@1: 0.203	| H@3: 0.325	| H@10: 0.457	| AMRI: 0.796	| rank_deviation: 0.00093
2024-09-02 19:18:30 INFO     	 Saving model at epoch 134 in logs\09_02\NELL-995-h100\RotatE_18_50_33
2024-09-02 19:18:41 INFO     	 Epoch 135 | average train loss: 0.0054
2024-09-02 19:18:41 INFO     	 Epoch 135 | average valid loss: 0.0141
2024-09-02 19:18:51 INFO     	 Epoch 136 | average train loss: 0.0054
2024-09-02 19:18:51 INFO     	 Epoch 136 | average valid loss: 0.0142
2024-09-02 19:19:02 INFO     	 Epoch 137 | average train loss: 0.0054
2024-09-02 19:19:02 INFO     	 Epoch 137 | average valid loss: 0.0142
2024-09-02 19:19:13 INFO     	 Epoch 138 | average train loss: 0.0054
2024-09-02 19:19:13 INFO     	 Epoch 138 | average valid loss: 0.0143
2024-09-02 19:19:23 INFO     	 Epoch 139 | average train loss: 0.0054
2024-09-02 19:19:24 INFO     	 Epoch 139 | average valid loss: 0.0143
2024-09-02 19:19:26 INFO     
average valid metrics:	MR: 2289.017	| MRR: 0.288	| H@1: 0.204	| H@3: 0.323	| H@10: 0.456	| AMRI: 0.796	| rank_deviation: 0.00013
2024-09-02 19:19:26 INFO     	 Saving model at epoch 139 in logs\09_02\NELL-995-h100\RotatE_18_50_33
2024-09-02 19:19:36 INFO     	 Epoch 140 | average train loss: 0.0054
2024-09-02 19:19:37 INFO     	 Epoch 140 | average valid loss: 0.0143
2024-09-02 19:19:47 INFO     	 Epoch 141 | average train loss: 0.0054
2024-09-02 19:19:48 INFO     	 Epoch 141 | average valid loss: 0.0144
2024-09-02 19:19:58 INFO     	 Epoch 142 | average train loss: 0.0054
2024-09-02 19:19:58 INFO     	 Epoch 142 | average valid loss: 0.0143
2024-09-02 19:20:09 INFO     	 Epoch 143 | average train loss: 0.0053
2024-09-02 19:20:09 INFO     	 Epoch 143 | average valid loss: 0.0143
2024-09-02 19:20:20 INFO     	 Epoch 144 | average train loss: 0.0053
2024-09-02 19:20:20 INFO     	 Epoch 144 | average valid loss: 0.0143
2024-09-02 19:20:22 INFO     
average valid metrics:	MR: 2285.780	| MRR: 0.287	| H@1: 0.204	| H@3: 0.322	| H@10: 0.457	| AMRI: 0.796	| rank_deviation: 0.00040
2024-09-02 19:20:33 INFO     	 Epoch 145 | average train loss: 0.0053
2024-09-02 19:20:33 INFO     	 Epoch 145 | average valid loss: 0.0144
2024-09-02 19:20:44 INFO     	 Epoch 146 | average train loss: 0.0053
2024-09-02 19:20:44 INFO     	 Epoch 146 | average valid loss: 0.0145
2024-09-02 19:20:54 INFO     	 Epoch 147 | average train loss: 0.0053
2024-09-02 19:20:54 INFO     	 Epoch 147 | average valid loss: 0.0144
2024-09-02 19:21:05 INFO     	 Epoch 148 | average train loss: 0.0053
2024-09-02 19:21:05 INFO     	 Epoch 148 | average valid loss: 0.0144
2024-09-02 19:21:15 INFO     	 Epoch 149 | average train loss: 0.0053
2024-09-02 19:21:15 INFO     	 Epoch 149 | average valid loss: 0.0144
2024-09-02 19:21:18 INFO     
average valid metrics:	MR: 2280.858	| MRR: 0.288	| H@1: 0.204	| H@3: 0.324	| H@10: 0.459	| AMRI: 0.797	| rank_deviation: 0.00120
2024-09-02 19:21:18 INFO     	 Saving model at epoch 149 in logs\09_02\NELL-995-h100\RotatE_18_50_33
2024-09-02 19:21:29 INFO     	 Epoch 150 | average train loss: 0.0053
2024-09-02 19:21:29 INFO     	 Epoch 150 | average valid loss: 0.0144
2024-09-02 19:21:40 INFO     	 Epoch 151 | average train loss: 0.0053
2024-09-02 19:21:40 INFO     	 Epoch 151 | average valid loss: 0.0146
2024-09-02 19:21:51 INFO     	 Epoch 152 | average train loss: 0.0053
2024-09-02 19:21:51 INFO     	 Epoch 152 | average valid loss: 0.0145
2024-09-02 19:22:01 INFO     	 Epoch 153 | average train loss: 0.0053
2024-09-02 19:22:01 INFO     	 Epoch 153 | average valid loss: 0.0146
2024-09-02 19:22:12 INFO     	 Epoch 154 | average train loss: 0.0052
2024-09-02 19:22:12 INFO     	 Epoch 154 | average valid loss: 0.0146
2024-09-02 19:22:15 INFO     
average valid metrics:	MR: 2279.123	| MRR: 0.287	| H@1: 0.202	| H@3: 0.324	| H@10: 0.458	| AMRI: 0.797	| rank_deviation: 0.00027
2024-09-02 19:22:26 INFO     	 Epoch 155 | average train loss: 0.0052
2024-09-02 19:22:26 INFO     	 Epoch 155 | average valid loss: 0.0145
2024-09-02 19:22:36 INFO     	 Epoch 156 | average train loss: 0.0052
2024-09-02 19:22:36 INFO     	 Epoch 156 | average valid loss: 0.0147
2024-09-02 19:22:47 INFO     	 Epoch 157 | average train loss: 0.0052
2024-09-02 19:22:47 INFO     	 Epoch 157 | average valid loss: 0.0146
2024-09-02 19:22:57 INFO     	 Epoch 158 | average train loss: 0.0052
2024-09-02 19:22:58 INFO     	 Epoch 158 | average valid loss: 0.0147
2024-09-02 19:23:08 INFO     	 Epoch 159 | average train loss: 0.0052
2024-09-02 19:23:08 INFO     	 Epoch 159 | average valid loss: 0.0147
2024-09-02 19:23:12 INFO     
average valid metrics:	MR: 2276.476	| MRR: 0.287	| H@1: 0.202	| H@3: 0.322	| H@10: 0.458	| AMRI: 0.797	| rank_deviation: 0.00027
2024-09-02 19:23:23 INFO     	 Epoch 160 | average train loss: 0.0052
2024-09-02 19:23:24 INFO     	 Epoch 160 | average valid loss: 0.0147
2024-09-02 19:23:35 INFO     	 Epoch 161 | average train loss: 0.0052
2024-09-02 19:23:36 INFO     	 Epoch 161 | average valid loss: 0.0147
2024-09-02 19:23:47 INFO     	 Epoch 162 | average train loss: 0.0052
2024-09-02 19:23:47 INFO     	 Epoch 162 | average valid loss: 0.0148
2024-09-02 19:23:58 INFO     	 Epoch 163 | average train loss: 0.0051
2024-09-02 19:23:58 INFO     	 Epoch 163 | average valid loss: 0.0148
2024-09-02 19:24:09 INFO     	 Epoch 164 | average train loss: 0.0051
2024-09-02 19:24:09 INFO     	 Epoch 164 | average valid loss: 0.0147
2024-09-02 19:24:12 INFO     
average valid metrics:	MR: 2273.531	| MRR: 0.288	| H@1: 0.204	| H@3: 0.322	| H@10: 0.459	| AMRI: 0.797	| rank_deviation: 0.00053
2024-09-02 19:24:23 INFO     	 Epoch 165 | average train loss: 0.0051
2024-09-02 19:24:23 INFO     	 Epoch 165 | average valid loss: 0.0148
2024-09-02 19:24:34 INFO     	 Epoch 166 | average train loss: 0.0051
2024-09-02 19:24:34 INFO     	 Epoch 166 | average valid loss: 0.0147
2024-09-02 19:24:45 INFO     	 Epoch 167 | average train loss: 0.0051
2024-09-02 19:24:45 INFO     	 Epoch 167 | average valid loss: 0.0149
2024-09-02 19:24:56 INFO     	 Epoch 168 | average train loss: 0.0051
2024-09-02 19:24:56 INFO     	 Epoch 168 | average valid loss: 0.0148
2024-09-02 19:25:06 INFO     	 Epoch 169 | average train loss: 0.0051
2024-09-02 19:25:06 INFO     	 Epoch 169 | average valid loss: 0.0149
2024-09-02 19:25:09 INFO     
average valid metrics:	MR: 2271.077	| MRR: 0.288	| H@1: 0.203	| H@3: 0.322	| H@10: 0.458	| AMRI: 0.797	| rank_deviation: 0.00120
2024-09-02 19:25:21 INFO     	 Epoch 170 | average train loss: 0.0051
2024-09-02 19:25:21 INFO     	 Epoch 170 | average valid loss: 0.0150
2024-09-02 19:25:32 INFO     	 Epoch 171 | average train loss: 0.0051
2024-09-02 19:25:33 INFO     	 Epoch 171 | average valid loss: 0.0149
2024-09-02 19:25:44 INFO     	 Epoch 172 | average train loss: 0.0051
2024-09-02 19:25:44 INFO     	 Epoch 172 | average valid loss: 0.0149
2024-09-02 19:25:57 INFO     	 Epoch 173 | average train loss: 0.0051
2024-09-02 19:25:57 INFO     	 Epoch 173 | average valid loss: 0.0150
2024-09-02 19:26:09 INFO     	 Epoch 174 | average train loss: 0.0051
2024-09-02 19:26:09 INFO     	 Epoch 174 | average valid loss: 0.0149
2024-09-02 19:26:12 INFO     
average valid metrics:	MR: 2269.067	| MRR: 0.289	| H@1: 0.205	| H@3: 0.322	| H@10: 0.460	| AMRI: 0.798	| rank_deviation: 0.00106
2024-09-02 19:26:12 INFO     	 Saving model at epoch 174 in logs\09_02\NELL-995-h100\RotatE_18_50_33
2024-09-02 19:26:22 INFO     	 Epoch 175 | average train loss: 0.0051
2024-09-02 19:26:22 INFO     	 Epoch 175 | average valid loss: 0.0150
2024-09-02 19:26:33 INFO     	 Epoch 176 | average train loss: 0.0051
2024-09-02 19:26:33 INFO     	 Epoch 176 | average valid loss: 0.0150
2024-09-02 19:26:44 INFO     	 Epoch 177 | average train loss: 0.0051
2024-09-02 19:26:44 INFO     	 Epoch 177 | average valid loss: 0.0150
2024-09-02 19:26:56 INFO     	 Epoch 178 | average train loss: 0.0050
2024-09-02 19:26:56 INFO     	 Epoch 178 | average valid loss: 0.0150
2024-09-02 19:27:08 INFO     	 Epoch 179 | average train loss: 0.0050
2024-09-02 19:27:08 INFO     	 Epoch 179 | average valid loss: 0.0151
2024-09-02 19:27:12 INFO     
average valid metrics:	MR: 2267.921	| MRR: 0.289	| H@1: 0.205	| H@3: 0.322	| H@10: 0.460	| AMRI: 0.798	| rank_deviation: 0.00013
2024-09-02 19:27:12 INFO     	 Saving model at epoch 179 in logs\09_02\NELL-995-h100\RotatE_18_50_33
2024-09-02 19:27:24 INFO     	 Epoch 180 | average train loss: 0.0050
2024-09-02 19:27:24 INFO     	 Epoch 180 | average valid loss: 0.0150
2024-09-02 19:27:35 INFO     	 Epoch 181 | average train loss: 0.0050
2024-09-02 19:27:35 INFO     	 Epoch 181 | average valid loss: 0.0151
2024-09-02 19:27:47 INFO     	 Epoch 182 | average train loss: 0.0050
2024-09-02 19:27:47 INFO     	 Epoch 182 | average valid loss: 0.0151
2024-09-02 19:27:58 INFO     	 Epoch 183 | average train loss: 0.0050
2024-09-02 19:27:58 INFO     	 Epoch 183 | average valid loss: 0.0152
2024-09-02 19:28:10 INFO     	 Epoch 184 | average train loss: 0.0050
2024-09-02 19:28:10 INFO     	 Epoch 184 | average valid loss: 0.0151
2024-09-02 19:28:13 INFO     
average valid metrics:	MR: 2265.417	| MRR: 0.289	| H@1: 0.205	| H@3: 0.323	| H@10: 0.460	| AMRI: 0.798	| rank_deviation: 0.00027
2024-09-02 19:28:23 INFO     	 Epoch 185 | average train loss: 0.0050
2024-09-02 19:28:24 INFO     	 Epoch 185 | average valid loss: 0.0152
2024-09-02 19:28:34 INFO     	 Epoch 186 | average train loss: 0.0050
2024-09-02 19:28:34 INFO     	 Epoch 186 | average valid loss: 0.0153
2024-09-02 19:28:45 INFO     	 Epoch 187 | average train loss: 0.0050
2024-09-02 19:28:45 INFO     	 Epoch 187 | average valid loss: 0.0152
2024-09-02 19:28:56 INFO     	 Epoch 188 | average train loss: 0.0050
2024-09-02 19:28:56 INFO     	 Epoch 188 | average valid loss: 0.0153
2024-09-02 19:29:07 INFO     	 Epoch 189 | average train loss: 0.0050
2024-09-02 19:29:07 INFO     	 Epoch 189 | average valid loss: 0.0152
2024-09-02 19:29:10 INFO     
average valid metrics:	MR: 2263.046	| MRR: 0.289	| H@1: 0.204	| H@3: 0.324	| H@10: 0.457	| AMRI: 0.798	| rank_deviation: 0.00027
2024-09-02 19:29:22 INFO     	 Epoch 190 | average train loss: 0.0050
2024-09-02 19:29:22 INFO     	 Epoch 190 | average valid loss: 0.0153
2024-09-02 19:29:33 INFO     	 Epoch 191 | average train loss: 0.0050
2024-09-02 19:29:33 INFO     	 Epoch 191 | average valid loss: 0.0152
2024-09-02 19:29:45 INFO     	 Epoch 192 | average train loss: 0.0050
2024-09-02 19:29:45 INFO     	 Epoch 192 | average valid loss: 0.0153
2024-09-02 19:29:56 INFO     	 Epoch 193 | average train loss: 0.0050
2024-09-02 19:29:56 INFO     	 Epoch 193 | average valid loss: 0.0154
2024-09-02 19:30:07 INFO     	 Epoch 194 | average train loss: 0.0050
2024-09-02 19:30:07 INFO     	 Epoch 194 | average valid loss: 0.0153
2024-09-02 19:30:11 INFO     
average valid metrics:	MR: 2260.222	| MRR: 0.290	| H@1: 0.206	| H@3: 0.324	| H@10: 0.460	| AMRI: 0.798	| rank_deviation: 0.00053
2024-09-02 19:30:11 INFO     	 Saving model at epoch 194 in logs\09_02\NELL-995-h100\RotatE_18_50_33
2024-09-02 19:30:21 INFO     	 Epoch 195 | average train loss: 0.0049
2024-09-02 19:30:21 INFO     	 Epoch 195 | average valid loss: 0.0153
2024-09-02 19:30:32 INFO     	 Epoch 196 | average train loss: 0.0049
2024-09-02 19:30:32 INFO     	 Epoch 196 | average valid loss: 0.0154
2024-09-02 19:30:43 INFO     	 Epoch 197 | average train loss: 0.0049
2024-09-02 19:30:43 INFO     	 Epoch 197 | average valid loss: 0.0154
2024-09-02 19:30:53 INFO     	 Epoch 198 | average train loss: 0.0049
2024-09-02 19:30:53 INFO     	 Epoch 198 | average valid loss: 0.0153
2024-09-02 19:31:04 INFO     	 Epoch 199 | average train loss: 0.0049
2024-09-02 19:31:04 INFO     	 Epoch 199 | average valid loss: 0.0154
2024-09-02 19:31:07 INFO     
average valid metrics:	MR: 2259.680	| MRR: 0.289	| H@1: 0.204	| H@3: 0.325	| H@10: 0.459	| AMRI: 0.798	| rank_deviation: 0.00066
2024-09-02 19:31:17 INFO     	 Epoch 200 | average train loss: 0.0049
2024-09-02 19:31:18 INFO     	 Epoch 200 | average valid loss: 0.0154
2024-09-02 19:31:30 INFO     	 Epoch 201 | average train loss: 0.0049
2024-09-02 19:31:30 INFO     	 Epoch 201 | average valid loss: 0.0154
2024-09-02 19:31:43 INFO     	 Epoch 202 | average train loss: 0.0049
2024-09-02 19:31:44 INFO     	 Epoch 202 | average valid loss: 0.0155
2024-09-02 19:31:57 INFO     	 Epoch 203 | average train loss: 0.0049
2024-09-02 19:31:57 INFO     	 Epoch 203 | average valid loss: 0.0154
2024-09-02 19:32:07 INFO     	 Epoch 204 | average train loss: 0.0049
2024-09-02 19:32:07 INFO     	 Epoch 204 | average valid loss: 0.0155
2024-09-02 19:32:11 INFO     
average valid metrics:	MR: 2259.226	| MRR: 0.289	| H@1: 0.205	| H@3: 0.325	| H@10: 0.459	| AMRI: 0.798	| rank_deviation: 0.00106
2024-09-02 19:32:22 INFO     	 Epoch 205 | average train loss: 0.0049
2024-09-02 19:32:22 INFO     	 Epoch 205 | average valid loss: 0.0156
2024-09-02 19:32:35 INFO     	 Epoch 206 | average train loss: 0.0049
2024-09-02 19:32:35 INFO     	 Epoch 206 | average valid loss: 0.0155
2024-09-02 19:32:48 INFO     	 Epoch 207 | average train loss: 0.0049
2024-09-02 19:32:48 INFO     	 Epoch 207 | average valid loss: 0.0155
2024-09-02 19:33:01 INFO     	 Epoch 208 | average train loss: 0.0049
2024-09-02 19:33:01 INFO     	 Epoch 208 | average valid loss: 0.0155
2024-09-02 19:33:13 INFO     	 Epoch 209 | average train loss: 0.0049
2024-09-02 19:33:13 INFO     	 Epoch 209 | average valid loss: 0.0156
2024-09-02 19:33:16 INFO     
average valid metrics:	MR: 2256.325	| MRR: 0.291	| H@1: 0.207	| H@3: 0.327	| H@10: 0.459	| AMRI: 0.799	| rank_deviation: 0.00066
2024-09-02 19:33:16 INFO     	 Saving model at epoch 209 in logs\09_02\NELL-995-h100\RotatE_18_50_33
2024-09-02 19:33:27 INFO     	 Epoch 210 | average train loss: 0.0049
2024-09-02 19:33:27 INFO     	 Epoch 210 | average valid loss: 0.0156
2024-09-02 19:33:37 INFO     	 Epoch 211 | average train loss: 0.0049
2024-09-02 19:33:37 INFO     	 Epoch 211 | average valid loss: 0.0157
2024-09-02 19:33:48 INFO     	 Epoch 212 | average train loss: 0.0049
2024-09-02 19:33:48 INFO     	 Epoch 212 | average valid loss: 0.0156
2024-09-02 19:33:59 INFO     	 Epoch 213 | average train loss: 0.0048
2024-09-02 19:33:59 INFO     	 Epoch 213 | average valid loss: 0.0157
2024-09-02 19:34:10 INFO     	 Epoch 214 | average train loss: 0.0049
2024-09-02 19:34:10 INFO     	 Epoch 214 | average valid loss: 0.0156
2024-09-02 19:34:13 INFO     
average valid metrics:	MR: 2255.945	| MRR: 0.290	| H@1: 0.206	| H@3: 0.328	| H@10: 0.455	| AMRI: 0.799	| rank_deviation: 0.00040
2024-09-02 19:34:23 INFO     	 Epoch 215 | average train loss: 0.0048
2024-09-02 19:34:24 INFO     	 Epoch 215 | average valid loss: 0.0157
2024-09-02 19:34:35 INFO     	 Epoch 216 | average train loss: 0.0049
2024-09-02 19:34:35 INFO     	 Epoch 216 | average valid loss: 0.0156
2024-09-02 19:34:45 INFO     	 Epoch 217 | average train loss: 0.0048
2024-09-02 19:34:46 INFO     	 Epoch 217 | average valid loss: 0.0157
2024-09-02 19:34:57 INFO     	 Epoch 218 | average train loss: 0.0048
2024-09-02 19:34:57 INFO     	 Epoch 218 | average valid loss: 0.0157
2024-09-02 19:35:09 INFO     	 Epoch 219 | average train loss: 0.0048
2024-09-02 19:35:09 INFO     	 Epoch 219 | average valid loss: 0.0158
2024-09-02 19:35:13 INFO     
average valid metrics:	MR: 2255.154	| MRR: 0.288	| H@1: 0.203	| H@3: 0.326	| H@10: 0.456	| AMRI: 0.799	| rank_deviation: 0.00040
2024-09-02 19:35:24 INFO     	 Epoch 220 | average train loss: 0.0048
2024-09-02 19:35:24 INFO     	 Epoch 220 | average valid loss: 0.0159
2024-09-02 19:35:35 INFO     	 Epoch 221 | average train loss: 0.0048
2024-09-02 19:35:35 INFO     	 Epoch 221 | average valid loss: 0.0158
2024-09-02 19:35:46 INFO     	 Epoch 222 | average train loss: 0.0048
2024-09-02 19:35:46 INFO     	 Epoch 222 | average valid loss: 0.0159
2024-09-02 19:35:57 INFO     	 Epoch 223 | average train loss: 0.0048
2024-09-02 19:35:58 INFO     	 Epoch 223 | average valid loss: 0.0157
2024-09-02 19:36:08 INFO     	 Epoch 224 | average train loss: 0.0048
2024-09-02 19:36:09 INFO     	 Epoch 224 | average valid loss: 0.0158
2024-09-02 19:36:12 INFO     
average valid metrics:	MR: 2253.755	| MRR: 0.289	| H@1: 0.203	| H@3: 0.325	| H@10: 0.458	| AMRI: 0.799	| rank_deviation: 0.00027
2024-09-02 19:36:25 INFO     	 Epoch 225 | average train loss: 0.0048
2024-09-02 19:36:25 INFO     	 Epoch 225 | average valid loss: 0.0159
2024-09-02 19:36:37 INFO     	 Epoch 226 | average train loss: 0.0048
2024-09-02 19:36:37 INFO     	 Epoch 226 | average valid loss: 0.0158
2024-09-02 19:36:49 INFO     	 Epoch 227 | average train loss: 0.0048
2024-09-02 19:36:49 INFO     	 Epoch 227 | average valid loss: 0.0159
2024-09-02 19:37:01 INFO     	 Epoch 228 | average train loss: 0.0048
2024-09-02 19:37:02 INFO     	 Epoch 228 | average valid loss: 0.0159
2024-09-02 19:37:14 INFO     	 Epoch 229 | average train loss: 0.0048
2024-09-02 19:37:15 INFO     	 Epoch 229 | average valid loss: 0.0159
2024-09-02 19:37:18 INFO     
average valid metrics:	MR: 2251.316	| MRR: 0.290	| H@1: 0.206	| H@3: 0.327	| H@10: 0.457	| AMRI: 0.799	| rank_deviation: 0.00133
2024-09-02 19:37:30 INFO     	 Epoch 230 | average train loss: 0.0048
2024-09-02 19:37:30 INFO     	 Epoch 230 | average valid loss: 0.0159
2024-09-02 19:37:42 INFO     	 Epoch 231 | average train loss: 0.0048
2024-09-02 19:37:42 INFO     	 Epoch 231 | average valid loss: 0.0159
2024-09-02 19:37:52 INFO     	 Epoch 232 | average train loss: 0.0048
2024-09-02 19:37:52 INFO     	 Epoch 232 | average valid loss: 0.0160
2024-09-02 19:38:04 INFO     	 Epoch 233 | average train loss: 0.0048
2024-09-02 19:38:05 INFO     	 Epoch 233 | average valid loss: 0.0160
2024-09-02 19:38:16 INFO     	 Epoch 234 | average train loss: 0.0048
2024-09-02 19:38:16 INFO     	 Epoch 234 | average valid loss: 0.0160
2024-09-02 19:38:20 INFO     
average valid metrics:	MR: 2251.159	| MRR: 0.289	| H@1: 0.204	| H@3: 0.326	| H@10: 0.457	| AMRI: 0.799	| rank_deviation: 0.00066
2024-09-02 19:38:31 INFO     	 Epoch 235 | average train loss: 0.0048
2024-09-02 19:38:31 INFO     	 Epoch 235 | average valid loss: 0.0160
2024-09-02 19:38:42 INFO     	 Epoch 236 | average train loss: 0.0048
2024-09-02 19:38:42 INFO     	 Epoch 236 | average valid loss: 0.0161
2024-09-02 19:38:53 INFO     	 Epoch 237 | average train loss: 0.0047
2024-09-02 19:38:53 INFO     	 Epoch 237 | average valid loss: 0.0161
2024-09-02 19:39:04 INFO     	 Epoch 238 | average train loss: 0.0047
2024-09-02 19:39:04 INFO     	 Epoch 238 | average valid loss: 0.0161
2024-09-02 19:39:15 INFO     	 Epoch 239 | average train loss: 0.0047
2024-09-02 19:39:15 INFO     	 Epoch 239 | average valid loss: 0.0160
2024-09-02 19:39:18 INFO     
average valid metrics:	MR: 2249.754	| MRR: 0.290	| H@1: 0.206	| H@3: 0.326	| H@10: 0.457	| AMRI: 0.799	| rank_deviation: 0.00066
2024-09-02 19:39:29 INFO     	 Epoch 240 | average train loss: 0.0047
2024-09-02 19:39:29 INFO     	 Epoch 240 | average valid loss: 0.0160
2024-09-02 19:39:40 INFO     	 Epoch 241 | average train loss: 0.0047
2024-09-02 19:39:40 INFO     	 Epoch 241 | average valid loss: 0.0161
2024-09-02 19:39:51 INFO     	 Epoch 242 | average train loss: 0.0047
2024-09-02 19:39:51 INFO     	 Epoch 242 | average valid loss: 0.0162
2024-09-02 19:40:04 INFO     	 Epoch 243 | average train loss: 0.0047
2024-09-02 19:40:04 INFO     	 Epoch 243 | average valid loss: 0.0160
2024-09-02 19:40:16 INFO     	 Epoch 244 | average train loss: 0.0047
2024-09-02 19:40:16 INFO     	 Epoch 244 | average valid loss: 0.0162
2024-09-02 19:40:19 INFO     
average valid metrics:	MR: 2249.126	| MRR: 0.288	| H@1: 0.204	| H@3: 0.324	| H@10: 0.455	| AMRI: 0.799	| rank_deviation: 0.00053
2024-09-02 19:40:29 INFO     	 Epoch 245 | average train loss: 0.0047
2024-09-02 19:40:30 INFO     	 Epoch 245 | average valid loss: 0.0162
2024-09-02 19:40:40 INFO     	 Epoch 246 | average train loss: 0.0047
2024-09-02 19:40:40 INFO     	 Epoch 246 | average valid loss: 0.0161
2024-09-02 19:40:51 INFO     	 Epoch 247 | average train loss: 0.0047
2024-09-02 19:40:51 INFO     	 Epoch 247 | average valid loss: 0.0162
2024-09-02 19:41:02 INFO     	 Epoch 248 | average train loss: 0.0047
2024-09-02 19:41:02 INFO     	 Epoch 248 | average valid loss: 0.0162
2024-09-02 19:41:13 INFO     	 Epoch 249 | average train loss: 0.0047
2024-09-02 19:41:13 INFO     	 Epoch 249 | average valid loss: 0.0162
2024-09-02 19:41:16 INFO     
average valid metrics:	MR: 2248.766	| MRR: 0.290	| H@1: 0.206	| H@3: 0.325	| H@10: 0.457	| AMRI: 0.799	| rank_deviation: 0.00053
2024-09-02 19:41:27 INFO     	 Epoch 250 | average train loss: 0.0047
2024-09-02 19:41:27 INFO     	 Epoch 250 | average valid loss: 0.0162
2024-09-02 19:41:38 INFO     	 Epoch 251 | average train loss: 0.0047
2024-09-02 19:41:38 INFO     	 Epoch 251 | average valid loss: 0.0162
2024-09-02 19:41:49 INFO     	 Epoch 252 | average train loss: 0.0047
2024-09-02 19:41:49 INFO     	 Epoch 252 | average valid loss: 0.0162
2024-09-02 19:42:00 INFO     	 Epoch 253 | average train loss: 0.0047
2024-09-02 19:42:01 INFO     	 Epoch 253 | average valid loss: 0.0162
2024-09-02 19:42:11 INFO     	 Epoch 254 | average train loss: 0.0047
2024-09-02 19:42:12 INFO     	 Epoch 254 | average valid loss: 0.0163
2024-09-02 19:42:15 INFO     
average valid metrics:	MR: 2246.911	| MRR: 0.290	| H@1: 0.206	| H@3: 0.326	| H@10: 0.458	| AMRI: 0.800	| rank_deviation: 0.00040
2024-09-02 19:42:25 INFO     	 Epoch 255 | average train loss: 0.0047
2024-09-02 19:42:25 INFO     	 Epoch 255 | average valid loss: 0.0163
2024-09-02 19:42:36 INFO     	 Epoch 256 | average train loss: 0.0047
2024-09-02 19:42:36 INFO     	 Epoch 256 | average valid loss: 0.0163
2024-09-02 19:42:47 INFO     	 Epoch 257 | average train loss: 0.0047
2024-09-02 19:42:47 INFO     	 Epoch 257 | average valid loss: 0.0163
2024-09-02 19:42:57 INFO     	 Epoch 258 | average train loss: 0.0047
2024-09-02 19:42:58 INFO     	 Epoch 258 | average valid loss: 0.0163
2024-09-02 19:43:08 INFO     	 Epoch 259 | average train loss: 0.0047
2024-09-02 19:43:08 INFO     	 Epoch 259 | average valid loss: 0.0163
2024-09-02 19:43:12 INFO     
average valid metrics:	MR: 2244.761	| MRR: 0.289	| H@1: 0.205	| H@3: 0.325	| H@10: 0.458	| AMRI: 0.800	| rank_deviation: 0.00066
2024-09-02 19:43:23 INFO     	 Epoch 260 | average train loss: 0.0047
2024-09-02 19:43:23 INFO     	 Epoch 260 | average valid loss: 0.0163
2024-09-02 19:43:34 INFO     	 Epoch 261 | average train loss: 0.0047
2024-09-02 19:43:34 INFO     	 Epoch 261 | average valid loss: 0.0164
2024-09-02 19:43:45 INFO     	 Epoch 262 | average train loss: 0.0047
2024-09-02 19:43:45 INFO     	 Epoch 262 | average valid loss: 0.0163
2024-09-02 19:43:55 INFO     	 Epoch 263 | average train loss: 0.0046
2024-09-02 19:43:55 INFO     	 Epoch 263 | average valid loss: 0.0164
2024-09-02 19:44:06 INFO     	 Epoch 264 | average train loss: 0.0047
2024-09-02 19:44:06 INFO     	 Epoch 264 | average valid loss: 0.0164
2024-09-02 19:44:09 INFO     
average valid metrics:	MR: 2244.647	| MRR: 0.289	| H@1: 0.207	| H@3: 0.324	| H@10: 0.457	| AMRI: 0.800	| rank_deviation: 0.00053
2024-09-02 19:44:19 INFO     	 Epoch 265 | average train loss: 0.0047
2024-09-02 19:44:19 INFO     	 Epoch 265 | average valid loss: 0.0164
2024-09-02 19:44:30 INFO     	 Epoch 266 | average train loss: 0.0046
2024-09-02 19:44:30 INFO     	 Epoch 266 | average valid loss: 0.0165
2024-09-02 19:44:40 INFO     	 Epoch 267 | average train loss: 0.0046
2024-09-02 19:44:41 INFO     	 Epoch 267 | average valid loss: 0.0164
2024-09-02 19:44:51 INFO     	 Epoch 268 | average train loss: 0.0047
2024-09-02 19:44:51 INFO     	 Epoch 268 | average valid loss: 0.0164
2024-09-02 19:45:02 INFO     	 Epoch 269 | average train loss: 0.0046
2024-09-02 19:45:02 INFO     	 Epoch 269 | average valid loss: 0.0164
2024-09-02 19:45:04 INFO     
average valid metrics:	MR: 2245.045	| MRR: 0.290	| H@1: 0.207	| H@3: 0.326	| H@10: 0.457	| AMRI: 0.800	| rank_deviation: 0.00093
2024-09-02 19:45:15 INFO     	 Epoch 270 | average train loss: 0.0046
2024-09-02 19:45:15 INFO     	 Epoch 270 | average valid loss: 0.0164
2024-09-02 19:45:26 INFO     	 Epoch 271 | average train loss: 0.0046
2024-09-02 19:45:26 INFO     	 Epoch 271 | average valid loss: 0.0165
2024-09-02 19:45:36 INFO     	 Epoch 272 | average train loss: 0.0046
2024-09-02 19:45:36 INFO     	 Epoch 272 | average valid loss: 0.0164
2024-09-02 19:45:47 INFO     	 Epoch 273 | average train loss: 0.0046
2024-09-02 19:45:47 INFO     	 Epoch 273 | average valid loss: 0.0165
2024-09-02 19:45:57 INFO     	 Epoch 274 | average train loss: 0.0046
2024-09-02 19:45:57 INFO     	 Epoch 274 | average valid loss: 0.0165
2024-09-02 19:46:00 INFO     
average valid metrics:	MR: 2243.406	| MRR: 0.290	| H@1: 0.208	| H@3: 0.324	| H@10: 0.456	| AMRI: 0.800	| rank_deviation: 0.00120
2024-09-02 19:46:11 INFO     	 Epoch 275 | average train loss: 0.0046
2024-09-02 19:46:11 INFO     	 Epoch 275 | average valid loss: 0.0165
2024-09-02 19:46:21 INFO     	 Epoch 276 | average train loss: 0.0046
2024-09-02 19:46:21 INFO     	 Epoch 276 | average valid loss: 0.0165
2024-09-02 19:46:32 INFO     	 Epoch 277 | average train loss: 0.0046
2024-09-02 19:46:32 INFO     	 Epoch 277 | average valid loss: 0.0166
2024-09-02 19:46:43 INFO     	 Epoch 278 | average train loss: 0.0046
2024-09-02 19:46:43 INFO     	 Epoch 278 | average valid loss: 0.0166
2024-09-02 19:46:53 INFO     	 Epoch 279 | average train loss: 0.0046
2024-09-02 19:46:53 INFO     	 Epoch 279 | average valid loss: 0.0166
2024-09-02 19:46:57 INFO     
average valid metrics:	MR: 2244.738	| MRR: 0.289	| H@1: 0.206	| H@3: 0.325	| H@10: 0.455	| AMRI: 0.800	| rank_deviation: 0.00027
2024-09-02 19:47:07 INFO     	 Epoch 280 | average train loss: 0.0046
2024-09-02 19:47:08 INFO     	 Epoch 280 | average valid loss: 0.0166
2024-09-02 19:47:18 INFO     	 Epoch 281 | average train loss: 0.0046
2024-09-02 19:47:19 INFO     	 Epoch 281 | average valid loss: 0.0167
2024-09-02 19:47:29 INFO     	 Epoch 282 | average train loss: 0.0046
2024-09-02 19:47:29 INFO     	 Epoch 282 | average valid loss: 0.0166
2024-09-02 19:47:39 INFO     	 Epoch 283 | average train loss: 0.0046
2024-09-02 19:47:40 INFO     	 Epoch 283 | average valid loss: 0.0166
2024-09-02 19:47:50 INFO     	 Epoch 284 | average train loss: 0.0046
2024-09-02 19:47:50 INFO     	 Epoch 284 | average valid loss: 0.0166
2024-09-02 19:47:53 INFO     
average valid metrics:	MR: 2242.814	| MRR: 0.288	| H@1: 0.205	| H@3: 0.324	| H@10: 0.456	| AMRI: 0.800	| rank_deviation: 0.00053
2024-09-02 19:47:53 INFO     	 Early stopping
2024-09-02 19:47:53 INFO     	 Optimization finished
2024-09-02 19:47:53 INFO     	 Loading best model saved at epoch 209
2024-09-02 19:47:57 INFO     
average valid metrics:	MR: 2256.325	| MRR: 0.291	| H@1: 0.207	| H@3: 0.327	| H@10: 0.459	| AMRI: 0.799	| rank_deviation: 0.00066
