2024-05-06 23:05:03 INFO     ### Saving logs in: logs\ComplEx_WN18RR ###
2024-05-06 23:05:03 INFO     	 (40943, 22, 40943)
2024-05-06 23:05:03 INFO     Total number of parameters 4014526
2024-05-06 23:05:04 INFO     	 Start training
2024-05-06 23:05:11 INFO     	 Epoch 0 | average train loss: 11.3517
2024-05-06 23:05:12 INFO     	 Epoch 0 | average valid loss: 10.9574
2024-05-06 23:05:20 INFO     	 Epoch 1 | average train loss: 10.3168
2024-05-06 23:05:20 INFO     	 Epoch 1 | average valid loss: 10.7463
2024-05-06 23:05:26 INFO     	 Epoch 2 | average train loss: 9.7128
2024-05-06 23:05:26 INFO     	 Epoch 2 | average valid loss: 10.6125
2024-05-06 23:05:33 INFO     	 Epoch 3 | average train loss: 9.1883
2024-05-06 23:05:33 INFO     	 Epoch 3 | average valid loss: 10.5055
2024-05-06 23:05:40 INFO     	 Epoch 4 | average train loss: 8.6910
2024-05-06 23:05:40 INFO     	 Epoch 4 | average valid loss: 10.3645
2024-05-06 23:05:42 INFO     	 valid MR: 6884.10 | MRR: 0.066 | H@1: 0.040 | H@3: 0.068 | H@10: 0.116 | AMRI: -0.000157 | MR_deviation: 23.000
2024-05-06 23:05:42 INFO     	 Saving model at epoch 4 in \logs\05_06\WN18RR\ComplEx_23_05_03
2024-05-06 23:05:49 INFO     	 Epoch 5 | average train loss: 8.1978
2024-05-06 23:05:49 INFO     	 Epoch 5 | average valid loss: 10.2300
2024-05-06 23:05:56 INFO     	 Epoch 6 | average train loss: 7.7189
2024-05-06 23:05:56 INFO     	 Epoch 6 | average valid loss: 10.1224
2024-05-06 23:06:04 INFO     	 Epoch 7 | average train loss: 7.2803
2024-05-06 23:06:04 INFO     	 Epoch 7 | average valid loss: 10.0261
2024-05-06 23:06:11 INFO     	 Epoch 8 | average train loss: 6.8971
2024-05-06 23:06:11 INFO     	 Epoch 8 | average valid loss: 9.9699
2024-05-06 23:06:18 INFO     	 Epoch 9 | average train loss: 6.5682
2024-05-06 23:06:18 INFO     	 Epoch 9 | average valid loss: 9.9317
2024-05-06 23:06:20 INFO     	 valid MR: 6094.75 | MRR: 0.232 | H@1: 0.188 | H@3: 0.246 | H@10: 0.315 | AMRI: -0.000174 | MR_deviation: 36.000
2024-05-06 23:06:20 INFO     	 Saving model at epoch 9 in \logs\05_06\WN18RR\ComplEx_23_05_03
2024-05-06 23:06:26 INFO     	 Epoch 10 | average train loss: 6.2924
2024-05-06 23:06:27 INFO     	 Epoch 10 | average valid loss: 9.8979
2024-05-06 23:06:33 INFO     	 Epoch 11 | average train loss: 6.0653
2024-05-06 23:06:33 INFO     	 Epoch 11 | average valid loss: 9.8812
2024-05-06 23:06:40 INFO     	 Epoch 12 | average train loss: 5.8721
2024-05-06 23:06:40 INFO     	 Epoch 12 | average valid loss: 9.8732
2024-05-06 23:06:47 INFO     	 Epoch 13 | average train loss: 5.7095
2024-05-06 23:06:47 INFO     	 Epoch 13 | average valid loss: 9.8591
2024-05-06 23:06:54 INFO     	 Epoch 14 | average train loss: 5.5733
2024-05-06 23:06:54 INFO     	 Epoch 14 | average valid loss: 9.8455
2024-05-06 23:06:56 INFO     	 valid MR: 5935.94 | MRR: 0.333 | H@1: 0.294 | H@3: 0.352 | H@10: 0.404 | AMRI: -0.000176 | MR_deviation: 36.000
2024-05-06 23:06:56 INFO     	 Saving model at epoch 14 in \logs\05_06\WN18RR\ComplEx_23_05_03
2024-05-06 23:07:02 INFO     	 Epoch 15 | average train loss: 5.4553
2024-05-06 23:07:02 INFO     	 Epoch 15 | average valid loss: 9.8535
2024-05-06 23:07:10 INFO     	 Epoch 16 | average train loss: 5.3538
2024-05-06 23:07:10 INFO     	 Epoch 16 | average valid loss: 9.8418
2024-05-06 23:07:17 INFO     	 Epoch 17 | average train loss: 5.2707
2024-05-06 23:07:17 INFO     	 Epoch 17 | average valid loss: 9.8379
2024-05-06 23:07:24 INFO     	 Epoch 18 | average train loss: 5.1956
2024-05-06 23:07:24 INFO     	 Epoch 18 | average valid loss: 9.8387
2024-05-06 23:07:31 INFO     	 Epoch 19 | average train loss: 5.1290
2024-05-06 23:07:31 INFO     	 Epoch 19 | average valid loss: 9.8460
2024-05-06 23:07:33 INFO     	 valid MR: 5912.47 | MRR: 0.372 | H@1: 0.343 | H@3: 0.384 | H@10: 0.426 | AMRI: -0.000175 | MR_deviation: 66.000
2024-05-06 23:07:33 INFO     	 Saving model at epoch 19 in \logs\05_06\WN18RR\ComplEx_23_05_03
2024-05-06 23:07:41 INFO     	 Epoch 20 | average train loss: 5.0703
2024-05-06 23:07:41 INFO     	 Epoch 20 | average valid loss: 9.8380
2024-05-06 23:07:48 INFO     	 Epoch 21 | average train loss: 5.0191
2024-05-06 23:07:48 INFO     	 Epoch 21 | average valid loss: 9.8407
2024-05-06 23:07:55 INFO     	 Epoch 22 | average train loss: 4.9762
2024-05-06 23:07:55 INFO     	 Epoch 22 | average valid loss: 9.8394
2024-05-06 23:08:02 INFO     	 Epoch 23 | average train loss: 4.9336
2024-05-06 23:08:02 INFO     	 Epoch 23 | average valid loss: 9.8365
2024-05-06 23:08:10 INFO     	 Epoch 24 | average train loss: 4.8977
2024-05-06 23:08:10 INFO     	 Epoch 24 | average valid loss: 9.8397
2024-05-06 23:08:12 INFO     	 valid MR: 5918.72 | MRR: 0.385 | H@1: 0.359 | H@3: 0.396 | H@10: 0.433 | AMRI: -0.000174 | MR_deviation: 87.000
2024-05-06 23:08:12 INFO     	 Saving model at epoch 24 in \logs\05_06\WN18RR\ComplEx_23_05_03
2024-05-06 23:08:19 INFO     	 Epoch 25 | average train loss: 4.8657
2024-05-06 23:08:19 INFO     	 Epoch 25 | average valid loss: 9.8356
2024-05-06 23:08:26 INFO     	 Epoch 26 | average train loss: 4.8356
2024-05-06 23:08:26 INFO     	 Epoch 26 | average valid loss: 9.8341
2024-05-06 23:08:33 INFO     	 Epoch 27 | average train loss: 4.8077
2024-05-06 23:08:33 INFO     	 Epoch 27 | average valid loss: 9.8309
2024-05-06 23:08:41 INFO     	 Epoch 28 | average train loss: 4.7830
2024-05-06 23:08:41 INFO     	 Epoch 28 | average valid loss: 9.8303
2024-05-06 23:08:48 INFO     	 Epoch 29 | average train loss: 4.7589
2024-05-06 23:08:48 INFO     	 Epoch 29 | average valid loss: 9.8262
2024-05-06 23:08:49 INFO     	 valid MR: 5933.42 | MRR: 0.391 | H@1: 0.367 | H@3: 0.402 | H@10: 0.436 | AMRI: -0.000173 | MR_deviation: 130.000
2024-05-06 23:08:49 INFO     	 Saving model at epoch 29 in \logs\05_06\WN18RR\ComplEx_23_05_03
2024-05-06 23:08:57 INFO     	 Epoch 30 | average train loss: 4.7382
2024-05-06 23:08:57 INFO     	 Epoch 30 | average valid loss: 9.8265
2024-05-06 23:09:04 INFO     	 Epoch 31 | average train loss: 4.7189
2024-05-06 23:09:04 INFO     	 Epoch 31 | average valid loss: 9.8254
2024-05-06 23:09:12 INFO     	 Epoch 32 | average train loss: 4.7011
2024-05-06 23:09:12 INFO     	 Epoch 32 | average valid loss: 9.8230
2024-05-06 23:09:19 INFO     	 Epoch 33 | average train loss: 4.6829
2024-05-06 23:09:19 INFO     	 Epoch 33 | average valid loss: 9.8214
2024-05-06 23:09:27 INFO     	 Epoch 34 | average train loss: 4.6677
2024-05-06 23:09:27 INFO     	 Epoch 34 | average valid loss: 9.8174
2024-05-06 23:09:28 INFO     	 valid MR: 5948.28 | MRR: 0.395 | H@1: 0.372 | H@3: 0.404 | H@10: 0.437 | AMRI: -0.000172 | MR_deviation: 152.000
2024-05-06 23:09:28 INFO     	 Saving model at epoch 34 in \logs\05_06\WN18RR\ComplEx_23_05_03
2024-05-06 23:09:36 INFO     	 Epoch 35 | average train loss: 4.6538
2024-05-06 23:09:36 INFO     	 Epoch 35 | average valid loss: 9.8171
2024-05-06 23:09:45 INFO     	 Epoch 36 | average train loss: 4.6399
2024-05-06 23:09:45 INFO     	 Epoch 36 | average valid loss: 9.8165
2024-05-06 23:09:52 INFO     	 Epoch 37 | average train loss: 4.6257
2024-05-06 23:09:52 INFO     	 Epoch 37 | average valid loss: 9.8073
2024-05-06 23:10:00 INFO     	 Epoch 38 | average train loss: 4.6130
2024-05-06 23:10:00 INFO     	 Epoch 38 | average valid loss: 9.8095
2024-05-06 23:10:07 INFO     	 Epoch 39 | average train loss: 4.6011
2024-05-06 23:10:07 INFO     	 Epoch 39 | average valid loss: 9.8068
2024-05-06 23:10:08 INFO     	 valid MR: 5964.43 | MRR: 0.397 | H@1: 0.375 | H@3: 0.404 | H@10: 0.438 | AMRI: -0.000171 | MR_deviation: 227.000
2024-05-06 23:10:08 INFO     	 Saving model at epoch 39 in \logs\05_06\WN18RR\ComplEx_23_05_03
2024-05-06 23:10:16 INFO     	 Epoch 40 | average train loss: 4.5908
2024-05-06 23:10:16 INFO     	 Epoch 40 | average valid loss: 9.8032
2024-05-06 23:10:23 INFO     	 Epoch 41 | average train loss: 4.5798
2024-05-06 23:10:23 INFO     	 Epoch 41 | average valid loss: 9.7980
2024-05-06 23:10:30 INFO     	 Epoch 42 | average train loss: 4.5692
2024-05-06 23:10:30 INFO     	 Epoch 42 | average valid loss: 9.7968
2024-05-06 23:10:37 INFO     	 Epoch 43 | average train loss: 4.5589
2024-05-06 23:10:37 INFO     	 Epoch 43 | average valid loss: 9.7932
2024-05-06 23:10:45 INFO     	 Epoch 44 | average train loss: 4.5506
2024-05-06 23:10:45 INFO     	 Epoch 44 | average valid loss: 9.7968
2024-05-06 23:10:46 INFO     	 valid MR: 5980.76 | MRR: 0.398 | H@1: 0.376 | H@3: 0.406 | H@10: 0.438 | AMRI: -0.000171 | MR_deviation: 303.000
2024-05-06 23:10:46 INFO     	 Saving model at epoch 44 in \logs\05_06\WN18RR\ComplEx_23_05_03
2024-05-06 23:10:53 INFO     	 Epoch 45 | average train loss: 4.5404
2024-05-06 23:10:53 INFO     	 Epoch 45 | average valid loss: 9.7906
2024-05-06 23:11:01 INFO     	 Epoch 46 | average train loss: 4.5336
2024-05-06 23:11:01 INFO     	 Epoch 46 | average valid loss: 9.7902
2024-05-06 23:11:08 INFO     	 Epoch 47 | average train loss: 4.5248
2024-05-06 23:11:08 INFO     	 Epoch 47 | average valid loss: 9.7842
2024-05-06 23:11:15 INFO     	 Epoch 48 | average train loss: 4.5191
2024-05-06 23:11:15 INFO     	 Epoch 48 | average valid loss: 9.7829
2024-05-06 23:11:22 INFO     	 Epoch 49 | average train loss: 4.5101
2024-05-06 23:11:22 INFO     	 Epoch 49 | average valid loss: 9.7842
2024-05-06 23:11:24 INFO     	 valid MR: 5989.23 | MRR: 0.399 | H@1: 0.378 | H@3: 0.407 | H@10: 0.437 | AMRI: -0.000170 | MR_deviation: 302.000
2024-05-06 23:11:24 INFO     	 Saving model at epoch 49 in \logs\05_06\WN18RR\ComplEx_23_05_03
2024-05-06 23:11:31 INFO     	 Epoch 50 | average train loss: 4.5033
2024-05-06 23:11:31 INFO     	 Epoch 50 | average valid loss: 9.7819
2024-05-06 23:11:38 INFO     	 Epoch 51 | average train loss: 4.4959
2024-05-06 23:11:38 INFO     	 Epoch 51 | average valid loss: 9.7791
2024-05-06 23:11:46 INFO     	 Epoch 52 | average train loss: 4.4894
2024-05-06 23:11:46 INFO     	 Epoch 52 | average valid loss: 9.7734
2024-05-06 23:11:53 INFO     	 Epoch 53 | average train loss: 4.4838
2024-05-06 23:11:53 INFO     	 Epoch 53 | average valid loss: 9.7714
2024-05-06 23:12:00 INFO     	 Epoch 54 | average train loss: 4.4754
2024-05-06 23:12:00 INFO     	 Epoch 54 | average valid loss: 9.7683
2024-05-06 23:12:02 INFO     	 valid MR: 5996.96 | MRR: 0.400 | H@1: 0.379 | H@3: 0.409 | H@10: 0.437 | AMRI: -0.000170 | MR_deviation: 435.000
2024-05-06 23:12:02 INFO     	 Saving model at epoch 54 in \logs\05_06\WN18RR\ComplEx_23_05_03
2024-05-06 23:12:09 INFO     	 Epoch 55 | average train loss: 4.4698
2024-05-06 23:12:09 INFO     	 Epoch 55 | average valid loss: 9.7668
2024-05-06 23:12:16 INFO     	 Epoch 56 | average train loss: 4.4654
2024-05-06 23:12:16 INFO     	 Epoch 56 | average valid loss: 9.7684
2024-05-06 23:12:23 INFO     	 Epoch 57 | average train loss: 4.4614
2024-05-06 23:12:23 INFO     	 Epoch 57 | average valid loss: 9.7635
2024-05-06 23:12:31 INFO     	 Epoch 58 | average train loss: 4.4559
2024-05-06 23:12:31 INFO     	 Epoch 58 | average valid loss: 9.7619
2024-05-06 23:12:38 INFO     	 Epoch 59 | average train loss: 4.4492
2024-05-06 23:12:38 INFO     	 Epoch 59 | average valid loss: 9.7623
2024-05-06 23:12:39 INFO     	 valid MR: 6004.73 | MRR: 0.401 | H@1: 0.379 | H@3: 0.409 | H@10: 0.437 | AMRI: -0.000169 | MR_deviation: 431.000
2024-05-06 23:12:39 INFO     	 Saving model at epoch 59 in \logs\05_06\WN18RR\ComplEx_23_05_03
2024-05-06 23:12:47 INFO     	 Epoch 60 | average train loss: 4.4447
2024-05-06 23:12:47 INFO     	 Epoch 60 | average valid loss: 9.7627
2024-05-06 23:12:54 INFO     	 Epoch 61 | average train loss: 4.4394
2024-05-06 23:12:54 INFO     	 Epoch 61 | average valid loss: 9.7561
2024-05-06 23:13:01 INFO     	 Epoch 62 | average train loss: 4.4355
2024-05-06 23:13:01 INFO     	 Epoch 62 | average valid loss: 9.7552
2024-05-06 23:13:08 INFO     	 Epoch 63 | average train loss: 4.4301
2024-05-06 23:13:08 INFO     	 Epoch 63 | average valid loss: 9.7517
2024-05-06 23:13:16 INFO     	 Epoch 64 | average train loss: 4.4257
2024-05-06 23:13:16 INFO     	 Epoch 64 | average valid loss: 9.7548
2024-05-06 23:13:17 INFO     	 valid MR: 6006.23 | MRR: 0.402 | H@1: 0.381 | H@3: 0.409 | H@10: 0.437 | AMRI: -0.000169 | MR_deviation: 477.000
2024-05-06 23:13:17 INFO     	 Saving model at epoch 64 in \logs\05_06\WN18RR\ComplEx_23_05_03
2024-05-06 23:13:24 INFO     	 Epoch 65 | average train loss: 4.4218
2024-05-06 23:13:24 INFO     	 Epoch 65 | average valid loss: 9.7525
2024-05-06 23:13:32 INFO     	 Epoch 66 | average train loss: 4.4170
2024-05-06 23:13:32 INFO     	 Epoch 66 | average valid loss: 9.7520
2024-05-06 23:13:39 INFO     	 Epoch 67 | average train loss: 4.4127
2024-05-06 23:13:39 INFO     	 Epoch 67 | average valid loss: 9.7471
2024-05-06 23:13:47 INFO     	 Epoch 68 | average train loss: 4.4085
2024-05-06 23:13:47 INFO     	 Epoch 68 | average valid loss: 9.7466
2024-05-06 23:13:54 INFO     	 Epoch 69 | average train loss: 4.4051
2024-05-06 23:13:54 INFO     	 Epoch 69 | average valid loss: 9.7453
2024-05-06 23:13:57 INFO     	 valid MR: 6008.30 | MRR: 0.403 | H@1: 0.382 | H@3: 0.411 | H@10: 0.439 | AMRI: -0.000169 | MR_deviation: 515.000
2024-05-06 23:13:57 INFO     	 Saving model at epoch 69 in \logs\05_06\WN18RR\ComplEx_23_05_03
2024-05-06 23:14:04 INFO     	 Epoch 70 | average train loss: 4.4011
2024-05-06 23:14:04 INFO     	 Epoch 70 | average valid loss: 9.7440
2024-05-06 23:14:11 INFO     	 Epoch 71 | average train loss: 4.3978
2024-05-06 23:14:11 INFO     	 Epoch 71 | average valid loss: 9.7418
2024-05-06 23:14:19 INFO     	 Epoch 72 | average train loss: 4.3942
2024-05-06 23:14:19 INFO     	 Epoch 72 | average valid loss: 9.7376
2024-05-06 23:14:26 INFO     	 Epoch 73 | average train loss: 4.3911
2024-05-06 23:14:26 INFO     	 Epoch 73 | average valid loss: 9.7379
2024-05-06 23:14:33 INFO     	 Epoch 74 | average train loss: 4.3879
2024-05-06 23:14:33 INFO     	 Epoch 74 | average valid loss: 9.7366
2024-05-06 23:14:34 INFO     	 valid MR: 6003.91 | MRR: 0.403 | H@1: 0.383 | H@3: 0.410 | H@10: 0.439 | AMRI: -0.000169 | MR_deviation: 661.000
2024-05-06 23:14:34 INFO     	 Saving model at epoch 74 in \logs\05_06\WN18RR\ComplEx_23_05_03
2024-05-06 23:14:41 INFO     	 Epoch 75 | average train loss: 4.3835
2024-05-06 23:14:41 INFO     	 Epoch 75 | average valid loss: 9.7322
2024-05-06 23:14:49 INFO     	 Epoch 76 | average train loss: 4.3808
2024-05-06 23:14:49 INFO     	 Epoch 76 | average valid loss: 9.7341
2024-05-06 23:14:56 INFO     	 Epoch 77 | average train loss: 4.3767
2024-05-06 23:14:56 INFO     	 Epoch 77 | average valid loss: 9.7290
2024-05-06 23:15:03 INFO     	 Epoch 78 | average train loss: 4.3743
2024-05-06 23:15:03 INFO     	 Epoch 78 | average valid loss: 9.7305
2024-05-06 23:15:10 INFO     	 Epoch 79 | average train loss: 4.3710
2024-05-06 23:15:10 INFO     	 Epoch 79 | average valid loss: 9.7261
2024-05-06 23:15:12 INFO     	 valid MR: 6003.41 | MRR: 0.404 | H@1: 0.384 | H@3: 0.411 | H@10: 0.439 | AMRI: -0.000169 | MR_deviation: 760.000
2024-05-06 23:15:12 INFO     	 Saving model at epoch 79 in \logs\05_06\WN18RR\ComplEx_23_05_03
2024-05-06 23:15:19 INFO     	 Epoch 80 | average train loss: 4.3689
2024-05-06 23:15:19 INFO     	 Epoch 80 | average valid loss: 9.7257
2024-05-06 23:15:26 INFO     	 Epoch 81 | average train loss: 4.3646
2024-05-06 23:15:26 INFO     	 Epoch 81 | average valid loss: 9.7251
2024-05-06 23:15:33 INFO     	 Epoch 82 | average train loss: 4.3621
2024-05-06 23:15:33 INFO     	 Epoch 82 | average valid loss: 9.7226
2024-05-06 23:15:40 INFO     	 Epoch 83 | average train loss: 4.3590
2024-05-06 23:15:40 INFO     	 Epoch 83 | average valid loss: 9.7221
2024-05-06 23:15:47 INFO     	 Epoch 84 | average train loss: 4.3579
2024-05-06 23:15:47 INFO     	 Epoch 84 | average valid loss: 9.7212
2024-05-06 23:15:49 INFO     	 valid MR: 6000.22 | MRR: 0.404 | H@1: 0.384 | H@3: 0.410 | H@10: 0.439 | AMRI: -0.000169 | MR_deviation: 820.000
2024-05-06 23:15:56 INFO     	 Epoch 85 | average train loss: 4.3545
2024-05-06 23:15:56 INFO     	 Epoch 85 | average valid loss: 9.7165
2024-05-06 23:16:03 INFO     	 Epoch 86 | average train loss: 4.3510
2024-05-06 23:16:03 INFO     	 Epoch 86 | average valid loss: 9.7155
2024-05-06 23:16:10 INFO     	 Epoch 87 | average train loss: 4.3491
2024-05-06 23:16:10 INFO     	 Epoch 87 | average valid loss: 9.7141
2024-05-06 23:16:18 INFO     	 Epoch 88 | average train loss: 4.3455
2024-05-06 23:16:18 INFO     	 Epoch 88 | average valid loss: 9.7129
2024-05-06 23:16:25 INFO     	 Epoch 89 | average train loss: 4.3436
2024-05-06 23:16:25 INFO     	 Epoch 89 | average valid loss: 9.7128
2024-05-06 23:16:26 INFO     	 valid MR: 5998.94 | MRR: 0.404 | H@1: 0.384 | H@3: 0.410 | H@10: 0.440 | AMRI: -0.000169 | MR_deviation: 929.000
2024-05-06 23:16:26 INFO     	 Saving model at epoch 89 in \logs\05_06\WN18RR\ComplEx_23_05_03
2024-05-06 23:16:33 INFO     	 Epoch 90 | average train loss: 4.3411
2024-05-06 23:16:33 INFO     	 Epoch 90 | average valid loss: 9.7094
2024-05-06 23:16:41 INFO     	 Epoch 91 | average train loss: 4.3397
2024-05-06 23:16:41 INFO     	 Epoch 91 | average valid loss: 9.7073
2024-05-06 23:16:48 INFO     	 Epoch 92 | average train loss: 4.3372
2024-05-06 23:16:48 INFO     	 Epoch 92 | average valid loss: 9.7056
2024-05-06 23:16:55 INFO     	 Epoch 93 | average train loss: 4.3357
2024-05-06 23:16:55 INFO     	 Epoch 93 | average valid loss: 9.7049
2024-05-06 23:17:02 INFO     	 Epoch 94 | average train loss: 4.3319
2024-05-06 23:17:02 INFO     	 Epoch 94 | average valid loss: 9.7035
2024-05-06 23:17:03 INFO     	 valid MR: 5989.56 | MRR: 0.404 | H@1: 0.384 | H@3: 0.412 | H@10: 0.440 | AMRI: -0.000169 | MR_deviation: 898.000
2024-05-06 23:17:03 INFO     	 Saving model at epoch 94 in \logs\05_06\WN18RR\ComplEx_23_05_03
2024-05-06 23:17:11 INFO     	 Epoch 95 | average train loss: 4.3295
2024-05-06 23:17:11 INFO     	 Epoch 95 | average valid loss: 9.6994
2024-05-06 23:17:18 INFO     	 Epoch 96 | average train loss: 4.3292
2024-05-06 23:17:18 INFO     	 Epoch 96 | average valid loss: 9.7009
2024-05-06 23:17:25 INFO     	 Epoch 97 | average train loss: 4.3257
2024-05-06 23:17:25 INFO     	 Epoch 97 | average valid loss: 9.7013
2024-05-06 23:17:32 INFO     	 Epoch 98 | average train loss: 4.3236
2024-05-06 23:17:32 INFO     	 Epoch 98 | average valid loss: 9.6988
2024-05-06 23:17:39 INFO     	 Epoch 99 | average train loss: 4.3212
2024-05-06 23:17:39 INFO     	 Epoch 99 | average valid loss: 9.6977
2024-05-06 23:17:41 INFO     	 valid MR: 5985.98 | MRR: 0.404 | H@1: 0.385 | H@3: 0.411 | H@10: 0.439 | AMRI: -0.000169 | MR_deviation: 974.000
2024-05-06 23:17:41 INFO     	 Saving model at epoch 99 in \logs\05_06\WN18RR\ComplEx_23_05_03
2024-05-06 23:17:41 INFO     	 Optimization finished
2024-05-06 23:17:41 INFO     	 Loading best model saved at epoch 99
2024-05-06 23:17:42 INFO     	 valid MR: 5985.98 | MRR: 0.404 | H@1: 0.385 | H@3: 0.411 | H@10: 0.439 | AMRI: -0.000169 | MR_deviation: 974.000
2024-05-06 23:17:44 INFO     	 test MR: 6021.99 | MRR: 0.401 | H@1: 0.381 | H@3: 0.408 | H@10: 0.438 | AMRI: -0.000169 | MR_deviation: 858.000
