2024-03-25 19:40:53 INFO     ### Saving logs in: D:\OneDrive - bwedu\MASTER\Masterarbeit\Software\Ensemble_Embedding\KGEmb\data\WN18RR_Entity_sampling_N1_min0.6\results ###
2024-03-25 19:40:53 INFO     Sampling 1 subgraphs with a relative size (0.6, 0.7) from WN18RR with Entity sampling
2024-03-25 19:40:53 INFO     -/	Sampling subgraph KGEmb\data\WN18RR_Entity_sampling_N1_min0.6\sub_000 from WN18RR with params:
		Entity sampling and (0.6, 0.7) relative subgraph size.	\-
2024-03-25 19:40:53 INFO     Enforcing 40559 entities to be present in the subgraph.
2024-03-25 19:40:58 INFO     Current subgraph size 0.7000057580468705 reached or exceeded target size 0.7.
2024-03-25 19:40:58 INFO     Created subgraph 0 with 0 entities and 0 relation names left unused and a relative subgraph size 0.7000057580468705.
2024-03-25 19:40:58 INFO     -\	Updated config file D:\OneDrive - bwedu\MASTER\Masterarbeit\Software\Ensemble_Embedding\KGEmb\data\WN18RR_Entity_sampling_N1_min0.6\results\subgraph_config.csv for subgraph 000	/-

2024-03-25 19:40:58 INFO     ### Successfully created 1 subgraphs of the relative size (0.6, 0.7) from the original KG "WN18RR" in a total of 5.092 seconds (avg: 5.092 sec) ###
2024-03-25 19:40:58 INFO     ### Saving .json config files of models in: D:\OneDrive - bwedu\MASTER\Masterarbeit\Software\Ensemble_Embedding\KGEmb\data\WN18RR_Entity_sampling_N1_min0.6\results\model_setup_configs ###
2024-03-25 19:40:58 INFO     ### Saving .pt files of stored models in: D:\OneDrive - bwedu\MASTER\Masterarbeit\Software\Ensemble_Embedding\KGEmb\data\WN18RR_Entity_sampling_N1_min0.6\results\model_files ###
2024-03-25 19:40:58 INFO     -/	Setting up embedding models	\-
2024-03-25 19:40:58 INFO     Subgraphs with fixed embedding: {}
		Remaining subgraphs will be embedded by random embedding methods ['TransE', 'DistMult', 'RotatE', 'ComplEx', 'AttE']
2024-03-25 19:40:58 INFO     Randomly selected embedding method ComplEx for subgraph sub_000
2024-03-25 19:40:58 INFO     Mapping from embedding methods to subgraphs: {'ComplEx': [0]}
2024-03-25 19:40:58 INFO     No already trained models found.
2024-03-25 19:40:58 INFO     -/	Creating new model from embedding method ComplEx for subgraph sub_000	\-
2024-03-25 19:40:58 INFO     Loading data fom subgraph sub_000.
2024-03-25 19:40:59 INFO     -\	Total number of parameters: 4014526	/-
2024-03-25 19:40:59 INFO     -\	Successfully created all models in 0.552 seconds / 0.009 minutes	/-
2024-03-25 19:40:59 INFO     -/	Starting training	\-
2024-03-25 19:40:59 INFO     -/	Start training sub_000 with ComplEx	\-
2024-03-25 19:41:04 INFO     Subgraph sub_000 Training Epoch 0 | average train loss: 0.2120
2024-03-25 19:41:04 INFO     Subgraph sub_000 Validation Epoch 0 | average train loss: 0.0874
2024-03-25 19:41:04 INFO     Saving new model saved at epoch None
D:\OneDrive - bwedu\MASTER\Masterarbeit\Software\Ensemble_Embedding\KGEmb\data\WN18RR_Entity_sampling_N1_min0.6\results\model_files\model_sub_000_ComplEx.pt
2024-03-25 19:41:04 INFO     -\	Training and optimization of model ComplEx for subgraph sub_000 finished in 5.069 seconds / 0.084 minutes	/-
2024-03-25 19:41:04 INFO     -\	Successfully finished training and optimizing all subgraphs in 5.102 seconds / 0.085 minutes	/-
2024-03-25 19:41:04 INFO     Updated mapping from subgraphs to embedding methods in D:\OneDrive - bwedu\MASTER\Masterarbeit\Software\Ensemble_Embedding\KGEmb\data\WN18RR_Entity_sampling_N1_min0.6\results\subgraph_embedding_mapping.json.
2024-03-25 19:41:04 INFO     Updated mapping from embedding methods to subgraphs in D:\OneDrive - bwedu\MASTER\Masterarbeit\Software\Ensemble_Embedding\KGEmb\data\WN18RR_Entity_sampling_N1_min0.6\results\embedding_subgraph_mapping.json.
2024-03-25 19:41:04 INFO     Calculating self-attention for sub_000 (ComplEx)
2024-03-25 19:41:04 CRITICAL att_weights_ent before softmax:
tensor([[ 0.1341],
        [-0.0267],
        [-1.0421],
        ...,
        [ 0.1188],
        [ 0.8058],
        [ 1.4068]], device='cuda:0')
2024-03-25 19:41:04 CRITICAL att_weights_ent after softmax:
tensor([[1.],
        [1.],
        [1.],
        ...,
        [1.],
        [1.],
        [1.]], device='cuda:0')
2024-03-25 19:41:04 CRITICAL att_weights_rel before softmax:
tensor([[-0.6667],
        [-0.8588],
        [ 0.6160],
        [ 0.2145],
        [ 0.6262],
        [ 1.2077],
        [ 0.9651],
        [-0.2000],
        [-0.3111],
        [-0.5814],
        [-1.1469],
        [-0.2259],
        [ 1.0941],
        [ 0.1731],
        [ 1.7556],
        [-0.7130],
        [ 0.8907],
        [ 1.3319],
        [ 0.9116],
        [ 1.6329],
        [-0.1739],
        [-0.2187]], device='cuda:0')
2024-03-25 19:41:04 CRITICAL att_weights_rel after softmax:
tensor([[1.],
        [1.],
        [1.],
        [1.],
        [1.],
        [1.],
        [1.],
        [1.],
        [1.],
        [1.],
        [1.],
        [1.],
        [1.],
        [1.],
        [1.],
        [1.],
        [1.],
        [1.],
        [1.],
        [1.],
        [1.],
        [1.]], device='cuda:0')
2024-03-25 19:41:04 INFO     Calculating unified embedding for entities and relation names.
2024-03-25 19:41:04 INFO     Loading unified embeddings into all models
