2024-08-27 01:48:57 INFO     ### Saving logs in: data\NELL-995-h100_Entity_sampling_N10_min0.6_max0.7\results_average_score_08.27_01_48 ###
2024-08-27 01:48:57 INFO     Sampling 10 subgraphs with a relative size (0.6, 0.7) from NELL-995-h100 with Entity sampling and 1 entities per step.
2024-08-27 01:48:57 INFO     Seed for subgraph sampling: 42
2024-08-27 01:48:58 INFO     -/	Sampling subgraph data\NELL-995-h100_Entity_sampling_N10_min0.6_max0.7\sub_000 from NELL-995-h100 with params:
							 Entity sampling and (0.6, 0.7) relative subgraph size.	\-
2024-08-27 01:49:01 INFO     Current subgraph size 0.7000238502206145 reached or exceeded target size 0.7.
2024-08-27 01:49:01 INFO     Created subgraph 0 with 3491 entities and 0 relation names left unused and a relative subgraph size 0.7000238502206145.
2024-08-27 01:49:02 INFO     Length of delta: 35221		Deviation from target size: 1
2024-08-27 01:49:02 INFO     -\	Updated config file "data\NELL-995-h100_Entity_sampling_N10_min0.6_max0.7\results_average_score_08.27_01_48\subgraph_config.csv" for subgraph 000, sampling took 4.08 seconds	/-

2024-08-27 01:49:02 INFO     -/	Sampling subgraph data\NELL-995-h100_Entity_sampling_N10_min0.6_max0.7\sub_001 from NELL-995-h100 with params:
							 Entity sampling and (0.6, 0.7) relative subgraph size.	\-
2024-08-27 01:49:05 INFO     Current subgraph size 0.7002623524267599 reached or exceeded target size 0.7.
2024-08-27 01:49:05 INFO     Created subgraph 1 with 670 entities and 0 relation names left unused and a relative subgraph size 0.7002623524267599.
2024-08-27 01:49:06 INFO     Length of delta: 35233		Deviation from target size: 13
2024-08-27 01:49:06 INFO     -\	Updated config file "data\NELL-995-h100_Entity_sampling_N10_min0.6_max0.7\results_average_score_08.27_01_48\subgraph_config.csv" for subgraph 001, sampling took 3.94 seconds	/-

2024-08-27 01:49:06 INFO     -/	Sampling subgraph data\NELL-995-h100_Entity_sampling_N10_min0.6_max0.7\sub_002 from NELL-995-h100 with params:
							 Entity sampling and (0.6, 0.7) relative subgraph size.	\-
2024-08-27 01:49:10 INFO     Current subgraph size 0.7001828516913782 reached or exceeded target size 0.7.
2024-08-27 01:49:10 INFO     Created subgraph 2 with 99 entities and 0 relation names left unused and a relative subgraph size 0.7001828516913782.
2024-08-27 01:49:11 INFO     Length of delta: 35229		Deviation from target size: 9
2024-08-27 01:49:11 INFO     -\	Updated config file "data\NELL-995-h100_Entity_sampling_N10_min0.6_max0.7\results_average_score_08.27_01_48\subgraph_config.csv" for subgraph 002, sampling took 4.92 seconds	/-

2024-08-27 01:49:11 INFO     -/	Sampling subgraph data\NELL-995-h100_Entity_sampling_N10_min0.6_max0.7\sub_003 from NELL-995-h100 with params:
							 Entity sampling and (0.6, 0.7) relative subgraph size.	\-
2024-08-27 01:49:18 INFO     Current subgraph size 0.7006996064713599 reached or exceeded target size 0.7.
2024-08-27 01:49:18 INFO     Created subgraph 3 with 20 entities and 0 relation names left unused and a relative subgraph size 0.7006996064713599.
2024-08-27 01:49:18 INFO     Length of delta: 35255		Deviation from target size: 35
2024-08-27 01:49:18 INFO     -\	Updated config file "data\NELL-995-h100_Entity_sampling_N10_min0.6_max0.7\results_average_score_08.27_01_48\subgraph_config.csv" for subgraph 003, sampling took 7.39 seconds	/-

2024-08-27 01:49:18 INFO     -/	Sampling subgraph data\NELL-995-h100_Entity_sampling_N10_min0.6_max0.7\sub_004 from NELL-995-h100 with params:
							 Entity sampling and (0.6, 0.7) relative subgraph size.	\-
2024-08-27 01:49:24 INFO     Current subgraph size 0.700838732758278 reached or exceeded target size 0.7.
2024-08-27 01:49:24 INFO     Created subgraph 4 with 2 entities and 0 relation names left unused and a relative subgraph size 0.700838732758278.
2024-08-27 01:49:24 INFO     Length of delta: 35262		Deviation from target size: 42
2024-08-27 01:49:24 INFO     -\	Updated config file "data\NELL-995-h100_Entity_sampling_N10_min0.6_max0.7\results_average_score_08.27_01_48\subgraph_config.csv" for subgraph 004, sampling took 5.77 seconds	/-

2024-08-27 01:49:24 INFO     -/	Sampling subgraph data\NELL-995-h100_Entity_sampling_N10_min0.6_max0.7\sub_005 from NELL-995-h100 with params:
							 Entity sampling and (0.6, 0.7) relative subgraph size.	\-
2024-08-27 01:49:30 INFO     Current subgraph size 0.7000238502206145 reached or exceeded target size 0.7.
2024-08-27 01:49:30 INFO     Created subgraph 5 with 1 entities and 0 relation names left unused and a relative subgraph size 0.7000238502206145.
2024-08-27 01:49:30 INFO     Length of delta: 35221		Deviation from target size: 1
2024-08-27 01:49:30 INFO     -\	Updated config file "data\NELL-995-h100_Entity_sampling_N10_min0.6_max0.7\results_average_score_08.27_01_48\subgraph_config.csv" for subgraph 005, sampling took 5.7 seconds	/-

2024-08-27 01:49:30 INFO     -/	Sampling subgraph data\NELL-995-h100_Entity_sampling_N10_min0.6_max0.7\sub_006 from NELL-995-h100 with params:
							 Entity sampling and (0.6, 0.7) relative subgraph size.	\-
2024-08-27 01:49:34 INFO     Current subgraph size 0.7000039750367691 reached or exceeded target size 0.7.
2024-08-27 01:49:34 INFO     Created subgraph 6 with 0 entities and 0 relation names left unused and a relative subgraph size 0.7000039750367691.
2024-08-27 01:49:35 INFO     Length of delta: 35220		Deviation from target size: 0
2024-08-27 01:49:35 INFO     -\	Updated config file "data\NELL-995-h100_Entity_sampling_N10_min0.6_max0.7\results_average_score_08.27_01_48\subgraph_config.csv" for subgraph 006, sampling took 4.61 seconds	/-

2024-08-27 01:49:35 INFO     -/	Sampling subgraph data\NELL-995-h100_Entity_sampling_N10_min0.6_max0.7\sub_007 from NELL-995-h100 with params:
							 Entity sampling and (0.6, 0.7) relative subgraph size.	\-
2024-08-27 01:49:39 INFO     Current subgraph size 0.7000039750367691 reached or exceeded target size 0.7.
2024-08-27 01:49:39 INFO     Created subgraph 7 with 0 entities and 0 relation names left unused and a relative subgraph size 0.7000039750367691.
2024-08-27 01:49:39 INFO     Length of delta: 35220		Deviation from target size: 0
2024-08-27 01:49:39 INFO     -\	Updated config file "data\NELL-995-h100_Entity_sampling_N10_min0.6_max0.7\results_average_score_08.27_01_48\subgraph_config.csv" for subgraph 007, sampling took 4.62 seconds	/-

2024-08-27 01:49:39 INFO     -/	Sampling subgraph data\NELL-995-h100_Entity_sampling_N10_min0.6_max0.7\sub_008 from NELL-995-h100 with params:
							 Entity sampling and (0.6, 0.7) relative subgraph size.	\-
2024-08-27 01:49:44 INFO     Current subgraph size 0.70004372540446 reached or exceeded target size 0.7.
2024-08-27 01:49:44 INFO     Created subgraph 8 with 0 entities and 0 relation names left unused and a relative subgraph size 0.70004372540446.
2024-08-27 01:49:45 INFO     Length of delta: 35222		Deviation from target size: 2
2024-08-27 01:49:45 INFO     -\	Updated config file "data\NELL-995-h100_Entity_sampling_N10_min0.6_max0.7\results_average_score_08.27_01_48\subgraph_config.csv" for subgraph 008, sampling took 5.14 seconds	/-

2024-08-27 01:49:45 INFO     -/	Sampling subgraph data\NELL-995-h100_Entity_sampling_N10_min0.6_max0.7\sub_009 from NELL-995-h100 with params:
							 Entity sampling and (0.6, 0.7) relative subgraph size.	\-
2024-08-27 01:49:49 INFO     Current subgraph size 0.7052311483881226 reached or exceeded target size 0.7.
2024-08-27 01:49:49 INFO     Created subgraph 9 with 0 entities and 0 relation names left unused and a relative subgraph size 0.7052311483881226.
2024-08-27 01:49:49 INFO     Length of delta: 35483		Deviation from target size: 263
2024-08-27 01:49:49 INFO     -\	Updated config file "data\NELL-995-h100_Entity_sampling_N10_min0.6_max0.7\results_average_score_08.27_01_48\subgraph_config.csv" for subgraph 009, sampling took 4.65 seconds	/-

2024-08-27 01:49:49 INFO     ### Successfully created 10 subgraphs of the relative size (0.6, 0.7) from the original KG "NELL-995-h100" in a total of 51.96 seconds (avg: 5.2 seconds) ###
2024-08-27 01:49:52 INFO     ### Saving .json config files of embedding_models in: data\NELL-995-h100_Entity_sampling_N10_min0.6_max0.7\results_average_score_08.27_01_48\model_setup_configs ###
2024-08-27 01:49:52 INFO     ### Saving .pt files of stored embedding_models in: data\NELL-995-h100_Entity_sampling_N10_min0.6_max0.7\results_average_score_08.27_01_48\model_files ###
2024-08-27 01:49:53 INFO     Subgraphs with fixed embedding:

		Remaining subgraphs will be embedded by random embedding methods ['DistMult']
2024-08-27 01:49:53 INFO     Randomly selected embedding method DistMult for subgraph sub_000
2024-08-27 01:49:53 INFO     Randomly selected embedding method DistMult for subgraph sub_001
2024-08-27 01:49:53 INFO     Randomly selected embedding method DistMult for subgraph sub_002
2024-08-27 01:49:53 INFO     Randomly selected embedding method DistMult for subgraph sub_003
2024-08-27 01:49:53 INFO     Randomly selected embedding method DistMult for subgraph sub_004
2024-08-27 01:49:53 INFO     Randomly selected embedding method DistMult for subgraph sub_005
2024-08-27 01:49:53 INFO     Randomly selected embedding method DistMult for subgraph sub_006
2024-08-27 01:49:53 INFO     Randomly selected embedding method DistMult for subgraph sub_007
2024-08-27 01:49:53 INFO     Randomly selected embedding method DistMult for subgraph sub_008
2024-08-27 01:49:53 INFO     Randomly selected embedding method DistMult for subgraph sub_009
2024-08-27 01:49:53 INFO     Mapping from embedding methods to subgraphs: {'DistMult': [0, 1, 2, 3, 4, 5, 6, 7, 8, 9]}
2024-08-27 01:49:53 INFO     -/	Creating single embedding models	\-
2024-08-27 01:49:57 INFO     -\	Successfully created all embedding_models in 3.76 seconds	/-
2024-08-27 01:49:57 INFO     Found the following embedding methods:
DistMult
2024-08-27 01:49:57 INFO     -/	Starting training	\-
2024-08-27 01:50:41 INFO     Training	Epoch 0 | average train loss: 11.5528 | change to last epoch: 11.5528 (inf%)
2024-08-27 01:50:42 INFO     Validation	Epoch 0 | average valid loss: 9.9445 | change to last epoch: 9.9445 (inf%)
2024-08-27 01:50:42 INFO     -\	Training and optimization of epoch 0 finished in 44.84 seconds	/-
2024-08-27 01:51:25 INFO     Training	Epoch 1 | average train loss: 9.6366 | change to last epoch: -1.9162 (-16.587%)
2024-08-27 01:51:26 INFO     Validation	Epoch 1 | average valid loss: 9.0513 | change to last epoch: -0.8932 (-8.982%)
2024-08-27 01:51:26 INFO     -\	Training and optimization of epoch 1 finished in 44.26 seconds	/-
2024-08-27 01:52:10 INFO     Training	Epoch 2 | average train loss: 8.7333 | change to last epoch: -0.9033 (-9.374%)
2024-08-27 01:52:10 INFO     Validation	Epoch 2 | average valid loss: 8.4910 | change to last epoch: -0.5603 (-6.190%)
2024-08-27 01:52:10 INFO     -\	Training and optimization of epoch 2 finished in 44.6 seconds	/-
2024-08-27 01:52:51 INFO     Training	Epoch 3 | average train loss: 8.1330 | change to last epoch: -0.6003 (-6.874%)
2024-08-27 01:52:52 INFO     Validation	Epoch 3 | average valid loss: 8.1820 | change to last epoch: -0.3090 (-3.640%)
2024-08-27 01:52:52 INFO     -\	Training and optimization of epoch 3 finished in 41.76 seconds	/-
2024-08-27 01:53:34 INFO     Training	Epoch 4 | average train loss: 7.6844 | change to last epoch: -0.4486 (-5.516%)
2024-08-27 01:53:35 INFO     Validation	Epoch 4 | average valid loss: 7.9691 | change to last epoch: -0.2129 (-2.602%)
2024-08-27 01:53:37 INFO     
average valid metrics:	MR: 2636.865	| MRR: 0.176	| H@1: 0.112	| H@3: 0.197	| H@10: 0.312	| AMRI: 0.765	| rank_deviation: 20.13712
average valid change:	MR: 2636.865	| MRR: 0.176	| H@1: 0.112	| H@3: 0.197	| H@10: 0.312	| AMRI: 0.765	| rank_deviation: 20.13712
average valid change %:	MR: 100.000%	| MRR: 100.000%	| H@1: 100.000%	| H@3: 100.000%	| H@10: 100.000%	| AMRI: 100.000%	| rank_deviation: 100.00000%
2024-08-27 01:53:37 INFO     Saving embedding_models at epoch 4 in data\NELL-995-h100_Entity_sampling_N10_min0.6_max0.7\results_average_score_08.27_01_48\model_files
2024-08-27 01:53:37 INFO     -\	Training and optimization of epoch 4 finished in 45.16 seconds	/-
2024-08-27 01:54:17 INFO     Training	Epoch 5 | average train loss: 7.2828 | change to last epoch: -0.4016 (-5.226%)
2024-08-27 01:54:18 INFO     Validation	Epoch 5 | average valid loss: 7.8142 | change to last epoch: -0.1549 (-1.943%)
2024-08-27 01:54:18 INFO     -\	Training and optimization of epoch 5 finished in 40.66 seconds	/-
2024-08-27 01:54:58 INFO     Training	Epoch 6 | average train loss: 6.9327 | change to last epoch: -0.3501 (-4.807%)
2024-08-27 01:54:58 INFO     Validation	Epoch 6 | average valid loss: 7.6992 | change to last epoch: -0.1149 (-1.471%)
2024-08-27 01:54:58 INFO     -\	Training and optimization of epoch 6 finished in 40.39 seconds	/-
2024-08-27 01:55:38 INFO     Training	Epoch 7 | average train loss: 6.6357 | change to last epoch: -0.2970 (-4.284%)
2024-08-27 01:55:39 INFO     Validation	Epoch 7 | average valid loss: 7.6256 | change to last epoch: -0.0737 (-0.957%)
2024-08-27 01:55:39 INFO     -\	Training and optimization of epoch 7 finished in 40.46 seconds	/-
2024-08-27 01:56:18 INFO     Training	Epoch 8 | average train loss: 6.3854 | change to last epoch: -0.2503 (-3.773%)
2024-08-27 01:56:19 INFO     Validation	Epoch 8 | average valid loss: 7.5662 | change to last epoch: -0.0594 (-0.779%)
2024-08-27 01:56:19 INFO     -\	Training and optimization of epoch 8 finished in 40.34 seconds	/-
2024-08-27 01:56:59 INFO     Training	Epoch 9 | average train loss: 6.1700 | change to last epoch: -0.2153 (-3.372%)
2024-08-27 01:57:00 INFO     Validation	Epoch 9 | average valid loss: 7.5243 | change to last epoch: -0.0418 (-0.553%)
2024-08-27 01:57:02 INFO     
average valid metrics:	MR: 2063.470	| MRR: 0.253	| H@1: 0.182	| H@3: 0.284	| H@10: 0.391	| AMRI: 0.816	| rank_deviation: 17.70781
average valid change:	MR: -573.395	| MRR: 0.077	| H@1: 0.070	| H@3: 0.086	| H@10: 0.079	| AMRI: 0.051	| rank_deviation: -2.42931
average valid change %:	MR: -21.745%	| MRR: 43.604%	| H@1: 62.470%	| H@3: 43.674%	| H@10: 25.447%	| AMRI: 6.691%	| rank_deviation: -12.06384%
2024-08-27 01:57:02 INFO     Saving embedding_models at epoch 9 in data\NELL-995-h100_Entity_sampling_N10_min0.6_max0.7\results_average_score_08.27_01_48\model_files
2024-08-27 01:57:02 INFO     -\	Training and optimization of epoch 9 finished in 42.69 seconds	/-
2024-08-27 01:57:41 INFO     Training	Epoch 10 | average train loss: 5.9917 | change to last epoch: -0.1783 (-2.890%)
2024-08-27 01:57:42 INFO     Validation	Epoch 10 | average valid loss: 7.4922 | change to last epoch: -0.0321 (-0.427%)
2024-08-27 01:57:42 INFO     -\	Training and optimization of epoch 10 finished in 40.26 seconds	/-
2024-08-27 01:58:22 INFO     Training	Epoch 11 | average train loss: 5.8399 | change to last epoch: -0.1518 (-2.533%)
2024-08-27 01:58:23 INFO     Validation	Epoch 11 | average valid loss: 7.4757 | change to last epoch: -0.0165 (-0.220%)
2024-08-27 01:58:23 INFO     -\	Training and optimization of epoch 11 finished in 40.36 seconds	/-
2024-08-27 01:59:02 INFO     Training	Epoch 12 | average train loss: 5.7122 | change to last epoch: -0.1278 (-2.188%)
2024-08-27 01:59:03 INFO     Validation	Epoch 12 | average valid loss: 7.4524 | change to last epoch: -0.0233 (-0.311%)
2024-08-27 01:59:03 INFO     -\	Training and optimization of epoch 12 finished in 40.42 seconds	/-
2024-08-27 01:59:42 INFO     Training	Epoch 13 | average train loss: 5.6038 | change to last epoch: -0.1084 (-1.897%)
2024-08-27 01:59:43 INFO     Validation	Epoch 13 | average valid loss: 7.4364 | change to last epoch: -0.0161 (-0.216%)
2024-08-27 01:59:43 INFO     -\	Training and optimization of epoch 13 finished in 40.21 seconds	/-
2024-08-27 02:00:23 INFO     Training	Epoch 14 | average train loss: 5.5063 | change to last epoch: -0.0975 (-1.741%)
2024-08-27 02:00:24 INFO     Validation	Epoch 14 | average valid loss: 7.4253 | change to last epoch: -0.0111 (-0.149%)
2024-08-27 02:00:26 INFO     
average valid metrics:	MR: 1918.169	| MRR: 0.279	| H@1: 0.201	| H@3: 0.319	| H@10: 0.424	| AMRI: 0.829	| rank_deviation: 21.06896
average valid change:	MR: -145.301	| MRR: 0.026	| H@1: 0.020	| H@3: 0.035	| H@10: 0.033	| AMRI: 0.013	| rank_deviation: 3.36115
average valid change %:	MR: -7.042%	| MRR: 10.176%	| H@1: 10.746%	| H@3: 12.412%	| H@10: 8.495%	| AMRI: 1.589%	| rank_deviation: 18.98115%
2024-08-27 02:00:26 INFO     Saving embedding_models at epoch 14 in data\NELL-995-h100_Entity_sampling_N10_min0.6_max0.7\results_average_score_08.27_01_48\model_files
2024-08-27 02:00:26 INFO     -\	Training and optimization of epoch 14 finished in 42.68 seconds	/-
2024-08-27 02:01:05 INFO     Training	Epoch 15 | average train loss: 5.4262 | change to last epoch: -0.0801 (-1.454%)
2024-08-27 02:01:06 INFO     Validation	Epoch 15 | average valid loss: 7.4114 | change to last epoch: -0.0139 (-0.187%)
2024-08-27 02:01:06 INFO     -\	Training and optimization of epoch 15 finished in 40.46 seconds	/-
2024-08-27 02:01:46 INFO     Training	Epoch 16 | average train loss: 5.3548 | change to last epoch: -0.0714 (-1.316%)
2024-08-27 02:01:47 INFO     Validation	Epoch 16 | average valid loss: 7.3975 | change to last epoch: -0.0139 (-0.187%)
2024-08-27 02:01:47 INFO     -\	Training and optimization of epoch 16 finished in 40.38 seconds	/-
2024-08-27 02:02:26 INFO     Training	Epoch 17 | average train loss: 5.2922 | change to last epoch: -0.0626 (-1.168%)
2024-08-27 02:02:27 INFO     Validation	Epoch 17 | average valid loss: 7.3960 | change to last epoch: -0.0015 (-0.021%)
2024-08-27 02:02:27 INFO     -\	Training and optimization of epoch 17 finished in 40.19 seconds	/-
2024-08-27 02:03:06 INFO     Training	Epoch 18 | average train loss: 5.2363 | change to last epoch: -0.0559 (-1.056%)
2024-08-27 02:03:07 INFO     Validation	Epoch 18 | average valid loss: 7.3889 | change to last epoch: -0.0071 (-0.096%)
2024-08-27 02:03:07 INFO     -\	Training and optimization of epoch 18 finished in 40.32 seconds	/-
2024-08-27 02:03:47 INFO     Training	Epoch 19 | average train loss: 5.1887 | change to last epoch: -0.0477 (-0.910%)
2024-08-27 02:03:48 INFO     Validation	Epoch 19 | average valid loss: 7.3783 | change to last epoch: -0.0106 (-0.143%)
2024-08-27 02:03:50 INFO     
average valid metrics:	MR: 1845.425	| MRR: 0.291	| H@1: 0.212	| H@3: 0.328	| H@10: 0.440	| AMRI: 0.835	| rank_deviation: 20.47210
average valid change:	MR: -72.743	| MRR: 0.012	| H@1: 0.010	| H@3: 0.009	| H@10: 0.015	| AMRI: 0.006	| rank_deviation: -0.59686
average valid change %:	MR: -3.792%	| MRR: 4.139%	| H@1: 5.215%	| H@3: 2.917%	| H@10: 3.602%	| AMRI: 0.783%	| rank_deviation: -2.83290%
2024-08-27 02:03:50 INFO     Saving embedding_models at epoch 19 in data\NELL-995-h100_Entity_sampling_N10_min0.6_max0.7\results_average_score_08.27_01_48\model_files
2024-08-27 02:03:50 INFO     -\	Training and optimization of epoch 19 finished in 42.67 seconds	/-
2024-08-27 02:04:29 INFO     Training	Epoch 20 | average train loss: 5.1453 | change to last epoch: -0.0434 (-0.836%)
2024-08-27 02:04:30 INFO     Validation	Epoch 20 | average valid loss: 7.3719 | change to last epoch: -0.0065 (-0.087%)
2024-08-27 02:04:30 INFO     -\	Training and optimization of epoch 20 finished in 40.38 seconds	/-
2024-08-27 02:05:10 INFO     Training	Epoch 21 | average train loss: 5.1055 | change to last epoch: -0.0398 (-0.773%)
2024-08-27 02:05:10 INFO     Validation	Epoch 21 | average valid loss: 7.3708 | change to last epoch: -0.0011 (-0.015%)
2024-08-27 02:05:10 INFO     -\	Training and optimization of epoch 21 finished in 40.16 seconds	/-
2024-08-27 02:05:50 INFO     Training	Epoch 22 | average train loss: 5.0716 | change to last epoch: -0.0339 (-0.664%)
2024-08-27 02:05:51 INFO     Validation	Epoch 22 | average valid loss: 7.3622 | change to last epoch: -0.0086 (-0.117%)
2024-08-27 02:05:51 INFO     -\	Training and optimization of epoch 22 finished in 40.38 seconds	/-
2024-08-27 02:06:30 INFO     Training	Epoch 23 | average train loss: 5.0380 | change to last epoch: -0.0336 (-0.662%)
2024-08-27 02:06:31 INFO     Validation	Epoch 23 | average valid loss: 7.3634 | change to last epoch: 0.0012 (0.017%)
2024-08-27 02:06:31 INFO     -\	Training and optimization of epoch 23 finished in 40.1 seconds	/-
2024-08-27 02:07:10 INFO     Training	Epoch 24 | average train loss: 5.0095 | change to last epoch: -0.0285 (-0.566%)
2024-08-27 02:07:11 INFO     Validation	Epoch 24 | average valid loss: 7.3569 | change to last epoch: -0.0065 (-0.088%)
2024-08-27 02:07:13 INFO     
average valid metrics:	MR: 1808.756	| MRR: 0.298	| H@1: 0.219	| H@3: 0.338	| H@10: 0.450	| AMRI: 0.839	| rank_deviation: 21.65068
average valid change:	MR: -36.670	| MRR: 0.008	| H@1: 0.008	| H@3: 0.010	| H@10: 0.010	| AMRI: 0.003	| rank_deviation: 1.17858
average valid change %:	MR: -1.987%	| MRR: 2.673%	| H@1: 3.576%	| H@3: 2.955%	| H@10: 2.267%	| AMRI: 0.392%	| rank_deviation: 5.75700%
2024-08-27 02:07:13 INFO     Saving embedding_models at epoch 24 in data\NELL-995-h100_Entity_sampling_N10_min0.6_max0.7\results_average_score_08.27_01_48\model_files
2024-08-27 02:07:14 INFO     -\	Training and optimization of epoch 24 finished in 42.65 seconds	/-
2024-08-27 02:07:53 INFO     Training	Epoch 25 | average train loss: 4.9829 | change to last epoch: -0.0266 (-0.531%)
2024-08-27 02:07:54 INFO     Validation	Epoch 25 | average valid loss: 7.3565 | change to last epoch: -0.0005 (-0.006%)
2024-08-27 02:07:54 INFO     -\	Training and optimization of epoch 25 finished in 40.29 seconds	/-
2024-08-27 02:08:33 INFO     Training	Epoch 26 | average train loss: 4.9577 | change to last epoch: -0.0253 (-0.507%)
2024-08-27 02:08:34 INFO     Validation	Epoch 26 | average valid loss: 7.3558 | change to last epoch: -0.0007 (-0.009%)
2024-08-27 02:08:34 INFO     -\	Training and optimization of epoch 26 finished in 40.35 seconds	/-
2024-08-27 02:09:14 INFO     Training	Epoch 27 | average train loss: 4.9354 | change to last epoch: -0.0223 (-0.450%)
2024-08-27 02:09:15 INFO     Validation	Epoch 27 | average valid loss: 7.3543 | change to last epoch: -0.0015 (-0.021%)
2024-08-27 02:09:15 INFO     -\	Training and optimization of epoch 27 finished in 40.39 seconds	/-
2024-08-27 02:09:54 INFO     Training	Epoch 28 | average train loss: 4.9148 | change to last epoch: -0.0206 (-0.418%)
2024-08-27 02:09:55 INFO     Validation	Epoch 28 | average valid loss: 7.3509 | change to last epoch: -0.0034 (-0.046%)
2024-08-27 02:09:55 INFO     -\	Training and optimization of epoch 28 finished in 40.12 seconds	/-
2024-08-27 02:10:34 INFO     Training	Epoch 29 | average train loss: 4.8954 | change to last epoch: -0.0193 (-0.393%)
2024-08-27 02:10:35 INFO     Validation	Epoch 29 | average valid loss: 7.3537 | change to last epoch: 0.0028 (0.038%)
2024-08-27 02:10:37 INFO     
average valid metrics:	MR: 1786.811	| MRR: 0.305	| H@1: 0.227	| H@3: 0.341	| H@10: 0.456	| AMRI: 0.841	| rank_deviation: 22.70702
average valid change:	MR: -21.944	| MRR: 0.006	| H@1: 0.007	| H@3: 0.003	| H@10: 0.007	| AMRI: 0.002	| rank_deviation: 1.05634
average valid change %:	MR: -1.213%	| MRR: 2.103%	| H@1: 3.331%	| H@3: 1.022%	| H@10: 1.537%	| AMRI: 0.234%	| rank_deviation: 4.87901%
2024-08-27 02:10:37 INFO     Saving embedding_models at epoch 29 in data\NELL-995-h100_Entity_sampling_N10_min0.6_max0.7\results_average_score_08.27_01_48\model_files
2024-08-27 02:10:37 INFO     -\	Training and optimization of epoch 29 finished in 42.7 seconds	/-
2024-08-27 02:11:17 INFO     Training	Epoch 30 | average train loss: 4.8777 | change to last epoch: -0.0177 (-0.362%)
2024-08-27 02:11:18 INFO     Validation	Epoch 30 | average valid loss: 7.3530 | change to last epoch: -0.0007 (-0.009%)
2024-08-27 02:11:18 INFO     -\	Training and optimization of epoch 30 finished in 40.15 seconds	/-
2024-08-27 02:11:57 INFO     Training	Epoch 31 | average train loss: 4.8602 | change to last epoch: -0.0175 (-0.359%)
2024-08-27 02:11:58 INFO     Validation	Epoch 31 | average valid loss: 7.3517 | change to last epoch: -0.0013 (-0.018%)
2024-08-27 02:11:58 INFO     -\	Training and optimization of epoch 31 finished in 40.14 seconds	/-
2024-08-27 02:12:37 INFO     Training	Epoch 32 | average train loss: 4.8436 | change to last epoch: -0.0166 (-0.341%)
2024-08-27 02:12:38 INFO     Validation	Epoch 32 | average valid loss: 7.3564 | change to last epoch: 0.0047 (0.063%)
2024-08-27 02:12:38 INFO     -\	Training and optimization of epoch 32 finished in 40.25 seconds	/-
2024-08-27 02:13:17 INFO     Training	Epoch 33 | average train loss: 4.8304 | change to last epoch: -0.0132 (-0.273%)
2024-08-27 02:13:18 INFO     Validation	Epoch 33 | average valid loss: 7.3566 | change to last epoch: 0.0003 (0.003%)
2024-08-27 02:13:18 INFO     -\	Training and optimization of epoch 33 finished in 40.25 seconds	/-
2024-08-27 02:13:58 INFO     Training	Epoch 34 | average train loss: 4.8164 | change to last epoch: -0.0140 (-0.290%)
2024-08-27 02:13:58 INFO     Validation	Epoch 34 | average valid loss: 7.3585 | change to last epoch: 0.0019 (0.025%)
2024-08-27 02:14:00 INFO     
average valid metrics:	MR: 1768.960	| MRR: 0.307	| H@1: 0.229	| H@3: 0.345	| H@10: 0.456	| AMRI: 0.842	| rank_deviation: 18.60032
average valid change:	MR: -17.851	| MRR: 0.002	| H@1: 0.002	| H@3: 0.003	| H@10: -0.001	| AMRI: 0.002	| rank_deviation: -4.10670
average valid change %:	MR: -0.999%	| MRR: 0.669%	| H@1: 0.821%	| H@3: 1.012%	| H@10: -0.175%	| AMRI: 0.190%	| rank_deviation: -18.08559%
2024-08-27 02:14:00 INFO     Saving embedding_models at epoch 34 in data\NELL-995-h100_Entity_sampling_N10_min0.6_max0.7\results_average_score_08.27_01_48\model_files
2024-08-27 02:14:01 INFO     -\	Training and optimization of epoch 34 finished in 42.58 seconds	/-
2024-08-27 02:14:40 INFO     Training	Epoch 35 | average train loss: 4.8022 | change to last epoch: -0.0142 (-0.295%)
2024-08-27 02:14:41 INFO     Validation	Epoch 35 | average valid loss: 7.3572 | change to last epoch: -0.0013 (-0.017%)
2024-08-27 02:14:41 INFO     -\	Training and optimization of epoch 35 finished in 40.37 seconds	/-
2024-08-27 02:15:21 INFO     Training	Epoch 36 | average train loss: 4.7910 | change to last epoch: -0.0112 (-0.233%)
2024-08-27 02:15:22 INFO     Validation	Epoch 36 | average valid loss: 7.3552 | change to last epoch: -0.0020 (-0.028%)
2024-08-27 02:15:22 INFO     -\	Training and optimization of epoch 36 finished in 40.4 seconds	/-
2024-08-27 02:16:01 INFO     Training	Epoch 37 | average train loss: 4.7784 | change to last epoch: -0.0126 (-0.264%)
2024-08-27 02:16:02 INFO     Validation	Epoch 37 | average valid loss: 7.3572 | change to last epoch: 0.0021 (0.028%)
2024-08-27 02:16:02 INFO     -\	Training and optimization of epoch 37 finished in 40.37 seconds	/-
2024-08-27 02:16:41 INFO     Training	Epoch 38 | average train loss: 4.7681 | change to last epoch: -0.0103 (-0.216%)
2024-08-27 02:16:42 INFO     Validation	Epoch 38 | average valid loss: 7.3602 | change to last epoch: 0.0030 (0.041%)
2024-08-27 02:16:42 INFO     -\	Training and optimization of epoch 38 finished in 40.52 seconds	/-
2024-08-27 02:17:22 INFO     Training	Epoch 39 | average train loss: 4.7578 | change to last epoch: -0.0103 (-0.216%)
2024-08-27 02:17:23 INFO     Validation	Epoch 39 | average valid loss: 7.3603 | change to last epoch: 0.0001 (0.001%)
2024-08-27 02:17:25 INFO     
average valid metrics:	MR: 1756.207	| MRR: 0.312	| H@1: 0.235	| H@3: 0.350	| H@10: 0.459	| AMRI: 0.843	| rank_deviation: 19.96838
average valid change:	MR: -12.753	| MRR: 0.005	| H@1: 0.006	| H@3: 0.005	| H@10: 0.003	| AMRI: 0.001	| rank_deviation: 1.36806
average valid change %:	MR: -0.721%	| MRR: 1.664%	| H@1: 2.674%	| H@3: 1.541%	| H@10: 0.758%	| AMRI: 0.135%	| rank_deviation: 7.35502%
2024-08-27 02:17:25 INFO     Saving embedding_models at epoch 39 in data\NELL-995-h100_Entity_sampling_N10_min0.6_max0.7\results_average_score_08.27_01_48\model_files
2024-08-27 02:17:25 INFO     -\	Training and optimization of epoch 39 finished in 42.73 seconds	/-
2024-08-27 02:18:05 INFO     Training	Epoch 40 | average train loss: 4.7467 | change to last epoch: -0.0111 (-0.233%)
2024-08-27 02:18:05 INFO     Validation	Epoch 40 | average valid loss: 7.3663 | change to last epoch: 0.0060 (0.081%)
2024-08-27 02:18:05 INFO     -\	Training and optimization of epoch 40 finished in 40.31 seconds	/-
2024-08-27 02:18:45 INFO     Training	Epoch 41 | average train loss: 4.7377 | change to last epoch: -0.0090 (-0.189%)
2024-08-27 02:18:46 INFO     Validation	Epoch 41 | average valid loss: 7.3681 | change to last epoch: 0.0018 (0.025%)
2024-08-27 02:18:46 INFO     -\	Training and optimization of epoch 41 finished in 40.16 seconds	/-
2024-08-27 02:19:25 INFO     Training	Epoch 42 | average train loss: 4.7296 | change to last epoch: -0.0081 (-0.170%)
2024-08-27 02:19:26 INFO     Validation	Epoch 42 | average valid loss: 7.3627 | change to last epoch: -0.0054 (-0.074%)
2024-08-27 02:19:26 INFO     -\	Training and optimization of epoch 42 finished in 40.05 seconds	/-
2024-08-27 02:20:05 INFO     Training	Epoch 43 | average train loss: 4.7207 | change to last epoch: -0.0090 (-0.190%)
2024-08-27 02:20:06 INFO     Validation	Epoch 43 | average valid loss: 7.3681 | change to last epoch: 0.0054 (0.074%)
2024-08-27 02:20:06 INFO     -\	Training and optimization of epoch 43 finished in 40.34 seconds	/-
2024-08-27 02:20:45 INFO     Training	Epoch 44 | average train loss: 4.7137 | change to last epoch: -0.0070 (-0.148%)
2024-08-27 02:20:46 INFO     Validation	Epoch 44 | average valid loss: 7.3671 | change to last epoch: -0.0011 (-0.014%)
2024-08-27 02:20:48 INFO     
average valid metrics:	MR: 1744.986	| MRR: 0.313	| H@1: 0.237	| H@3: 0.351	| H@10: 0.459	| AMRI: 0.844	| rank_deviation: 19.43449
average valid change:	MR: -11.221	| MRR: 0.001	| H@1: 0.002	| H@3: 0.001	| H@10: -0.000	| AMRI: 0.001	| rank_deviation: -0.53388
average valid change %:	MR: -0.639%	| MRR: 0.323%	| H@1: 0.906%	| H@3: 0.152%	| H@10: -0.029%	| AMRI: 0.119%	| rank_deviation: -2.67364%
2024-08-27 02:20:48 INFO     Saving embedding_models at epoch 44 in data\NELL-995-h100_Entity_sampling_N10_min0.6_max0.7\results_average_score_08.27_01_48\model_files
2024-08-27 02:20:49 INFO     -\	Training and optimization of epoch 44 finished in 42.53 seconds	/-
2024-08-27 02:21:28 INFO     Training	Epoch 45 | average train loss: 4.7047 | change to last epoch: -0.0089 (-0.189%)
2024-08-27 02:21:29 INFO     Validation	Epoch 45 | average valid loss: 7.3708 | change to last epoch: 0.0038 (0.051%)
2024-08-27 02:21:29 INFO     -\	Training and optimization of epoch 45 finished in 40.52 seconds	/-
2024-08-27 02:22:08 INFO     Training	Epoch 46 | average train loss: 4.6989 | change to last epoch: -0.0059 (-0.125%)
2024-08-27 02:22:09 INFO     Validation	Epoch 46 | average valid loss: 7.3675 | change to last epoch: -0.0033 (-0.045%)
2024-08-27 02:22:09 INFO     -\	Training and optimization of epoch 46 finished in 40.24 seconds	/-
2024-08-27 02:22:49 INFO     Training	Epoch 47 | average train loss: 4.6895 | change to last epoch: -0.0093 (-0.198%)
2024-08-27 02:22:50 INFO     Validation	Epoch 47 | average valid loss: 7.3734 | change to last epoch: 0.0059 (0.080%)
2024-08-27 02:22:50 INFO     -\	Training and optimization of epoch 47 finished in 40.32 seconds	/-
2024-08-27 02:23:29 INFO     Training	Epoch 48 | average train loss: 4.6847 | change to last epoch: -0.0048 (-0.103%)
2024-08-27 02:23:30 INFO     Validation	Epoch 48 | average valid loss: 7.3779 | change to last epoch: 0.0045 (0.061%)
2024-08-27 02:23:30 INFO     -\	Training and optimization of epoch 48 finished in 40.12 seconds	/-
2024-08-27 02:24:09 INFO     Training	Epoch 49 | average train loss: 4.6781 | change to last epoch: -0.0066 (-0.141%)
2024-08-27 02:24:10 INFO     Validation	Epoch 49 | average valid loss: 7.3785 | change to last epoch: 0.0005 (0.007%)
2024-08-27 02:24:12 INFO     
average valid metrics:	MR: 1734.187	| MRR: 0.311	| H@1: 0.234	| H@3: 0.351	| H@10: 0.461	| AMRI: 0.845	| rank_deviation: 19.10656
average valid change:	MR: -10.799	| MRR: -0.001	| H@1: -0.003	| H@3: 0.000	| H@10: 0.002	| AMRI: 0.001	| rank_deviation: -0.32793
average valid change %:	MR: -0.619%	| MRR: -0.468%	| H@1: -1.235%	| H@3: 0.038%	| H@10: 0.521%	| AMRI: 0.114%	| rank_deviation: -1.68736%
2024-08-27 02:24:12 INFO     Early stopping in 14 validation steps.
2024-08-27 02:24:12 INFO     -\	Training and optimization of epoch 49 finished in 42.53 seconds	/-
2024-08-27 02:24:52 INFO     Training	Epoch 50 | average train loss: 4.6722 | change to last epoch: -0.0059 (-0.126%)
2024-08-27 02:24:52 INFO     Validation	Epoch 50 | average valid loss: 7.3791 | change to last epoch: 0.0006 (0.008%)
2024-08-27 02:24:52 INFO     -\	Training and optimization of epoch 50 finished in 40.17 seconds	/-
2024-08-27 02:25:32 INFO     Training	Epoch 51 | average train loss: 4.6667 | change to last epoch: -0.0055 (-0.117%)
2024-08-27 02:25:33 INFO     Validation	Epoch 51 | average valid loss: 7.3796 | change to last epoch: 0.0005 (0.007%)
2024-08-27 02:25:33 INFO     -\	Training and optimization of epoch 51 finished in 40.51 seconds	/-
2024-08-27 02:26:12 INFO     Training	Epoch 52 | average train loss: 4.6596 | change to last epoch: -0.0072 (-0.153%)
2024-08-27 02:26:13 INFO     Validation	Epoch 52 | average valid loss: 7.3854 | change to last epoch: 0.0058 (0.078%)
2024-08-27 02:26:13 INFO     -\	Training and optimization of epoch 52 finished in 40.15 seconds	/-
2024-08-27 02:26:53 INFO     Training	Epoch 53 | average train loss: 4.6545 | change to last epoch: -0.0051 (-0.109%)
2024-08-27 02:26:54 INFO     Validation	Epoch 53 | average valid loss: 7.3880 | change to last epoch: 0.0026 (0.036%)
2024-08-27 02:26:54 INFO     -\	Training and optimization of epoch 53 finished in 40.58 seconds	/-
2024-08-27 02:27:33 INFO     Training	Epoch 54 | average train loss: 4.6510 | change to last epoch: -0.0035 (-0.076%)
2024-08-27 02:27:34 INFO     Validation	Epoch 54 | average valid loss: 7.3930 | change to last epoch: 0.0049 (0.067%)
2024-08-27 02:27:36 INFO     
average valid metrics:	MR: 1725.509	| MRR: 0.312	| H@1: 0.235	| H@3: 0.351	| H@10: 0.461	| AMRI: 0.846	| rank_deviation: 18.92174
average valid change:	MR: -8.678	| MRR: 0.001	| H@1: 0.001	| H@3: 0.001	| H@10: -0.001	| AMRI: 0.001	| rank_deviation: -0.18482
average valid change %:	MR: -0.500%	| MRR: 0.176%	| H@1: 0.455%	| H@3: 0.189%	| H@10: -0.173%	| AMRI: 0.092%	| rank_deviation: -0.96733%
2024-08-27 02:27:36 INFO     Early stopping in 13 validation steps.
2024-08-27 02:27:36 INFO     -\	Training and optimization of epoch 54 finished in 42.47 seconds	/-
2024-08-27 02:28:16 INFO     Training	Epoch 55 | average train loss: 4.6467 | change to last epoch: -0.0043 (-0.092%)
2024-08-27 02:28:16 INFO     Validation	Epoch 55 | average valid loss: 7.3950 | change to last epoch: 0.0021 (0.028%)
2024-08-27 02:28:16 INFO     -\	Training and optimization of epoch 55 finished in 40.28 seconds	/-
2024-08-27 02:28:56 INFO     Training	Epoch 56 | average train loss: 4.6405 | change to last epoch: -0.0063 (-0.135%)
2024-08-27 02:28:57 INFO     Validation	Epoch 56 | average valid loss: 7.3978 | change to last epoch: 0.0028 (0.038%)
2024-08-27 02:28:57 INFO     -\	Training and optimization of epoch 56 finished in 40.22 seconds	/-
2024-08-27 02:29:36 INFO     Training	Epoch 57 | average train loss: 4.6366 | change to last epoch: -0.0038 (-0.082%)
2024-08-27 02:29:37 INFO     Validation	Epoch 57 | average valid loss: 7.3970 | change to last epoch: -0.0008 (-0.011%)
2024-08-27 02:29:37 INFO     -\	Training and optimization of epoch 57 finished in 40.68 seconds	/-
2024-08-27 02:30:17 INFO     Training	Epoch 58 | average train loss: 4.6314 | change to last epoch: -0.0052 (-0.112%)
2024-08-27 02:30:18 INFO     Validation	Epoch 58 | average valid loss: 7.3988 | change to last epoch: 0.0018 (0.025%)
2024-08-27 02:30:18 INFO     -\	Training and optimization of epoch 58 finished in 40.44 seconds	/-
2024-08-27 02:30:57 INFO     Training	Epoch 59 | average train loss: 4.6286 | change to last epoch: -0.0029 (-0.062%)
2024-08-27 02:30:58 INFO     Validation	Epoch 59 | average valid loss: 7.4014 | change to last epoch: 0.0026 (0.036%)
2024-08-27 02:31:01 INFO     
average valid metrics:	MR: 1720.045	| MRR: 0.312	| H@1: 0.236	| H@3: 0.349	| H@10: 0.461	| AMRI: 0.847	| rank_deviation: 20.79299
average valid change:	MR: -5.464	| MRR: -0.000	| H@1: 0.001	| H@3: -0.002	| H@10: 0.001	| AMRI: 0.000	| rank_deviation: 1.87125
average valid change %:	MR: -0.317%	| MRR: -0.046%	| H@1: 0.509%	| H@3: -0.605%	| H@10: 0.202%	| AMRI: 0.058%	| rank_deviation: 9.88940%
2024-08-27 02:31:01 INFO     Early stopping in 12 validation steps.
2024-08-27 02:31:01 INFO     -\	Training and optimization of epoch 59 finished in 42.76 seconds	/-
2024-08-27 02:31:40 INFO     Training	Epoch 60 | average train loss: 4.6240 | change to last epoch: -0.0046 (-0.099%)
2024-08-27 02:31:41 INFO     Validation	Epoch 60 | average valid loss: 7.4014 | change to last epoch: -0.0001 (-0.001%)
2024-08-27 02:31:41 INFO     -\	Training and optimization of epoch 60 finished in 40.31 seconds	/-
2024-08-27 02:32:20 INFO     Training	Epoch 61 | average train loss: 4.6199 | change to last epoch: -0.0040 (-0.087%)
2024-08-27 02:32:21 INFO     Validation	Epoch 61 | average valid loss: 7.4071 | change to last epoch: 0.0057 (0.077%)
2024-08-27 02:32:21 INFO     -\	Training and optimization of epoch 61 finished in 40.21 seconds	/-
2024-08-27 02:33:00 INFO     Training	Epoch 62 | average train loss: 4.6163 | change to last epoch: -0.0037 (-0.079%)
2024-08-27 02:33:01 INFO     Validation	Epoch 62 | average valid loss: 7.4112 | change to last epoch: 0.0042 (0.056%)
2024-08-27 02:33:01 INFO     -\	Training and optimization of epoch 62 finished in 40.22 seconds	/-
2024-08-27 02:33:41 INFO     Training	Epoch 63 | average train loss: 4.6137 | change to last epoch: -0.0025 (-0.055%)
2024-08-27 02:33:42 INFO     Validation	Epoch 63 | average valid loss: 7.4132 | change to last epoch: 0.0020 (0.026%)
2024-08-27 02:33:42 INFO     -\	Training and optimization of epoch 63 finished in 40.26 seconds	/-
2024-08-27 02:34:21 INFO     Training	Epoch 64 | average train loss: 4.6104 | change to last epoch: -0.0033 (-0.073%)
2024-08-27 02:34:22 INFO     Validation	Epoch 64 | average valid loss: 7.4174 | change to last epoch: 0.0043 (0.057%)
2024-08-27 02:34:24 INFO     
average valid metrics:	MR: 1713.163	| MRR: 0.312	| H@1: 0.235	| H@3: 0.349	| H@10: 0.464	| AMRI: 0.847	| rank_deviation: 17.61892
average valid change:	MR: -6.882	| MRR: -0.000	| H@1: -0.001	| H@3: -0.001	| H@10: 0.002	| AMRI: 0.001	| rank_deviation: -3.17406
average valid change %:	MR: -0.400%	| MRR: -0.007%	| H@1: -0.394%	| H@3: -0.228%	| H@10: 0.518%	| AMRI: 0.073%	| rank_deviation: -15.26507%
2024-08-27 02:34:24 INFO     Early stopping in 11 validation steps.
2024-08-27 02:34:24 INFO     -\	Training and optimization of epoch 64 finished in 42.35 seconds	/-
2024-08-27 02:35:03 INFO     Training	Epoch 65 | average train loss: 4.6060 | change to last epoch: -0.0044 (-0.095%)
2024-08-27 02:35:04 INFO     Validation	Epoch 65 | average valid loss: 7.4175 | change to last epoch: 0.0000 (0.001%)
2024-08-27 02:35:04 INFO     -\	Training and optimization of epoch 65 finished in 40.48 seconds	/-
2024-08-27 02:35:44 INFO     Training	Epoch 66 | average train loss: 4.6030 | change to last epoch: -0.0030 (-0.066%)
2024-08-27 02:35:45 INFO     Validation	Epoch 66 | average valid loss: 7.4227 | change to last epoch: 0.0052 (0.070%)
2024-08-27 02:35:45 INFO     -\	Training and optimization of epoch 66 finished in 40.2 seconds	/-
2024-08-27 02:36:24 INFO     Training	Epoch 67 | average train loss: 4.5993 | change to last epoch: -0.0037 (-0.079%)
2024-08-27 02:36:25 INFO     Validation	Epoch 67 | average valid loss: 7.4278 | change to last epoch: 0.0052 (0.070%)
2024-08-27 02:36:25 INFO     -\	Training and optimization of epoch 67 finished in 40.36 seconds	/-
2024-08-27 02:37:04 INFO     Training	Epoch 68 | average train loss: 4.5997 | change to last epoch: 0.0004 (0.008%)
2024-08-27 02:37:05 INFO     Validation	Epoch 68 | average valid loss: 7.4206 | change to last epoch: -0.0072 (-0.097%)
2024-08-27 02:37:05 INFO     -\	Training and optimization of epoch 68 finished in 40.35 seconds	/-
2024-08-27 02:37:45 INFO     Training	Epoch 69 | average train loss: 4.5951 | change to last epoch: -0.0046 (-0.100%)
2024-08-27 02:37:45 INFO     Validation	Epoch 69 | average valid loss: 7.4280 | change to last epoch: 0.0074 (0.100%)
2024-08-27 02:37:48 INFO     
average valid metrics:	MR: 1709.968	| MRR: 0.311	| H@1: 0.233	| H@3: 0.352	| H@10: 0.460	| AMRI: 0.847	| rank_deviation: 19.23665
average valid change:	MR: -3.195	| MRR: -0.001	| H@1: -0.002	| H@3: 0.003	| H@10: -0.004	| AMRI: 0.000	| rank_deviation: 1.61773
average valid change %:	MR: -0.186%	| MRR: -0.291%	| H@1: -0.734%	| H@3: 0.877%	| H@10: -0.917%	| AMRI: 0.034%	| rank_deviation: 9.18175%
2024-08-27 02:37:48 INFO     Early stopping in 10 validation steps.
2024-08-27 02:37:48 INFO     -\	Training and optimization of epoch 69 finished in 42.36 seconds	/-
2024-08-27 02:38:27 INFO     Training	Epoch 70 | average train loss: 4.5913 | change to last epoch: -0.0038 (-0.083%)
2024-08-27 02:38:28 INFO     Validation	Epoch 70 | average valid loss: 7.4358 | change to last epoch: 0.0077 (0.104%)
2024-08-27 02:38:28 INFO     -\	Training and optimization of epoch 70 finished in 40.43 seconds	/-
2024-08-27 02:39:07 INFO     Training	Epoch 71 | average train loss: 4.5902 | change to last epoch: -0.0011 (-0.023%)
2024-08-27 02:39:08 INFO     Validation	Epoch 71 | average valid loss: 7.4366 | change to last epoch: 0.0008 (0.011%)
2024-08-27 02:39:08 INFO     -\	Training and optimization of epoch 71 finished in 40.17 seconds	/-
2024-08-27 02:39:48 INFO     Training	Epoch 72 | average train loss: 4.5872 | change to last epoch: -0.0030 (-0.065%)
2024-08-27 02:39:48 INFO     Validation	Epoch 72 | average valid loss: 7.4331 | change to last epoch: -0.0035 (-0.047%)
2024-08-27 02:39:48 INFO     -\	Training and optimization of epoch 72 finished in 40.29 seconds	/-
2024-08-27 02:40:28 INFO     Training	Epoch 73 | average train loss: 4.5844 | change to last epoch: -0.0029 (-0.063%)
2024-08-27 02:40:29 INFO     Validation	Epoch 73 | average valid loss: 7.4417 | change to last epoch: 0.0087 (0.116%)
2024-08-27 02:40:29 INFO     -\	Training and optimization of epoch 73 finished in 40.56 seconds	/-
2024-08-27 02:41:08 INFO     Training	Epoch 74 | average train loss: 4.5823 | change to last epoch: -0.0021 (-0.045%)
2024-08-27 02:41:09 INFO     Validation	Epoch 74 | average valid loss: 7.4457 | change to last epoch: 0.0039 (0.053%)
2024-08-27 02:41:12 INFO     
average valid metrics:	MR: 1706.963	| MRR: 0.310	| H@1: 0.233	| H@3: 0.349	| H@10: 0.458	| AMRI: 0.848	| rank_deviation: 24.27159
average valid change:	MR: -3.005	| MRR: -0.001	| H@1: -0.000	| H@3: -0.003	| H@10: -0.002	| AMRI: 0.000	| rank_deviation: 5.03495
average valid change %:	MR: -0.176%	| MRR: -0.271%	| H@1: -0.114%	| H@3: -0.794%	| H@10: -0.405%	| AMRI: 0.032%	| rank_deviation: 26.17372%
2024-08-27 02:41:12 INFO     Early stopping in 9 validation steps.
2024-08-27 02:41:12 INFO     -\	Training and optimization of epoch 74 finished in 42.5 seconds	/-
2024-08-27 02:41:51 INFO     Training	Epoch 75 | average train loss: 4.5803 | change to last epoch: -0.0019 (-0.043%)
2024-08-27 02:41:52 INFO     Validation	Epoch 75 | average valid loss: 7.4454 | change to last epoch: -0.0003 (-0.004%)
2024-08-27 02:41:52 INFO     -\	Training and optimization of epoch 75 finished in 40.3 seconds	/-
2024-08-27 02:42:31 INFO     Training	Epoch 76 | average train loss: 4.5787 | change to last epoch: -0.0016 (-0.036%)
2024-08-27 02:42:32 INFO     Validation	Epoch 76 | average valid loss: 7.4402 | change to last epoch: -0.0052 (-0.070%)
2024-08-27 02:42:32 INFO     -\	Training and optimization of epoch 76 finished in 40.21 seconds	/-
2024-08-27 02:43:12 INFO     Training	Epoch 77 | average train loss: 4.5755 | change to last epoch: -0.0032 (-0.069%)
2024-08-27 02:43:12 INFO     Validation	Epoch 77 | average valid loss: 7.4489 | change to last epoch: 0.0087 (0.117%)
2024-08-27 02:43:12 INFO     -\	Training and optimization of epoch 77 finished in 40.37 seconds	/-
2024-08-27 02:43:52 INFO     Training	Epoch 78 | average train loss: 4.5743 | change to last epoch: -0.0012 (-0.027%)
2024-08-27 02:43:53 INFO     Validation	Epoch 78 | average valid loss: 7.4496 | change to last epoch: 0.0008 (0.011%)
2024-08-27 02:43:53 INFO     -\	Training and optimization of epoch 78 finished in 40.32 seconds	/-
2024-08-27 02:44:32 INFO     Training	Epoch 79 | average train loss: 4.5715 | change to last epoch: -0.0028 (-0.062%)
2024-08-27 02:44:33 INFO     Validation	Epoch 79 | average valid loss: 7.4539 | change to last epoch: 0.0043 (0.057%)
2024-08-27 02:44:35 INFO     
average valid metrics:	MR: 1700.435	| MRR: 0.311	| H@1: 0.233	| H@3: 0.348	| H@10: 0.465	| AMRI: 0.848	| rank_deviation: 19.90818
average valid change:	MR: -6.529	| MRR: 0.001	| H@1: -0.001	| H@3: -0.001	| H@10: 0.007	| AMRI: 0.001	| rank_deviation: -4.36341
average valid change %:	MR: -0.382%	| MRR: 0.379%	| H@1: -0.228%	| H@3: -0.152%	| H@10: 1.538%	| AMRI: 0.069%	| rank_deviation: -17.97743%
2024-08-27 02:44:35 INFO     Early stopping in 8 validation steps.
2024-08-27 02:44:35 INFO     	 Reducing learning rate
2024-08-27 02:44:35 INFO     -\	Training and optimization of epoch 79 finished in 42.43 seconds	/-
2024-08-27 02:45:15 INFO     Training	Epoch 80 | average train loss: 4.5816 | change to last epoch: 0.0102 (0.223%)
2024-08-27 02:45:15 INFO     Validation	Epoch 80 | average valid loss: 7.4728 | change to last epoch: 0.0189 (0.254%)
2024-08-27 02:45:15 INFO     -\	Training and optimization of epoch 80 finished in 40.3 seconds	/-
2024-08-27 02:45:55 INFO     Training	Epoch 81 | average train loss: 4.5824 | change to last epoch: 0.0007 (0.016%)
2024-08-27 02:45:56 INFO     Validation	Epoch 81 | average valid loss: 7.4748 | change to last epoch: 0.0019 (0.026%)
2024-08-27 02:45:56 INFO     -\	Training and optimization of epoch 81 finished in 40.12 seconds	/-
2024-08-27 02:46:35 INFO     Training	Epoch 82 | average train loss: 4.5821 | change to last epoch: -0.0003 (-0.006%)
2024-08-27 02:46:36 INFO     Validation	Epoch 82 | average valid loss: 7.4730 | change to last epoch: -0.0018 (-0.024%)
2024-08-27 02:46:36 INFO     -\	Training and optimization of epoch 82 finished in 40.27 seconds	/-
2024-08-27 02:47:15 INFO     Training	Epoch 83 | average train loss: 4.5778 | change to last epoch: -0.0043 (-0.093%)
2024-08-27 02:47:16 INFO     Validation	Epoch 83 | average valid loss: 7.4824 | change to last epoch: 0.0094 (0.126%)
2024-08-27 02:47:16 INFO     -\	Training and optimization of epoch 83 finished in 40.36 seconds	/-
2024-08-27 02:47:56 INFO     Training	Epoch 84 | average train loss: 4.5797 | change to last epoch: 0.0019 (0.041%)
2024-08-27 02:47:56 INFO     Validation	Epoch 84 | average valid loss: 7.4790 | change to last epoch: -0.0035 (-0.046%)
2024-08-27 02:47:59 INFO     
average valid metrics:	MR: 1706.056	| MRR: 0.309	| H@1: 0.231	| H@3: 0.349	| H@10: 0.458	| AMRI: 0.848	| rank_deviation: 20.97250
average valid change:	MR: 5.621	| MRR: -0.002	| H@1: -0.002	| H@3: 0.001	| H@10: -0.007	| AMRI: -0.001	| rank_deviation: 1.06431
average valid change %:	MR: 0.331%	| MRR: -0.732%	| H@1: -0.742%	| H@3: 0.153%	| H@10: -1.429%	| AMRI: -0.059%	| rank_deviation: 5.34610%
2024-08-27 02:47:59 INFO     Early stopping in 7 validation steps.
2024-08-27 02:47:59 INFO     -\	Training and optimization of epoch 84 finished in 42.41 seconds	/-
2024-08-27 02:48:38 INFO     Training	Epoch 85 | average train loss: 4.5758 | change to last epoch: -0.0039 (-0.084%)
2024-08-27 02:48:39 INFO     Validation	Epoch 85 | average valid loss: 7.4812 | change to last epoch: 0.0022 (0.029%)
2024-08-27 02:48:39 INFO     -\	Training and optimization of epoch 85 finished in 40.3 seconds	/-
2024-08-27 02:49:18 INFO     Training	Epoch 86 | average train loss: 4.5734 | change to last epoch: -0.0024 (-0.053%)
2024-08-27 02:49:19 INFO     Validation	Epoch 86 | average valid loss: 7.4884 | change to last epoch: 0.0072 (0.096%)
2024-08-27 02:49:19 INFO     -\	Training and optimization of epoch 86 finished in 40.14 seconds	/-
2024-08-27 02:49:58 INFO     Training	Epoch 87 | average train loss: 4.5738 | change to last epoch: 0.0004 (0.008%)
2024-08-27 02:49:59 INFO     Validation	Epoch 87 | average valid loss: 7.4881 | change to last epoch: -0.0003 (-0.004%)
2024-08-27 02:49:59 INFO     -\	Training and optimization of epoch 87 finished in 40.23 seconds	/-
2024-08-27 02:50:39 INFO     Training	Epoch 88 | average train loss: 4.5713 | change to last epoch: -0.0025 (-0.054%)
2024-08-27 02:50:40 INFO     Validation	Epoch 88 | average valid loss: 7.4891 | change to last epoch: 0.0010 (0.013%)
2024-08-27 02:50:40 INFO     -\	Training and optimization of epoch 88 finished in 40.39 seconds	/-
2024-08-27 02:51:19 INFO     Training	Epoch 89 | average train loss: 4.5692 | change to last epoch: -0.0021 (-0.047%)
2024-08-27 02:51:20 INFO     Validation	Epoch 89 | average valid loss: 7.4963 | change to last epoch: 0.0072 (0.096%)
2024-08-27 02:51:22 INFO     
average valid metrics:	MR: 1703.853	| MRR: 0.309	| H@1: 0.233	| H@3: 0.347	| H@10: 0.457	| AMRI: 0.848	| rank_deviation: 22.38427
average valid change:	MR: -2.203	| MRR: 0.000	| H@1: 0.002	| H@3: -0.002	| H@10: -0.001	| AMRI: 0.000	| rank_deviation: 1.41177
average valid change %:	MR: -0.129%	| MRR: 0.057%	| H@1: 0.690%	| H@3: -0.457%	| H@10: -0.232%	| AMRI: 0.023%	| rank_deviation: 6.73154%
2024-08-27 02:51:22 INFO     Early stopping in 6 validation steps.
2024-08-27 02:51:22 INFO     -\	Training and optimization of epoch 89 finished in 42.46 seconds	/-
2024-08-27 02:52:02 INFO     Training	Epoch 90 | average train loss: 4.5694 | change to last epoch: 0.0002 (0.004%)
2024-08-27 02:52:02 INFO     Validation	Epoch 90 | average valid loss: 7.4955 | change to last epoch: -0.0008 (-0.011%)
2024-08-27 02:52:02 INFO     -\	Training and optimization of epoch 90 finished in 40.26 seconds	/-
2024-08-27 02:52:42 INFO     Training	Epoch 91 | average train loss: 4.5674 | change to last epoch: -0.0020 (-0.043%)
2024-08-27 02:52:43 INFO     Validation	Epoch 91 | average valid loss: 7.4969 | change to last epoch: 0.0014 (0.019%)
2024-08-27 02:52:43 INFO     -\	Training and optimization of epoch 91 finished in 40.21 seconds	/-
2024-08-27 02:53:22 INFO     Training	Epoch 92 | average train loss: 4.5672 | change to last epoch: -0.0001 (-0.003%)
2024-08-27 02:53:23 INFO     Validation	Epoch 92 | average valid loss: 7.4982 | change to last epoch: 0.0014 (0.018%)
2024-08-27 02:53:23 INFO     -\	Training and optimization of epoch 92 finished in 40.26 seconds	/-
2024-08-27 02:54:02 INFO     Training	Epoch 93 | average train loss: 4.5644 | change to last epoch: -0.0028 (-0.062%)
2024-08-27 02:54:03 INFO     Validation	Epoch 93 | average valid loss: 7.5025 | change to last epoch: 0.0043 (0.057%)
2024-08-27 02:54:03 INFO     -\	Training and optimization of epoch 93 finished in 40.4 seconds	/-
2024-08-27 02:54:43 INFO     Training	Epoch 94 | average train loss: 4.5631 | change to last epoch: -0.0013 (-0.028%)
2024-08-27 02:54:44 INFO     Validation	Epoch 94 | average valid loss: 7.5072 | change to last epoch: 0.0046 (0.062%)
2024-08-27 02:54:46 INFO     
average valid metrics:	MR: 1697.796	| MRR: 0.309	| H@1: 0.232	| H@3: 0.347	| H@10: 0.462	| AMRI: 0.849	| rank_deviation: 20.04651
average valid change:	MR: -6.057	| MRR: 0.000	| H@1: -0.000	| H@3: -0.001	| H@10: 0.005	| AMRI: 0.001	| rank_deviation: -2.33776
average valid change %:	MR: -0.355%	| MRR: 0.131%	| H@1: -0.171%	| H@3: -0.153%	| H@10: 1.163%	| AMRI: 0.064%	| rank_deviation: -10.44377%
2024-08-27 02:54:46 INFO     Early stopping in 5 validation steps.
2024-08-27 02:54:46 INFO     -\	Training and optimization of epoch 94 finished in 42.47 seconds	/-
2024-08-27 02:55:25 INFO     Training	Epoch 95 | average train loss: 4.5628 | change to last epoch: -0.0003 (-0.006%)
2024-08-27 02:55:26 INFO     Validation	Epoch 95 | average valid loss: 7.5057 | change to last epoch: -0.0015 (-0.019%)
2024-08-27 02:55:26 INFO     -\	Training and optimization of epoch 95 finished in 40.41 seconds	/-
2024-08-27 02:56:06 INFO     Training	Epoch 96 | average train loss: 4.5617 | change to last epoch: -0.0011 (-0.024%)
2024-08-27 02:56:07 INFO     Validation	Epoch 96 | average valid loss: 7.5095 | change to last epoch: 0.0038 (0.050%)
2024-08-27 02:56:07 INFO     -\	Training and optimization of epoch 96 finished in 40.31 seconds	/-
2024-08-27 02:56:46 INFO     Training	Epoch 97 | average train loss: 4.5593 | change to last epoch: -0.0024 (-0.052%)
2024-08-27 02:56:47 INFO     Validation	Epoch 97 | average valid loss: 7.5127 | change to last epoch: 0.0032 (0.043%)
2024-08-27 02:56:47 INFO     -\	Training and optimization of epoch 97 finished in 40.36 seconds	/-
2024-08-27 02:57:26 INFO     Training	Epoch 98 | average train loss: 4.5595 | change to last epoch: 0.0002 (0.005%)
2024-08-27 02:57:27 INFO     Validation	Epoch 98 | average valid loss: 7.5156 | change to last epoch: 0.0029 (0.039%)
2024-08-27 02:57:27 INFO     -\	Training and optimization of epoch 98 finished in 40.13 seconds	/-
2024-08-27 02:58:06 INFO     Training	Epoch 99 | average train loss: 4.5590 | change to last epoch: -0.0005 (-0.012%)
2024-08-27 02:58:07 INFO     Validation	Epoch 99 | average valid loss: 7.5140 | change to last epoch: -0.0017 (-0.022%)
2024-08-27 02:58:10 INFO     
average valid metrics:	MR: 1698.241	| MRR: 0.309	| H@1: 0.232	| H@3: 0.347	| H@10: 0.458	| AMRI: 0.849	| rank_deviation: 19.79179
average valid change:	MR: 0.445	| MRR: -0.000	| H@1: 0.000	| H@3: 0.000	| H@10: -0.005	| AMRI: -0.000	| rank_deviation: -0.25472
average valid change %:	MR: 0.026%	| MRR: -0.123%	| H@1: 0.000%	| H@3: 0.038%	| H@10: -1.034%	| AMRI: -0.005%	| rank_deviation: -1.27064%
2024-08-27 02:58:10 INFO     Early stopping in 4 validation steps.
2024-08-27 02:58:10 INFO     -\	Training and optimization of epoch 99 finished in 42.55 seconds	/-
2024-08-27 02:58:49 INFO     Training	Epoch 100 | average train loss: 4.5565 | change to last epoch: -0.0025 (-0.055%)
2024-08-27 02:58:50 INFO     Validation	Epoch 100 | average valid loss: 7.5156 | change to last epoch: 0.0016 (0.022%)
2024-08-27 02:58:50 INFO     -\	Training and optimization of epoch 100 finished in 40.24 seconds	/-
2024-08-27 02:59:29 INFO     Training	Epoch 101 | average train loss: 4.5553 | change to last epoch: -0.0012 (-0.026%)
2024-08-27 02:59:30 INFO     Validation	Epoch 101 | average valid loss: 7.5175 | change to last epoch: 0.0019 (0.025%)
2024-08-27 02:59:30 INFO     -\	Training and optimization of epoch 101 finished in 40.21 seconds	/-
2024-08-27 03:00:09 INFO     Training	Epoch 102 | average train loss: 4.5542 | change to last epoch: -0.0011 (-0.024%)
2024-08-27 03:00:10 INFO     Validation	Epoch 102 | average valid loss: 7.5216 | change to last epoch: 0.0041 (0.054%)
2024-08-27 03:00:10 INFO     -\	Training and optimization of epoch 102 finished in 40.28 seconds	/-
2024-08-27 03:00:50 INFO     Training	Epoch 103 | average train loss: 4.5533 | change to last epoch: -0.0010 (-0.021%)
2024-08-27 03:00:51 INFO     Validation	Epoch 103 | average valid loss: 7.5257 | change to last epoch: 0.0041 (0.054%)
2024-08-27 03:00:51 INFO     -\	Training and optimization of epoch 103 finished in 40.26 seconds	/-
2024-08-27 03:01:30 INFO     Training	Epoch 104 | average train loss: 4.5527 | change to last epoch: -0.0006 (-0.012%)
2024-08-27 03:01:31 INFO     Validation	Epoch 104 | average valid loss: 7.5271 | change to last epoch: 0.0015 (0.020%)
2024-08-27 03:01:33 INFO     
average valid metrics:	MR: 1694.713	| MRR: 0.309	| H@1: 0.231	| H@3: 0.347	| H@10: 0.460	| AMRI: 0.849	| rank_deviation: 21.77199
average valid change:	MR: -3.528	| MRR: 0.000	| H@1: -0.001	| H@3: 0.001	| H@10: 0.002	| AMRI: 0.000	| rank_deviation: 1.98020
average valid change %:	MR: -0.208%	| MRR: 0.044%	| H@1: -0.286%	| H@3: 0.192%	| H@10: 0.494%	| AMRI: 0.037%	| rank_deviation: 10.00518%
2024-08-27 03:01:33 INFO     Early stopping in 3 validation steps.
2024-08-27 03:01:33 INFO     -\	Training and optimization of epoch 104 finished in 42.67 seconds	/-
2024-08-27 03:02:12 INFO     Training	Epoch 105 | average train loss: 4.5523 | change to last epoch: -0.0004 (-0.008%)
2024-08-27 03:02:13 INFO     Validation	Epoch 105 | average valid loss: 7.5286 | change to last epoch: 0.0015 (0.019%)
2024-08-27 03:02:13 INFO     -\	Training and optimization of epoch 105 finished in 40.2 seconds	/-
2024-08-27 03:02:53 INFO     Training	Epoch 106 | average train loss: 4.5500 | change to last epoch: -0.0023 (-0.050%)
2024-08-27 03:02:54 INFO     Validation	Epoch 106 | average valid loss: 7.5290 | change to last epoch: 0.0004 (0.005%)
2024-08-27 03:02:54 INFO     -\	Training and optimization of epoch 106 finished in 40.16 seconds	/-
2024-08-27 03:03:33 INFO     Training	Epoch 107 | average train loss: 4.5492 | change to last epoch: -0.0008 (-0.018%)
2024-08-27 03:03:34 INFO     Validation	Epoch 107 | average valid loss: 7.5352 | change to last epoch: 0.0063 (0.083%)
2024-08-27 03:03:34 INFO     -\	Training and optimization of epoch 107 finished in 40.68 seconds	/-
2024-08-27 03:04:14 INFO     Training	Epoch 108 | average train loss: 4.5489 | change to last epoch: -0.0004 (-0.008%)
2024-08-27 03:04:14 INFO     Validation	Epoch 108 | average valid loss: 7.5397 | change to last epoch: 0.0045 (0.060%)
2024-08-27 03:04:14 INFO     -\	Training and optimization of epoch 108 finished in 40.23 seconds	/-
2024-08-27 03:04:56 INFO     Training	Epoch 109 | average train loss: 4.5485 | change to last epoch: -0.0004 (-0.009%)
2024-08-27 03:04:57 INFO     Validation	Epoch 109 | average valid loss: 7.5364 | change to last epoch: -0.0034 (-0.045%)
2024-08-27 03:05:00 INFO     
average valid metrics:	MR: 1693.120	| MRR: 0.309	| H@1: 0.231	| H@3: 0.349	| H@10: 0.459	| AMRI: 0.849	| rank_deviation: 20.86022
average valid change:	MR: -1.593	| MRR: -0.000	| H@1: -0.001	| H@3: 0.001	| H@10: -0.001	| AMRI: 0.000	| rank_deviation: -0.91177
average valid change %:	MR: -0.094%	| MRR: -0.095%	| H@1: -0.230%	| H@3: 0.382%	| H@10: -0.173%	| AMRI: 0.017%	| rank_deviation: -4.18783%
2024-08-27 03:05:00 INFO     Early stopping in 2 validation steps.
2024-08-27 03:05:00 INFO     -\	Training and optimization of epoch 109 finished in 45.25 seconds	/-
2024-08-27 03:05:41 INFO     Training	Epoch 110 | average train loss: 4.5473 | change to last epoch: -0.0012 (-0.026%)
2024-08-27 03:05:41 INFO     Validation	Epoch 110 | average valid loss: 7.5412 | change to last epoch: 0.0049 (0.065%)
2024-08-27 03:05:41 INFO     -\	Training and optimization of epoch 110 finished in 41.68 seconds	/-
2024-08-27 03:06:21 INFO     Training	Epoch 111 | average train loss: 4.5462 | change to last epoch: -0.0010 (-0.023%)
2024-08-27 03:06:22 INFO     Validation	Epoch 111 | average valid loss: 7.5442 | change to last epoch: 0.0030 (0.039%)
2024-08-27 03:06:22 INFO     -\	Training and optimization of epoch 111 finished in 40.37 seconds	/-
2024-08-27 03:07:01 INFO     Training	Epoch 112 | average train loss: 4.5455 | change to last epoch: -0.0007 (-0.016%)
2024-08-27 03:07:02 INFO     Validation	Epoch 112 | average valid loss: 7.5456 | change to last epoch: 0.0014 (0.019%)
2024-08-27 03:07:02 INFO     -\	Training and optimization of epoch 112 finished in 40.35 seconds	/-
2024-08-27 03:07:42 INFO     Training	Epoch 113 | average train loss: 4.5453 | change to last epoch: -0.0002 (-0.005%)
2024-08-27 03:07:43 INFO     Validation	Epoch 113 | average valid loss: 7.5440 | change to last epoch: -0.0016 (-0.022%)
2024-08-27 03:07:43 INFO     -\	Training and optimization of epoch 113 finished in 40.42 seconds	/-
2024-08-27 03:08:22 INFO     Training	Epoch 114 | average train loss: 4.5442 | change to last epoch: -0.0011 (-0.024%)
2024-08-27 03:08:23 INFO     Validation	Epoch 114 | average valid loss: 7.5489 | change to last epoch: 0.0050 (0.066%)
2024-08-27 03:08:25 INFO     
average valid metrics:	MR: 1693.128	| MRR: 0.308	| H@1: 0.231	| H@3: 0.349	| H@10: 0.458	| AMRI: 0.849	| rank_deviation: 19.33989
average valid change:	MR: 0.008	| MRR: -0.001	| H@1: -0.000	| H@3: 0.001	| H@10: -0.001	| AMRI: -0.000	| rank_deviation: -1.52033
average valid change %:	MR: 0.000%	| MRR: -0.202%	| H@1: -0.173%	| H@3: 0.152%	| H@10: -0.260%	| AMRI: -0.000%	| rank_deviation: -7.28818%
2024-08-27 03:08:25 INFO     Early stopping in 1 validation steps.
2024-08-27 03:08:25 INFO     -\	Training and optimization of epoch 114 finished in 42.57 seconds	/-
2024-08-27 03:09:05 INFO     Training	Epoch 115 | average train loss: 4.5423 | change to last epoch: -0.0019 (-0.042%)
2024-08-27 03:09:05 INFO     Validation	Epoch 115 | average valid loss: 7.5511 | change to last epoch: 0.0022 (0.029%)
2024-08-27 03:09:05 INFO     -\	Training and optimization of epoch 115 finished in 40.33 seconds	/-
2024-08-27 03:09:45 INFO     Training	Epoch 116 | average train loss: 4.5429 | change to last epoch: 0.0006 (0.014%)
2024-08-27 03:09:46 INFO     Validation	Epoch 116 | average valid loss: 7.5528 | change to last epoch: 0.0017 (0.022%)
2024-08-27 03:09:46 INFO     -\	Training and optimization of epoch 116 finished in 40.27 seconds	/-
2024-08-27 03:10:25 INFO     Training	Epoch 117 | average train loss: 4.5420 | change to last epoch: -0.0009 (-0.021%)
2024-08-27 03:10:26 INFO     Validation	Epoch 117 | average valid loss: 7.5536 | change to last epoch: 0.0008 (0.011%)
2024-08-27 03:10:26 INFO     -\	Training and optimization of epoch 117 finished in 40.43 seconds	/-
2024-08-27 03:11:06 INFO     Training	Epoch 118 | average train loss: 4.5406 | change to last epoch: -0.0014 (-0.031%)
2024-08-27 03:11:07 INFO     Validation	Epoch 118 | average valid loss: 7.5552 | change to last epoch: 0.0016 (0.022%)
2024-08-27 03:11:07 INFO     -\	Training and optimization of epoch 118 finished in 40.43 seconds	/-
2024-08-27 03:11:46 INFO     Training	Epoch 119 | average train loss: 4.5408 | change to last epoch: 0.0003 (0.006%)
2024-08-27 03:11:47 INFO     Validation	Epoch 119 | average valid loss: 7.5572 | change to last epoch: 0.0019 (0.026%)
2024-08-27 03:11:49 INFO     
average valid metrics:	MR: 1690.237	| MRR: 0.309	| H@1: 0.232	| H@3: 0.349	| H@10: 0.457	| AMRI: 0.849	| rank_deviation: 19.14882
average valid change:	MR: -2.891	| MRR: 0.001	| H@1: 0.002	| H@3: -0.001	| H@10: -0.000	| AMRI: 0.000	| rank_deviation: -0.19107
average valid change %:	MR: -0.171%	| MRR: 0.323%	| H@1: 0.749%	| H@3: -0.228%	| H@10: -0.087%	| AMRI: 0.030%	| rank_deviation: -0.98796%
2024-08-27 03:11:49 INFO     	 Early stopping
2024-08-27 03:11:49 INFO     	 Loading best model saved at epoch 44
2024-08-27 03:11:49 INFO     -\	Successfully finished training and optimizing all subgraphs in 1 hour, 21 minutes, 52.49 seconds	/-
2024-08-27 03:11:52 INFO     
average valid metrics:	MR: 1744.986	| MRR: 0.313	| H@1: 0.237	| H@3: 0.351	| H@10: 0.459	| AMRI: 0.844	| rank_deviation: 19.43449
2024-08-27 03:11:52 INFO     Finished ensemble training and testing in 1 hour, 21 minutes, 59.17 seconds.
2024-08-27 03:11:52 INFO     The entire process including sampling, training and testing took 1 hour, 22 minutes, 54.31 seconds.
