2024-09-03 00:48:51 INFO     ### Saving logs in: logs\09_03\FB15K-237\ComplEx_00_48_51 ###
2024-09-03 00:48:54 INFO     	 (14541, 474, 14541)
2024-09-03 00:48:54 INFO     Total number of parameters 990042
2024-09-03 00:48:55 INFO     	 Start training
2024-09-03 00:49:42 INFO     	 Epoch 0 | average train loss: 0.0378
2024-09-03 00:49:42 INFO     	 Epoch 0 | average valid loss: 0.0175
2024-09-03 00:50:29 INFO     	 Epoch 1 | average train loss: 0.0198
2024-09-03 00:50:29 INFO     	 Epoch 1 | average valid loss: 0.0153
2024-09-03 00:51:16 INFO     	 Epoch 2 | average train loss: 0.0178
2024-09-03 00:51:17 INFO     	 Epoch 2 | average valid loss: 0.0136
2024-09-03 00:52:04 INFO     	 Epoch 3 | average train loss: 0.0161
2024-09-03 00:52:04 INFO     	 Epoch 3 | average valid loss: 0.0125
2024-09-03 00:52:51 INFO     	 Epoch 4 | average train loss: 0.0150
2024-09-03 00:52:51 INFO     	 Epoch 4 | average valid loss: 0.0117
2024-09-03 00:53:04 INFO     
average valid metrics:	MR: 853.696	| MRR: 0.203	| H@1: 0.146	| H@3: 0.217	| H@10: 0.317	| AMRI: 0.883	| rank_deviation: 0.00054
2024-09-03 00:53:04 INFO     	 Saving model at epoch 4 in logs\09_03\FB15K-237\ComplEx_00_48_51
2024-09-03 00:53:51 INFO     	 Epoch 5 | average train loss: 0.0142
2024-09-03 00:53:52 INFO     	 Epoch 5 | average valid loss: 0.0112
2024-09-03 00:54:40 INFO     	 Epoch 6 | average train loss: 0.0137
2024-09-03 00:54:40 INFO     	 Epoch 6 | average valid loss: 0.0108
2024-09-03 00:55:28 INFO     	 Epoch 7 | average train loss: 0.0132
2024-09-03 00:55:29 INFO     	 Epoch 7 | average valid loss: 0.0105
2024-09-03 00:56:17 INFO     	 Epoch 8 | average train loss: 0.0129
2024-09-03 00:56:17 INFO     	 Epoch 8 | average valid loss: 0.0103
2024-09-03 00:57:05 INFO     	 Epoch 9 | average train loss: 0.0126
2024-09-03 00:57:06 INFO     	 Epoch 9 | average valid loss: 0.0101
2024-09-03 00:57:18 INFO     
average valid metrics:	MR: 453.904	| MRR: 0.230	| H@1: 0.164	| H@3: 0.248	| H@10: 0.360	| AMRI: 0.938	| rank_deviation: 0.00017
2024-09-03 00:57:18 INFO     	 Saving model at epoch 9 in logs\09_03\FB15K-237\ComplEx_00_48_51
2024-09-03 00:58:06 INFO     	 Epoch 10 | average train loss: 0.0124
2024-09-03 00:58:06 INFO     	 Epoch 10 | average valid loss: 0.0100
2024-09-03 00:58:53 INFO     	 Epoch 11 | average train loss: 0.0122
2024-09-03 00:58:53 INFO     	 Epoch 11 | average valid loss: 0.0099
2024-09-03 00:59:40 INFO     	 Epoch 12 | average train loss: 0.0120
2024-09-03 00:59:41 INFO     	 Epoch 12 | average valid loss: 0.0097
2024-09-03 01:00:29 INFO     	 Epoch 13 | average train loss: 0.0118
2024-09-03 01:00:29 INFO     	 Epoch 13 | average valid loss: 0.0097
2024-09-03 01:01:17 INFO     	 Epoch 14 | average train loss: 0.0117
2024-09-03 01:01:18 INFO     	 Epoch 14 | average valid loss: 0.0096
2024-09-03 01:01:31 INFO     
average valid metrics:	MR: 370.370	| MRR: 0.244	| H@1: 0.174	| H@3: 0.265	| H@10: 0.382	| AMRI: 0.949	| rank_deviation: 0.00023
2024-09-03 01:01:31 INFO     	 Saving model at epoch 14 in logs\09_03\FB15K-237\ComplEx_00_48_51
2024-09-03 01:02:19 INFO     	 Epoch 15 | average train loss: 0.0116
2024-09-03 01:02:19 INFO     	 Epoch 15 | average valid loss: 0.0095
2024-09-03 01:03:07 INFO     	 Epoch 16 | average train loss: 0.0114
2024-09-03 01:03:07 INFO     	 Epoch 16 | average valid loss: 0.0095
2024-09-03 01:03:55 INFO     	 Epoch 17 | average train loss: 0.0113
2024-09-03 01:03:55 INFO     	 Epoch 17 | average valid loss: 0.0094
2024-09-03 01:04:42 INFO     	 Epoch 18 | average train loss: 0.0112
2024-09-03 01:04:42 INFO     	 Epoch 18 | average valid loss: 0.0094
2024-09-03 01:05:28 INFO     	 Epoch 19 | average train loss: 0.0111
2024-09-03 01:05:29 INFO     	 Epoch 19 | average valid loss: 0.0094
2024-09-03 01:05:42 INFO     
average valid metrics:	MR: 336.408	| MRR: 0.252	| H@1: 0.180	| H@3: 0.273	| H@10: 0.396	| AMRI: 0.954	| rank_deviation: 0.00006
2024-09-03 01:05:42 INFO     	 Saving model at epoch 19 in logs\09_03\FB15K-237\ComplEx_00_48_51
2024-09-03 01:06:28 INFO     	 Epoch 20 | average train loss: 0.0110
2024-09-03 01:06:29 INFO     	 Epoch 20 | average valid loss: 0.0093
2024-09-03 01:07:15 INFO     	 Epoch 21 | average train loss: 0.0109
2024-09-03 01:07:16 INFO     	 Epoch 21 | average valid loss: 0.0093
2024-09-03 01:08:02 INFO     	 Epoch 22 | average train loss: 0.0109
2024-09-03 01:08:03 INFO     	 Epoch 22 | average valid loss: 0.0093
2024-09-03 01:08:49 INFO     	 Epoch 23 | average train loss: 0.0108
2024-09-03 01:08:50 INFO     	 Epoch 23 | average valid loss: 0.0093
2024-09-03 01:09:36 INFO     	 Epoch 24 | average train loss: 0.0107
2024-09-03 01:09:37 INFO     	 Epoch 24 | average valid loss: 0.0092
2024-09-03 01:09:50 INFO     
average valid metrics:	MR: 319.313	| MRR: 0.257	| H@1: 0.183	| H@3: 0.279	| H@10: 0.403	| AMRI: 0.956	| rank_deviation: 0.00014
2024-09-03 01:09:50 INFO     	 Saving model at epoch 24 in logs\09_03\FB15K-237\ComplEx_00_48_51
2024-09-03 01:10:37 INFO     	 Epoch 25 | average train loss: 0.0106
2024-09-03 01:10:37 INFO     	 Epoch 25 | average valid loss: 0.0093
2024-09-03 01:11:24 INFO     	 Epoch 26 | average train loss: 0.0105
2024-09-03 01:11:24 INFO     	 Epoch 26 | average valid loss: 0.0092
2024-09-03 01:12:11 INFO     	 Epoch 27 | average train loss: 0.0105
2024-09-03 01:12:11 INFO     	 Epoch 27 | average valid loss: 0.0093
2024-09-03 01:12:58 INFO     	 Epoch 28 | average train loss: 0.0104
2024-09-03 01:12:58 INFO     	 Epoch 28 | average valid loss: 0.0092
2024-09-03 01:13:45 INFO     	 Epoch 29 | average train loss: 0.0103
2024-09-03 01:13:46 INFO     	 Epoch 29 | average valid loss: 0.0092
2024-09-03 01:14:00 INFO     
average valid metrics:	MR: 308.414	| MRR: 0.258	| H@1: 0.183	| H@3: 0.280	| H@10: 0.409	| AMRI: 0.958	| rank_deviation: 0.00014
2024-09-03 01:14:00 INFO     	 Saving model at epoch 29 in logs\09_03\FB15K-237\ComplEx_00_48_51
2024-09-03 01:14:47 INFO     	 Epoch 30 | average train loss: 0.0102
2024-09-03 01:14:47 INFO     	 Epoch 30 | average valid loss: 0.0092
2024-09-03 01:15:35 INFO     	 Epoch 31 | average train loss: 0.0101
2024-09-03 01:15:35 INFO     	 Epoch 31 | average valid loss: 0.0092
2024-09-03 01:16:22 INFO     	 Epoch 32 | average train loss: 0.0101
2024-09-03 01:16:23 INFO     	 Epoch 32 | average valid loss: 0.0092
2024-09-03 01:17:10 INFO     	 Epoch 33 | average train loss: 0.0100
2024-09-03 01:17:10 INFO     	 Epoch 33 | average valid loss: 0.0092
2024-09-03 01:17:58 INFO     	 Epoch 34 | average train loss: 0.0099
2024-09-03 01:17:58 INFO     	 Epoch 34 | average valid loss: 0.0092
2024-09-03 01:18:11 INFO     
average valid metrics:	MR: 301.713	| MRR: 0.260	| H@1: 0.185	| H@3: 0.284	| H@10: 0.413	| AMRI: 0.959	| rank_deviation: 0.00006
2024-09-03 01:18:11 INFO     	 Saving model at epoch 34 in logs\09_03\FB15K-237\ComplEx_00_48_51
2024-09-03 01:19:00 INFO     	 Epoch 35 | average train loss: 0.0099
2024-09-03 01:19:01 INFO     	 Epoch 35 | average valid loss: 0.0092
2024-09-03 01:19:50 INFO     	 Epoch 36 | average train loss: 0.0098
2024-09-03 01:19:51 INFO     	 Epoch 36 | average valid loss: 0.0093
2024-09-03 01:20:38 INFO     	 Epoch 37 | average train loss: 0.0097
2024-09-03 01:20:38 INFO     	 Epoch 37 | average valid loss: 0.0092
2024-09-03 01:21:25 INFO     	 Epoch 38 | average train loss: 0.0097
2024-09-03 01:21:26 INFO     	 Epoch 38 | average valid loss: 0.0092
2024-09-03 01:22:13 INFO     	 Epoch 39 | average train loss: 0.0096
2024-09-03 01:22:13 INFO     	 Epoch 39 | average valid loss: 0.0092
2024-09-03 01:22:27 INFO     
average valid metrics:	MR: 297.386	| MRR: 0.262	| H@1: 0.187	| H@3: 0.285	| H@10: 0.415	| AMRI: 0.959	| rank_deviation: 0.00014
2024-09-03 01:22:27 INFO     	 Saving model at epoch 39 in logs\09_03\FB15K-237\ComplEx_00_48_51
2024-09-03 01:23:14 INFO     	 Epoch 40 | average train loss: 0.0096
2024-09-03 01:23:14 INFO     	 Epoch 40 | average valid loss: 0.0092
2024-09-03 01:24:02 INFO     	 Epoch 41 | average train loss: 0.0095
2024-09-03 01:24:03 INFO     	 Epoch 41 | average valid loss: 0.0093
2024-09-03 01:24:50 INFO     	 Epoch 42 | average train loss: 0.0095
2024-09-03 01:24:50 INFO     	 Epoch 42 | average valid loss: 0.0093
2024-09-03 01:25:37 INFO     	 Epoch 43 | average train loss: 0.0094
2024-09-03 01:25:38 INFO     	 Epoch 43 | average valid loss: 0.0093
2024-09-03 01:26:26 INFO     	 Epoch 44 | average train loss: 0.0094
2024-09-03 01:26:27 INFO     	 Epoch 44 | average valid loss: 0.0093
2024-09-03 01:26:43 INFO     
average valid metrics:	MR: 294.861	| MRR: 0.264	| H@1: 0.188	| H@3: 0.288	| H@10: 0.417	| AMRI: 0.960	| rank_deviation: 0.00017
2024-09-03 01:26:43 INFO     	 Saving model at epoch 44 in logs\09_03\FB15K-237\ComplEx_00_48_51
2024-09-03 01:27:29 INFO     	 Epoch 45 | average train loss: 0.0093
2024-09-03 01:27:30 INFO     	 Epoch 45 | average valid loss: 0.0093
2024-09-03 01:28:17 INFO     	 Epoch 46 | average train loss: 0.0093
2024-09-03 01:28:17 INFO     	 Epoch 46 | average valid loss: 0.0092
2024-09-03 01:29:04 INFO     	 Epoch 47 | average train loss: 0.0092
2024-09-03 01:29:05 INFO     	 Epoch 47 | average valid loss: 0.0093
2024-09-03 01:29:54 INFO     	 Epoch 48 | average train loss: 0.0092
2024-09-03 01:29:54 INFO     	 Epoch 48 | average valid loss: 0.0093
2024-09-03 01:30:42 INFO     	 Epoch 49 | average train loss: 0.0091
2024-09-03 01:30:42 INFO     	 Epoch 49 | average valid loss: 0.0093
2024-09-03 01:30:57 INFO     
average valid metrics:	MR: 293.001	| MRR: 0.265	| H@1: 0.188	| H@3: 0.289	| H@10: 0.418	| AMRI: 0.960	| rank_deviation: 0.00014
2024-09-03 01:30:57 INFO     	 Saving model at epoch 49 in logs\09_03\FB15K-237\ComplEx_00_48_51
2024-09-03 01:31:45 INFO     	 Epoch 50 | average train loss: 0.0091
2024-09-03 01:31:45 INFO     	 Epoch 50 | average valid loss: 0.0093
2024-09-03 01:32:35 INFO     	 Epoch 51 | average train loss: 0.0091
2024-09-03 01:32:35 INFO     	 Epoch 51 | average valid loss: 0.0093
2024-09-03 01:33:22 INFO     	 Epoch 52 | average train loss: 0.0090
2024-09-03 01:33:23 INFO     	 Epoch 52 | average valid loss: 0.0093
2024-09-03 01:34:10 INFO     	 Epoch 53 | average train loss: 0.0090
2024-09-03 01:34:10 INFO     	 Epoch 53 | average valid loss: 0.0093
2024-09-03 01:34:58 INFO     	 Epoch 54 | average train loss: 0.0090
2024-09-03 01:34:59 INFO     	 Epoch 54 | average valid loss: 0.0093
2024-09-03 01:35:12 INFO     
average valid metrics:	MR: 291.653	| MRR: 0.265	| H@1: 0.188	| H@3: 0.289	| H@10: 0.421	| AMRI: 0.960	| rank_deviation: 0.00000
2024-09-03 01:35:12 INFO     	 Saving model at epoch 54 in logs\09_03\FB15K-237\ComplEx_00_48_51
2024-09-03 01:35:59 INFO     	 Epoch 55 | average train loss: 0.0089
2024-09-03 01:36:00 INFO     	 Epoch 55 | average valid loss: 0.0093
2024-09-03 01:36:46 INFO     	 Epoch 56 | average train loss: 0.0089
2024-09-03 01:36:47 INFO     	 Epoch 56 | average valid loss: 0.0094
2024-09-03 01:37:33 INFO     	 Epoch 57 | average train loss: 0.0089
2024-09-03 01:37:33 INFO     	 Epoch 57 | average valid loss: 0.0094
2024-09-03 01:38:23 INFO     	 Epoch 58 | average train loss: 0.0088
2024-09-03 01:38:23 INFO     	 Epoch 58 | average valid loss: 0.0094
2024-09-03 01:39:14 INFO     	 Epoch 59 | average train loss: 0.0088
2024-09-03 01:39:15 INFO     	 Epoch 59 | average valid loss: 0.0094
2024-09-03 01:39:27 INFO     
average valid metrics:	MR: 290.546	| MRR: 0.265	| H@1: 0.188	| H@3: 0.288	| H@10: 0.421	| AMRI: 0.960	| rank_deviation: 0.00003
2024-09-03 01:40:10 INFO     	 Epoch 60 | average train loss: 0.0088
2024-09-03 01:40:11 INFO     	 Epoch 60 | average valid loss: 0.0094
2024-09-03 01:40:54 INFO     	 Epoch 61 | average train loss: 0.0088
2024-09-03 01:40:54 INFO     	 Epoch 61 | average valid loss: 0.0094
2024-09-03 01:41:38 INFO     	 Epoch 62 | average train loss: 0.0087
2024-09-03 01:41:38 INFO     	 Epoch 62 | average valid loss: 0.0094
2024-09-03 01:42:21 INFO     	 Epoch 63 | average train loss: 0.0087
2024-09-03 01:42:22 INFO     	 Epoch 63 | average valid loss: 0.0094
2024-09-03 01:43:05 INFO     	 Epoch 64 | average train loss: 0.0087
2024-09-03 01:43:06 INFO     	 Epoch 64 | average valid loss: 0.0095
2024-09-03 01:43:18 INFO     
average valid metrics:	MR: 289.910	| MRR: 0.266	| H@1: 0.189	| H@3: 0.290	| H@10: 0.423	| AMRI: 0.960	| rank_deviation: 0.00006
2024-09-03 01:43:18 INFO     	 Saving model at epoch 64 in logs\09_03\FB15K-237\ComplEx_00_48_51
2024-09-03 01:44:02 INFO     	 Epoch 65 | average train loss: 0.0087
2024-09-03 01:44:02 INFO     	 Epoch 65 | average valid loss: 0.0094
2024-09-03 01:44:46 INFO     	 Epoch 66 | average train loss: 0.0086
2024-09-03 01:44:46 INFO     	 Epoch 66 | average valid loss: 0.0095
2024-09-03 01:45:29 INFO     	 Epoch 67 | average train loss: 0.0086
2024-09-03 01:45:29 INFO     	 Epoch 67 | average valid loss: 0.0095
2024-09-03 01:46:13 INFO     	 Epoch 68 | average train loss: 0.0086
2024-09-03 01:46:13 INFO     	 Epoch 68 | average valid loss: 0.0095
2024-09-03 01:46:56 INFO     	 Epoch 69 | average train loss: 0.0086
2024-09-03 01:46:56 INFO     	 Epoch 69 | average valid loss: 0.0095
2024-09-03 01:47:09 INFO     
average valid metrics:	MR: 289.396	| MRR: 0.267	| H@1: 0.190	| H@3: 0.292	| H@10: 0.422	| AMRI: 0.960	| rank_deviation: 0.00006
2024-09-03 01:47:09 INFO     	 Saving model at epoch 69 in logs\09_03\FB15K-237\ComplEx_00_48_51
2024-09-03 01:47:53 INFO     	 Epoch 70 | average train loss: 0.0086
2024-09-03 01:47:53 INFO     	 Epoch 70 | average valid loss: 0.0095
2024-09-03 01:48:36 INFO     	 Epoch 71 | average train loss: 0.0085
2024-09-03 01:48:37 INFO     	 Epoch 71 | average valid loss: 0.0095
2024-09-03 01:49:20 INFO     	 Epoch 72 | average train loss: 0.0085
2024-09-03 01:49:20 INFO     	 Epoch 72 | average valid loss: 0.0095
2024-09-03 01:50:03 INFO     	 Epoch 73 | average train loss: 0.0085
2024-09-03 01:50:04 INFO     	 Epoch 73 | average valid loss: 0.0095
2024-09-03 01:50:47 INFO     	 Epoch 74 | average train loss: 0.0085
2024-09-03 01:50:47 INFO     	 Epoch 74 | average valid loss: 0.0096
2024-09-03 01:51:00 INFO     
average valid metrics:	MR: 289.016	| MRR: 0.267	| H@1: 0.189	| H@3: 0.293	| H@10: 0.422	| AMRI: 0.960	| rank_deviation: 0.00020
2024-09-03 01:51:00 INFO     	 Saving model at epoch 74 in logs\09_03\FB15K-237\ComplEx_00_48_51
2024-09-03 01:51:43 INFO     	 Epoch 75 | average train loss: 0.0085
2024-09-03 01:51:44 INFO     	 Epoch 75 | average valid loss: 0.0096
2024-09-03 01:52:27 INFO     	 Epoch 76 | average train loss: 0.0084
2024-09-03 01:52:27 INFO     	 Epoch 76 | average valid loss: 0.0096
2024-09-03 01:53:10 INFO     	 Epoch 77 | average train loss: 0.0084
2024-09-03 01:53:11 INFO     	 Epoch 77 | average valid loss: 0.0096
2024-09-03 01:53:54 INFO     	 Epoch 78 | average train loss: 0.0084
2024-09-03 01:53:54 INFO     	 Epoch 78 | average valid loss: 0.0096
2024-09-03 01:54:38 INFO     	 Epoch 79 | average train loss: 0.0084
2024-09-03 01:54:38 INFO     	 Epoch 79 | average valid loss: 0.0096
2024-09-03 01:54:51 INFO     
average valid metrics:	MR: 288.992	| MRR: 0.268	| H@1: 0.189	| H@3: 0.293	| H@10: 0.424	| AMRI: 0.960	| rank_deviation: 0.00006
2024-09-03 01:54:51 INFO     	 Saving model at epoch 79 in logs\09_03\FB15K-237\ComplEx_00_48_51
2024-09-03 01:55:35 INFO     	 Epoch 80 | average train loss: 0.0084
2024-09-03 01:55:35 INFO     	 Epoch 80 | average valid loss: 0.0096
2024-09-03 01:56:18 INFO     	 Epoch 81 | average train loss: 0.0084
2024-09-03 01:56:19 INFO     	 Epoch 81 | average valid loss: 0.0096
2024-09-03 01:57:02 INFO     	 Epoch 82 | average train loss: 0.0083
2024-09-03 01:57:02 INFO     	 Epoch 82 | average valid loss: 0.0096
2024-09-03 01:57:45 INFO     	 Epoch 83 | average train loss: 0.0083
2024-09-03 01:57:46 INFO     	 Epoch 83 | average valid loss: 0.0097
2024-09-03 01:58:29 INFO     	 Epoch 84 | average train loss: 0.0083
2024-09-03 01:58:30 INFO     	 Epoch 84 | average valid loss: 0.0097
2024-09-03 01:58:44 INFO     
average valid metrics:	MR: 288.736	| MRR: 0.268	| H@1: 0.189	| H@3: 0.293	| H@10: 0.423	| AMRI: 0.960	| rank_deviation: 0.00014
2024-09-03 01:59:27 INFO     	 Epoch 85 | average train loss: 0.0083
2024-09-03 01:59:28 INFO     	 Epoch 85 | average valid loss: 0.0097
2024-09-03 02:00:11 INFO     	 Epoch 86 | average train loss: 0.0083
2024-09-03 02:00:11 INFO     	 Epoch 86 | average valid loss: 0.0097
2024-09-03 02:00:54 INFO     	 Epoch 87 | average train loss: 0.0083
2024-09-03 02:00:55 INFO     	 Epoch 87 | average valid loss: 0.0097
2024-09-03 02:01:38 INFO     	 Epoch 88 | average train loss: 0.0082
2024-09-03 02:01:38 INFO     	 Epoch 88 | average valid loss: 0.0097
2024-09-03 02:02:21 INFO     	 Epoch 89 | average train loss: 0.0082
2024-09-03 02:02:22 INFO     	 Epoch 89 | average valid loss: 0.0097
2024-09-03 02:02:35 INFO     
average valid metrics:	MR: 288.720	| MRR: 0.268	| H@1: 0.189	| H@3: 0.294	| H@10: 0.424	| AMRI: 0.960	| rank_deviation: 0.00009
2024-09-03 02:02:35 INFO     	 Saving model at epoch 89 in logs\09_03\FB15K-237\ComplEx_00_48_51
2024-09-03 02:03:18 INFO     	 Epoch 90 | average train loss: 0.0082
2024-09-03 02:03:19 INFO     	 Epoch 90 | average valid loss: 0.0097
2024-09-03 02:04:02 INFO     	 Epoch 91 | average train loss: 0.0082
2024-09-03 02:04:02 INFO     	 Epoch 91 | average valid loss: 0.0097
2024-09-03 02:04:45 INFO     	 Epoch 92 | average train loss: 0.0082
2024-09-03 02:04:46 INFO     	 Epoch 92 | average valid loss: 0.0097
2024-09-03 02:05:29 INFO     	 Epoch 93 | average train loss: 0.0082
2024-09-03 02:05:29 INFO     	 Epoch 93 | average valid loss: 0.0097
2024-09-03 02:06:12 INFO     	 Epoch 94 | average train loss: 0.0082
2024-09-03 02:06:12 INFO     	 Epoch 94 | average valid loss: 0.0098
2024-09-03 02:06:26 INFO     
average valid metrics:	MR: 288.957	| MRR: 0.268	| H@1: 0.189	| H@3: 0.293	| H@10: 0.424	| AMRI: 0.960	| rank_deviation: 0.00006
2024-09-03 02:06:26 INFO     	 Saving model at epoch 94 in logs\09_03\FB15K-237\ComplEx_00_48_51
2024-09-03 02:07:09 INFO     	 Epoch 95 | average train loss: 0.0081
2024-09-03 02:07:10 INFO     	 Epoch 95 | average valid loss: 0.0097
2024-09-03 02:07:53 INFO     	 Epoch 96 | average train loss: 0.0081
2024-09-03 02:07:53 INFO     	 Epoch 96 | average valid loss: 0.0098
2024-09-03 02:08:36 INFO     	 Epoch 97 | average train loss: 0.0081
2024-09-03 02:08:37 INFO     	 Epoch 97 | average valid loss: 0.0097
2024-09-03 02:09:20 INFO     	 Epoch 98 | average train loss: 0.0081
2024-09-03 02:09:20 INFO     	 Epoch 98 | average valid loss: 0.0098
2024-09-03 02:10:03 INFO     	 Epoch 99 | average train loss: 0.0081
2024-09-03 02:10:04 INFO     	 Epoch 99 | average valid loss: 0.0098
2024-09-03 02:10:18 INFO     
average valid metrics:	MR: 289.130	| MRR: 0.268	| H@1: 0.190	| H@3: 0.293	| H@10: 0.424	| AMRI: 0.960	| rank_deviation: 0.00014
2024-09-03 02:10:18 INFO     	 Saving model at epoch 99 in logs\09_03\FB15K-237\ComplEx_00_48_51
2024-09-03 02:11:01 INFO     	 Epoch 100 | average train loss: 0.0081
2024-09-03 02:11:02 INFO     	 Epoch 100 | average valid loss: 0.0098
2024-09-03 02:11:45 INFO     	 Epoch 101 | average train loss: 0.0081
2024-09-03 02:11:45 INFO     	 Epoch 101 | average valid loss: 0.0098
2024-09-03 02:12:28 INFO     	 Epoch 102 | average train loss: 0.0081
2024-09-03 02:12:29 INFO     	 Epoch 102 | average valid loss: 0.0098
2024-09-03 02:13:12 INFO     	 Epoch 103 | average train loss: 0.0080
2024-09-03 02:13:12 INFO     	 Epoch 103 | average valid loss: 0.0098
2024-09-03 02:13:55 INFO     	 Epoch 104 | average train loss: 0.0080
2024-09-03 02:13:56 INFO     	 Epoch 104 | average valid loss: 0.0098
2024-09-03 02:14:10 INFO     
average valid metrics:	MR: 289.041	| MRR: 0.268	| H@1: 0.189	| H@3: 0.293	| H@10: 0.424	| AMRI: 0.960	| rank_deviation: 0.00003
2024-09-03 02:14:53 INFO     	 Epoch 105 | average train loss: 0.0080
2024-09-03 02:14:53 INFO     	 Epoch 105 | average valid loss: 0.0098
2024-09-03 02:15:36 INFO     	 Epoch 106 | average train loss: 0.0080
2024-09-03 02:15:36 INFO     	 Epoch 106 | average valid loss: 0.0099
2024-09-03 02:16:20 INFO     	 Epoch 107 | average train loss: 0.0080
2024-09-03 02:16:20 INFO     	 Epoch 107 | average valid loss: 0.0099
2024-09-03 02:17:03 INFO     	 Epoch 108 | average train loss: 0.0080
2024-09-03 02:17:04 INFO     	 Epoch 108 | average valid loss: 0.0099
2024-09-03 02:17:46 INFO     	 Epoch 109 | average train loss: 0.0080
2024-09-03 02:17:47 INFO     	 Epoch 109 | average valid loss: 0.0098
2024-09-03 02:18:01 INFO     
average valid metrics:	MR: 289.085	| MRR: 0.268	| H@1: 0.190	| H@3: 0.294	| H@10: 0.424	| AMRI: 0.960	| rank_deviation: 0.00003
2024-09-03 02:18:01 INFO     	 Saving model at epoch 109 in logs\09_03\FB15K-237\ComplEx_00_48_51
2024-09-03 02:18:44 INFO     	 Epoch 110 | average train loss: 0.0080
2024-09-03 02:18:45 INFO     	 Epoch 110 | average valid loss: 0.0099
2024-09-03 02:19:28 INFO     	 Epoch 111 | average train loss: 0.0080
2024-09-03 02:19:28 INFO     	 Epoch 111 | average valid loss: 0.0099
2024-09-03 02:20:11 INFO     	 Epoch 112 | average train loss: 0.0080
2024-09-03 02:20:11 INFO     	 Epoch 112 | average valid loss: 0.0099
2024-09-03 02:20:55 INFO     	 Epoch 113 | average train loss: 0.0079
2024-09-03 02:20:55 INFO     	 Epoch 113 | average valid loss: 0.0099
2024-09-03 02:21:38 INFO     	 Epoch 114 | average train loss: 0.0079
2024-09-03 02:21:38 INFO     	 Epoch 114 | average valid loss: 0.0100
2024-09-03 02:21:53 INFO     
average valid metrics:	MR: 289.225	| MRR: 0.268	| H@1: 0.190	| H@3: 0.294	| H@10: 0.426	| AMRI: 0.960	| rank_deviation: 0.00003
2024-09-03 02:21:53 INFO     	 Saving model at epoch 114 in logs\09_03\FB15K-237\ComplEx_00_48_51
2024-09-03 02:22:36 INFO     	 Epoch 115 | average train loss: 0.0079
2024-09-03 02:22:36 INFO     	 Epoch 115 | average valid loss: 0.0099
2024-09-03 02:23:20 INFO     	 Epoch 116 | average train loss: 0.0079
2024-09-03 02:23:21 INFO     	 Epoch 116 | average valid loss: 0.0099
2024-09-03 02:24:04 INFO     	 Epoch 117 | average train loss: 0.0079
2024-09-03 02:24:04 INFO     	 Epoch 117 | average valid loss: 0.0099
2024-09-03 02:24:49 INFO     	 Epoch 118 | average train loss: 0.0079
2024-09-03 02:24:49 INFO     	 Epoch 118 | average valid loss: 0.0100
2024-09-03 02:25:33 INFO     	 Epoch 119 | average train loss: 0.0079
2024-09-03 02:25:33 INFO     	 Epoch 119 | average valid loss: 0.0100
2024-09-03 02:25:48 INFO     
average valid metrics:	MR: 289.437	| MRR: 0.269	| H@1: 0.191	| H@3: 0.294	| H@10: 0.425	| AMRI: 0.960	| rank_deviation: 0.00003
2024-09-03 02:25:48 INFO     	 Saving model at epoch 119 in logs\09_03\FB15K-237\ComplEx_00_48_51
2024-09-03 02:26:31 INFO     	 Epoch 120 | average train loss: 0.0079
2024-09-03 02:26:32 INFO     	 Epoch 120 | average valid loss: 0.0100
2024-09-03 02:27:15 INFO     	 Epoch 121 | average train loss: 0.0079
2024-09-03 02:27:15 INFO     	 Epoch 121 | average valid loss: 0.0100
2024-09-03 02:27:58 INFO     	 Epoch 122 | average train loss: 0.0079
2024-09-03 02:27:58 INFO     	 Epoch 122 | average valid loss: 0.0100
2024-09-03 02:28:41 INFO     	 Epoch 123 | average train loss: 0.0079
2024-09-03 02:28:42 INFO     	 Epoch 123 | average valid loss: 0.0101
2024-09-03 02:29:25 INFO     	 Epoch 124 | average train loss: 0.0078
2024-09-03 02:29:25 INFO     	 Epoch 124 | average valid loss: 0.0100
2024-09-03 02:29:40 INFO     
average valid metrics:	MR: 289.500	| MRR: 0.269	| H@1: 0.191	| H@3: 0.295	| H@10: 0.425	| AMRI: 0.960	| rank_deviation: 0.00011
2024-09-03 02:29:40 INFO     	 Saving model at epoch 124 in logs\09_03\FB15K-237\ComplEx_00_48_51
2024-09-03 02:30:23 INFO     	 Epoch 125 | average train loss: 0.0078
2024-09-03 02:30:23 INFO     	 Epoch 125 | average valid loss: 0.0100
2024-09-03 02:31:06 INFO     	 Epoch 126 | average train loss: 0.0078
2024-09-03 02:31:07 INFO     	 Epoch 126 | average valid loss: 0.0100
2024-09-03 02:31:50 INFO     	 Epoch 127 | average train loss: 0.0078
2024-09-03 02:31:50 INFO     	 Epoch 127 | average valid loss: 0.0100
2024-09-03 02:32:33 INFO     	 Epoch 128 | average train loss: 0.0078
2024-09-03 02:32:34 INFO     	 Epoch 128 | average valid loss: 0.0101
2024-09-03 02:33:17 INFO     	 Epoch 129 | average train loss: 0.0078
2024-09-03 02:33:17 INFO     	 Epoch 129 | average valid loss: 0.0101
2024-09-03 02:33:32 INFO     
average valid metrics:	MR: 289.772	| MRR: 0.269	| H@1: 0.190	| H@3: 0.294	| H@10: 0.425	| AMRI: 0.960	| rank_deviation: 0.00003
2024-09-03 02:34:15 INFO     	 Epoch 130 | average train loss: 0.0078
2024-09-03 02:34:15 INFO     	 Epoch 130 | average valid loss: 0.0101
2024-09-03 02:34:58 INFO     	 Epoch 131 | average train loss: 0.0078
2024-09-03 02:34:59 INFO     	 Epoch 131 | average valid loss: 0.0101
2024-09-03 02:35:42 INFO     	 Epoch 132 | average train loss: 0.0078
2024-09-03 02:35:42 INFO     	 Epoch 132 | average valid loss: 0.0101
2024-09-03 02:36:25 INFO     	 Epoch 133 | average train loss: 0.0078
2024-09-03 02:36:26 INFO     	 Epoch 133 | average valid loss: 0.0101
2024-09-03 02:37:09 INFO     	 Epoch 134 | average train loss: 0.0078
2024-09-03 02:37:09 INFO     	 Epoch 134 | average valid loss: 0.0101
2024-09-03 02:37:24 INFO     
average valid metrics:	MR: 289.853	| MRR: 0.269	| H@1: 0.190	| H@3: 0.296	| H@10: 0.425	| AMRI: 0.960	| rank_deviation: 0.00000
2024-09-03 02:38:07 INFO     	 Epoch 135 | average train loss: 0.0078
2024-09-03 02:38:08 INFO     	 Epoch 135 | average valid loss: 0.0101
2024-09-03 02:38:51 INFO     	 Epoch 136 | average train loss: 0.0078
2024-09-03 02:38:51 INFO     	 Epoch 136 | average valid loss: 0.0102
2024-09-03 02:39:34 INFO     	 Epoch 137 | average train loss: 0.0077
2024-09-03 02:39:35 INFO     	 Epoch 137 | average valid loss: 0.0101
2024-09-03 02:40:18 INFO     	 Epoch 138 | average train loss: 0.0077
2024-09-03 02:40:18 INFO     	 Epoch 138 | average valid loss: 0.0101
2024-09-03 02:41:01 INFO     	 Epoch 139 | average train loss: 0.0077
2024-09-03 02:41:01 INFO     	 Epoch 139 | average valid loss: 0.0101
2024-09-03 02:41:16 INFO     
average valid metrics:	MR: 290.135	| MRR: 0.269	| H@1: 0.190	| H@3: 0.294	| H@10: 0.424	| AMRI: 0.960	| rank_deviation: 0.00006
2024-09-03 02:42:00 INFO     	 Epoch 140 | average train loss: 0.0077
2024-09-03 02:42:00 INFO     	 Epoch 140 | average valid loss: 0.0101
2024-09-03 02:42:43 INFO     	 Epoch 141 | average train loss: 0.0077
2024-09-03 02:42:43 INFO     	 Epoch 141 | average valid loss: 0.0102
2024-09-03 02:43:27 INFO     	 Epoch 142 | average train loss: 0.0077
2024-09-03 02:43:27 INFO     	 Epoch 142 | average valid loss: 0.0102
2024-09-03 02:44:10 INFO     	 Epoch 143 | average train loss: 0.0077
2024-09-03 02:44:11 INFO     	 Epoch 143 | average valid loss: 0.0102
2024-09-03 02:44:54 INFO     	 Epoch 144 | average train loss: 0.0077
2024-09-03 02:44:54 INFO     	 Epoch 144 | average valid loss: 0.0103
2024-09-03 02:45:09 INFO     
average valid metrics:	MR: 290.280	| MRR: 0.269	| H@1: 0.190	| H@3: 0.295	| H@10: 0.425	| AMRI: 0.960	| rank_deviation: 0.00011
2024-09-03 02:45:52 INFO     	 Epoch 145 | average train loss: 0.0077
2024-09-03 02:45:53 INFO     	 Epoch 145 | average valid loss: 0.0102
2024-09-03 02:46:36 INFO     	 Epoch 146 | average train loss: 0.0077
2024-09-03 02:46:36 INFO     	 Epoch 146 | average valid loss: 0.0102
2024-09-03 02:47:19 INFO     	 Epoch 147 | average train loss: 0.0077
2024-09-03 02:47:20 INFO     	 Epoch 147 | average valid loss: 0.0102
2024-09-03 02:48:03 INFO     	 Epoch 148 | average train loss: 0.0077
2024-09-03 02:48:03 INFO     	 Epoch 148 | average valid loss: 0.0103
2024-09-03 02:48:46 INFO     	 Epoch 149 | average train loss: 0.0077
2024-09-03 02:48:47 INFO     	 Epoch 149 | average valid loss: 0.0102
2024-09-03 02:49:02 INFO     
average valid metrics:	MR: 290.369	| MRR: 0.268	| H@1: 0.189	| H@3: 0.293	| H@10: 0.424	| AMRI: 0.960	| rank_deviation: 0.00011
2024-09-03 02:49:45 INFO     	 Epoch 150 | average train loss: 0.0076
2024-09-03 02:49:45 INFO     	 Epoch 150 | average valid loss: 0.0103
2024-09-03 02:50:29 INFO     	 Epoch 151 | average train loss: 0.0076
2024-09-03 02:50:29 INFO     	 Epoch 151 | average valid loss: 0.0102
2024-09-03 02:51:12 INFO     	 Epoch 152 | average train loss: 0.0076
2024-09-03 02:51:12 INFO     	 Epoch 152 | average valid loss: 0.0103
2024-09-03 02:51:55 INFO     	 Epoch 153 | average train loss: 0.0076
2024-09-03 02:51:56 INFO     	 Epoch 153 | average valid loss: 0.0103
2024-09-03 02:52:39 INFO     	 Epoch 154 | average train loss: 0.0076
2024-09-03 02:52:39 INFO     	 Epoch 154 | average valid loss: 0.0103
2024-09-03 02:52:55 INFO     
average valid metrics:	MR: 290.672	| MRR: 0.269	| H@1: 0.190	| H@3: 0.295	| H@10: 0.426	| AMRI: 0.960	| rank_deviation: 0.00009
2024-09-03 02:53:38 INFO     	 Epoch 155 | average train loss: 0.0076
2024-09-03 02:53:39 INFO     	 Epoch 155 | average valid loss: 0.0103
2024-09-03 02:54:21 INFO     	 Epoch 156 | average train loss: 0.0076
2024-09-03 02:54:22 INFO     	 Epoch 156 | average valid loss: 0.0103
2024-09-03 02:55:05 INFO     	 Epoch 157 | average train loss: 0.0076
2024-09-03 02:55:05 INFO     	 Epoch 157 | average valid loss: 0.0103
2024-09-03 02:55:48 INFO     	 Epoch 158 | average train loss: 0.0076
2024-09-03 02:55:49 INFO     	 Epoch 158 | average valid loss: 0.0103
2024-09-03 02:56:32 INFO     	 Epoch 159 | average train loss: 0.0076
2024-09-03 02:56:32 INFO     	 Epoch 159 | average valid loss: 0.0103
2024-09-03 02:56:48 INFO     
average valid metrics:	MR: 290.689	| MRR: 0.268	| H@1: 0.189	| H@3: 0.294	| H@10: 0.425	| AMRI: 0.960	| rank_deviation: 0.00009
2024-09-03 02:57:31 INFO     	 Epoch 160 | average train loss: 0.0076
2024-09-03 02:57:31 INFO     	 Epoch 160 | average valid loss: 0.0104
2024-09-03 02:58:14 INFO     	 Epoch 161 | average train loss: 0.0076
2024-09-03 02:58:15 INFO     	 Epoch 161 | average valid loss: 0.0103
2024-09-03 02:58:58 INFO     	 Epoch 162 | average train loss: 0.0076
2024-09-03 02:58:58 INFO     	 Epoch 162 | average valid loss: 0.0103
2024-09-03 02:59:42 INFO     	 Epoch 163 | average train loss: 0.0076
2024-09-03 02:59:42 INFO     	 Epoch 163 | average valid loss: 0.0103
2024-09-03 03:00:25 INFO     	 Epoch 164 | average train loss: 0.0076
2024-09-03 03:00:26 INFO     	 Epoch 164 | average valid loss: 0.0103
2024-09-03 03:00:41 INFO     
average valid metrics:	MR: 290.857	| MRR: 0.269	| H@1: 0.189	| H@3: 0.295	| H@10: 0.424	| AMRI: 0.960	| rank_deviation: 0.00011
2024-09-03 03:01:24 INFO     	 Epoch 165 | average train loss: 0.0076
2024-09-03 03:01:25 INFO     	 Epoch 165 | average valid loss: 0.0103
2024-09-03 03:02:08 INFO     	 Epoch 166 | average train loss: 0.0076
2024-09-03 03:02:08 INFO     	 Epoch 166 | average valid loss: 0.0103
2024-09-03 03:02:51 INFO     	 Epoch 167 | average train loss: 0.0075
2024-09-03 03:02:52 INFO     	 Epoch 167 | average valid loss: 0.0104
2024-09-03 03:03:35 INFO     	 Epoch 168 | average train loss: 0.0075
2024-09-03 03:03:35 INFO     	 Epoch 168 | average valid loss: 0.0104
2024-09-03 03:04:18 INFO     	 Epoch 169 | average train loss: 0.0075
2024-09-03 03:04:18 INFO     	 Epoch 169 | average valid loss: 0.0104
2024-09-03 03:04:34 INFO     
average valid metrics:	MR: 290.792	| MRR: 0.269	| H@1: 0.190	| H@3: 0.295	| H@10: 0.426	| AMRI: 0.960	| rank_deviation: 0.00011
2024-09-03 03:04:34 INFO     	 Saving model at epoch 169 in logs\09_03\FB15K-237\ComplEx_00_48_51
2024-09-03 03:05:17 INFO     	 Epoch 170 | average train loss: 0.0075
2024-09-03 03:05:18 INFO     	 Epoch 170 | average valid loss: 0.0104
2024-09-03 03:06:01 INFO     	 Epoch 171 | average train loss: 0.0075
2024-09-03 03:06:01 INFO     	 Epoch 171 | average valid loss: 0.0104
2024-09-03 03:06:45 INFO     	 Epoch 172 | average train loss: 0.0075
2024-09-03 03:06:45 INFO     	 Epoch 172 | average valid loss: 0.0104
2024-09-03 03:07:28 INFO     	 Epoch 173 | average train loss: 0.0075
2024-09-03 03:07:28 INFO     	 Epoch 173 | average valid loss: 0.0104
2024-09-03 03:08:12 INFO     	 Epoch 174 | average train loss: 0.0075
2024-09-03 03:08:12 INFO     	 Epoch 174 | average valid loss: 0.0104
2024-09-03 03:08:28 INFO     
average valid metrics:	MR: 291.236	| MRR: 0.270	| H@1: 0.191	| H@3: 0.295	| H@10: 0.426	| AMRI: 0.960	| rank_deviation: 0.00006
2024-09-03 03:08:28 INFO     	 Saving model at epoch 174 in logs\09_03\FB15K-237\ComplEx_00_48_51
2024-09-03 03:09:11 INFO     	 Epoch 175 | average train loss: 0.0075
2024-09-03 03:09:11 INFO     	 Epoch 175 | average valid loss: 0.0104
2024-09-03 03:09:54 INFO     	 Epoch 176 | average train loss: 0.0075
2024-09-03 03:09:55 INFO     	 Epoch 176 | average valid loss: 0.0105
2024-09-03 03:10:38 INFO     	 Epoch 177 | average train loss: 0.0075
2024-09-03 03:10:38 INFO     	 Epoch 177 | average valid loss: 0.0105
2024-09-03 03:11:21 INFO     	 Epoch 178 | average train loss: 0.0075
2024-09-03 03:11:22 INFO     	 Epoch 178 | average valid loss: 0.0105
2024-09-03 03:12:05 INFO     	 Epoch 179 | average train loss: 0.0075
2024-09-03 03:12:05 INFO     	 Epoch 179 | average valid loss: 0.0104
2024-09-03 03:12:21 INFO     
average valid metrics:	MR: 291.176	| MRR: 0.269	| H@1: 0.190	| H@3: 0.294	| H@10: 0.425	| AMRI: 0.960	| rank_deviation: 0.00006
2024-09-03 03:13:05 INFO     	 Epoch 180 | average train loss: 0.0075
2024-09-03 03:13:05 INFO     	 Epoch 180 | average valid loss: 0.0104
2024-09-03 03:13:48 INFO     	 Epoch 181 | average train loss: 0.0075
2024-09-03 03:13:49 INFO     	 Epoch 181 | average valid loss: 0.0104
2024-09-03 03:14:32 INFO     	 Epoch 182 | average train loss: 0.0075
2024-09-03 03:14:33 INFO     	 Epoch 182 | average valid loss: 0.0105
2024-09-03 03:15:16 INFO     	 Epoch 183 | average train loss: 0.0075
2024-09-03 03:15:16 INFO     	 Epoch 183 | average valid loss: 0.0105
2024-09-03 03:15:59 INFO     	 Epoch 184 | average train loss: 0.0075
2024-09-03 03:16:00 INFO     	 Epoch 184 | average valid loss: 0.0106
2024-09-03 03:16:16 INFO     
average valid metrics:	MR: 291.383	| MRR: 0.269	| H@1: 0.191	| H@3: 0.294	| H@10: 0.424	| AMRI: 0.960	| rank_deviation: 0.00003
2024-09-03 03:16:59 INFO     	 Epoch 185 | average train loss: 0.0075
2024-09-03 03:16:59 INFO     	 Epoch 185 | average valid loss: 0.0105
2024-09-03 03:17:42 INFO     	 Epoch 186 | average train loss: 0.0075
2024-09-03 03:17:43 INFO     	 Epoch 186 | average valid loss: 0.0105
2024-09-03 03:18:26 INFO     	 Epoch 187 | average train loss: 0.0074
2024-09-03 03:18:26 INFO     	 Epoch 187 | average valid loss: 0.0105
2024-09-03 03:19:09 INFO     	 Epoch 188 | average train loss: 0.0074
2024-09-03 03:19:10 INFO     	 Epoch 188 | average valid loss: 0.0105
2024-09-03 03:19:53 INFO     	 Epoch 189 | average train loss: 0.0074
2024-09-03 03:19:53 INFO     	 Epoch 189 | average valid loss: 0.0105
2024-09-03 03:20:10 INFO     
average valid metrics:	MR: 291.457	| MRR: 0.269	| H@1: 0.190	| H@3: 0.294	| H@10: 0.424	| AMRI: 0.960	| rank_deviation: 0.00006
2024-09-03 03:20:53 INFO     	 Epoch 190 | average train loss: 0.0074
2024-09-03 03:20:53 INFO     	 Epoch 190 | average valid loss: 0.0105
2024-09-03 03:21:36 INFO     	 Epoch 191 | average train loss: 0.0074
2024-09-03 03:21:37 INFO     	 Epoch 191 | average valid loss: 0.0106
2024-09-03 03:22:20 INFO     	 Epoch 192 | average train loss: 0.0074
2024-09-03 03:22:20 INFO     	 Epoch 192 | average valid loss: 0.0105
2024-09-03 03:23:04 INFO     	 Epoch 193 | average train loss: 0.0074
2024-09-03 03:23:04 INFO     	 Epoch 193 | average valid loss: 0.0105
2024-09-03 03:23:48 INFO     	 Epoch 194 | average train loss: 0.0074
2024-09-03 03:23:48 INFO     	 Epoch 194 | average valid loss: 0.0106
2024-09-03 03:24:05 INFO     
average valid metrics:	MR: 291.440	| MRR: 0.269	| H@1: 0.190	| H@3: 0.294	| H@10: 0.425	| AMRI: 0.960	| rank_deviation: 0.00006
2024-09-03 03:24:48 INFO     	 Epoch 195 | average train loss: 0.0074
2024-09-03 03:24:48 INFO     	 Epoch 195 | average valid loss: 0.0106
2024-09-03 03:25:31 INFO     	 Epoch 196 | average train loss: 0.0074
2024-09-03 03:25:32 INFO     	 Epoch 196 | average valid loss: 0.0106
2024-09-03 03:26:15 INFO     	 Epoch 197 | average train loss: 0.0074
2024-09-03 03:26:15 INFO     	 Epoch 197 | average valid loss: 0.0106
2024-09-03 03:26:58 INFO     	 Epoch 198 | average train loss: 0.0074
2024-09-03 03:26:59 INFO     	 Epoch 198 | average valid loss: 0.0106
2024-09-03 03:27:42 INFO     	 Epoch 199 | average train loss: 0.0074
2024-09-03 03:27:42 INFO     	 Epoch 199 | average valid loss: 0.0106
2024-09-03 03:27:59 INFO     
average valid metrics:	MR: 291.560	| MRR: 0.268	| H@1: 0.189	| H@3: 0.293	| H@10: 0.425	| AMRI: 0.960	| rank_deviation: 0.00009
2024-09-03 03:28:42 INFO     	 Epoch 200 | average train loss: 0.0074
2024-09-03 03:28:42 INFO     	 Epoch 200 | average valid loss: 0.0106
2024-09-03 03:29:26 INFO     	 Epoch 201 | average train loss: 0.0074
2024-09-03 03:29:26 INFO     	 Epoch 201 | average valid loss: 0.0106
2024-09-03 03:30:09 INFO     	 Epoch 202 | average train loss: 0.0074
2024-09-03 03:30:09 INFO     	 Epoch 202 | average valid loss: 0.0106
2024-09-03 03:30:52 INFO     	 Epoch 203 | average train loss: 0.0074
2024-09-03 03:30:53 INFO     	 Epoch 203 | average valid loss: 0.0106
2024-09-03 03:31:36 INFO     	 Epoch 204 | average train loss: 0.0074
2024-09-03 03:31:36 INFO     	 Epoch 204 | average valid loss: 0.0107
2024-09-03 03:31:53 INFO     
average valid metrics:	MR: 291.546	| MRR: 0.268	| H@1: 0.189	| H@3: 0.294	| H@10: 0.425	| AMRI: 0.960	| rank_deviation: 0.00006
2024-09-03 03:32:36 INFO     	 Epoch 205 | average train loss: 0.0074
2024-09-03 03:32:37 INFO     	 Epoch 205 | average valid loss: 0.0106
2024-09-03 03:33:20 INFO     	 Epoch 206 | average train loss: 0.0074
2024-09-03 03:33:20 INFO     	 Epoch 206 | average valid loss: 0.0106
2024-09-03 03:34:03 INFO     	 Epoch 207 | average train loss: 0.0074
2024-09-03 03:34:04 INFO     	 Epoch 207 | average valid loss: 0.0107
2024-09-03 03:34:47 INFO     	 Epoch 208 | average train loss: 0.0074
2024-09-03 03:34:47 INFO     	 Epoch 208 | average valid loss: 0.0106
2024-09-03 03:35:30 INFO     	 Epoch 209 | average train loss: 0.0074
2024-09-03 03:35:31 INFO     	 Epoch 209 | average valid loss: 0.0106
2024-09-03 03:35:48 INFO     
average valid metrics:	MR: 291.598	| MRR: 0.269	| H@1: 0.190	| H@3: 0.294	| H@10: 0.425	| AMRI: 0.960	| rank_deviation: 0.00017
2024-09-03 03:36:31 INFO     	 Epoch 210 | average train loss: 0.0074
2024-09-03 03:36:31 INFO     	 Epoch 210 | average valid loss: 0.0107
2024-09-03 03:37:14 INFO     	 Epoch 211 | average train loss: 0.0073
2024-09-03 03:37:15 INFO     	 Epoch 211 | average valid loss: 0.0107
2024-09-03 03:37:58 INFO     	 Epoch 212 | average train loss: 0.0073
2024-09-03 03:37:58 INFO     	 Epoch 212 | average valid loss: 0.0107
2024-09-03 03:38:41 INFO     	 Epoch 213 | average train loss: 0.0073
2024-09-03 03:38:42 INFO     	 Epoch 213 | average valid loss: 0.0107
2024-09-03 03:39:25 INFO     	 Epoch 214 | average train loss: 0.0073
2024-09-03 03:39:25 INFO     	 Epoch 214 | average valid loss: 0.0107
2024-09-03 03:39:42 INFO     
average valid metrics:	MR: 291.730	| MRR: 0.269	| H@1: 0.190	| H@3: 0.295	| H@10: 0.425	| AMRI: 0.960	| rank_deviation: 0.00000
2024-09-03 03:40:25 INFO     	 Epoch 215 | average train loss: 0.0073
2024-09-03 03:40:26 INFO     	 Epoch 215 | average valid loss: 0.0107
2024-09-03 03:41:09 INFO     	 Epoch 216 | average train loss: 0.0073
2024-09-03 03:41:09 INFO     	 Epoch 216 | average valid loss: 0.0107
2024-09-03 03:41:52 INFO     	 Epoch 217 | average train loss: 0.0073
2024-09-03 03:41:53 INFO     	 Epoch 217 | average valid loss: 0.0107
2024-09-03 03:42:36 INFO     	 Epoch 218 | average train loss: 0.0073
2024-09-03 03:42:36 INFO     	 Epoch 218 | average valid loss: 0.0107
2024-09-03 03:43:19 INFO     	 Epoch 219 | average train loss: 0.0073
2024-09-03 03:43:20 INFO     	 Epoch 219 | average valid loss: 0.0107
2024-09-03 03:43:37 INFO     
average valid metrics:	MR: 291.736	| MRR: 0.269	| H@1: 0.190	| H@3: 0.295	| H@10: 0.426	| AMRI: 0.960	| rank_deviation: 0.00006
2024-09-03 03:44:20 INFO     	 Epoch 220 | average train loss: 0.0073
2024-09-03 03:44:20 INFO     	 Epoch 220 | average valid loss: 0.0107
2024-09-03 03:45:03 INFO     	 Epoch 221 | average train loss: 0.0073
2024-09-03 03:45:04 INFO     	 Epoch 221 | average valid loss: 0.0107
2024-09-03 03:45:47 INFO     	 Epoch 222 | average train loss: 0.0073
2024-09-03 03:45:47 INFO     	 Epoch 222 | average valid loss: 0.0108
2024-09-03 03:46:30 INFO     	 Epoch 223 | average train loss: 0.0073
2024-09-03 03:46:31 INFO     	 Epoch 223 | average valid loss: 0.0108
2024-09-03 03:47:14 INFO     	 Epoch 224 | average train loss: 0.0073
2024-09-03 03:47:14 INFO     	 Epoch 224 | average valid loss: 0.0108
2024-09-03 03:47:31 INFO     
average valid metrics:	MR: 291.743	| MRR: 0.269	| H@1: 0.190	| H@3: 0.294	| H@10: 0.425	| AMRI: 0.960	| rank_deviation: 0.00009
2024-09-03 03:48:15 INFO     	 Epoch 225 | average train loss: 0.0073
2024-09-03 03:48:15 INFO     	 Epoch 225 | average valid loss: 0.0108
2024-09-03 03:48:58 INFO     	 Epoch 226 | average train loss: 0.0073
2024-09-03 03:48:59 INFO     	 Epoch 226 | average valid loss: 0.0108
2024-09-03 03:49:42 INFO     	 Epoch 227 | average train loss: 0.0073
2024-09-03 03:49:42 INFO     	 Epoch 227 | average valid loss: 0.0108
2024-09-03 03:50:25 INFO     	 Epoch 228 | average train loss: 0.0073
2024-09-03 03:50:26 INFO     	 Epoch 228 | average valid loss: 0.0108
2024-09-03 03:51:08 INFO     	 Epoch 229 | average train loss: 0.0073
2024-09-03 03:51:09 INFO     	 Epoch 229 | average valid loss: 0.0108
2024-09-03 03:51:26 INFO     
average valid metrics:	MR: 291.884	| MRR: 0.269	| H@1: 0.190	| H@3: 0.295	| H@10: 0.425	| AMRI: 0.960	| rank_deviation: 0.00009
2024-09-03 03:52:10 INFO     	 Epoch 230 | average train loss: 0.0073
2024-09-03 03:52:10 INFO     	 Epoch 230 | average valid loss: 0.0108
2024-09-03 03:52:53 INFO     	 Epoch 231 | average train loss: 0.0073
2024-09-03 03:52:54 INFO     	 Epoch 231 | average valid loss: 0.0108
2024-09-03 03:53:37 INFO     	 Epoch 232 | average train loss: 0.0073
2024-09-03 03:53:37 INFO     	 Epoch 232 | average valid loss: 0.0108
2024-09-03 03:54:20 INFO     	 Epoch 233 | average train loss: 0.0073
2024-09-03 03:54:21 INFO     	 Epoch 233 | average valid loss: 0.0109
2024-09-03 03:55:04 INFO     	 Epoch 234 | average train loss: 0.0073
2024-09-03 03:55:04 INFO     	 Epoch 234 | average valid loss: 0.0108
2024-09-03 03:55:22 INFO     
average valid metrics:	MR: 291.843	| MRR: 0.269	| H@1: 0.190	| H@3: 0.295	| H@10: 0.426	| AMRI: 0.960	| rank_deviation: 0.00000
2024-09-03 03:56:05 INFO     	 Epoch 235 | average train loss: 0.0073
2024-09-03 03:56:06 INFO     	 Epoch 235 | average valid loss: 0.0108
2024-09-03 03:56:49 INFO     	 Epoch 236 | average train loss: 0.0073
2024-09-03 03:56:49 INFO     	 Epoch 236 | average valid loss: 0.0109
2024-09-03 03:57:32 INFO     	 Epoch 237 | average train loss: 0.0073
2024-09-03 03:57:33 INFO     	 Epoch 237 | average valid loss: 0.0109
2024-09-03 03:58:16 INFO     	 Epoch 238 | average train loss: 0.0072
2024-09-03 03:58:16 INFO     	 Epoch 238 | average valid loss: 0.0109
2024-09-03 03:58:59 INFO     	 Epoch 239 | average train loss: 0.0072
2024-09-03 03:58:59 INFO     	 Epoch 239 | average valid loss: 0.0109
2024-09-03 03:59:17 INFO     
average valid metrics:	MR: 291.804	| MRR: 0.269	| H@1: 0.191	| H@3: 0.294	| H@10: 0.425	| AMRI: 0.960	| rank_deviation: 0.00020
2024-09-03 04:00:01 INFO     	 Epoch 240 | average train loss: 0.0072
2024-09-03 04:00:01 INFO     	 Epoch 240 | average valid loss: 0.0108
2024-09-03 04:00:44 INFO     	 Epoch 241 | average train loss: 0.0072
2024-09-03 04:00:45 INFO     	 Epoch 241 | average valid loss: 0.0109
2024-09-03 04:01:28 INFO     	 Epoch 242 | average train loss: 0.0072
2024-09-03 04:01:28 INFO     	 Epoch 242 | average valid loss: 0.0109
2024-09-03 04:02:11 INFO     	 Epoch 243 | average train loss: 0.0072
2024-09-03 04:02:12 INFO     	 Epoch 243 | average valid loss: 0.0108
2024-09-03 04:02:55 INFO     	 Epoch 244 | average train loss: 0.0072
2024-09-03 04:02:55 INFO     	 Epoch 244 | average valid loss: 0.0109
2024-09-03 04:03:13 INFO     
average valid metrics:	MR: 291.849	| MRR: 0.269	| H@1: 0.191	| H@3: 0.294	| H@10: 0.425	| AMRI: 0.960	| rank_deviation: 0.00017
2024-09-03 04:03:56 INFO     	 Epoch 245 | average train loss: 0.0072
2024-09-03 04:03:57 INFO     	 Epoch 245 | average valid loss: 0.0109
2024-09-03 04:04:40 INFO     	 Epoch 246 | average train loss: 0.0072
2024-09-03 04:04:40 INFO     	 Epoch 246 | average valid loss: 0.0109
2024-09-03 04:05:23 INFO     	 Epoch 247 | average train loss: 0.0072
2024-09-03 04:05:24 INFO     	 Epoch 247 | average valid loss: 0.0109
2024-09-03 04:06:07 INFO     	 Epoch 248 | average train loss: 0.0072
2024-09-03 04:06:07 INFO     	 Epoch 248 | average valid loss: 0.0109
2024-09-03 04:06:50 INFO     	 Epoch 249 | average train loss: 0.0072
2024-09-03 04:06:50 INFO     	 Epoch 249 | average valid loss: 0.0109
2024-09-03 04:07:08 INFO     
average valid metrics:	MR: 292.021	| MRR: 0.269	| H@1: 0.190	| H@3: 0.294	| H@10: 0.425	| AMRI: 0.960	| rank_deviation: 0.00014
2024-09-03 04:07:08 INFO     	 Early stopping
2024-09-03 04:07:08 INFO     	 Optimization finished
2024-09-03 04:07:08 INFO     	 Loading best model saved at epoch 174
2024-09-03 04:07:29 INFO     
average valid metrics:	MR: 291.236	| MRR: 0.270	| H@1: 0.191	| H@3: 0.295	| H@10: 0.426	| AMRI: 0.960	| rank_deviation: 0.00006
