2024-03-26 17:32:29 INFO     ### Saving logs in: D:\OneDrive - bwedu\MASTER\Masterarbeit\Software\Ensemble_Embedding_for_Link_Prediction\data\Debug_Entity_sampling_N60_min0.6\results ###
2024-03-26 17:32:29 INFO     Sampling 60 subgraphs with a relative size (0.6, 0.7) from Debug with Entity sampling
2024-03-26 17:32:29 INFO     -/	Sampling subgraph data\Debug_Entity_sampling_N60_min0.6\sub_000 from Debug with params:
		Entity sampling and (0.6, 0.7) relative subgraph size.	\-
2024-03-26 17:32:29 INFO     Enforcing 1 relation names to be present in the subgraph.
2024-03-26 17:32:29 INFO     Current subgraph size 0.7245 reached or exceeded target size 0.7.
2024-03-26 17:32:29 INFO     Created subgraph 0 with 0 entities and 0 relation names left unused and a relative subgraph size 0.7245.
2024-03-26 17:32:29 INFO     -\	Updated config file D:\OneDrive - bwedu\MASTER\Masterarbeit\Software\Ensemble_Embedding_for_Link_Prediction\data\Debug_Entity_sampling_N60_min0.6\results\subgraph_config.csv for subgraph 000	/-

2024-03-26 17:32:29 INFO     -/	Sampling subgraph data\Debug_Entity_sampling_N60_min0.6\sub_001 from Debug with params:
		Entity sampling and (0.6, 0.7) relative subgraph size.	\-
2024-03-26 17:32:29 INFO     Current subgraph size 0.7145 reached or exceeded target size 0.7.
2024-03-26 17:32:29 INFO     Created subgraph 1 with 0 entities and 0 relation names left unused and a relative subgraph size 0.7145.
2024-03-26 17:32:29 INFO     -\	Updated config file D:\OneDrive - bwedu\MASTER\Masterarbeit\Software\Ensemble_Embedding_for_Link_Prediction\data\Debug_Entity_sampling_N60_min0.6\results\subgraph_config.csv for subgraph 001	/-

2024-03-26 17:32:29 INFO     -/	Sampling subgraph data\Debug_Entity_sampling_N60_min0.6\sub_002 from Debug with params:
		Entity sampling and (0.6, 0.7) relative subgraph size.	\-
2024-03-26 17:32:30 INFO     Current subgraph size 0.721 reached or exceeded target size 0.7.
2024-03-26 17:32:30 INFO     Created subgraph 2 with 0 entities and 0 relation names left unused and a relative subgraph size 0.721.
2024-03-26 17:32:30 INFO     -\	Updated config file D:\OneDrive - bwedu\MASTER\Masterarbeit\Software\Ensemble_Embedding_for_Link_Prediction\data\Debug_Entity_sampling_N60_min0.6\results\subgraph_config.csv for subgraph 002	/-

2024-03-26 17:32:30 INFO     -/	Sampling subgraph data\Debug_Entity_sampling_N60_min0.6\sub_003 from Debug with params:
		Entity sampling and (0.6, 0.7) relative subgraph size.	\-
2024-03-26 17:32:30 INFO     Current subgraph size 0.7105 reached or exceeded target size 0.7.
2024-03-26 17:32:30 INFO     Created subgraph 3 with 0 entities and 0 relation names left unused and a relative subgraph size 0.7105.
2024-03-26 17:32:30 INFO     -\	Updated config file D:\OneDrive - bwedu\MASTER\Masterarbeit\Software\Ensemble_Embedding_for_Link_Prediction\data\Debug_Entity_sampling_N60_min0.6\results\subgraph_config.csv for subgraph 003	/-

2024-03-26 17:32:30 INFO     -/	Sampling subgraph data\Debug_Entity_sampling_N60_min0.6\sub_004 from Debug with params:
		Entity sampling and (0.6, 0.7) relative subgraph size.	\-
2024-03-26 17:32:30 INFO     Enforcing 1 relation names to be present in the subgraph.
2024-03-26 17:32:30 INFO     Current subgraph size 0.7015 reached or exceeded target size 0.7.
2024-03-26 17:32:30 INFO     Created subgraph 4 with 0 entities and 0 relation names left unused and a relative subgraph size 0.7015.
2024-03-26 17:32:30 INFO     -\	Updated config file D:\OneDrive - bwedu\MASTER\Masterarbeit\Software\Ensemble_Embedding_for_Link_Prediction\data\Debug_Entity_sampling_N60_min0.6\results\subgraph_config.csv for subgraph 004	/-

2024-03-26 17:32:30 INFO     -/	Sampling subgraph data\Debug_Entity_sampling_N60_min0.6\sub_005 from Debug with params:
		Entity sampling and (0.6, 0.7) relative subgraph size.	\-
2024-03-26 17:32:30 INFO     Current subgraph size 0.728 reached or exceeded target size 0.7.
2024-03-26 17:32:30 INFO     Created subgraph 5 with 0 entities and 0 relation names left unused and a relative subgraph size 0.728.
2024-03-26 17:32:30 INFO     -\	Updated config file D:\OneDrive - bwedu\MASTER\Masterarbeit\Software\Ensemble_Embedding_for_Link_Prediction\data\Debug_Entity_sampling_N60_min0.6\results\subgraph_config.csv for subgraph 005	/-

2024-03-26 17:32:30 INFO     -/	Sampling subgraph data\Debug_Entity_sampling_N60_min0.6\sub_006 from Debug with params:
		Entity sampling and (0.6, 0.7) relative subgraph size.	\-
2024-03-26 17:32:30 INFO     Enforcing 1 relation names to be present in the subgraph.
2024-03-26 17:32:30 INFO     Current subgraph size 0.715 reached or exceeded target size 0.7.
2024-03-26 17:32:30 INFO     Created subgraph 6 with 0 entities and 0 relation names left unused and a relative subgraph size 0.715.
2024-03-26 17:32:30 INFO     -\	Updated config file D:\OneDrive - bwedu\MASTER\Masterarbeit\Software\Ensemble_Embedding_for_Link_Prediction\data\Debug_Entity_sampling_N60_min0.6\results\subgraph_config.csv for subgraph 006	/-

2024-03-26 17:32:30 INFO     -/	Sampling subgraph data\Debug_Entity_sampling_N60_min0.6\sub_007 from Debug with params:
		Entity sampling and (0.6, 0.7) relative subgraph size.	\-
2024-03-26 17:32:30 INFO     Current subgraph size 0.739 reached or exceeded target size 0.7.
2024-03-26 17:32:30 INFO     Created subgraph 7 with 0 entities and 0 relation names left unused and a relative subgraph size 0.739.
2024-03-26 17:32:30 INFO     -\	Updated config file D:\OneDrive - bwedu\MASTER\Masterarbeit\Software\Ensemble_Embedding_for_Link_Prediction\data\Debug_Entity_sampling_N60_min0.6\results\subgraph_config.csv for subgraph 007	/-

2024-03-26 17:32:30 INFO     -/	Sampling subgraph data\Debug_Entity_sampling_N60_min0.6\sub_008 from Debug with params:
		Entity sampling and (0.6, 0.7) relative subgraph size.	\-
2024-03-26 17:32:30 INFO     Current subgraph size 0.724 reached or exceeded target size 0.7.
2024-03-26 17:32:30 INFO     Created subgraph 8 with 0 entities and 0 relation names left unused and a relative subgraph size 0.724.
2024-03-26 17:32:30 INFO     -\	Updated config file D:\OneDrive - bwedu\MASTER\Masterarbeit\Software\Ensemble_Embedding_for_Link_Prediction\data\Debug_Entity_sampling_N60_min0.6\results\subgraph_config.csv for subgraph 008	/-

2024-03-26 17:32:30 INFO     -/	Sampling subgraph data\Debug_Entity_sampling_N60_min0.6\sub_009 from Debug with params:
		Entity sampling and (0.6, 0.7) relative subgraph size.	\-
2024-03-26 17:32:30 INFO     Current subgraph size 0.726 reached or exceeded target size 0.7.
2024-03-26 17:32:30 INFO     Created subgraph 9 with 0 entities and 0 relation names left unused and a relative subgraph size 0.726.
2024-03-26 17:32:30 INFO     -\	Updated config file D:\OneDrive - bwedu\MASTER\Masterarbeit\Software\Ensemble_Embedding_for_Link_Prediction\data\Debug_Entity_sampling_N60_min0.6\results\subgraph_config.csv for subgraph 009	/-

2024-03-26 17:32:30 INFO     -/	Sampling subgraph data\Debug_Entity_sampling_N60_min0.6\sub_010 from Debug with params:
		Entity sampling and (0.6, 0.7) relative subgraph size.	\-
2024-03-26 17:32:30 INFO     Enforcing 1 relation names to be present in the subgraph.
2024-03-26 17:32:30 INFO     Current subgraph size 0.744 reached or exceeded target size 0.7.
2024-03-26 17:32:30 INFO     Created subgraph 10 with 0 entities and 0 relation names left unused and a relative subgraph size 0.744.
2024-03-26 17:32:30 INFO     -\	Updated config file D:\OneDrive - bwedu\MASTER\Masterarbeit\Software\Ensemble_Embedding_for_Link_Prediction\data\Debug_Entity_sampling_N60_min0.6\results\subgraph_config.csv for subgraph 010	/-

2024-03-26 17:32:30 INFO     -/	Sampling subgraph data\Debug_Entity_sampling_N60_min0.6\sub_011 from Debug with params:
		Entity sampling and (0.6, 0.7) relative subgraph size.	\-
2024-03-26 17:32:30 INFO     Current subgraph size 0.73 reached or exceeded target size 0.7.
2024-03-26 17:32:30 INFO     Created subgraph 11 with 0 entities and 0 relation names left unused and a relative subgraph size 0.73.
2024-03-26 17:32:30 INFO     -\	Updated config file D:\OneDrive - bwedu\MASTER\Masterarbeit\Software\Ensemble_Embedding_for_Link_Prediction\data\Debug_Entity_sampling_N60_min0.6\results\subgraph_config.csv for subgraph 011	/-

2024-03-26 17:32:30 INFO     -/	Sampling subgraph data\Debug_Entity_sampling_N60_min0.6\sub_012 from Debug with params:
		Entity sampling and (0.6, 0.7) relative subgraph size.	\-
2024-03-26 17:32:30 INFO     Current subgraph size 0.7355 reached or exceeded target size 0.7.
2024-03-26 17:32:30 INFO     Created subgraph 12 with 0 entities and 0 relation names left unused and a relative subgraph size 0.7355.
2024-03-26 17:32:30 INFO     -\	Updated config file D:\OneDrive - bwedu\MASTER\Masterarbeit\Software\Ensemble_Embedding_for_Link_Prediction\data\Debug_Entity_sampling_N60_min0.6\results\subgraph_config.csv for subgraph 012	/-

2024-03-26 17:32:30 INFO     -/	Sampling subgraph data\Debug_Entity_sampling_N60_min0.6\sub_013 from Debug with params:
		Entity sampling and (0.6, 0.7) relative subgraph size.	\-
2024-03-26 17:32:30 INFO     Current subgraph size 0.7195 reached or exceeded target size 0.7.
2024-03-26 17:32:30 INFO     Created subgraph 13 with 0 entities and 0 relation names left unused and a relative subgraph size 0.7195.
2024-03-26 17:32:30 INFO     -\	Updated config file D:\OneDrive - bwedu\MASTER\Masterarbeit\Software\Ensemble_Embedding_for_Link_Prediction\data\Debug_Entity_sampling_N60_min0.6\results\subgraph_config.csv for subgraph 013	/-

2024-03-26 17:32:30 INFO     -/	Sampling subgraph data\Debug_Entity_sampling_N60_min0.6\sub_014 from Debug with params:
		Entity sampling and (0.6, 0.7) relative subgraph size.	\-
2024-03-26 17:32:30 INFO     Current subgraph size 0.7215 reached or exceeded target size 0.7.
2024-03-26 17:32:30 INFO     Created subgraph 14 with 0 entities and 0 relation names left unused and a relative subgraph size 0.7215.
2024-03-26 17:32:30 INFO     -\	Updated config file D:\OneDrive - bwedu\MASTER\Masterarbeit\Software\Ensemble_Embedding_for_Link_Prediction\data\Debug_Entity_sampling_N60_min0.6\results\subgraph_config.csv for subgraph 014	/-

2024-03-26 17:32:30 INFO     -/	Sampling subgraph data\Debug_Entity_sampling_N60_min0.6\sub_015 from Debug with params:
		Entity sampling and (0.6, 0.7) relative subgraph size.	\-
2024-03-26 17:32:30 INFO     Current subgraph size 0.723 reached or exceeded target size 0.7.
2024-03-26 17:32:30 INFO     Created subgraph 15 with 0 entities and 0 relation names left unused and a relative subgraph size 0.723.
2024-03-26 17:32:30 INFO     -\	Updated config file D:\OneDrive - bwedu\MASTER\Masterarbeit\Software\Ensemble_Embedding_for_Link_Prediction\data\Debug_Entity_sampling_N60_min0.6\results\subgraph_config.csv for subgraph 015	/-

2024-03-26 17:32:30 INFO     -/	Sampling subgraph data\Debug_Entity_sampling_N60_min0.6\sub_016 from Debug with params:
		Entity sampling and (0.6, 0.7) relative subgraph size.	\-
2024-03-26 17:32:30 INFO     Current subgraph size 0.71 reached or exceeded target size 0.7.
2024-03-26 17:32:30 INFO     Created subgraph 16 with 0 entities and 0 relation names left unused and a relative subgraph size 0.71.
2024-03-26 17:32:30 INFO     -\	Updated config file D:\OneDrive - bwedu\MASTER\Masterarbeit\Software\Ensemble_Embedding_for_Link_Prediction\data\Debug_Entity_sampling_N60_min0.6\results\subgraph_config.csv for subgraph 016	/-

2024-03-26 17:32:30 INFO     -/	Sampling subgraph data\Debug_Entity_sampling_N60_min0.6\sub_017 from Debug with params:
		Entity sampling and (0.6, 0.7) relative subgraph size.	\-
2024-03-26 17:32:30 INFO     Enforcing 1 relation names to be present in the subgraph.
2024-03-26 17:32:30 INFO     Current subgraph size 0.7255 reached or exceeded target size 0.7.
2024-03-26 17:32:30 INFO     Created subgraph 17 with 0 entities and 0 relation names left unused and a relative subgraph size 0.7255.
2024-03-26 17:32:30 INFO     -\	Updated config file D:\OneDrive - bwedu\MASTER\Masterarbeit\Software\Ensemble_Embedding_for_Link_Prediction\data\Debug_Entity_sampling_N60_min0.6\results\subgraph_config.csv for subgraph 017	/-

2024-03-26 17:32:30 INFO     -/	Sampling subgraph data\Debug_Entity_sampling_N60_min0.6\sub_018 from Debug with params:
		Entity sampling and (0.6, 0.7) relative subgraph size.	\-
2024-03-26 17:32:30 INFO     Current subgraph size 0.7055 reached or exceeded target size 0.7.
2024-03-26 17:32:30 INFO     Created subgraph 18 with 0 entities and 0 relation names left unused and a relative subgraph size 0.7055.
2024-03-26 17:32:30 INFO     -\	Updated config file D:\OneDrive - bwedu\MASTER\Masterarbeit\Software\Ensemble_Embedding_for_Link_Prediction\data\Debug_Entity_sampling_N60_min0.6\results\subgraph_config.csv for subgraph 018	/-

2024-03-26 17:32:30 INFO     -/	Sampling subgraph data\Debug_Entity_sampling_N60_min0.6\sub_019 from Debug with params:
		Entity sampling and (0.6, 0.7) relative subgraph size.	\-
2024-03-26 17:32:30 INFO     Enforcing 1 relation names to be present in the subgraph.
2024-03-26 17:32:30 INFO     Current subgraph size 0.714 reached or exceeded target size 0.7.
2024-03-26 17:32:30 INFO     Created subgraph 19 with 0 entities and 0 relation names left unused and a relative subgraph size 0.714.
2024-03-26 17:32:30 INFO     -\	Updated config file D:\OneDrive - bwedu\MASTER\Masterarbeit\Software\Ensemble_Embedding_for_Link_Prediction\data\Debug_Entity_sampling_N60_min0.6\results\subgraph_config.csv for subgraph 019	/-

2024-03-26 17:32:30 INFO     -/	Sampling subgraph data\Debug_Entity_sampling_N60_min0.6\sub_020 from Debug with params:
		Entity sampling and (0.6, 0.7) relative subgraph size.	\-
2024-03-26 17:32:30 INFO     Current subgraph size 0.7155 reached or exceeded target size 0.7.
2024-03-26 17:32:30 INFO     Created subgraph 20 with 0 entities and 0 relation names left unused and a relative subgraph size 0.7155.
2024-03-26 17:32:30 INFO     -\	Updated config file D:\OneDrive - bwedu\MASTER\Masterarbeit\Software\Ensemble_Embedding_for_Link_Prediction\data\Debug_Entity_sampling_N60_min0.6\results\subgraph_config.csv for subgraph 020	/-

2024-03-26 17:32:30 INFO     -/	Sampling subgraph data\Debug_Entity_sampling_N60_min0.6\sub_021 from Debug with params:
		Entity sampling and (0.6, 0.7) relative subgraph size.	\-
2024-03-26 17:32:30 INFO     Current subgraph size 0.7245 reached or exceeded target size 0.7.
2024-03-26 17:32:30 INFO     Created subgraph 21 with 0 entities and 0 relation names left unused and a relative subgraph size 0.7245.
2024-03-26 17:32:30 INFO     -\	Updated config file D:\OneDrive - bwedu\MASTER\Masterarbeit\Software\Ensemble_Embedding_for_Link_Prediction\data\Debug_Entity_sampling_N60_min0.6\results\subgraph_config.csv for subgraph 021	/-

2024-03-26 17:32:30 INFO     -/	Sampling subgraph data\Debug_Entity_sampling_N60_min0.6\sub_022 from Debug with params:
		Entity sampling and (0.6, 0.7) relative subgraph size.	\-
2024-03-26 17:32:30 INFO     Current subgraph size 0.7115 reached or exceeded target size 0.7.
2024-03-26 17:32:30 INFO     Created subgraph 22 with 0 entities and 0 relation names left unused and a relative subgraph size 0.7115.
2024-03-26 17:32:30 INFO     -\	Updated config file D:\OneDrive - bwedu\MASTER\Masterarbeit\Software\Ensemble_Embedding_for_Link_Prediction\data\Debug_Entity_sampling_N60_min0.6\results\subgraph_config.csv for subgraph 022	/-

2024-03-26 17:32:30 INFO     -/	Sampling subgraph data\Debug_Entity_sampling_N60_min0.6\sub_023 from Debug with params:
		Entity sampling and (0.6, 0.7) relative subgraph size.	\-
2024-03-26 17:32:30 INFO     Enforcing 1 relation names to be present in the subgraph.
2024-03-26 17:32:30 INFO     Current subgraph size 0.707 reached or exceeded target size 0.7.
2024-03-26 17:32:30 INFO     Created subgraph 23 with 0 entities and 0 relation names left unused and a relative subgraph size 0.707.
2024-03-26 17:32:30 INFO     -\	Updated config file D:\OneDrive - bwedu\MASTER\Masterarbeit\Software\Ensemble_Embedding_for_Link_Prediction\data\Debug_Entity_sampling_N60_min0.6\results\subgraph_config.csv for subgraph 023	/-

2024-03-26 17:32:30 INFO     -/	Sampling subgraph data\Debug_Entity_sampling_N60_min0.6\sub_024 from Debug with params:
		Entity sampling and (0.6, 0.7) relative subgraph size.	\-
2024-03-26 17:32:30 INFO     Current subgraph size 0.7155 reached or exceeded target size 0.7.
2024-03-26 17:32:30 INFO     Created subgraph 24 with 0 entities and 0 relation names left unused and a relative subgraph size 0.7155.
2024-03-26 17:32:30 INFO     -\	Updated config file D:\OneDrive - bwedu\MASTER\Masterarbeit\Software\Ensemble_Embedding_for_Link_Prediction\data\Debug_Entity_sampling_N60_min0.6\results\subgraph_config.csv for subgraph 024	/-

2024-03-26 17:32:30 INFO     -/	Sampling subgraph data\Debug_Entity_sampling_N60_min0.6\sub_025 from Debug with params:
		Entity sampling and (0.6, 0.7) relative subgraph size.	\-
2024-03-26 17:32:30 INFO     Current subgraph size 0.7255 reached or exceeded target size 0.7.
2024-03-26 17:32:30 INFO     Created subgraph 25 with 0 entities and 0 relation names left unused and a relative subgraph size 0.7255.
2024-03-26 17:32:30 INFO     -\	Updated config file D:\OneDrive - bwedu\MASTER\Masterarbeit\Software\Ensemble_Embedding_for_Link_Prediction\data\Debug_Entity_sampling_N60_min0.6\results\subgraph_config.csv for subgraph 025	/-

2024-03-26 17:32:30 INFO     -/	Sampling subgraph data\Debug_Entity_sampling_N60_min0.6\sub_026 from Debug with params:
		Entity sampling and (0.6, 0.7) relative subgraph size.	\-
2024-03-26 17:32:30 INFO     Current subgraph size 0.7425 reached or exceeded target size 0.7.
2024-03-26 17:32:30 INFO     Created subgraph 26 with 0 entities and 0 relation names left unused and a relative subgraph size 0.7425.
2024-03-26 17:32:30 INFO     -\	Updated config file D:\OneDrive - bwedu\MASTER\Masterarbeit\Software\Ensemble_Embedding_for_Link_Prediction\data\Debug_Entity_sampling_N60_min0.6\results\subgraph_config.csv for subgraph 026	/-

2024-03-26 17:32:30 INFO     -/	Sampling subgraph data\Debug_Entity_sampling_N60_min0.6\sub_027 from Debug with params:
		Entity sampling and (0.6, 0.7) relative subgraph size.	\-
2024-03-26 17:32:31 INFO     Current subgraph size 0.721 reached or exceeded target size 0.7.
2024-03-26 17:32:31 INFO     Created subgraph 27 with 0 entities and 0 relation names left unused and a relative subgraph size 0.721.
2024-03-26 17:32:31 INFO     -\	Updated config file D:\OneDrive - bwedu\MASTER\Masterarbeit\Software\Ensemble_Embedding_for_Link_Prediction\data\Debug_Entity_sampling_N60_min0.6\results\subgraph_config.csv for subgraph 027	/-

2024-03-26 17:32:31 INFO     -/	Sampling subgraph data\Debug_Entity_sampling_N60_min0.6\sub_028 from Debug with params:
		Entity sampling and (0.6, 0.7) relative subgraph size.	\-
2024-03-26 17:32:31 INFO     Enforcing 1 relation names to be present in the subgraph.
2024-03-26 17:32:31 INFO     Current subgraph size 0.7195 reached or exceeded target size 0.7.
2024-03-26 17:32:31 INFO     Created subgraph 28 with 0 entities and 0 relation names left unused and a relative subgraph size 0.7195.
2024-03-26 17:32:31 INFO     -\	Updated config file D:\OneDrive - bwedu\MASTER\Masterarbeit\Software\Ensemble_Embedding_for_Link_Prediction\data\Debug_Entity_sampling_N60_min0.6\results\subgraph_config.csv for subgraph 028	/-

2024-03-26 17:32:31 INFO     -/	Sampling subgraph data\Debug_Entity_sampling_N60_min0.6\sub_029 from Debug with params:
		Entity sampling and (0.6, 0.7) relative subgraph size.	\-
2024-03-26 17:32:31 INFO     Current subgraph size 0.706 reached or exceeded target size 0.7.
2024-03-26 17:32:31 INFO     Created subgraph 29 with 0 entities and 0 relation names left unused and a relative subgraph size 0.706.
2024-03-26 17:32:31 INFO     -\	Updated config file D:\OneDrive - bwedu\MASTER\Masterarbeit\Software\Ensemble_Embedding_for_Link_Prediction\data\Debug_Entity_sampling_N60_min0.6\results\subgraph_config.csv for subgraph 029	/-

2024-03-26 17:32:31 INFO     -/	Sampling subgraph data\Debug_Entity_sampling_N60_min0.6\sub_030 from Debug with params:
		Entity sampling and (0.6, 0.7) relative subgraph size.	\-
2024-03-26 17:32:31 INFO     Enforcing 1 relation names to be present in the subgraph.
2024-03-26 17:32:31 INFO     Current subgraph size 0.731 reached or exceeded target size 0.7.
2024-03-26 17:32:31 INFO     Created subgraph 30 with 0 entities and 0 relation names left unused and a relative subgraph size 0.731.
2024-03-26 17:32:31 INFO     -\	Updated config file D:\OneDrive - bwedu\MASTER\Masterarbeit\Software\Ensemble_Embedding_for_Link_Prediction\data\Debug_Entity_sampling_N60_min0.6\results\subgraph_config.csv for subgraph 030	/-

2024-03-26 17:32:31 INFO     -/	Sampling subgraph data\Debug_Entity_sampling_N60_min0.6\sub_031 from Debug with params:
		Entity sampling and (0.6, 0.7) relative subgraph size.	\-
2024-03-26 17:32:31 INFO     Enforcing 1 relation names to be present in the subgraph.
2024-03-26 17:32:31 INFO     Current subgraph size 0.7145 reached or exceeded target size 0.7.
2024-03-26 17:32:31 INFO     Created subgraph 31 with 0 entities and 0 relation names left unused and a relative subgraph size 0.7145.
2024-03-26 17:32:31 INFO     -\	Updated config file D:\OneDrive - bwedu\MASTER\Masterarbeit\Software\Ensemble_Embedding_for_Link_Prediction\data\Debug_Entity_sampling_N60_min0.6\results\subgraph_config.csv for subgraph 031	/-

2024-03-26 17:32:31 INFO     -/	Sampling subgraph data\Debug_Entity_sampling_N60_min0.6\sub_032 from Debug with params:
		Entity sampling and (0.6, 0.7) relative subgraph size.	\-
2024-03-26 17:32:31 INFO     Current subgraph size 0.7025 reached or exceeded target size 0.7.
2024-03-26 17:32:31 INFO     Created subgraph 32 with 0 entities and 0 relation names left unused and a relative subgraph size 0.7025.
2024-03-26 17:32:31 INFO     -\	Updated config file D:\OneDrive - bwedu\MASTER\Masterarbeit\Software\Ensemble_Embedding_for_Link_Prediction\data\Debug_Entity_sampling_N60_min0.6\results\subgraph_config.csv for subgraph 032	/-

2024-03-26 17:32:31 INFO     -/	Sampling subgraph data\Debug_Entity_sampling_N60_min0.6\sub_033 from Debug with params:
		Entity sampling and (0.6, 0.7) relative subgraph size.	\-
2024-03-26 17:32:31 INFO     Enforcing 1 relation names to be present in the subgraph.
2024-03-26 17:32:31 INFO     Current subgraph size 0.7155 reached or exceeded target size 0.7.
2024-03-26 17:32:31 INFO     Created subgraph 33 with 0 entities and 0 relation names left unused and a relative subgraph size 0.7155.
2024-03-26 17:32:31 INFO     -\	Updated config file D:\OneDrive - bwedu\MASTER\Masterarbeit\Software\Ensemble_Embedding_for_Link_Prediction\data\Debug_Entity_sampling_N60_min0.6\results\subgraph_config.csv for subgraph 033	/-

2024-03-26 17:32:31 INFO     -/	Sampling subgraph data\Debug_Entity_sampling_N60_min0.6\sub_034 from Debug with params:
		Entity sampling and (0.6, 0.7) relative subgraph size.	\-
2024-03-26 17:32:31 INFO     Current subgraph size 0.733 reached or exceeded target size 0.7.
2024-03-26 17:32:31 INFO     Created subgraph 34 with 0 entities and 0 relation names left unused and a relative subgraph size 0.733.
2024-03-26 17:32:31 INFO     -\	Updated config file D:\OneDrive - bwedu\MASTER\Masterarbeit\Software\Ensemble_Embedding_for_Link_Prediction\data\Debug_Entity_sampling_N60_min0.6\results\subgraph_config.csv for subgraph 034	/-

2024-03-26 17:32:31 INFO     -/	Sampling subgraph data\Debug_Entity_sampling_N60_min0.6\sub_035 from Debug with params:
		Entity sampling and (0.6, 0.7) relative subgraph size.	\-
2024-03-26 17:32:31 INFO     Enforcing 1 relation names to be present in the subgraph.
2024-03-26 17:32:31 INFO     Current subgraph size 0.7225 reached or exceeded target size 0.7.
2024-03-26 17:32:31 INFO     Created subgraph 35 with 0 entities and 0 relation names left unused and a relative subgraph size 0.7225.
2024-03-26 17:32:31 INFO     -\	Updated config file D:\OneDrive - bwedu\MASTER\Masterarbeit\Software\Ensemble_Embedding_for_Link_Prediction\data\Debug_Entity_sampling_N60_min0.6\results\subgraph_config.csv for subgraph 035	/-

2024-03-26 17:32:31 INFO     -/	Sampling subgraph data\Debug_Entity_sampling_N60_min0.6\sub_036 from Debug with params:
		Entity sampling and (0.6, 0.7) relative subgraph size.	\-
2024-03-26 17:32:31 INFO     Current subgraph size 0.707 reached or exceeded target size 0.7.
2024-03-26 17:32:31 INFO     Created subgraph 36 with 0 entities and 0 relation names left unused and a relative subgraph size 0.707.
2024-03-26 17:32:31 INFO     -\	Updated config file D:\OneDrive - bwedu\MASTER\Masterarbeit\Software\Ensemble_Embedding_for_Link_Prediction\data\Debug_Entity_sampling_N60_min0.6\results\subgraph_config.csv for subgraph 036	/-

2024-03-26 17:32:31 INFO     -/	Sampling subgraph data\Debug_Entity_sampling_N60_min0.6\sub_037 from Debug with params:
		Entity sampling and (0.6, 0.7) relative subgraph size.	\-
2024-03-26 17:32:31 INFO     Enforcing 1 relation names to be present in the subgraph.
2024-03-26 17:32:31 INFO     Current subgraph size 0.712 reached or exceeded target size 0.7.
2024-03-26 17:32:31 INFO     Created subgraph 37 with 0 entities and 0 relation names left unused and a relative subgraph size 0.712.
2024-03-26 17:32:31 INFO     -\	Updated config file D:\OneDrive - bwedu\MASTER\Masterarbeit\Software\Ensemble_Embedding_for_Link_Prediction\data\Debug_Entity_sampling_N60_min0.6\results\subgraph_config.csv for subgraph 037	/-

2024-03-26 17:32:31 INFO     -/	Sampling subgraph data\Debug_Entity_sampling_N60_min0.6\sub_038 from Debug with params:
		Entity sampling and (0.6, 0.7) relative subgraph size.	\-
2024-03-26 17:32:31 INFO     Current subgraph size 0.7195 reached or exceeded target size 0.7.
2024-03-26 17:32:31 INFO     Created subgraph 38 with 0 entities and 0 relation names left unused and a relative subgraph size 0.7195.
2024-03-26 17:32:31 INFO     -\	Updated config file D:\OneDrive - bwedu\MASTER\Masterarbeit\Software\Ensemble_Embedding_for_Link_Prediction\data\Debug_Entity_sampling_N60_min0.6\results\subgraph_config.csv for subgraph 038	/-

2024-03-26 17:32:31 INFO     -/	Sampling subgraph data\Debug_Entity_sampling_N60_min0.6\sub_039 from Debug with params:
		Entity sampling and (0.6, 0.7) relative subgraph size.	\-
2024-03-26 17:32:31 INFO     Current subgraph size 0.7125 reached or exceeded target size 0.7.
2024-03-26 17:32:31 INFO     Created subgraph 39 with 0 entities and 0 relation names left unused and a relative subgraph size 0.7125.
2024-03-26 17:32:31 INFO     -\	Updated config file D:\OneDrive - bwedu\MASTER\Masterarbeit\Software\Ensemble_Embedding_for_Link_Prediction\data\Debug_Entity_sampling_N60_min0.6\results\subgraph_config.csv for subgraph 039	/-

2024-03-26 17:32:31 INFO     -/	Sampling subgraph data\Debug_Entity_sampling_N60_min0.6\sub_040 from Debug with params:
		Entity sampling and (0.6, 0.7) relative subgraph size.	\-
2024-03-26 17:32:31 INFO     Current subgraph size 0.7155 reached or exceeded target size 0.7.
2024-03-26 17:32:31 INFO     Created subgraph 40 with 0 entities and 0 relation names left unused and a relative subgraph size 0.7155.
2024-03-26 17:32:31 INFO     -\	Updated config file D:\OneDrive - bwedu\MASTER\Masterarbeit\Software\Ensemble_Embedding_for_Link_Prediction\data\Debug_Entity_sampling_N60_min0.6\results\subgraph_config.csv for subgraph 040	/-

2024-03-26 17:32:31 INFO     -/	Sampling subgraph data\Debug_Entity_sampling_N60_min0.6\sub_041 from Debug with params:
		Entity sampling and (0.6, 0.7) relative subgraph size.	\-
2024-03-26 17:32:31 INFO     Current subgraph size 0.711 reached or exceeded target size 0.7.
2024-03-26 17:32:31 INFO     Created subgraph 41 with 0 entities and 0 relation names left unused and a relative subgraph size 0.711.
2024-03-26 17:32:31 INFO     -\	Updated config file D:\OneDrive - bwedu\MASTER\Masterarbeit\Software\Ensemble_Embedding_for_Link_Prediction\data\Debug_Entity_sampling_N60_min0.6\results\subgraph_config.csv for subgraph 041	/-

2024-03-26 17:32:31 INFO     -/	Sampling subgraph data\Debug_Entity_sampling_N60_min0.6\sub_042 from Debug with params:
		Entity sampling and (0.6, 0.7) relative subgraph size.	\-
2024-03-26 17:32:31 INFO     Current subgraph size 0.701 reached or exceeded target size 0.7.
2024-03-26 17:32:31 INFO     Created subgraph 42 with 0 entities and 0 relation names left unused and a relative subgraph size 0.701.
2024-03-26 17:32:31 INFO     -\	Updated config file D:\OneDrive - bwedu\MASTER\Masterarbeit\Software\Ensemble_Embedding_for_Link_Prediction\data\Debug_Entity_sampling_N60_min0.6\results\subgraph_config.csv for subgraph 042	/-

2024-03-26 17:32:31 INFO     -/	Sampling subgraph data\Debug_Entity_sampling_N60_min0.6\sub_043 from Debug with params:
		Entity sampling and (0.6, 0.7) relative subgraph size.	\-
2024-03-26 17:32:31 INFO     Current subgraph size 0.7225 reached or exceeded target size 0.7.
2024-03-26 17:32:31 INFO     Created subgraph 43 with 0 entities and 0 relation names left unused and a relative subgraph size 0.7225.
2024-03-26 17:32:31 INFO     -\	Updated config file D:\OneDrive - bwedu\MASTER\Masterarbeit\Software\Ensemble_Embedding_for_Link_Prediction\data\Debug_Entity_sampling_N60_min0.6\results\subgraph_config.csv for subgraph 043	/-

2024-03-26 17:32:31 INFO     -/	Sampling subgraph data\Debug_Entity_sampling_N60_min0.6\sub_044 from Debug with params:
		Entity sampling and (0.6, 0.7) relative subgraph size.	\-
2024-03-26 17:32:31 INFO     Current subgraph size 0.7235 reached or exceeded target size 0.7.
2024-03-26 17:32:31 INFO     Created subgraph 44 with 0 entities and 0 relation names left unused and a relative subgraph size 0.7235.
2024-03-26 17:32:31 INFO     -\	Updated config file D:\OneDrive - bwedu\MASTER\Masterarbeit\Software\Ensemble_Embedding_for_Link_Prediction\data\Debug_Entity_sampling_N60_min0.6\results\subgraph_config.csv for subgraph 044	/-

2024-03-26 17:32:31 INFO     -/	Sampling subgraph data\Debug_Entity_sampling_N60_min0.6\sub_045 from Debug with params:
		Entity sampling and (0.6, 0.7) relative subgraph size.	\-
2024-03-26 17:32:31 INFO     Current subgraph size 0.7365 reached or exceeded target size 0.7.
2024-03-26 17:32:31 INFO     Created subgraph 45 with 0 entities and 0 relation names left unused and a relative subgraph size 0.7365.
2024-03-26 17:32:31 INFO     -\	Updated config file D:\OneDrive - bwedu\MASTER\Masterarbeit\Software\Ensemble_Embedding_for_Link_Prediction\data\Debug_Entity_sampling_N60_min0.6\results\subgraph_config.csv for subgraph 045	/-

2024-03-26 17:32:31 INFO     -/	Sampling subgraph data\Debug_Entity_sampling_N60_min0.6\sub_046 from Debug with params:
		Entity sampling and (0.6, 0.7) relative subgraph size.	\-
2024-03-26 17:32:31 INFO     Enforcing 1 relation names to be present in the subgraph.
2024-03-26 17:32:31 INFO     Current subgraph size 0.721 reached or exceeded target size 0.7.
2024-03-26 17:32:31 INFO     Created subgraph 46 with 0 entities and 0 relation names left unused and a relative subgraph size 0.721.
2024-03-26 17:32:31 INFO     -\	Updated config file D:\OneDrive - bwedu\MASTER\Masterarbeit\Software\Ensemble_Embedding_for_Link_Prediction\data\Debug_Entity_sampling_N60_min0.6\results\subgraph_config.csv for subgraph 046	/-

2024-03-26 17:32:31 INFO     -/	Sampling subgraph data\Debug_Entity_sampling_N60_min0.6\sub_047 from Debug with params:
		Entity sampling and (0.6, 0.7) relative subgraph size.	\-
2024-03-26 17:32:31 INFO     Current subgraph size 0.7045 reached or exceeded target size 0.7.
2024-03-26 17:32:31 INFO     Created subgraph 47 with 0 entities and 0 relation names left unused and a relative subgraph size 0.7045.
2024-03-26 17:32:31 INFO     -\	Updated config file D:\OneDrive - bwedu\MASTER\Masterarbeit\Software\Ensemble_Embedding_for_Link_Prediction\data\Debug_Entity_sampling_N60_min0.6\results\subgraph_config.csv for subgraph 047	/-

2024-03-26 17:32:31 INFO     -/	Sampling subgraph data\Debug_Entity_sampling_N60_min0.6\sub_048 from Debug with params:
		Entity sampling and (0.6, 0.7) relative subgraph size.	\-
2024-03-26 17:32:31 INFO     Current subgraph size 0.73 reached or exceeded target size 0.7.
2024-03-26 17:32:31 INFO     Created subgraph 48 with 0 entities and 0 relation names left unused and a relative subgraph size 0.73.
2024-03-26 17:32:31 INFO     -\	Updated config file D:\OneDrive - bwedu\MASTER\Masterarbeit\Software\Ensemble_Embedding_for_Link_Prediction\data\Debug_Entity_sampling_N60_min0.6\results\subgraph_config.csv for subgraph 048	/-

2024-03-26 17:32:31 INFO     -/	Sampling subgraph data\Debug_Entity_sampling_N60_min0.6\sub_049 from Debug with params:
		Entity sampling and (0.6, 0.7) relative subgraph size.	\-
2024-03-26 17:32:31 INFO     Enforcing 1 relation names to be present in the subgraph.
2024-03-26 17:32:31 INFO     Current subgraph size 0.719 reached or exceeded target size 0.7.
2024-03-26 17:32:31 INFO     Created subgraph 49 with 0 entities and 0 relation names left unused and a relative subgraph size 0.719.
2024-03-26 17:32:31 INFO     -\	Updated config file D:\OneDrive - bwedu\MASTER\Masterarbeit\Software\Ensemble_Embedding_for_Link_Prediction\data\Debug_Entity_sampling_N60_min0.6\results\subgraph_config.csv for subgraph 049	/-

2024-03-26 17:32:31 INFO     -/	Sampling subgraph data\Debug_Entity_sampling_N60_min0.6\sub_050 from Debug with params:
		Entity sampling and (0.6, 0.7) relative subgraph size.	\-
2024-03-26 17:32:31 INFO     Current subgraph size 0.727 reached or exceeded target size 0.7.
2024-03-26 17:32:31 INFO     Created subgraph 50 with 0 entities and 0 relation names left unused and a relative subgraph size 0.727.
2024-03-26 17:32:31 INFO     -\	Updated config file D:\OneDrive - bwedu\MASTER\Masterarbeit\Software\Ensemble_Embedding_for_Link_Prediction\data\Debug_Entity_sampling_N60_min0.6\results\subgraph_config.csv for subgraph 050	/-

2024-03-26 17:32:31 INFO     -/	Sampling subgraph data\Debug_Entity_sampling_N60_min0.6\sub_051 from Debug with params:
		Entity sampling and (0.6, 0.7) relative subgraph size.	\-
2024-03-26 17:32:31 INFO     Current subgraph size 0.713 reached or exceeded target size 0.7.
2024-03-26 17:32:31 INFO     Created subgraph 51 with 0 entities and 0 relation names left unused and a relative subgraph size 0.713.
2024-03-26 17:32:31 INFO     -\	Updated config file D:\OneDrive - bwedu\MASTER\Masterarbeit\Software\Ensemble_Embedding_for_Link_Prediction\data\Debug_Entity_sampling_N60_min0.6\results\subgraph_config.csv for subgraph 051	/-

2024-03-26 17:32:31 INFO     -/	Sampling subgraph data\Debug_Entity_sampling_N60_min0.6\sub_052 from Debug with params:
		Entity sampling and (0.6, 0.7) relative subgraph size.	\-
2024-03-26 17:32:31 INFO     Current subgraph size 0.716 reached or exceeded target size 0.7.
2024-03-26 17:32:31 INFO     Created subgraph 52 with 0 entities and 0 relation names left unused and a relative subgraph size 0.716.
2024-03-26 17:32:31 INFO     -\	Updated config file D:\OneDrive - bwedu\MASTER\Masterarbeit\Software\Ensemble_Embedding_for_Link_Prediction\data\Debug_Entity_sampling_N60_min0.6\results\subgraph_config.csv for subgraph 052	/-

2024-03-26 17:32:31 INFO     -/	Sampling subgraph data\Debug_Entity_sampling_N60_min0.6\sub_053 from Debug with params:
		Entity sampling and (0.6, 0.7) relative subgraph size.	\-
2024-03-26 17:32:31 INFO     Current subgraph size 0.718 reached or exceeded target size 0.7.
2024-03-26 17:32:31 INFO     Created subgraph 53 with 0 entities and 0 relation names left unused and a relative subgraph size 0.718.
2024-03-26 17:32:31 INFO     -\	Updated config file D:\OneDrive - bwedu\MASTER\Masterarbeit\Software\Ensemble_Embedding_for_Link_Prediction\data\Debug_Entity_sampling_N60_min0.6\results\subgraph_config.csv for subgraph 053	/-

2024-03-26 17:32:31 INFO     -/	Sampling subgraph data\Debug_Entity_sampling_N60_min0.6\sub_054 from Debug with params:
		Entity sampling and (0.6, 0.7) relative subgraph size.	\-
2024-03-26 17:32:31 INFO     Current subgraph size 0.719 reached or exceeded target size 0.7.
2024-03-26 17:32:31 INFO     Created subgraph 54 with 0 entities and 0 relation names left unused and a relative subgraph size 0.719.
2024-03-26 17:32:31 INFO     -\	Updated config file D:\OneDrive - bwedu\MASTER\Masterarbeit\Software\Ensemble_Embedding_for_Link_Prediction\data\Debug_Entity_sampling_N60_min0.6\results\subgraph_config.csv for subgraph 054	/-

2024-03-26 17:32:31 INFO     -/	Sampling subgraph data\Debug_Entity_sampling_N60_min0.6\sub_055 from Debug with params:
		Entity sampling and (0.6, 0.7) relative subgraph size.	\-
2024-03-26 17:32:31 INFO     Enforcing 1 relation names to be present in the subgraph.
2024-03-26 17:32:31 INFO     Current subgraph size 0.731 reached or exceeded target size 0.7.
2024-03-26 17:32:31 INFO     Created subgraph 55 with 0 entities and 0 relation names left unused and a relative subgraph size 0.731.
2024-03-26 17:32:31 INFO     -\	Updated config file D:\OneDrive - bwedu\MASTER\Masterarbeit\Software\Ensemble_Embedding_for_Link_Prediction\data\Debug_Entity_sampling_N60_min0.6\results\subgraph_config.csv for subgraph 055	/-

2024-03-26 17:32:31 INFO     -/	Sampling subgraph data\Debug_Entity_sampling_N60_min0.6\sub_056 from Debug with params:
		Entity sampling and (0.6, 0.7) relative subgraph size.	\-
2024-03-26 17:32:31 INFO     Current subgraph size 0.7045 reached or exceeded target size 0.7.
2024-03-26 17:32:31 INFO     Created subgraph 56 with 0 entities and 0 relation names left unused and a relative subgraph size 0.7045.
2024-03-26 17:32:31 INFO     -\	Updated config file D:\OneDrive - bwedu\MASTER\Masterarbeit\Software\Ensemble_Embedding_for_Link_Prediction\data\Debug_Entity_sampling_N60_min0.6\results\subgraph_config.csv for subgraph 056	/-

2024-03-26 17:32:31 INFO     -/	Sampling subgraph data\Debug_Entity_sampling_N60_min0.6\sub_057 from Debug with params:
		Entity sampling and (0.6, 0.7) relative subgraph size.	\-
2024-03-26 17:32:31 INFO     Current subgraph size 0.7155 reached or exceeded target size 0.7.
2024-03-26 17:32:31 INFO     Created subgraph 57 with 0 entities and 0 relation names left unused and a relative subgraph size 0.7155.
2024-03-26 17:32:31 INFO     -\	Updated config file D:\OneDrive - bwedu\MASTER\Masterarbeit\Software\Ensemble_Embedding_for_Link_Prediction\data\Debug_Entity_sampling_N60_min0.6\results\subgraph_config.csv for subgraph 057	/-

2024-03-26 17:32:31 INFO     -/	Sampling subgraph data\Debug_Entity_sampling_N60_min0.6\sub_058 from Debug with params:
		Entity sampling and (0.6, 0.7) relative subgraph size.	\-
2024-03-26 17:32:31 INFO     Enforcing 1 relation names to be present in the subgraph.
2024-03-26 17:32:31 INFO     Current subgraph size 0.724 reached or exceeded target size 0.7.
2024-03-26 17:32:31 INFO     Created subgraph 58 with 0 entities and 0 relation names left unused and a relative subgraph size 0.724.
2024-03-26 17:32:31 INFO     -\	Updated config file D:\OneDrive - bwedu\MASTER\Masterarbeit\Software\Ensemble_Embedding_for_Link_Prediction\data\Debug_Entity_sampling_N60_min0.6\results\subgraph_config.csv for subgraph 058	/-

2024-03-26 17:32:31 INFO     -/	Sampling subgraph data\Debug_Entity_sampling_N60_min0.6\sub_059 from Debug with params:
		Entity sampling and (0.6, 0.7) relative subgraph size.	\-
2024-03-26 17:32:31 INFO     Current subgraph size 0.7025 reached or exceeded target size 0.7.
2024-03-26 17:32:31 INFO     Created subgraph 59 with 0 entities and 0 relation names left unused and a relative subgraph size 0.7025.
2024-03-26 17:32:31 INFO     -\	Updated config file D:\OneDrive - bwedu\MASTER\Masterarbeit\Software\Ensemble_Embedding_for_Link_Prediction\data\Debug_Entity_sampling_N60_min0.6\results\subgraph_config.csv for subgraph 059	/-

2024-03-26 17:32:31 INFO     ### Successfully created 60 subgraphs of the relative size (0.6, 0.7) from the original KG "Debug" in a total of 1.732 seconds (avg: 0.029 sec) ###
2024-03-26 17:32:31 INFO     ### Saving .json config files of models in: D:\OneDrive - bwedu\MASTER\Masterarbeit\Software\Ensemble_Embedding_for_Link_Prediction\data\Debug_Entity_sampling_N60_min0.6\results\model_setup_configs ###
2024-03-26 17:32:31 INFO     ### Saving .pt files of stored models in: D:\OneDrive - bwedu\MASTER\Masterarbeit\Software\Ensemble_Embedding_for_Link_Prediction\data\Debug_Entity_sampling_N60_min0.6\results\model_files ###
2024-03-26 17:32:31 INFO     -/	Setting up embedding models	\-
2024-03-26 17:32:31 INFO     All subgraphs will be embedded by TransE
2024-03-26 17:32:31 INFO     Setting TransE as embedding method for subgraph sub_000
2024-03-26 17:32:31 INFO     Setting TransE as embedding method for subgraph sub_001
2024-03-26 17:32:31 INFO     Setting TransE as embedding method for subgraph sub_002
2024-03-26 17:32:31 INFO     Setting TransE as embedding method for subgraph sub_003
2024-03-26 17:32:31 INFO     Setting TransE as embedding method for subgraph sub_004
2024-03-26 17:32:31 INFO     Setting TransE as embedding method for subgraph sub_005
2024-03-26 17:32:31 INFO     Setting TransE as embedding method for subgraph sub_006
2024-03-26 17:32:31 INFO     Setting TransE as embedding method for subgraph sub_007
2024-03-26 17:32:31 INFO     Setting TransE as embedding method for subgraph sub_008
2024-03-26 17:32:31 INFO     Setting TransE as embedding method for subgraph sub_009
2024-03-26 17:32:31 INFO     Setting TransE as embedding method for subgraph sub_010
2024-03-26 17:32:31 INFO     Setting TransE as embedding method for subgraph sub_011
2024-03-26 17:32:31 INFO     Setting TransE as embedding method for subgraph sub_012
2024-03-26 17:32:31 INFO     Setting TransE as embedding method for subgraph sub_013
2024-03-26 17:32:31 INFO     Setting TransE as embedding method for subgraph sub_014
2024-03-26 17:32:31 INFO     Setting TransE as embedding method for subgraph sub_015
2024-03-26 17:32:31 INFO     Setting TransE as embedding method for subgraph sub_016
2024-03-26 17:32:31 INFO     Setting TransE as embedding method for subgraph sub_017
2024-03-26 17:32:31 INFO     Setting TransE as embedding method for subgraph sub_018
2024-03-26 17:32:31 INFO     Setting TransE as embedding method for subgraph sub_019
2024-03-26 17:32:31 INFO     Setting TransE as embedding method for subgraph sub_020
2024-03-26 17:32:31 INFO     Setting TransE as embedding method for subgraph sub_021
2024-03-26 17:32:31 INFO     Setting TransE as embedding method for subgraph sub_022
2024-03-26 17:32:31 INFO     Setting TransE as embedding method for subgraph sub_023
2024-03-26 17:32:31 INFO     Setting TransE as embedding method for subgraph sub_024
2024-03-26 17:32:31 INFO     Setting TransE as embedding method for subgraph sub_025
2024-03-26 17:32:31 INFO     Setting TransE as embedding method for subgraph sub_026
2024-03-26 17:32:31 INFO     Setting TransE as embedding method for subgraph sub_027
2024-03-26 17:32:31 INFO     Setting TransE as embedding method for subgraph sub_028
2024-03-26 17:32:31 INFO     Setting TransE as embedding method for subgraph sub_029
2024-03-26 17:32:31 INFO     Setting TransE as embedding method for subgraph sub_030
2024-03-26 17:32:31 INFO     Setting TransE as embedding method for subgraph sub_031
2024-03-26 17:32:31 INFO     Setting TransE as embedding method for subgraph sub_032
2024-03-26 17:32:31 INFO     Setting TransE as embedding method for subgraph sub_033
2024-03-26 17:32:31 INFO     Setting TransE as embedding method for subgraph sub_034
2024-03-26 17:32:31 INFO     Setting TransE as embedding method for subgraph sub_035
2024-03-26 17:32:31 INFO     Setting TransE as embedding method for subgraph sub_036
2024-03-26 17:32:31 INFO     Setting TransE as embedding method for subgraph sub_037
2024-03-26 17:32:31 INFO     Setting TransE as embedding method for subgraph sub_038
2024-03-26 17:32:31 INFO     Setting TransE as embedding method for subgraph sub_039
2024-03-26 17:32:31 INFO     Setting TransE as embedding method for subgraph sub_040
2024-03-26 17:32:31 INFO     Setting TransE as embedding method for subgraph sub_041
2024-03-26 17:32:31 INFO     Setting TransE as embedding method for subgraph sub_042
2024-03-26 17:32:31 INFO     Setting TransE as embedding method for subgraph sub_043
2024-03-26 17:32:31 INFO     Setting TransE as embedding method for subgraph sub_044
2024-03-26 17:32:31 INFO     Setting TransE as embedding method for subgraph sub_045
2024-03-26 17:32:31 INFO     Setting TransE as embedding method for subgraph sub_046
2024-03-26 17:32:31 INFO     Setting TransE as embedding method for subgraph sub_047
2024-03-26 17:32:31 INFO     Setting TransE as embedding method for subgraph sub_048
2024-03-26 17:32:31 INFO     Setting TransE as embedding method for subgraph sub_049
2024-03-26 17:32:31 INFO     Setting TransE as embedding method for subgraph sub_050
2024-03-26 17:32:31 INFO     Setting TransE as embedding method for subgraph sub_051
2024-03-26 17:32:31 INFO     Setting TransE as embedding method for subgraph sub_052
2024-03-26 17:32:31 INFO     Setting TransE as embedding method for subgraph sub_053
2024-03-26 17:32:31 INFO     Setting TransE as embedding method for subgraph sub_054
2024-03-26 17:32:31 INFO     Setting TransE as embedding method for subgraph sub_055
2024-03-26 17:32:31 INFO     Setting TransE as embedding method for subgraph sub_056
2024-03-26 17:32:31 INFO     Setting TransE as embedding method for subgraph sub_057
2024-03-26 17:32:31 INFO     Setting TransE as embedding method for subgraph sub_058
2024-03-26 17:32:31 INFO     Setting TransE as embedding method for subgraph sub_059
2024-03-26 17:32:31 INFO     Mapping from embedding methods to subgraphs: {'TransE': [0, 1, 2, 3, 4, 5, 6, 7, 8, 9, 10, 11, 12, 13, 14, 15, 16, 17, 18, 19, 20, 21, 22, 23, 24, 25, 26, 27, 28, 29, 30, 31, 32, 33, 34, 35, 36, 37, 38, 39, 40, 41, 42, 43, 44, 45, 46, 47, 48, 49, 50, 51, 52, 53, 54, 55, 56, 57, 58, 59]}
2024-03-26 17:32:31 INFO     No already trained models found.
2024-03-26 17:32:31 INFO     -/	Creating new model from embedding method TransE for subgraph sub_000	\-
2024-03-26 17:32:31 INFO     Loading data fom subgraph sub_000.
2024-03-26 17:32:32 INFO     -\	Total number of parameters: 4774	/-
2024-03-26 17:32:32 INFO     -/	Creating new model from embedding method TransE for subgraph sub_001	\-
2024-03-26 17:32:32 INFO     Loading data fom subgraph sub_001.
2024-03-26 17:32:33 INFO     -\	Total number of parameters: 4774	/-
2024-03-26 17:32:33 INFO     -/	Creating new model from embedding method TransE for subgraph sub_002	\-
2024-03-26 17:32:33 INFO     Loading data fom subgraph sub_002.
2024-03-26 17:32:33 INFO     -\	Total number of parameters: 4774	/-
2024-03-26 17:32:33 INFO     -/	Creating new model from embedding method TransE for subgraph sub_003	\-
2024-03-26 17:32:33 INFO     Loading data fom subgraph sub_003.
2024-03-26 17:32:33 INFO     -\	Total number of parameters: 4774	/-
2024-03-26 17:32:33 INFO     -/	Creating new model from embedding method TransE for subgraph sub_004	\-
2024-03-26 17:32:33 INFO     Loading data fom subgraph sub_004.
2024-03-26 17:32:33 INFO     -\	Total number of parameters: 4774	/-
2024-03-26 17:32:33 INFO     -/	Creating new model from embedding method TransE for subgraph sub_005	\-
2024-03-26 17:32:33 INFO     Loading data fom subgraph sub_005.
2024-03-26 17:32:33 INFO     -\	Total number of parameters: 4774	/-
2024-03-26 17:32:33 INFO     -/	Creating new model from embedding method TransE for subgraph sub_006	\-
2024-03-26 17:32:33 INFO     Loading data fom subgraph sub_006.
2024-03-26 17:32:33 INFO     -\	Total number of parameters: 4774	/-
2024-03-26 17:32:33 INFO     -/	Creating new model from embedding method TransE for subgraph sub_007	\-
2024-03-26 17:32:33 INFO     Loading data fom subgraph sub_007.
2024-03-26 17:32:33 INFO     -\	Total number of parameters: 4774	/-
2024-03-26 17:32:33 INFO     -/	Creating new model from embedding method TransE for subgraph sub_008	\-
2024-03-26 17:32:33 INFO     Loading data fom subgraph sub_008.
2024-03-26 17:32:33 INFO     -\	Total number of parameters: 4774	/-
2024-03-26 17:32:33 INFO     -/	Creating new model from embedding method TransE for subgraph sub_009	\-
2024-03-26 17:32:33 INFO     Loading data fom subgraph sub_009.
2024-03-26 17:32:33 INFO     -\	Total number of parameters: 4774	/-
2024-03-26 17:32:33 INFO     -/	Creating new model from embedding method TransE for subgraph sub_010	\-
2024-03-26 17:32:33 INFO     Loading data fom subgraph sub_010.
2024-03-26 17:32:33 INFO     -\	Total number of parameters: 4774	/-
2024-03-26 17:32:33 INFO     -/	Creating new model from embedding method TransE for subgraph sub_011	\-
2024-03-26 17:32:33 INFO     Loading data fom subgraph sub_011.
2024-03-26 17:32:33 INFO     -\	Total number of parameters: 4774	/-
2024-03-26 17:32:33 INFO     -/	Creating new model from embedding method TransE for subgraph sub_012	\-
2024-03-26 17:32:33 INFO     Loading data fom subgraph sub_012.
2024-03-26 17:32:33 INFO     -\	Total number of parameters: 4774	/-
2024-03-26 17:32:33 INFO     -/	Creating new model from embedding method TransE for subgraph sub_013	\-
2024-03-26 17:32:33 INFO     Loading data fom subgraph sub_013.
2024-03-26 17:32:33 INFO     -\	Total number of parameters: 4774	/-
2024-03-26 17:32:33 INFO     -/	Creating new model from embedding method TransE for subgraph sub_014	\-
2024-03-26 17:32:33 INFO     Loading data fom subgraph sub_014.
2024-03-26 17:32:33 INFO     -\	Total number of parameters: 4774	/-
2024-03-26 17:32:33 INFO     -/	Creating new model from embedding method TransE for subgraph sub_015	\-
2024-03-26 17:32:33 INFO     Loading data fom subgraph sub_015.
2024-03-26 17:32:33 INFO     -\	Total number of parameters: 4774	/-
2024-03-26 17:32:33 INFO     -/	Creating new model from embedding method TransE for subgraph sub_016	\-
2024-03-26 17:32:33 INFO     Loading data fom subgraph sub_016.
2024-03-26 17:32:33 INFO     -\	Total number of parameters: 4774	/-
2024-03-26 17:32:33 INFO     -/	Creating new model from embedding method TransE for subgraph sub_017	\-
2024-03-26 17:32:33 INFO     Loading data fom subgraph sub_017.
2024-03-26 17:32:33 INFO     -\	Total number of parameters: 4774	/-
2024-03-26 17:32:33 INFO     -/	Creating new model from embedding method TransE for subgraph sub_018	\-
2024-03-26 17:32:33 INFO     Loading data fom subgraph sub_018.
2024-03-26 17:32:33 INFO     -\	Total number of parameters: 4774	/-
2024-03-26 17:32:33 INFO     -/	Creating new model from embedding method TransE for subgraph sub_019	\-
2024-03-26 17:32:33 INFO     Loading data fom subgraph sub_019.
2024-03-26 17:32:33 INFO     -\	Total number of parameters: 4774	/-
2024-03-26 17:32:33 INFO     -/	Creating new model from embedding method TransE for subgraph sub_020	\-
2024-03-26 17:32:33 INFO     Loading data fom subgraph sub_020.
2024-03-26 17:32:33 INFO     -\	Total number of parameters: 4774	/-
2024-03-26 17:32:33 INFO     -/	Creating new model from embedding method TransE for subgraph sub_021	\-
2024-03-26 17:32:33 INFO     Loading data fom subgraph sub_021.
2024-03-26 17:32:33 INFO     -\	Total number of parameters: 4774	/-
2024-03-26 17:32:33 INFO     -/	Creating new model from embedding method TransE for subgraph sub_022	\-
2024-03-26 17:32:33 INFO     Loading data fom subgraph sub_022.
2024-03-26 17:32:33 INFO     -\	Total number of parameters: 4774	/-
2024-03-26 17:32:33 INFO     -/	Creating new model from embedding method TransE for subgraph sub_023	\-
2024-03-26 17:32:33 INFO     Loading data fom subgraph sub_023.
2024-03-26 17:32:33 INFO     -\	Total number of parameters: 4774	/-
2024-03-26 17:32:33 INFO     -/	Creating new model from embedding method TransE for subgraph sub_024	\-
2024-03-26 17:32:33 INFO     Loading data fom subgraph sub_024.
2024-03-26 17:32:33 INFO     -\	Total number of parameters: 4774	/-
2024-03-26 17:32:33 INFO     -/	Creating new model from embedding method TransE for subgraph sub_025	\-
2024-03-26 17:32:33 INFO     Loading data fom subgraph sub_025.
2024-03-26 17:32:33 INFO     -\	Total number of parameters: 4774	/-
2024-03-26 17:32:33 INFO     -/	Creating new model from embedding method TransE for subgraph sub_026	\-
2024-03-26 17:32:33 INFO     Loading data fom subgraph sub_026.
2024-03-26 17:32:33 INFO     -\	Total number of parameters: 4774	/-
2024-03-26 17:32:33 INFO     -/	Creating new model from embedding method TransE for subgraph sub_027	\-
2024-03-26 17:32:33 INFO     Loading data fom subgraph sub_027.
2024-03-26 17:32:33 INFO     -\	Total number of parameters: 4774	/-
2024-03-26 17:32:33 INFO     -/	Creating new model from embedding method TransE for subgraph sub_028	\-
2024-03-26 17:32:33 INFO     Loading data fom subgraph sub_028.
2024-03-26 17:32:33 INFO     -\	Total number of parameters: 4774	/-
2024-03-26 17:32:33 INFO     -/	Creating new model from embedding method TransE for subgraph sub_029	\-
2024-03-26 17:32:33 INFO     Loading data fom subgraph sub_029.
2024-03-26 17:32:33 INFO     -\	Total number of parameters: 4774	/-
2024-03-26 17:32:33 INFO     -/	Creating new model from embedding method TransE for subgraph sub_030	\-
2024-03-26 17:32:33 INFO     Loading data fom subgraph sub_030.
2024-03-26 17:32:33 INFO     -\	Total number of parameters: 4774	/-
2024-03-26 17:32:33 INFO     -/	Creating new model from embedding method TransE for subgraph sub_031	\-
2024-03-26 17:32:33 INFO     Loading data fom subgraph sub_031.
2024-03-26 17:32:33 INFO     -\	Total number of parameters: 4774	/-
2024-03-26 17:32:33 INFO     -/	Creating new model from embedding method TransE for subgraph sub_032	\-
2024-03-26 17:32:33 INFO     Loading data fom subgraph sub_032.
2024-03-26 17:32:33 INFO     -\	Total number of parameters: 4774	/-
2024-03-26 17:32:33 INFO     -/	Creating new model from embedding method TransE for subgraph sub_033	\-
2024-03-26 17:32:33 INFO     Loading data fom subgraph sub_033.
2024-03-26 17:32:33 INFO     -\	Total number of parameters: 4774	/-
2024-03-26 17:32:33 INFO     -/	Creating new model from embedding method TransE for subgraph sub_034	\-
2024-03-26 17:32:33 INFO     Loading data fom subgraph sub_034.
2024-03-26 17:32:33 INFO     -\	Total number of parameters: 4774	/-
2024-03-26 17:32:33 INFO     -/	Creating new model from embedding method TransE for subgraph sub_035	\-
2024-03-26 17:32:33 INFO     Loading data fom subgraph sub_035.
2024-03-26 17:32:33 INFO     -\	Total number of parameters: 4774	/-
2024-03-26 17:32:33 INFO     -/	Creating new model from embedding method TransE for subgraph sub_036	\-
2024-03-26 17:32:33 INFO     Loading data fom subgraph sub_036.
2024-03-26 17:32:33 INFO     -\	Total number of parameters: 4774	/-
2024-03-26 17:32:33 INFO     -/	Creating new model from embedding method TransE for subgraph sub_037	\-
2024-03-26 17:32:33 INFO     Loading data fom subgraph sub_037.
2024-03-26 17:32:33 INFO     -\	Total number of parameters: 4774	/-
2024-03-26 17:32:33 INFO     -/	Creating new model from embedding method TransE for subgraph sub_038	\-
2024-03-26 17:32:33 INFO     Loading data fom subgraph sub_038.
2024-03-26 17:32:33 INFO     -\	Total number of parameters: 4774	/-
2024-03-26 17:32:33 INFO     -/	Creating new model from embedding method TransE for subgraph sub_039	\-
2024-03-26 17:32:33 INFO     Loading data fom subgraph sub_039.
2024-03-26 17:32:33 INFO     -\	Total number of parameters: 4774	/-
2024-03-26 17:32:33 INFO     -/	Creating new model from embedding method TransE for subgraph sub_040	\-
2024-03-26 17:32:33 INFO     Loading data fom subgraph sub_040.
2024-03-26 17:32:33 INFO     -\	Total number of parameters: 4774	/-
2024-03-26 17:32:33 INFO     -/	Creating new model from embedding method TransE for subgraph sub_041	\-
2024-03-26 17:32:33 INFO     Loading data fom subgraph sub_041.
2024-03-26 17:32:33 INFO     -\	Total number of parameters: 4774	/-
2024-03-26 17:32:33 INFO     -/	Creating new model from embedding method TransE for subgraph sub_042	\-
2024-03-26 17:32:33 INFO     Loading data fom subgraph sub_042.
2024-03-26 17:32:33 INFO     -\	Total number of parameters: 4774	/-
2024-03-26 17:32:33 INFO     -/	Creating new model from embedding method TransE for subgraph sub_043	\-
2024-03-26 17:32:33 INFO     Loading data fom subgraph sub_043.
2024-03-26 17:32:33 INFO     -\	Total number of parameters: 4774	/-
2024-03-26 17:32:33 INFO     -/	Creating new model from embedding method TransE for subgraph sub_044	\-
2024-03-26 17:32:33 INFO     Loading data fom subgraph sub_044.
2024-03-26 17:32:33 INFO     -\	Total number of parameters: 4774	/-
2024-03-26 17:32:33 INFO     -/	Creating new model from embedding method TransE for subgraph sub_045	\-
2024-03-26 17:32:33 INFO     Loading data fom subgraph sub_045.
2024-03-26 17:32:33 INFO     -\	Total number of parameters: 4774	/-
2024-03-26 17:32:33 INFO     -/	Creating new model from embedding method TransE for subgraph sub_046	\-
2024-03-26 17:32:33 INFO     Loading data fom subgraph sub_046.
2024-03-26 17:32:33 INFO     -\	Total number of parameters: 4774	/-
2024-03-26 17:32:33 INFO     -/	Creating new model from embedding method TransE for subgraph sub_047	\-
2024-03-26 17:32:33 INFO     Loading data fom subgraph sub_047.
2024-03-26 17:32:33 INFO     -\	Total number of parameters: 4774	/-
2024-03-26 17:32:33 INFO     -/	Creating new model from embedding method TransE for subgraph sub_048	\-
2024-03-26 17:32:33 INFO     Loading data fom subgraph sub_048.
2024-03-26 17:32:33 INFO     -\	Total number of parameters: 4774	/-
2024-03-26 17:32:33 INFO     -/	Creating new model from embedding method TransE for subgraph sub_049	\-
2024-03-26 17:32:33 INFO     Loading data fom subgraph sub_049.
2024-03-26 17:32:33 INFO     -\	Total number of parameters: 4774	/-
2024-03-26 17:32:33 INFO     -/	Creating new model from embedding method TransE for subgraph sub_050	\-
2024-03-26 17:32:33 INFO     Loading data fom subgraph sub_050.
2024-03-26 17:32:33 INFO     -\	Total number of parameters: 4774	/-
2024-03-26 17:32:33 INFO     -/	Creating new model from embedding method TransE for subgraph sub_051	\-
2024-03-26 17:32:33 INFO     Loading data fom subgraph sub_051.
2024-03-26 17:32:33 INFO     -\	Total number of parameters: 4774	/-
2024-03-26 17:32:34 INFO     -/	Creating new model from embedding method TransE for subgraph sub_052	\-
2024-03-26 17:32:34 INFO     Loading data fom subgraph sub_052.
2024-03-26 17:32:34 INFO     -\	Total number of parameters: 4774	/-
2024-03-26 17:32:34 INFO     -/	Creating new model from embedding method TransE for subgraph sub_053	\-
2024-03-26 17:32:34 INFO     Loading data fom subgraph sub_053.
2024-03-26 17:32:34 INFO     -\	Total number of parameters: 4774	/-
2024-03-26 17:32:34 INFO     -/	Creating new model from embedding method TransE for subgraph sub_054	\-
2024-03-26 17:32:34 INFO     Loading data fom subgraph sub_054.
2024-03-26 17:32:34 INFO     -\	Total number of parameters: 4774	/-
2024-03-26 17:32:34 INFO     -/	Creating new model from embedding method TransE for subgraph sub_055	\-
2024-03-26 17:32:34 INFO     Loading data fom subgraph sub_055.
2024-03-26 17:32:34 INFO     -\	Total number of parameters: 4774	/-
2024-03-26 17:32:34 INFO     -/	Creating new model from embedding method TransE for subgraph sub_056	\-
2024-03-26 17:32:34 INFO     Loading data fom subgraph sub_056.
2024-03-26 17:32:34 INFO     -\	Total number of parameters: 4774	/-
2024-03-26 17:32:34 INFO     -/	Creating new model from embedding method TransE for subgraph sub_057	\-
2024-03-26 17:32:34 INFO     Loading data fom subgraph sub_057.
2024-03-26 17:32:34 INFO     -\	Total number of parameters: 4774	/-
2024-03-26 17:32:34 INFO     -/	Creating new model from embedding method TransE for subgraph sub_058	\-
2024-03-26 17:32:34 INFO     Loading data fom subgraph sub_058.
2024-03-26 17:32:34 INFO     -\	Total number of parameters: 4774	/-
2024-03-26 17:32:34 INFO     -/	Creating new model from embedding method TransE for subgraph sub_059	\-
2024-03-26 17:32:34 INFO     Loading data fom subgraph sub_059.
2024-03-26 17:32:34 INFO     -\	Total number of parameters: 4774	/-
2024-03-26 17:32:34 INFO     -\	Successfully created all models in 2.525 seconds / 0.042 minutes	/-
2024-03-26 17:32:34 INFO     -/	Starting training	\-
2024-03-26 17:32:34 INFO     -/	Start training sub_000 with TransE	\-
2024-03-26 17:32:48 INFO     Subgraph sub_000 Training Epoch 0 | average train loss: 0.3806
2024-03-26 17:32:48 INFO     Subgraph sub_000 Validation Epoch 0 | average train loss: 0.1064
2024-03-26 17:32:48 INFO     	 Reducing learning rate
2024-03-26 17:32:48 INFO     Subgraph sub_000 Training Epoch 1 | average train loss: 0.1038
2024-03-26 17:32:48 INFO     Subgraph sub_000 Validation Epoch 1 | average train loss: 0.1059
2024-03-26 17:32:48 INFO     	 Reducing learning rate
2024-03-26 17:32:48 INFO     Subgraph sub_000 Training Epoch 2 | average train loss: 0.1021
2024-03-26 17:32:48 INFO     Subgraph sub_000 Validation Epoch 2 | average train loss: 0.1057
