2024-08-25 20:29:06 INFO     ### Saving logs in: logs\08_25\FB15K-237\DistMult_20_29_06 ###
2024-08-25 20:29:09 INFO     	 (14541, 474, 14541)
2024-08-25 20:29:09 INFO     Total number of parameters 990042
2024-08-25 20:29:10 INFO     	 Start training
2024-08-25 20:29:27 INFO     	 Epoch 0 | average train loss: 0.0877
2024-08-25 20:29:27 INFO     	 Epoch 0 | average valid loss: 0.0752
2024-08-25 20:29:46 INFO     	 Epoch 1 | average train loss: 0.0807
2024-08-25 20:29:46 INFO     	 Epoch 1 | average valid loss: 0.0737
2024-08-25 20:30:07 INFO     	 Epoch 2 | average train loss: 0.0773
2024-08-25 20:30:08 INFO     	 Epoch 2 | average valid loss: 0.0718
2024-08-25 20:30:28 INFO     	 Epoch 3 | average train loss: 0.0743
2024-08-25 20:30:28 INFO     	 Epoch 3 | average valid loss: 0.0699
2024-08-25 20:30:48 INFO     	 Epoch 4 | average train loss: 0.0714
2024-08-25 20:30:48 INFO     	 Epoch 4 | average valid loss: 0.0678
2024-08-25 20:31:01 INFO     
average valid metrics:	MR: 2675.960	| MRR: 0.080	| H@1: 0.046	| H@3: 0.084	| H@10: 0.143	| AMRI: 0.632	| rank_deviation: 0.001
2024-08-25 20:31:01 INFO     	 Saving model at epoch 4 in logs\08_25\FB15K-237\DistMult_20_29_06
2024-08-25 20:31:22 INFO     	 Epoch 5 | average train loss: 0.0684
2024-08-25 20:31:23 INFO     	 Epoch 5 | average valid loss: 0.0656
2024-08-25 20:31:41 INFO     	 Epoch 6 | average train loss: 0.0652
2024-08-25 20:31:42 INFO     	 Epoch 6 | average valid loss: 0.0629
2024-08-25 20:32:03 INFO     	 Epoch 7 | average train loss: 0.0620
2024-08-25 20:32:04 INFO     	 Epoch 7 | average valid loss: 0.0602
2024-08-25 20:32:22 INFO     	 Epoch 8 | average train loss: 0.0590
2024-08-25 20:32:23 INFO     	 Epoch 8 | average valid loss: 0.0576
2024-08-25 20:32:42 INFO     	 Epoch 9 | average train loss: 0.0562
2024-08-25 20:32:43 INFO     	 Epoch 9 | average valid loss: 0.0552
2024-08-25 20:32:56 INFO     
average valid metrics:	MR: 1482.630	| MRR: 0.147	| H@1: 0.093	| H@3: 0.160	| H@10: 0.255	| AMRI: 0.796	| rank_deviation: 0.001
2024-08-25 20:32:56 INFO     	 Saving model at epoch 9 in logs\08_25\FB15K-237\DistMult_20_29_06
2024-08-25 20:33:15 INFO     	 Epoch 10 | average train loss: 0.0538
2024-08-25 20:33:15 INFO     	 Epoch 10 | average valid loss: 0.0531
2024-08-25 20:33:37 INFO     	 Epoch 11 | average train loss: 0.0518
2024-08-25 20:33:37 INFO     	 Epoch 11 | average valid loss: 0.0513
2024-08-25 20:33:56 INFO     	 Epoch 12 | average train loss: 0.0501
2024-08-25 20:33:56 INFO     	 Epoch 12 | average valid loss: 0.0498
2024-08-25 20:34:17 INFO     	 Epoch 13 | average train loss: 0.0486
2024-08-25 20:34:17 INFO     	 Epoch 13 | average valid loss: 0.0485
2024-08-25 20:34:36 INFO     	 Epoch 14 | average train loss: 0.0473
2024-08-25 20:34:36 INFO     	 Epoch 14 | average valid loss: 0.0473
2024-08-25 20:34:50 INFO     
average valid metrics:	MR: 905.553	| MRR: 0.182	| H@1: 0.118	| H@3: 0.201	| H@10: 0.306	| AMRI: 0.876	| rank_deviation: 0.000
2024-08-25 20:34:50 INFO     	 Saving model at epoch 14 in logs\08_25\FB15K-237\DistMult_20_29_06
2024-08-25 20:35:12 INFO     	 Epoch 15 | average train loss: 0.0461
2024-08-25 20:35:12 INFO     	 Epoch 15 | average valid loss: 0.0462
2024-08-25 20:35:31 INFO     	 Epoch 16 | average train loss: 0.0452
2024-08-25 20:35:31 INFO     	 Epoch 16 | average valid loss: 0.0454
2024-08-25 20:35:51 INFO     	 Epoch 17 | average train loss: 0.0443
2024-08-25 20:35:51 INFO     	 Epoch 17 | average valid loss: 0.0446
2024-08-25 20:36:10 INFO     	 Epoch 18 | average train loss: 0.0436
2024-08-25 20:36:10 INFO     	 Epoch 18 | average valid loss: 0.0438
2024-08-25 20:36:30 INFO     	 Epoch 19 | average train loss: 0.0429
2024-08-25 20:36:30 INFO     	 Epoch 19 | average valid loss: 0.0432
2024-08-25 20:36:45 INFO     
average valid metrics:	MR: 650.740	| MRR: 0.194	| H@1: 0.125	| H@3: 0.215	| H@10: 0.331	| AMRI: 0.911	| rank_deviation: 0.000
2024-08-25 20:36:45 INFO     	 Saving model at epoch 19 in logs\08_25\FB15K-237\DistMult_20_29_06
2024-08-25 20:37:03 INFO     	 Epoch 20 | average train loss: 0.0423
2024-08-25 20:37:03 INFO     	 Epoch 20 | average valid loss: 0.0425
2024-08-25 20:37:21 INFO     	 Epoch 21 | average train loss: 0.0417
2024-08-25 20:37:22 INFO     	 Epoch 21 | average valid loss: 0.0421
2024-08-25 20:37:42 INFO     	 Epoch 22 | average train loss: 0.0412
2024-08-25 20:37:42 INFO     	 Epoch 22 | average valid loss: 0.0416
2024-08-25 20:38:01 INFO     	 Epoch 23 | average train loss: 0.0408
2024-08-25 20:38:02 INFO     	 Epoch 23 | average valid loss: 0.0411
2024-08-25 20:38:23 INFO     	 Epoch 24 | average train loss: 0.0404
2024-08-25 20:38:23 INFO     	 Epoch 24 | average valid loss: 0.0407
2024-08-25 20:38:37 INFO     
average valid metrics:	MR: 522.365	| MRR: 0.204	| H@1: 0.133	| H@3: 0.223	| H@10: 0.345	| AMRI: 0.928	| rank_deviation: 0.000
2024-08-25 20:38:37 INFO     	 Saving model at epoch 24 in logs\08_25\FB15K-237\DistMult_20_29_06
2024-08-25 20:38:59 INFO     	 Epoch 25 | average train loss: 0.0400
2024-08-25 20:39:00 INFO     	 Epoch 25 | average valid loss: 0.0403
2024-08-25 20:39:19 INFO     	 Epoch 26 | average train loss: 0.0397
2024-08-25 20:39:19 INFO     	 Epoch 26 | average valid loss: 0.0400
2024-08-25 20:39:39 INFO     	 Epoch 27 | average train loss: 0.0394
2024-08-25 20:39:40 INFO     	 Epoch 27 | average valid loss: 0.0396
2024-08-25 20:40:00 INFO     	 Epoch 28 | average train loss: 0.0391
2024-08-25 20:40:00 INFO     	 Epoch 28 | average valid loss: 0.0393
2024-08-25 20:40:19 INFO     	 Epoch 29 | average train loss: 0.0388
2024-08-25 20:40:20 INFO     	 Epoch 29 | average valid loss: 0.0391
2024-08-25 20:40:37 INFO     
average valid metrics:	MR: 452.921	| MRR: 0.214	| H@1: 0.143	| H@3: 0.231	| H@10: 0.355	| AMRI: 0.938	| rank_deviation: 0.000
2024-08-25 20:40:37 INFO     	 Saving model at epoch 29 in logs\08_25\FB15K-237\DistMult_20_29_06
2024-08-25 20:40:58 INFO     	 Epoch 30 | average train loss: 0.0385
2024-08-25 20:40:58 INFO     	 Epoch 30 | average valid loss: 0.0388
2024-08-25 20:41:19 INFO     	 Epoch 31 | average train loss: 0.0383
2024-08-25 20:41:19 INFO     	 Epoch 31 | average valid loss: 0.0385
2024-08-25 20:41:38 INFO     	 Epoch 32 | average train loss: 0.0381
2024-08-25 20:41:38 INFO     	 Epoch 32 | average valid loss: 0.0383
2024-08-25 20:41:57 INFO     	 Epoch 33 | average train loss: 0.0379
2024-08-25 20:41:58 INFO     	 Epoch 33 | average valid loss: 0.0381
2024-08-25 20:42:19 INFO     	 Epoch 34 | average train loss: 0.0377
2024-08-25 20:42:20 INFO     	 Epoch 34 | average valid loss: 0.0379
2024-08-25 20:42:33 INFO     
average valid metrics:	MR: 411.191	| MRR: 0.221	| H@1: 0.149	| H@3: 0.237	| H@10: 0.365	| AMRI: 0.944	| rank_deviation: 0.000
2024-08-25 20:42:33 INFO     	 Saving model at epoch 34 in logs\08_25\FB15K-237\DistMult_20_29_06
2024-08-25 20:42:54 INFO     	 Epoch 35 | average train loss: 0.0375
2024-08-25 20:42:54 INFO     	 Epoch 35 | average valid loss: 0.0376
2024-08-25 20:43:12 INFO     	 Epoch 36 | average train loss: 0.0374
2024-08-25 20:43:13 INFO     	 Epoch 36 | average valid loss: 0.0376
2024-08-25 20:43:34 INFO     	 Epoch 37 | average train loss: 0.0372
2024-08-25 20:43:35 INFO     	 Epoch 37 | average valid loss: 0.0374
2024-08-25 20:43:54 INFO     	 Epoch 38 | average train loss: 0.0370
2024-08-25 20:43:54 INFO     	 Epoch 38 | average valid loss: 0.0373
2024-08-25 20:44:14 INFO     	 Epoch 39 | average train loss: 0.0369
2024-08-25 20:44:14 INFO     	 Epoch 39 | average valid loss: 0.0371
2024-08-25 20:44:32 INFO     
average valid metrics:	MR: 383.653	| MRR: 0.226	| H@1: 0.153	| H@3: 0.245	| H@10: 0.373	| AMRI: 0.947	| rank_deviation: 0.000
2024-08-25 20:44:32 INFO     	 Saving model at epoch 39 in logs\08_25\FB15K-237\DistMult_20_29_06
2024-08-25 20:44:52 INFO     	 Epoch 40 | average train loss: 0.0368
2024-08-25 20:44:52 INFO     	 Epoch 40 | average valid loss: 0.0370
2024-08-25 20:45:13 INFO     	 Epoch 41 | average train loss: 0.0366
2024-08-25 20:45:14 INFO     	 Epoch 41 | average valid loss: 0.0368
2024-08-25 20:45:33 INFO     	 Epoch 42 | average train loss: 0.0365
2024-08-25 20:45:33 INFO     	 Epoch 42 | average valid loss: 0.0367
2024-08-25 20:45:53 INFO     	 Epoch 43 | average train loss: 0.0364
2024-08-25 20:45:53 INFO     	 Epoch 43 | average valid loss: 0.0367
2024-08-25 20:46:12 INFO     	 Epoch 44 | average train loss: 0.0363
2024-08-25 20:46:12 INFO     	 Epoch 44 | average valid loss: 0.0364
2024-08-25 20:46:26 INFO     
average valid metrics:	MR: 363.514	| MRR: 0.230	| H@1: 0.156	| H@3: 0.249	| H@10: 0.380	| AMRI: 0.950	| rank_deviation: 0.000
2024-08-25 20:46:26 INFO     	 Saving model at epoch 44 in logs\08_25\FB15K-237\DistMult_20_29_06
2024-08-25 20:46:47 INFO     	 Epoch 45 | average train loss: 0.0362
2024-08-25 20:46:47 INFO     	 Epoch 45 | average valid loss: 0.0364
2024-08-25 20:47:06 INFO     	 Epoch 46 | average train loss: 0.0361
2024-08-25 20:47:06 INFO     	 Epoch 46 | average valid loss: 0.0363
2024-08-25 20:47:24 INFO     	 Epoch 47 | average train loss: 0.0360
2024-08-25 20:47:24 INFO     	 Epoch 47 | average valid loss: 0.0362
2024-08-25 20:47:40 INFO     	 Epoch 48 | average train loss: 0.0359
2024-08-25 20:47:40 INFO     	 Epoch 48 | average valid loss: 0.0362
2024-08-25 20:47:58 INFO     	 Epoch 49 | average train loss: 0.0358
2024-08-25 20:47:58 INFO     	 Epoch 49 | average valid loss: 0.0360
2024-08-25 20:48:12 INFO     
average valid metrics:	MR: 348.153	| MRR: 0.234	| H@1: 0.159	| H@3: 0.253	| H@10: 0.386	| AMRI: 0.952	| rank_deviation: 0.000
2024-08-25 20:48:12 INFO     	 Saving model at epoch 49 in logs\08_25\FB15K-237\DistMult_20_29_06
2024-08-25 20:48:38 INFO     	 Epoch 50 | average train loss: 0.0358
2024-08-25 20:48:39 INFO     	 Epoch 50 | average valid loss: 0.0360
2024-08-25 20:49:03 INFO     	 Epoch 51 | average train loss: 0.0357
2024-08-25 20:49:03 INFO     	 Epoch 51 | average valid loss: 0.0359
2024-08-25 20:49:29 INFO     	 Epoch 52 | average train loss: 0.0356
2024-08-25 20:49:29 INFO     	 Epoch 52 | average valid loss: 0.0357
2024-08-25 20:49:54 INFO     	 Epoch 53 | average train loss: 0.0355
2024-08-25 20:49:54 INFO     	 Epoch 53 | average valid loss: 0.0356
2024-08-25 20:50:13 INFO     	 Epoch 54 | average train loss: 0.0354
2024-08-25 20:50:13 INFO     	 Epoch 54 | average valid loss: 0.0356
2024-08-25 20:50:26 INFO     
average valid metrics:	MR: 335.339	| MRR: 0.237	| H@1: 0.161	| H@3: 0.257	| H@10: 0.389	| AMRI: 0.954	| rank_deviation: 0.000
2024-08-25 20:50:26 INFO     	 Saving model at epoch 54 in logs\08_25\FB15K-237\DistMult_20_29_06
2024-08-25 20:50:47 INFO     	 Epoch 55 | average train loss: 0.0354
2024-08-25 20:50:47 INFO     	 Epoch 55 | average valid loss: 0.0355
2024-08-25 20:51:06 INFO     	 Epoch 56 | average train loss: 0.0353
2024-08-25 20:51:07 INFO     	 Epoch 56 | average valid loss: 0.0354
2024-08-25 20:51:27 INFO     	 Epoch 57 | average train loss: 0.0352
2024-08-25 20:51:27 INFO     	 Epoch 57 | average valid loss: 0.0354
2024-08-25 20:51:46 INFO     	 Epoch 58 | average train loss: 0.0352
2024-08-25 20:51:47 INFO     	 Epoch 58 | average valid loss: 0.0354
2024-08-25 20:52:06 INFO     	 Epoch 59 | average train loss: 0.0351
2024-08-25 20:52:06 INFO     	 Epoch 59 | average valid loss: 0.0353
2024-08-25 20:52:25 INFO     
average valid metrics:	MR: 325.356	| MRR: 0.239	| H@1: 0.162	| H@3: 0.259	| H@10: 0.393	| AMRI: 0.955	| rank_deviation: 0.000
2024-08-25 20:52:25 INFO     	 Saving model at epoch 59 in logs\08_25\FB15K-237\DistMult_20_29_06
2024-08-25 20:52:46 INFO     	 Epoch 60 | average train loss: 0.0351
2024-08-25 20:52:46 INFO     	 Epoch 60 | average valid loss: 0.0352
2024-08-25 20:53:07 INFO     	 Epoch 61 | average train loss: 0.0350
2024-08-25 20:53:07 INFO     	 Epoch 61 | average valid loss: 0.0352
2024-08-25 20:53:26 INFO     	 Epoch 62 | average train loss: 0.0349
2024-08-25 20:53:26 INFO     	 Epoch 62 | average valid loss: 0.0352
2024-08-25 20:53:48 INFO     	 Epoch 63 | average train loss: 0.0349
2024-08-25 20:53:48 INFO     	 Epoch 63 | average valid loss: 0.0350
2024-08-25 20:54:07 INFO     	 Epoch 64 | average train loss: 0.0349
2024-08-25 20:54:07 INFO     	 Epoch 64 | average valid loss: 0.0349
2024-08-25 20:54:22 INFO     
average valid metrics:	MR: 316.950	| MRR: 0.240	| H@1: 0.164	| H@3: 0.260	| H@10: 0.395	| AMRI: 0.957	| rank_deviation: 0.000
2024-08-25 20:54:22 INFO     	 Saving model at epoch 64 in logs\08_25\FB15K-237\DistMult_20_29_06
2024-08-25 20:54:43 INFO     	 Epoch 65 | average train loss: 0.0348
2024-08-25 20:54:43 INFO     	 Epoch 65 | average valid loss: 0.0350
2024-08-25 20:55:03 INFO     	 Epoch 66 | average train loss: 0.0347
2024-08-25 20:55:03 INFO     	 Epoch 66 | average valid loss: 0.0349
2024-08-25 20:55:23 INFO     	 Epoch 67 | average train loss: 0.0347
2024-08-25 20:55:23 INFO     	 Epoch 67 | average valid loss: 0.0348
2024-08-25 20:55:43 INFO     	 Epoch 68 | average train loss: 0.0346
2024-08-25 20:55:44 INFO     	 Epoch 68 | average valid loss: 0.0347
2024-08-25 20:56:05 INFO     	 Epoch 69 | average train loss: 0.0346
2024-08-25 20:56:05 INFO     	 Epoch 69 | average valid loss: 0.0347
2024-08-25 20:56:21 INFO     
average valid metrics:	MR: 309.362	| MRR: 0.242	| H@1: 0.165	| H@3: 0.262	| H@10: 0.399	| AMRI: 0.958	| rank_deviation: 0.000
2024-08-25 20:56:21 INFO     	 Saving model at epoch 69 in logs\08_25\FB15K-237\DistMult_20_29_06
2024-08-25 20:56:40 INFO     	 Epoch 70 | average train loss: 0.0346
2024-08-25 20:56:41 INFO     	 Epoch 70 | average valid loss: 0.0346
2024-08-25 20:57:02 INFO     	 Epoch 71 | average train loss: 0.0345
2024-08-25 20:57:02 INFO     	 Epoch 71 | average valid loss: 0.0347
2024-08-25 20:57:22 INFO     	 Epoch 72 | average train loss: 0.0345
2024-08-25 20:57:23 INFO     	 Epoch 72 | average valid loss: 0.0346
2024-08-25 20:57:43 INFO     	 Epoch 73 | average train loss: 0.0344
2024-08-25 20:57:44 INFO     	 Epoch 73 | average valid loss: 0.0346
2024-08-25 20:58:04 INFO     	 Epoch 74 | average train loss: 0.0344
2024-08-25 20:58:04 INFO     	 Epoch 74 | average valid loss: 0.0345
2024-08-25 20:58:22 INFO     
average valid metrics:	MR: 303.306	| MRR: 0.243	| H@1: 0.166	| H@3: 0.264	| H@10: 0.400	| AMRI: 0.958	| rank_deviation: 0.000
2024-08-25 20:58:22 INFO     	 Saving model at epoch 74 in logs\08_25\FB15K-237\DistMult_20_29_06
2024-08-25 20:58:42 INFO     	 Epoch 75 | average train loss: 0.0344
2024-08-25 20:58:42 INFO     	 Epoch 75 | average valid loss: 0.0344
2024-08-25 20:59:04 INFO     	 Epoch 76 | average train loss: 0.0343
2024-08-25 20:59:04 INFO     	 Epoch 76 | average valid loss: 0.0344
2024-08-25 20:59:23 INFO     	 Epoch 77 | average train loss: 0.0343
2024-08-25 20:59:24 INFO     	 Epoch 77 | average valid loss: 0.0344
2024-08-25 20:59:43 INFO     	 Epoch 78 | average train loss: 0.0342
2024-08-25 20:59:44 INFO     	 Epoch 78 | average valid loss: 0.0343
2024-08-25 21:00:04 INFO     	 Epoch 79 | average train loss: 0.0342
2024-08-25 21:00:05 INFO     	 Epoch 79 | average valid loss: 0.0342
2024-08-25 21:00:20 INFO     
average valid metrics:	MR: 297.631	| MRR: 0.245	| H@1: 0.166	| H@3: 0.266	| H@10: 0.403	| AMRI: 0.959	| rank_deviation: 0.000
2024-08-25 21:00:20 INFO     	 Saving model at epoch 79 in logs\08_25\FB15K-237\DistMult_20_29_06
2024-08-25 21:00:40 INFO     	 Epoch 80 | average train loss: 0.0342
2024-08-25 21:00:40 INFO     	 Epoch 80 | average valid loss: 0.0342
2024-08-25 21:01:00 INFO     	 Epoch 81 | average train loss: 0.0341
2024-08-25 21:01:00 INFO     	 Epoch 81 | average valid loss: 0.0343
2024-08-25 21:01:21 INFO     	 Epoch 82 | average train loss: 0.0341
2024-08-25 21:01:22 INFO     	 Epoch 82 | average valid loss: 0.0342
2024-08-25 21:01:41 INFO     	 Epoch 83 | average train loss: 0.0341
2024-08-25 21:01:41 INFO     	 Epoch 83 | average valid loss: 0.0342
2024-08-25 21:02:01 INFO     	 Epoch 84 | average train loss: 0.0341
2024-08-25 21:02:01 INFO     	 Epoch 84 | average valid loss: 0.0341
2024-08-25 21:02:18 INFO     
average valid metrics:	MR: 292.716	| MRR: 0.246	| H@1: 0.167	| H@3: 0.267	| H@10: 0.404	| AMRI: 0.960	| rank_deviation: 0.000
2024-08-25 21:02:18 INFO     	 Saving model at epoch 84 in logs\08_25\FB15K-237\DistMult_20_29_06
2024-08-25 21:02:38 INFO     	 Epoch 85 | average train loss: 0.0340
2024-08-25 21:02:38 INFO     	 Epoch 85 | average valid loss: 0.0341
2024-08-25 21:02:58 INFO     	 Epoch 86 | average train loss: 0.0340
2024-08-25 21:02:58 INFO     	 Epoch 86 | average valid loss: 0.0341
2024-08-25 21:03:18 INFO     	 Epoch 87 | average train loss: 0.0340
2024-08-25 21:03:18 INFO     	 Epoch 87 | average valid loss: 0.0340
2024-08-25 21:03:38 INFO     	 Epoch 88 | average train loss: 0.0339
2024-08-25 21:03:39 INFO     	 Epoch 88 | average valid loss: 0.0340
2024-08-25 21:03:58 INFO     	 Epoch 89 | average train loss: 0.0339
2024-08-25 21:03:59 INFO     	 Epoch 89 | average valid loss: 0.0340
2024-08-25 21:04:14 INFO     
average valid metrics:	MR: 288.442	| MRR: 0.247	| H@1: 0.168	| H@3: 0.268	| H@10: 0.405	| AMRI: 0.960	| rank_deviation: 0.000
2024-08-25 21:04:14 INFO     	 Saving model at epoch 89 in logs\08_25\FB15K-237\DistMult_20_29_06
2024-08-25 21:04:35 INFO     	 Epoch 90 | average train loss: 0.0339
2024-08-25 21:04:35 INFO     	 Epoch 90 | average valid loss: 0.0339
2024-08-25 21:04:55 INFO     	 Epoch 91 | average train loss: 0.0339
2024-08-25 21:04:55 INFO     	 Epoch 91 | average valid loss: 0.0339
2024-08-25 21:05:15 INFO     	 Epoch 92 | average train loss: 0.0338
2024-08-25 21:05:16 INFO     	 Epoch 92 | average valid loss: 0.0339
2024-08-25 21:05:35 INFO     	 Epoch 93 | average train loss: 0.0338
2024-08-25 21:05:36 INFO     	 Epoch 93 | average valid loss: 0.0338
2024-08-25 21:05:56 INFO     	 Epoch 94 | average train loss: 0.0338
2024-08-25 21:05:56 INFO     	 Epoch 94 | average valid loss: 0.0338
2024-08-25 21:06:16 INFO     
average valid metrics:	MR: 284.295	| MRR: 0.248	| H@1: 0.169	| H@3: 0.269	| H@10: 0.407	| AMRI: 0.961	| rank_deviation: 0.000
2024-08-25 21:06:16 INFO     	 Saving model at epoch 94 in logs\08_25\FB15K-237\DistMult_20_29_06
2024-08-25 21:06:36 INFO     	 Epoch 95 | average train loss: 0.0337
2024-08-25 21:06:37 INFO     	 Epoch 95 | average valid loss: 0.0338
2024-08-25 21:06:59 INFO     	 Epoch 96 | average train loss: 0.0337
2024-08-25 21:07:00 INFO     	 Epoch 96 | average valid loss: 0.0338
2024-08-25 21:07:21 INFO     	 Epoch 97 | average train loss: 0.0337
2024-08-25 21:07:21 INFO     	 Epoch 97 | average valid loss: 0.0337
2024-08-25 21:07:42 INFO     	 Epoch 98 | average train loss: 0.0337
2024-08-25 21:07:42 INFO     	 Epoch 98 | average valid loss: 0.0337
2024-08-25 21:08:05 INFO     	 Epoch 99 | average train loss: 0.0337
2024-08-25 21:08:05 INFO     	 Epoch 99 | average valid loss: 0.0337
2024-08-25 21:08:23 INFO     
average valid metrics:	MR: 280.972	| MRR: 0.249	| H@1: 0.170	| H@3: 0.270	| H@10: 0.408	| AMRI: 0.961	| rank_deviation: 0.000
2024-08-25 21:08:23 INFO     	 Saving model at epoch 99 in logs\08_25\FB15K-237\DistMult_20_29_06
2024-08-25 21:08:43 INFO     	 Epoch 100 | average train loss: 0.0336
2024-08-25 21:08:43 INFO     	 Epoch 100 | average valid loss: 0.0337
2024-08-25 21:09:02 INFO     	 Epoch 101 | average train loss: 0.0336
2024-08-25 21:09:02 INFO     	 Epoch 101 | average valid loss: 0.0337
2024-08-25 21:09:22 INFO     	 Epoch 102 | average train loss: 0.0336
2024-08-25 21:09:22 INFO     	 Epoch 102 | average valid loss: 0.0336
2024-08-25 21:09:42 INFO     	 Epoch 103 | average train loss: 0.0336
2024-08-25 21:09:42 INFO     	 Epoch 103 | average valid loss: 0.0336
2024-08-25 21:10:00 INFO     	 Epoch 104 | average train loss: 0.0336
2024-08-25 21:10:00 INFO     	 Epoch 104 | average valid loss: 0.0336
2024-08-25 21:10:17 INFO     
average valid metrics:	MR: 277.548	| MRR: 0.250	| H@1: 0.170	| H@3: 0.272	| H@10: 0.408	| AMRI: 0.962	| rank_deviation: 0.000
2024-08-25 21:10:17 INFO     	 Saving model at epoch 104 in logs\08_25\FB15K-237\DistMult_20_29_06
2024-08-25 21:10:36 INFO     	 Epoch 105 | average train loss: 0.0335
2024-08-25 21:10:36 INFO     	 Epoch 105 | average valid loss: 0.0336
2024-08-25 21:10:57 INFO     	 Epoch 106 | average train loss: 0.0335
2024-08-25 21:10:57 INFO     	 Epoch 106 | average valid loss: 0.0335
2024-08-25 21:11:16 INFO     	 Epoch 107 | average train loss: 0.0335
2024-08-25 21:11:16 INFO     	 Epoch 107 | average valid loss: 0.0336
2024-08-25 21:11:35 INFO     	 Epoch 108 | average train loss: 0.0335
2024-08-25 21:11:36 INFO     	 Epoch 108 | average valid loss: 0.0334
2024-08-25 21:11:56 INFO     	 Epoch 109 | average train loss: 0.0335
2024-08-25 21:11:56 INFO     	 Epoch 109 | average valid loss: 0.0335
2024-08-25 21:12:12 INFO     
average valid metrics:	MR: 274.503	| MRR: 0.250	| H@1: 0.171	| H@3: 0.273	| H@10: 0.410	| AMRI: 0.962	| rank_deviation: 0.000
2024-08-25 21:12:12 INFO     	 Saving model at epoch 109 in logs\08_25\FB15K-237\DistMult_20_29_06
2024-08-25 21:12:32 INFO     	 Epoch 110 | average train loss: 0.0335
2024-08-25 21:12:32 INFO     	 Epoch 110 | average valid loss: 0.0334
2024-08-25 21:12:51 INFO     	 Epoch 111 | average train loss: 0.0334
2024-08-25 21:12:52 INFO     	 Epoch 111 | average valid loss: 0.0335
2024-08-25 21:13:12 INFO     	 Epoch 112 | average train loss: 0.0334
2024-08-25 21:13:12 INFO     	 Epoch 112 | average valid loss: 0.0335
2024-08-25 21:13:31 INFO     	 Epoch 113 | average train loss: 0.0334
2024-08-25 21:13:31 INFO     	 Epoch 113 | average valid loss: 0.0333
2024-08-25 21:13:51 INFO     	 Epoch 114 | average train loss: 0.0334
2024-08-25 21:13:51 INFO     	 Epoch 114 | average valid loss: 0.0334
2024-08-25 21:14:12 INFO     
average valid metrics:	MR: 272.047	| MRR: 0.251	| H@1: 0.172	| H@3: 0.273	| H@10: 0.411	| AMRI: 0.963	| rank_deviation: 0.000
2024-08-25 21:14:12 INFO     	 Saving model at epoch 114 in logs\08_25\FB15K-237\DistMult_20_29_06
2024-08-25 21:14:31 INFO     	 Epoch 115 | average train loss: 0.0334
2024-08-25 21:14:31 INFO     	 Epoch 115 | average valid loss: 0.0334
2024-08-25 21:14:53 INFO     	 Epoch 116 | average train loss: 0.0333
2024-08-25 21:14:53 INFO     	 Epoch 116 | average valid loss: 0.0333
2024-08-25 21:15:12 INFO     	 Epoch 117 | average train loss: 0.0333
2024-08-25 21:15:12 INFO     	 Epoch 117 | average valid loss: 0.0333
2024-08-25 21:15:32 INFO     	 Epoch 118 | average train loss: 0.0333
2024-08-25 21:15:32 INFO     	 Epoch 118 | average valid loss: 0.0332
2024-08-25 21:15:51 INFO     	 Epoch 119 | average train loss: 0.0333
2024-08-25 21:15:52 INFO     	 Epoch 119 | average valid loss: 0.0333
2024-08-25 21:16:08 INFO     
average valid metrics:	MR: 269.346	| MRR: 0.252	| H@1: 0.172	| H@3: 0.274	| H@10: 0.413	| AMRI: 0.963	| rank_deviation: 0.000
2024-08-25 21:16:08 INFO     	 Saving model at epoch 119 in logs\08_25\FB15K-237\DistMult_20_29_06
2024-08-25 21:16:28 INFO     	 Epoch 120 | average train loss: 0.0333
2024-08-25 21:16:29 INFO     	 Epoch 120 | average valid loss: 0.0333
2024-08-25 21:16:47 INFO     	 Epoch 121 | average train loss: 0.0332
2024-08-25 21:16:48 INFO     	 Epoch 121 | average valid loss: 0.0333
2024-08-25 21:17:08 INFO     	 Epoch 122 | average train loss: 0.0332
2024-08-25 21:17:08 INFO     	 Epoch 122 | average valid loss: 0.0332
2024-08-25 21:17:27 INFO     	 Epoch 123 | average train loss: 0.0332
2024-08-25 21:17:27 INFO     	 Epoch 123 | average valid loss: 0.0333
2024-08-25 21:17:47 INFO     	 Epoch 124 | average train loss: 0.0332
2024-08-25 21:17:47 INFO     	 Epoch 124 | average valid loss: 0.0332
2024-08-25 21:18:04 INFO     
average valid metrics:	MR: 266.952	| MRR: 0.252	| H@1: 0.173	| H@3: 0.273	| H@10: 0.413	| AMRI: 0.963	| rank_deviation: 0.000
2024-08-25 21:18:04 INFO     	 Saving model at epoch 124 in logs\08_25\FB15K-237\DistMult_20_29_06
2024-08-25 21:18:23 INFO     	 Epoch 125 | average train loss: 0.0332
2024-08-25 21:18:23 INFO     	 Epoch 125 | average valid loss: 0.0332
2024-08-25 21:18:43 INFO     	 Epoch 126 | average train loss: 0.0332
2024-08-25 21:18:43 INFO     	 Epoch 126 | average valid loss: 0.0332
2024-08-25 21:19:02 INFO     	 Epoch 127 | average train loss: 0.0332
2024-08-25 21:19:03 INFO     	 Epoch 127 | average valid loss: 0.0331
2024-08-25 21:19:23 INFO     	 Epoch 128 | average train loss: 0.0332
2024-08-25 21:19:23 INFO     	 Epoch 128 | average valid loss: 0.0332
2024-08-25 21:19:42 INFO     	 Epoch 129 | average train loss: 0.0331
2024-08-25 21:19:42 INFO     	 Epoch 129 | average valid loss: 0.0331
2024-08-25 21:19:59 INFO     
average valid metrics:	MR: 264.806	| MRR: 0.253	| H@1: 0.173	| H@3: 0.273	| H@10: 0.414	| AMRI: 0.964	| rank_deviation: 0.000
2024-08-25 21:19:59 INFO     	 Saving model at epoch 129 in logs\08_25\FB15K-237\DistMult_20_29_06
2024-08-25 21:20:19 INFO     	 Epoch 130 | average train loss: 0.0331
2024-08-25 21:20:19 INFO     	 Epoch 130 | average valid loss: 0.0331
2024-08-25 21:20:38 INFO     	 Epoch 131 | average train loss: 0.0331
2024-08-25 21:20:38 INFO     	 Epoch 131 | average valid loss: 0.0331
2024-08-25 21:20:58 INFO     	 Epoch 132 | average train loss: 0.0331
2024-08-25 21:20:58 INFO     	 Epoch 132 | average valid loss: 0.0331
2024-08-25 21:21:17 INFO     	 Epoch 133 | average train loss: 0.0331
2024-08-25 21:21:17 INFO     	 Epoch 133 | average valid loss: 0.0331
2024-08-25 21:21:38 INFO     	 Epoch 134 | average train loss: 0.0331
2024-08-25 21:21:38 INFO     	 Epoch 134 | average valid loss: 0.0331
2024-08-25 21:21:55 INFO     
average valid metrics:	MR: 262.906	| MRR: 0.254	| H@1: 0.175	| H@3: 0.275	| H@10: 0.415	| AMRI: 0.964	| rank_deviation: 0.000
2024-08-25 21:21:55 INFO     	 Saving model at epoch 134 in logs\08_25\FB15K-237\DistMult_20_29_06
2024-08-25 21:22:14 INFO     	 Epoch 135 | average train loss: 0.0331
2024-08-25 21:22:14 INFO     	 Epoch 135 | average valid loss: 0.0330
2024-08-25 21:22:34 INFO     	 Epoch 136 | average train loss: 0.0331
2024-08-25 21:22:34 INFO     	 Epoch 136 | average valid loss: 0.0330
2024-08-25 21:22:53 INFO     	 Epoch 137 | average train loss: 0.0330
2024-08-25 21:22:54 INFO     	 Epoch 137 | average valid loss: 0.0330
2024-08-25 21:23:16 INFO     	 Epoch 138 | average train loss: 0.0330
2024-08-25 21:23:16 INFO     	 Epoch 138 | average valid loss: 0.0329
2024-08-25 21:23:35 INFO     	 Epoch 139 | average train loss: 0.0330
2024-08-25 21:23:36 INFO     	 Epoch 139 | average valid loss: 0.0330
2024-08-25 21:23:55 INFO     
average valid metrics:	MR: 260.749	| MRR: 0.254	| H@1: 0.174	| H@3: 0.276	| H@10: 0.416	| AMRI: 0.964	| rank_deviation: 0.000
2024-08-25 21:23:55 INFO     	 Saving model at epoch 139 in logs\08_25\FB15K-237\DistMult_20_29_06
2024-08-25 21:24:14 INFO     	 Epoch 140 | average train loss: 0.0330
2024-08-25 21:24:14 INFO     	 Epoch 140 | average valid loss: 0.0329
2024-08-25 21:24:34 INFO     	 Epoch 141 | average train loss: 0.0330
2024-08-25 21:24:34 INFO     	 Epoch 141 | average valid loss: 0.0329
2024-08-25 21:24:54 INFO     	 Epoch 142 | average train loss: 0.0330
2024-08-25 21:24:55 INFO     	 Epoch 142 | average valid loss: 0.0330
2024-08-25 21:25:14 INFO     	 Epoch 143 | average train loss: 0.0330
2024-08-25 21:25:14 INFO     	 Epoch 143 | average valid loss: 0.0329
2024-08-25 21:25:34 INFO     	 Epoch 144 | average train loss: 0.0330
2024-08-25 21:25:35 INFO     	 Epoch 144 | average valid loss: 0.0329
2024-08-25 21:25:52 INFO     
average valid metrics:	MR: 259.044	| MRR: 0.254	| H@1: 0.174	| H@3: 0.276	| H@10: 0.416	| AMRI: 0.965	| rank_deviation: 0.000
2024-08-25 21:25:52 INFO     	 Saving model at epoch 144 in logs\08_25\FB15K-237\DistMult_20_29_06
2024-08-25 21:26:12 INFO     	 Epoch 145 | average train loss: 0.0329
2024-08-25 21:26:13 INFO     	 Epoch 145 | average valid loss: 0.0329
2024-08-25 21:26:32 INFO     	 Epoch 146 | average train loss: 0.0329
2024-08-25 21:26:32 INFO     	 Epoch 146 | average valid loss: 0.0329
2024-08-25 21:26:51 INFO     	 Epoch 147 | average train loss: 0.0329
2024-08-25 21:26:51 INFO     	 Epoch 147 | average valid loss: 0.0329
2024-08-25 21:27:11 INFO     	 Epoch 148 | average train loss: 0.0329
2024-08-25 21:27:11 INFO     	 Epoch 148 | average valid loss: 0.0329
2024-08-25 21:27:30 INFO     	 Epoch 149 | average train loss: 0.0329
2024-08-25 21:27:31 INFO     	 Epoch 149 | average valid loss: 0.0328
2024-08-25 21:27:50 INFO     
average valid metrics:	MR: 257.305	| MRR: 0.254	| H@1: 0.174	| H@3: 0.276	| H@10: 0.417	| AMRI: 0.965	| rank_deviation: 0.000
2024-08-25 21:27:50 INFO     	 Saving model at epoch 149 in logs\08_25\FB15K-237\DistMult_20_29_06
2024-08-25 21:28:11 INFO     	 Epoch 150 | average train loss: 0.0329
2024-08-25 21:28:11 INFO     	 Epoch 150 | average valid loss: 0.0329
2024-08-25 21:28:31 INFO     	 Epoch 151 | average train loss: 0.0329
2024-08-25 21:28:31 INFO     	 Epoch 151 | average valid loss: 0.0328
2024-08-25 21:28:50 INFO     	 Epoch 152 | average train loss: 0.0329
2024-08-25 21:28:51 INFO     	 Epoch 152 | average valid loss: 0.0328
2024-08-25 21:29:10 INFO     	 Epoch 153 | average train loss: 0.0329
2024-08-25 21:29:10 INFO     	 Epoch 153 | average valid loss: 0.0328
2024-08-25 21:29:30 INFO     	 Epoch 154 | average train loss: 0.0328
2024-08-25 21:29:30 INFO     	 Epoch 154 | average valid loss: 0.0328
2024-08-25 21:29:48 INFO     
average valid metrics:	MR: 255.743	| MRR: 0.255	| H@1: 0.175	| H@3: 0.277	| H@10: 0.417	| AMRI: 0.965	| rank_deviation: 0.000
2024-08-25 21:29:48 INFO     	 Saving model at epoch 154 in logs\08_25\FB15K-237\DistMult_20_29_06
2024-08-25 21:30:08 INFO     	 Epoch 155 | average train loss: 0.0328
2024-08-25 21:30:09 INFO     	 Epoch 155 | average valid loss: 0.0328
2024-08-25 21:30:28 INFO     	 Epoch 156 | average train loss: 0.0328
2024-08-25 21:30:28 INFO     	 Epoch 156 | average valid loss: 0.0328
2024-08-25 21:30:48 INFO     	 Epoch 157 | average train loss: 0.0328
2024-08-25 21:30:49 INFO     	 Epoch 157 | average valid loss: 0.0328
2024-08-25 21:31:09 INFO     	 Epoch 158 | average train loss: 0.0328
2024-08-25 21:31:09 INFO     	 Epoch 158 | average valid loss: 0.0328
2024-08-25 21:31:28 INFO     	 Epoch 159 | average train loss: 0.0328
2024-08-25 21:31:28 INFO     	 Epoch 159 | average valid loss: 0.0327
2024-08-25 21:31:49 INFO     
average valid metrics:	MR: 254.409	| MRR: 0.256	| H@1: 0.176	| H@3: 0.277	| H@10: 0.418	| AMRI: 0.965	| rank_deviation: 0.000
2024-08-25 21:31:49 INFO     	 Saving model at epoch 159 in logs\08_25\FB15K-237\DistMult_20_29_06
2024-08-25 21:32:11 INFO     	 Epoch 160 | average train loss: 0.0328
2024-08-25 21:32:12 INFO     	 Epoch 160 | average valid loss: 0.0327
2024-08-25 21:32:40 INFO     	 Epoch 161 | average train loss: 0.0328
2024-08-25 21:32:40 INFO     	 Epoch 161 | average valid loss: 0.0327
2024-08-25 21:33:02 INFO     	 Epoch 162 | average train loss: 0.0328
2024-08-25 21:33:02 INFO     	 Epoch 162 | average valid loss: 0.0327
2024-08-25 21:33:26 INFO     	 Epoch 163 | average train loss: 0.0328
2024-08-25 21:33:26 INFO     	 Epoch 163 | average valid loss: 0.0327
2024-08-25 21:33:50 INFO     	 Epoch 164 | average train loss: 0.0328
2024-08-25 21:33:50 INFO     	 Epoch 164 | average valid loss: 0.0327
2024-08-25 21:34:13 INFO     
average valid metrics:	MR: 252.870	| MRR: 0.256	| H@1: 0.177	| H@3: 0.277	| H@10: 0.418	| AMRI: 0.965	| rank_deviation: 0.000
2024-08-25 21:34:13 INFO     	 Saving model at epoch 164 in logs\08_25\FB15K-237\DistMult_20_29_06
2024-08-25 21:34:42 INFO     	 Epoch 165 | average train loss: 0.0328
2024-08-25 21:34:42 INFO     	 Epoch 165 | average valid loss: 0.0327
2024-08-25 21:35:06 INFO     	 Epoch 166 | average train loss: 0.0328
2024-08-25 21:35:06 INFO     	 Epoch 166 | average valid loss: 0.0326
2024-08-25 21:35:26 INFO     	 Epoch 167 | average train loss: 0.0327
2024-08-25 21:35:26 INFO     	 Epoch 167 | average valid loss: 0.0327
2024-08-25 21:35:47 INFO     	 Epoch 168 | average train loss: 0.0327
2024-08-25 21:35:48 INFO     	 Epoch 168 | average valid loss: 0.0327
2024-08-25 21:36:17 INFO     	 Epoch 169 | average train loss: 0.0327
2024-08-25 21:36:18 INFO     	 Epoch 169 | average valid loss: 0.0326
2024-08-25 21:36:41 INFO     
average valid metrics:	MR: 251.709	| MRR: 0.257	| H@1: 0.177	| H@3: 0.278	| H@10: 0.418	| AMRI: 0.966	| rank_deviation: 0.000
2024-08-25 21:36:41 INFO     	 Saving model at epoch 169 in logs\08_25\FB15K-237\DistMult_20_29_06
2024-08-25 21:37:10 INFO     	 Epoch 170 | average train loss: 0.0327
2024-08-25 21:37:10 INFO     	 Epoch 170 | average valid loss: 0.0326
2024-08-25 21:37:37 INFO     	 Epoch 171 | average train loss: 0.0327
2024-08-25 21:37:38 INFO     	 Epoch 171 | average valid loss: 0.0327
2024-08-25 21:38:07 INFO     	 Epoch 172 | average train loss: 0.0327
2024-08-25 21:38:07 INFO     	 Epoch 172 | average valid loss: 0.0326
2024-08-25 21:38:36 INFO     	 Epoch 173 | average train loss: 0.0327
2024-08-25 21:38:37 INFO     	 Epoch 173 | average valid loss: 0.0326
2024-08-25 21:39:05 INFO     	 Epoch 174 | average train loss: 0.0327
2024-08-25 21:39:05 INFO     	 Epoch 174 | average valid loss: 0.0327
2024-08-25 21:39:30 INFO     
average valid metrics:	MR: 250.265	| MRR: 0.258	| H@1: 0.178	| H@3: 0.279	| H@10: 0.419	| AMRI: 0.966	| rank_deviation: 0.000
2024-08-25 21:39:30 INFO     	 Saving model at epoch 174 in logs\08_25\FB15K-237\DistMult_20_29_06
2024-08-25 21:39:59 INFO     	 Epoch 175 | average train loss: 0.0327
2024-08-25 21:39:59 INFO     	 Epoch 175 | average valid loss: 0.0326
2024-08-25 21:40:26 INFO     	 Epoch 176 | average train loss: 0.0327
2024-08-25 21:40:26 INFO     	 Epoch 176 | average valid loss: 0.0325
2024-08-25 21:40:56 INFO     	 Epoch 177 | average train loss: 0.0327
2024-08-25 21:40:56 INFO     	 Epoch 177 | average valid loss: 0.0326
2024-08-25 21:41:24 INFO     	 Epoch 178 | average train loss: 0.0327
2024-08-25 21:41:25 INFO     	 Epoch 178 | average valid loss: 0.0325
2024-08-25 21:41:53 INFO     	 Epoch 179 | average train loss: 0.0326
2024-08-25 21:41:54 INFO     	 Epoch 179 | average valid loss: 0.0326
2024-08-25 21:42:19 INFO     
average valid metrics:	MR: 249.321	| MRR: 0.258	| H@1: 0.178	| H@3: 0.279	| H@10: 0.420	| AMRI: 0.966	| rank_deviation: 0.000
2024-08-25 21:42:19 INFO     	 Saving model at epoch 179 in logs\08_25\FB15K-237\DistMult_20_29_06
2024-08-25 21:42:45 INFO     	 Epoch 180 | average train loss: 0.0326
2024-08-25 21:42:46 INFO     	 Epoch 180 | average valid loss: 0.0325
2024-08-25 21:43:14 INFO     	 Epoch 181 | average train loss: 0.0326
2024-08-25 21:43:15 INFO     	 Epoch 181 | average valid loss: 0.0325
2024-08-25 21:43:43 INFO     	 Epoch 182 | average train loss: 0.0326
2024-08-25 21:43:44 INFO     	 Epoch 182 | average valid loss: 0.0326
2024-08-25 21:44:12 INFO     	 Epoch 183 | average train loss: 0.0326
2024-08-25 21:44:12 INFO     	 Epoch 183 | average valid loss: 0.0326
2024-08-25 21:44:41 INFO     	 Epoch 184 | average train loss: 0.0326
2024-08-25 21:44:42 INFO     	 Epoch 184 | average valid loss: 0.0324
2024-08-25 21:45:06 INFO     
average valid metrics:	MR: 248.318	| MRR: 0.258	| H@1: 0.179	| H@3: 0.280	| H@10: 0.420	| AMRI: 0.966	| rank_deviation: 0.000
2024-08-25 21:45:06 INFO     	 Saving model at epoch 184 in logs\08_25\FB15K-237\DistMult_20_29_06
2024-08-25 21:45:35 INFO     	 Epoch 185 | average train loss: 0.0326
2024-08-25 21:45:36 INFO     	 Epoch 185 | average valid loss: 0.0325
2024-08-25 21:46:04 INFO     	 Epoch 186 | average train loss: 0.0326
2024-08-25 21:46:05 INFO     	 Epoch 186 | average valid loss: 0.0325
2024-08-25 21:46:34 INFO     	 Epoch 187 | average train loss: 0.0326
2024-08-25 21:46:34 INFO     	 Epoch 187 | average valid loss: 0.0324
2024-08-25 21:47:03 INFO     	 Epoch 188 | average train loss: 0.0326
2024-08-25 21:47:03 INFO     	 Epoch 188 | average valid loss: 0.0324
2024-08-25 21:47:32 INFO     	 Epoch 189 | average train loss: 0.0326
2024-08-25 21:47:32 INFO     	 Epoch 189 | average valid loss: 0.0325
2024-08-25 21:47:57 INFO     
average valid metrics:	MR: 247.082	| MRR: 0.258	| H@1: 0.178	| H@3: 0.280	| H@10: 0.420	| AMRI: 0.966	| rank_deviation: 0.000
2024-08-25 21:48:26 INFO     	 Epoch 190 | average train loss: 0.0326
2024-08-25 21:48:26 INFO     	 Epoch 190 | average valid loss: 0.0324
2024-08-25 21:48:55 INFO     	 Epoch 191 | average train loss: 0.0326
2024-08-25 21:48:56 INFO     	 Epoch 191 | average valid loss: 0.0325
2024-08-25 21:49:24 INFO     	 Epoch 192 | average train loss: 0.0326
2024-08-25 21:49:24 INFO     	 Epoch 192 | average valid loss: 0.0324
2024-08-25 21:49:53 INFO     	 Epoch 193 | average train loss: 0.0326
2024-08-25 21:49:53 INFO     	 Epoch 193 | average valid loss: 0.0324
2024-08-25 21:50:21 INFO     	 Epoch 194 | average train loss: 0.0325
2024-08-25 21:50:21 INFO     	 Epoch 194 | average valid loss: 0.0325
2024-08-25 21:50:42 INFO     
average valid metrics:	MR: 246.058	| MRR: 0.259	| H@1: 0.179	| H@3: 0.280	| H@10: 0.421	| AMRI: 0.966	| rank_deviation: 0.000
2024-08-25 21:50:42 INFO     	 Saving model at epoch 194 in logs\08_25\FB15K-237\DistMult_20_29_06
2024-08-25 21:51:11 INFO     	 Epoch 195 | average train loss: 0.0325
2024-08-25 21:51:12 INFO     	 Epoch 195 | average valid loss: 0.0325
2024-08-25 21:51:40 INFO     	 Epoch 196 | average train loss: 0.0325
2024-08-25 21:51:40 INFO     	 Epoch 196 | average valid loss: 0.0324
2024-08-25 21:52:08 INFO     	 Epoch 197 | average train loss: 0.0325
2024-08-25 21:52:08 INFO     	 Epoch 197 | average valid loss: 0.0324
2024-08-25 21:52:37 INFO     	 Epoch 198 | average train loss: 0.0325
2024-08-25 21:52:37 INFO     	 Epoch 198 | average valid loss: 0.0324
2024-08-25 21:53:07 INFO     	 Epoch 199 | average train loss: 0.0325
2024-08-25 21:53:07 INFO     	 Epoch 199 | average valid loss: 0.0323
2024-08-25 21:53:32 INFO     
average valid metrics:	MR: 245.237	| MRR: 0.259	| H@1: 0.179	| H@3: 0.280	| H@10: 0.421	| AMRI: 0.966	| rank_deviation: 0.000
2024-08-25 21:53:32 INFO     	 Saving model at epoch 199 in logs\08_25\FB15K-237\DistMult_20_29_06
2024-08-25 21:54:02 INFO     	 Epoch 200 | average train loss: 0.0325
2024-08-25 21:54:02 INFO     	 Epoch 200 | average valid loss: 0.0325
2024-08-25 21:54:28 INFO     	 Epoch 201 | average train loss: 0.0325
2024-08-25 21:54:28 INFO     	 Epoch 201 | average valid loss: 0.0324
2024-08-25 21:54:46 INFO     	 Epoch 202 | average train loss: 0.0325
2024-08-25 21:54:47 INFO     	 Epoch 202 | average valid loss: 0.0324
2024-08-25 21:55:05 INFO     	 Epoch 203 | average train loss: 0.0325
2024-08-25 21:55:05 INFO     	 Epoch 203 | average valid loss: 0.0324
2024-08-25 21:55:35 INFO     	 Epoch 204 | average train loss: 0.0325
2024-08-25 21:55:35 INFO     	 Epoch 204 | average valid loss: 0.0323
2024-08-25 21:55:57 INFO     
average valid metrics:	MR: 244.413	| MRR: 0.260	| H@1: 0.180	| H@3: 0.281	| H@10: 0.421	| AMRI: 0.967	| rank_deviation: 0.000
2024-08-25 21:55:57 INFO     	 Saving model at epoch 204 in logs\08_25\FB15K-237\DistMult_20_29_06
2024-08-25 21:56:26 INFO     	 Epoch 205 | average train loss: 0.0325
2024-08-25 21:56:27 INFO     	 Epoch 205 | average valid loss: 0.0323
2024-08-25 21:56:55 INFO     	 Epoch 206 | average train loss: 0.0325
2024-08-25 21:56:55 INFO     	 Epoch 206 | average valid loss: 0.0324
2024-08-25 21:57:24 INFO     	 Epoch 207 | average train loss: 0.0325
2024-08-25 21:57:24 INFO     	 Epoch 207 | average valid loss: 0.0323
2024-08-25 21:57:52 INFO     	 Epoch 208 | average train loss: 0.0324
2024-08-25 21:57:53 INFO     	 Epoch 208 | average valid loss: 0.0324
2024-08-25 21:58:21 INFO     	 Epoch 209 | average train loss: 0.0324
2024-08-25 21:58:21 INFO     	 Epoch 209 | average valid loss: 0.0323
2024-08-25 21:58:47 INFO     
average valid metrics:	MR: 243.210	| MRR: 0.260	| H@1: 0.180	| H@3: 0.281	| H@10: 0.422	| AMRI: 0.967	| rank_deviation: 0.000
2024-08-25 21:58:47 INFO     	 Saving model at epoch 209 in logs\08_25\FB15K-237\DistMult_20_29_06
2024-08-25 21:59:17 INFO     	 Epoch 210 | average train loss: 0.0324
2024-08-25 21:59:17 INFO     	 Epoch 210 | average valid loss: 0.0323
2024-08-25 21:59:44 INFO     	 Epoch 211 | average train loss: 0.0324
2024-08-25 21:59:45 INFO     	 Epoch 211 | average valid loss: 0.0323
2024-08-25 22:00:14 INFO     	 Epoch 212 | average train loss: 0.0324
2024-08-25 22:00:14 INFO     	 Epoch 212 | average valid loss: 0.0323
2024-08-25 22:00:43 INFO     	 Epoch 213 | average train loss: 0.0324
2024-08-25 22:00:43 INFO     	 Epoch 213 | average valid loss: 0.0324
2024-08-25 22:01:12 INFO     	 Epoch 214 | average train loss: 0.0324
2024-08-25 22:01:13 INFO     	 Epoch 214 | average valid loss: 0.0323
2024-08-25 22:01:38 INFO     
average valid metrics:	MR: 242.444	| MRR: 0.260	| H@1: 0.180	| H@3: 0.281	| H@10: 0.421	| AMRI: 0.967	| rank_deviation: 0.000
2024-08-25 22:01:38 INFO     	 Saving model at epoch 214 in logs\08_25\FB15K-237\DistMult_20_29_06
2024-08-25 22:02:07 INFO     	 Epoch 215 | average train loss: 0.0324
2024-08-25 22:02:08 INFO     	 Epoch 215 | average valid loss: 0.0323
2024-08-25 22:02:36 INFO     	 Epoch 216 | average train loss: 0.0324
2024-08-25 22:02:37 INFO     	 Epoch 216 | average valid loss: 0.0324
2024-08-25 22:03:05 INFO     	 Epoch 217 | average train loss: 0.0324
2024-08-25 22:03:06 INFO     	 Epoch 217 | average valid loss: 0.0324
2024-08-25 22:03:33 INFO     	 Epoch 218 | average train loss: 0.0324
2024-08-25 22:03:34 INFO     	 Epoch 218 | average valid loss: 0.0323
2024-08-25 22:04:03 INFO     	 Epoch 219 | average train loss: 0.0324
2024-08-25 22:04:03 INFO     	 Epoch 219 | average valid loss: 0.0323
2024-08-25 22:04:27 INFO     
average valid metrics:	MR: 241.644	| MRR: 0.261	| H@1: 0.181	| H@3: 0.281	| H@10: 0.422	| AMRI: 0.967	| rank_deviation: 0.000
2024-08-25 22:04:27 INFO     	 Saving model at epoch 219 in logs\08_25\FB15K-237\DistMult_20_29_06
2024-08-25 22:04:48 INFO     	 Epoch 220 | average train loss: 0.0324
2024-08-25 22:04:48 INFO     	 Epoch 220 | average valid loss: 0.0323
2024-08-25 22:05:17 INFO     	 Epoch 221 | average train loss: 0.0324
2024-08-25 22:05:17 INFO     	 Epoch 221 | average valid loss: 0.0323
2024-08-25 22:05:47 INFO     	 Epoch 222 | average train loss: 0.0324
2024-08-25 22:05:48 INFO     	 Epoch 222 | average valid loss: 0.0322
2024-08-25 22:06:17 INFO     	 Epoch 223 | average train loss: 0.0324
2024-08-25 22:06:17 INFO     	 Epoch 223 | average valid loss: 0.0324
2024-08-25 22:06:45 INFO     	 Epoch 224 | average train loss: 0.0324
2024-08-25 22:06:46 INFO     	 Epoch 224 | average valid loss: 0.0323
2024-08-25 22:07:12 INFO     
average valid metrics:	MR: 241.025	| MRR: 0.260	| H@1: 0.180	| H@3: 0.281	| H@10: 0.422	| AMRI: 0.967	| rank_deviation: 0.000
2024-08-25 22:07:32 INFO     	 Epoch 225 | average train loss: 0.0324
2024-08-25 22:07:32 INFO     	 Epoch 225 | average valid loss: 0.0322
2024-08-25 22:07:59 INFO     	 Epoch 226 | average train loss: 0.0324
2024-08-25 22:07:59 INFO     	 Epoch 226 | average valid loss: 0.0322
2024-08-25 22:08:28 INFO     	 Epoch 227 | average train loss: 0.0323
2024-08-25 22:08:29 INFO     	 Epoch 227 | average valid loss: 0.0323
2024-08-25 22:08:58 INFO     	 Epoch 228 | average train loss: 0.0324
2024-08-25 22:08:59 INFO     	 Epoch 228 | average valid loss: 0.0323
2024-08-25 22:09:28 INFO     	 Epoch 229 | average train loss: 0.0324
2024-08-25 22:09:29 INFO     	 Epoch 229 | average valid loss: 0.0322
2024-08-25 22:09:52 INFO     
average valid metrics:	MR: 240.372	| MRR: 0.260	| H@1: 0.180	| H@3: 0.283	| H@10: 0.422	| AMRI: 0.967	| rank_deviation: 0.000
2024-08-25 22:10:23 INFO     	 Epoch 230 | average train loss: 0.0323
2024-08-25 22:10:24 INFO     	 Epoch 230 | average valid loss: 0.0323
2024-08-25 22:10:53 INFO     	 Epoch 231 | average train loss: 0.0323
2024-08-25 22:10:54 INFO     	 Epoch 231 | average valid loss: 0.0323
2024-08-25 22:11:23 INFO     	 Epoch 232 | average train loss: 0.0323
2024-08-25 22:11:23 INFO     	 Epoch 232 | average valid loss: 0.0323
2024-08-25 22:11:52 INFO     	 Epoch 233 | average train loss: 0.0323
2024-08-25 22:11:52 INFO     	 Epoch 233 | average valid loss: 0.0323
2024-08-25 22:12:17 INFO     	 Epoch 234 | average train loss: 0.0323
2024-08-25 22:12:17 INFO     	 Epoch 234 | average valid loss: 0.0323
2024-08-25 22:12:40 INFO     
average valid metrics:	MR: 239.615	| MRR: 0.261	| H@1: 0.181	| H@3: 0.283	| H@10: 0.422	| AMRI: 0.967	| rank_deviation: 0.000
2024-08-25 22:12:40 INFO     	 Saving model at epoch 234 in logs\08_25\FB15K-237\DistMult_20_29_06
2024-08-25 22:13:10 INFO     	 Epoch 235 | average train loss: 0.0323
2024-08-25 22:13:10 INFO     	 Epoch 235 | average valid loss: 0.0322
2024-08-25 22:13:32 INFO     	 Epoch 236 | average train loss: 0.0323
2024-08-25 22:13:32 INFO     	 Epoch 236 | average valid loss: 0.0321
2024-08-25 22:13:50 INFO     	 Epoch 237 | average train loss: 0.0323
2024-08-25 22:13:51 INFO     	 Epoch 237 | average valid loss: 0.0322
2024-08-25 22:14:12 INFO     	 Epoch 238 | average train loss: 0.0323
2024-08-25 22:14:12 INFO     	 Epoch 238 | average valid loss: 0.0322
2024-08-25 22:14:42 INFO     	 Epoch 239 | average train loss: 0.0323
2024-08-25 22:14:42 INFO     	 Epoch 239 | average valid loss: 0.0322
2024-08-25 22:15:08 INFO     
average valid metrics:	MR: 239.099	| MRR: 0.261	| H@1: 0.181	| H@3: 0.283	| H@10: 0.423	| AMRI: 0.967	| rank_deviation: 0.000
2024-08-25 22:15:08 INFO     	 Saving model at epoch 239 in logs\08_25\FB15K-237\DistMult_20_29_06
2024-08-25 22:15:34 INFO     	 Epoch 240 | average train loss: 0.0323
2024-08-25 22:15:34 INFO     	 Epoch 240 | average valid loss: 0.0322
2024-08-25 22:16:02 INFO     	 Epoch 241 | average train loss: 0.0323
2024-08-25 22:16:03 INFO     	 Epoch 241 | average valid loss: 0.0322
2024-08-25 22:16:33 INFO     	 Epoch 242 | average train loss: 0.0323
2024-08-25 22:16:34 INFO     	 Epoch 242 | average valid loss: 0.0322
2024-08-25 22:17:02 INFO     	 Epoch 243 | average train loss: 0.0323
2024-08-25 22:17:02 INFO     	 Epoch 243 | average valid loss: 0.0322
2024-08-25 22:17:32 INFO     	 Epoch 244 | average train loss: 0.0323
2024-08-25 22:17:32 INFO     	 Epoch 244 | average valid loss: 0.0321
2024-08-25 22:18:01 INFO     
average valid metrics:	MR: 238.433	| MRR: 0.261	| H@1: 0.181	| H@3: 0.283	| H@10: 0.423	| AMRI: 0.967	| rank_deviation: 0.000
2024-08-25 22:18:01 INFO     	 Saving model at epoch 244 in logs\08_25\FB15K-237\DistMult_20_29_06
2024-08-25 22:18:30 INFO     	 Epoch 245 | average train loss: 0.0323
2024-08-25 22:18:31 INFO     	 Epoch 245 | average valid loss: 0.0322
2024-08-25 22:19:00 INFO     	 Epoch 246 | average train loss: 0.0323
2024-08-25 22:19:00 INFO     	 Epoch 246 | average valid loss: 0.0322
2024-08-25 22:19:29 INFO     	 Epoch 247 | average train loss: 0.0323
2024-08-25 22:19:29 INFO     	 Epoch 247 | average valid loss: 0.0322
2024-08-25 22:19:59 INFO     	 Epoch 248 | average train loss: 0.0323
2024-08-25 22:19:59 INFO     	 Epoch 248 | average valid loss: 0.0322
2024-08-25 22:20:27 INFO     	 Epoch 249 | average train loss: 0.0322
2024-08-25 22:20:28 INFO     	 Epoch 249 | average valid loss: 0.0321
2024-08-25 22:20:54 INFO     
average valid metrics:	MR: 237.602	| MRR: 0.261	| H@1: 0.181	| H@3: 0.284	| H@10: 0.424	| AMRI: 0.967	| rank_deviation: 0.000
2024-08-25 22:21:24 INFO     	 Epoch 250 | average train loss: 0.0323
2024-08-25 22:21:24 INFO     	 Epoch 250 | average valid loss: 0.0322
2024-08-25 22:21:53 INFO     	 Epoch 251 | average train loss: 0.0322
2024-08-25 22:21:54 INFO     	 Epoch 251 | average valid loss: 0.0322
2024-08-25 22:22:22 INFO     	 Epoch 252 | average train loss: 0.0323
2024-08-25 22:22:23 INFO     	 Epoch 252 | average valid loss: 0.0321
2024-08-25 22:22:52 INFO     	 Epoch 253 | average train loss: 0.0322
2024-08-25 22:22:52 INFO     	 Epoch 253 | average valid loss: 0.0322
2024-08-25 22:23:22 INFO     	 Epoch 254 | average train loss: 0.0322
2024-08-25 22:23:22 INFO     	 Epoch 254 | average valid loss: 0.0321
2024-08-25 22:23:50 INFO     
average valid metrics:	MR: 237.259	| MRR: 0.261	| H@1: 0.181	| H@3: 0.284	| H@10: 0.424	| AMRI: 0.968	| rank_deviation: 0.000
2024-08-25 22:24:20 INFO     	 Epoch 255 | average train loss: 0.0322
2024-08-25 22:24:20 INFO     	 Epoch 255 | average valid loss: 0.0321
2024-08-25 22:24:50 INFO     	 Epoch 256 | average train loss: 0.0322
2024-08-25 22:24:51 INFO     	 Epoch 256 | average valid loss: 0.0322
2024-08-25 22:25:12 INFO     	 Epoch 257 | average train loss: 0.0322
2024-08-25 22:25:12 INFO     	 Epoch 257 | average valid loss: 0.0321
2024-08-25 22:25:31 INFO     	 Epoch 258 | average train loss: 0.0322
2024-08-25 22:25:31 INFO     	 Epoch 258 | average valid loss: 0.0321
2024-08-25 22:25:56 INFO     	 Epoch 259 | average train loss: 0.0322
2024-08-25 22:25:56 INFO     	 Epoch 259 | average valid loss: 0.0321
2024-08-25 22:26:19 INFO     
average valid metrics:	MR: 236.724	| MRR: 0.261	| H@1: 0.181	| H@3: 0.284	| H@10: 0.424	| AMRI: 0.968	| rank_deviation: 0.000
2024-08-25 22:26:19 INFO     	 Saving model at epoch 259 in logs\08_25\FB15K-237\DistMult_20_29_06
2024-08-25 22:26:44 INFO     	 Epoch 260 | average train loss: 0.0322
2024-08-25 22:26:45 INFO     	 Epoch 260 | average valid loss: 0.0321
2024-08-25 22:27:03 INFO     	 Epoch 261 | average train loss: 0.0322
2024-08-25 22:27:03 INFO     	 Epoch 261 | average valid loss: 0.0321
2024-08-25 22:27:24 INFO     	 Epoch 262 | average train loss: 0.0322
2024-08-25 22:27:24 INFO     	 Epoch 262 | average valid loss: 0.0321
2024-08-25 22:27:54 INFO     	 Epoch 263 | average train loss: 0.0322
2024-08-25 22:27:54 INFO     	 Epoch 263 | average valid loss: 0.0322
2024-08-25 22:28:17 INFO     	 Epoch 264 | average train loss: 0.0322
2024-08-25 22:28:17 INFO     	 Epoch 264 | average valid loss: 0.0321
2024-08-25 22:28:38 INFO     
average valid metrics:	MR: 235.952	| MRR: 0.262	| H@1: 0.182	| H@3: 0.283	| H@10: 0.423	| AMRI: 0.968	| rank_deviation: 0.000
2024-08-25 22:28:38 INFO     	 Saving model at epoch 264 in logs\08_25\FB15K-237\DistMult_20_29_06
2024-08-25 22:29:01 INFO     	 Epoch 265 | average train loss: 0.0322
2024-08-25 22:29:01 INFO     	 Epoch 265 | average valid loss: 0.0322
2024-08-25 22:29:32 INFO     	 Epoch 266 | average train loss: 0.0322
2024-08-25 22:29:32 INFO     	 Epoch 266 | average valid loss: 0.0320
2024-08-25 22:30:02 INFO     	 Epoch 267 | average train loss: 0.0322
2024-08-25 22:30:03 INFO     	 Epoch 267 | average valid loss: 0.0321
2024-08-25 22:30:33 INFO     	 Epoch 268 | average train loss: 0.0322
2024-08-25 22:30:33 INFO     	 Epoch 268 | average valid loss: 0.0321
2024-08-25 22:31:03 INFO     	 Epoch 269 | average train loss: 0.0322
2024-08-25 22:31:04 INFO     	 Epoch 269 | average valid loss: 0.0321
2024-08-25 22:31:33 INFO     
average valid metrics:	MR: 235.584	| MRR: 0.262	| H@1: 0.181	| H@3: 0.284	| H@10: 0.424	| AMRI: 0.968	| rank_deviation: 0.000
2024-08-25 22:32:03 INFO     	 Epoch 270 | average train loss: 0.0322
2024-08-25 22:32:03 INFO     	 Epoch 270 | average valid loss: 0.0320
2024-08-25 22:32:30 INFO     	 Epoch 271 | average train loss: 0.0322
2024-08-25 22:32:30 INFO     	 Epoch 271 | average valid loss: 0.0321
2024-08-25 22:32:55 INFO     	 Epoch 272 | average train loss: 0.0322
2024-08-25 22:32:56 INFO     	 Epoch 272 | average valid loss: 0.0320
2024-08-25 22:33:21 INFO     	 Epoch 273 | average train loss: 0.0322
2024-08-25 22:33:21 INFO     	 Epoch 273 | average valid loss: 0.0321
2024-08-25 22:33:47 INFO     	 Epoch 274 | average train loss: 0.0322
2024-08-25 22:33:47 INFO     	 Epoch 274 | average valid loss: 0.0321
2024-08-25 22:34:09 INFO     
average valid metrics:	MR: 234.912	| MRR: 0.262	| H@1: 0.181	| H@3: 0.283	| H@10: 0.425	| AMRI: 0.968	| rank_deviation: 0.000
2024-08-25 22:34:36 INFO     	 Epoch 275 | average train loss: 0.0322
2024-08-25 22:34:36 INFO     	 Epoch 275 | average valid loss: 0.0321
2024-08-25 22:35:04 INFO     	 Epoch 276 | average train loss: 0.0322
2024-08-25 22:35:04 INFO     	 Epoch 276 | average valid loss: 0.0320
2024-08-25 22:35:33 INFO     	 Epoch 277 | average train loss: 0.0322
2024-08-25 22:35:33 INFO     	 Epoch 277 | average valid loss: 0.0320
2024-08-25 22:36:02 INFO     	 Epoch 278 | average train loss: 0.0321
2024-08-25 22:36:02 INFO     	 Epoch 278 | average valid loss: 0.0321
2024-08-25 22:36:21 INFO     	 Epoch 279 | average train loss: 0.0321
2024-08-25 22:36:21 INFO     	 Epoch 279 | average valid loss: 0.0320
2024-08-25 22:36:42 INFO     
average valid metrics:	MR: 234.596	| MRR: 0.262	| H@1: 0.181	| H@3: 0.284	| H@10: 0.424	| AMRI: 0.968	| rank_deviation: 0.000
2024-08-25 22:37:06 INFO     	 Epoch 280 | average train loss: 0.0322
2024-08-25 22:37:07 INFO     	 Epoch 280 | average valid loss: 0.0320
2024-08-25 22:37:35 INFO     	 Epoch 281 | average train loss: 0.0321
2024-08-25 22:37:35 INFO     	 Epoch 281 | average valid loss: 0.0320
2024-08-25 22:38:01 INFO     	 Epoch 282 | average train loss: 0.0321
2024-08-25 22:38:02 INFO     	 Epoch 282 | average valid loss: 0.0321
2024-08-25 22:38:33 INFO     	 Epoch 283 | average train loss: 0.0321
2024-08-25 22:38:33 INFO     	 Epoch 283 | average valid loss: 0.0320
2024-08-25 22:39:04 INFO     	 Epoch 284 | average train loss: 0.0321
2024-08-25 22:39:04 INFO     	 Epoch 284 | average valid loss: 0.0321
2024-08-25 22:39:33 INFO     
average valid metrics:	MR: 234.087	| MRR: 0.262	| H@1: 0.182	| H@3: 0.283	| H@10: 0.424	| AMRI: 0.968	| rank_deviation: 0.000
2024-08-25 22:39:33 INFO     	 Saving model at epoch 284 in logs\08_25\FB15K-237\DistMult_20_29_06
2024-08-25 22:40:02 INFO     	 Epoch 285 | average train loss: 0.0321
2024-08-25 22:40:03 INFO     	 Epoch 285 | average valid loss: 0.0320
2024-08-25 22:40:32 INFO     	 Epoch 286 | average train loss: 0.0321
2024-08-25 22:40:32 INFO     	 Epoch 286 | average valid loss: 0.0320
2024-08-25 22:41:02 INFO     	 Epoch 287 | average train loss: 0.0321
2024-08-25 22:41:02 INFO     	 Epoch 287 | average valid loss: 0.0320
2024-08-25 22:41:30 INFO     	 Epoch 288 | average train loss: 0.0321
2024-08-25 22:41:30 INFO     	 Epoch 288 | average valid loss: 0.0319
2024-08-25 22:42:00 INFO     	 Epoch 289 | average train loss: 0.0321
2024-08-25 22:42:00 INFO     	 Epoch 289 | average valid loss: 0.0321
2024-08-25 22:42:29 INFO     
average valid metrics:	MR: 233.702	| MRR: 0.262	| H@1: 0.182	| H@3: 0.283	| H@10: 0.425	| AMRI: 0.968	| rank_deviation: 0.000
2024-08-25 22:42:29 INFO     	 Saving model at epoch 289 in logs\08_25\FB15K-237\DistMult_20_29_06
2024-08-25 22:42:57 INFO     	 Epoch 290 | average train loss: 0.0321
2024-08-25 22:42:57 INFO     	 Epoch 290 | average valid loss: 0.0321
2024-08-25 22:43:17 INFO     	 Epoch 291 | average train loss: 0.0321
2024-08-25 22:43:17 INFO     	 Epoch 291 | average valid loss: 0.0320
2024-08-25 22:43:38 INFO     	 Epoch 292 | average train loss: 0.0321
2024-08-25 22:43:38 INFO     	 Epoch 292 | average valid loss: 0.0320
2024-08-25 22:44:04 INFO     	 Epoch 293 | average train loss: 0.0321
2024-08-25 22:44:04 INFO     	 Epoch 293 | average valid loss: 0.0319
2024-08-25 22:44:24 INFO     	 Epoch 294 | average train loss: 0.0321
2024-08-25 22:44:24 INFO     	 Epoch 294 | average valid loss: 0.0320
2024-08-25 22:44:52 INFO     
average valid metrics:	MR: 233.146	| MRR: 0.262	| H@1: 0.182	| H@3: 0.283	| H@10: 0.425	| AMRI: 0.968	| rank_deviation: 0.000
2024-08-25 22:44:52 INFO     	 Saving model at epoch 294 in logs\08_25\FB15K-237\DistMult_20_29_06
2024-08-25 22:45:22 INFO     	 Epoch 295 | average train loss: 0.0321
2024-08-25 22:45:22 INFO     	 Epoch 295 | average valid loss: 0.0320
2024-08-25 22:45:52 INFO     	 Epoch 296 | average train loss: 0.0321
2024-08-25 22:45:52 INFO     	 Epoch 296 | average valid loss: 0.0320
2024-08-25 22:46:21 INFO     	 Epoch 297 | average train loss: 0.0321
2024-08-25 22:46:21 INFO     	 Epoch 297 | average valid loss: 0.0320
2024-08-25 22:46:40 INFO     	 Epoch 298 | average train loss: 0.0321
2024-08-25 22:46:40 INFO     	 Epoch 298 | average valid loss: 0.0320
2024-08-25 22:46:58 INFO     	 Epoch 299 | average train loss: 0.0321
2024-08-25 22:46:59 INFO     	 Epoch 299 | average valid loss: 0.0320
2024-08-25 22:47:25 INFO     
average valid metrics:	MR: 232.804	| MRR: 0.262	| H@1: 0.181	| H@3: 0.284	| H@10: 0.426	| AMRI: 0.968	| rank_deviation: 0.000
2024-08-25 22:47:52 INFO     	 Epoch 300 | average train loss: 0.0321
2024-08-25 22:47:52 INFO     	 Epoch 300 | average valid loss: 0.0320
2024-08-25 22:48:20 INFO     	 Epoch 301 | average train loss: 0.0321
2024-08-25 22:48:21 INFO     	 Epoch 301 | average valid loss: 0.0320
2024-08-25 22:48:50 INFO     	 Epoch 302 | average train loss: 0.0321
2024-08-25 22:48:50 INFO     	 Epoch 302 | average valid loss: 0.0320
2024-08-25 22:49:19 INFO     	 Epoch 303 | average train loss: 0.0321
2024-08-25 22:49:19 INFO     	 Epoch 303 | average valid loss: 0.0320
2024-08-25 22:49:47 INFO     	 Epoch 304 | average train loss: 0.0321
2024-08-25 22:49:47 INFO     	 Epoch 304 | average valid loss: 0.0319
2024-08-25 22:50:16 INFO     
average valid metrics:	MR: 232.383	| MRR: 0.262	| H@1: 0.181	| H@3: 0.283	| H@10: 0.426	| AMRI: 0.968	| rank_deviation: 0.000
2024-08-25 22:50:45 INFO     	 Epoch 305 | average train loss: 0.0321
2024-08-25 22:50:46 INFO     	 Epoch 305 | average valid loss: 0.0321
2024-08-25 22:51:14 INFO     	 Epoch 306 | average train loss: 0.0321
2024-08-25 22:51:14 INFO     	 Epoch 306 | average valid loss: 0.0319
2024-08-25 22:51:44 INFO     	 Epoch 307 | average train loss: 0.0321
2024-08-25 22:51:44 INFO     	 Epoch 307 | average valid loss: 0.0320
2024-08-25 22:52:14 INFO     	 Epoch 308 | average train loss: 0.0321
2024-08-25 22:52:15 INFO     	 Epoch 308 | average valid loss: 0.0320
2024-08-25 22:52:43 INFO     	 Epoch 309 | average train loss: 0.0320
2024-08-25 22:52:44 INFO     	 Epoch 309 | average valid loss: 0.0321
2024-08-25 22:53:12 INFO     
average valid metrics:	MR: 231.842	| MRR: 0.262	| H@1: 0.181	| H@3: 0.284	| H@10: 0.426	| AMRI: 0.968	| rank_deviation: 0.000
2024-08-25 22:53:41 INFO     	 Epoch 310 | average train loss: 0.0321
2024-08-25 22:53:41 INFO     	 Epoch 310 | average valid loss: 0.0320
2024-08-25 22:54:10 INFO     	 Epoch 311 | average train loss: 0.0320
2024-08-25 22:54:10 INFO     	 Epoch 311 | average valid loss: 0.0319
2024-08-25 22:54:32 INFO     	 Epoch 312 | average train loss: 0.0320
2024-08-25 22:54:32 INFO     	 Epoch 312 | average valid loss: 0.0320
2024-08-25 22:54:55 INFO     	 Epoch 313 | average train loss: 0.0320
2024-08-25 22:54:55 INFO     	 Epoch 313 | average valid loss: 0.0320
2024-08-25 22:55:13 INFO     	 Epoch 314 | average train loss: 0.0320
2024-08-25 22:55:13 INFO     	 Epoch 314 | average valid loss: 0.0319
2024-08-25 22:55:39 INFO     
average valid metrics:	MR: 231.419	| MRR: 0.262	| H@1: 0.181	| H@3: 0.283	| H@10: 0.426	| AMRI: 0.968	| rank_deviation: 0.000
2024-08-25 22:55:55 INFO     	 Epoch 315 | average train loss: 0.0320
2024-08-25 22:55:55 INFO     	 Epoch 315 | average valid loss: 0.0320
2024-08-25 22:56:13 INFO     	 Epoch 316 | average train loss: 0.0320
2024-08-25 22:56:13 INFO     	 Epoch 316 | average valid loss: 0.0319
2024-08-25 22:56:43 INFO     	 Epoch 317 | average train loss: 0.0320
2024-08-25 22:56:43 INFO     	 Epoch 317 | average valid loss: 0.0320
2024-08-25 22:57:13 INFO     	 Epoch 318 | average train loss: 0.0320
2024-08-25 22:57:13 INFO     	 Epoch 318 | average valid loss: 0.0319
2024-08-25 22:57:37 INFO     	 Epoch 319 | average train loss: 0.0320
2024-08-25 22:57:37 INFO     	 Epoch 319 | average valid loss: 0.0319
2024-08-25 22:58:00 INFO     
average valid metrics:	MR: 231.170	| MRR: 0.262	| H@1: 0.181	| H@3: 0.284	| H@10: 0.426	| AMRI: 0.968	| rank_deviation: 0.000
2024-08-25 22:58:25 INFO     	 Epoch 320 | average train loss: 0.0320
2024-08-25 22:58:26 INFO     	 Epoch 320 | average valid loss: 0.0320
2024-08-25 22:58:48 INFO     	 Epoch 321 | average train loss: 0.0320
2024-08-25 22:58:48 INFO     	 Epoch 321 | average valid loss: 0.0319
2024-08-25 22:59:08 INFO     	 Epoch 322 | average train loss: 0.0320
2024-08-25 22:59:08 INFO     	 Epoch 322 | average valid loss: 0.0320
2024-08-25 22:59:27 INFO     	 Epoch 323 | average train loss: 0.0320
2024-08-25 22:59:27 INFO     	 Epoch 323 | average valid loss: 0.0319
2024-08-25 22:59:50 INFO     	 Epoch 324 | average train loss: 0.0320
2024-08-25 22:59:50 INFO     	 Epoch 324 | average valid loss: 0.0319
2024-08-25 23:00:15 INFO     
average valid metrics:	MR: 230.640	| MRR: 0.263	| H@1: 0.182	| H@3: 0.284	| H@10: 0.426	| AMRI: 0.968	| rank_deviation: 0.000
2024-08-25 23:00:15 INFO     	 Saving model at epoch 324 in logs\08_25\FB15K-237\DistMult_20_29_06
2024-08-25 23:00:45 INFO     	 Epoch 325 | average train loss: 0.0320
2024-08-25 23:00:45 INFO     	 Epoch 325 | average valid loss: 0.0319
2024-08-25 23:01:14 INFO     	 Epoch 326 | average train loss: 0.0320
2024-08-25 23:01:14 INFO     	 Epoch 326 | average valid loss: 0.0319
2024-08-25 23:01:42 INFO     	 Epoch 327 | average train loss: 0.0320
2024-08-25 23:01:43 INFO     	 Epoch 327 | average valid loss: 0.0319
2024-08-25 23:02:12 INFO     	 Epoch 328 | average train loss: 0.0320
2024-08-25 23:02:12 INFO     	 Epoch 328 | average valid loss: 0.0319
2024-08-25 23:02:42 INFO     	 Epoch 329 | average train loss: 0.0320
2024-08-25 23:02:42 INFO     	 Epoch 329 | average valid loss: 0.0319
2024-08-25 23:03:12 INFO     
average valid metrics:	MR: 230.384	| MRR: 0.263	| H@1: 0.182	| H@3: 0.284	| H@10: 0.426	| AMRI: 0.968	| rank_deviation: 0.000
2024-08-25 23:03:43 INFO     	 Epoch 330 | average train loss: 0.0320
2024-08-25 23:03:43 INFO     	 Epoch 330 | average valid loss: 0.0319
2024-08-25 23:04:12 INFO     	 Epoch 331 | average train loss: 0.0320
2024-08-25 23:04:13 INFO     	 Epoch 331 | average valid loss: 0.0319
2024-08-25 23:04:41 INFO     	 Epoch 332 | average train loss: 0.0320
2024-08-25 23:04:42 INFO     	 Epoch 332 | average valid loss: 0.0319
2024-08-25 23:05:12 INFO     	 Epoch 333 | average train loss: 0.0320
2024-08-25 23:05:12 INFO     	 Epoch 333 | average valid loss: 0.0319
2024-08-25 23:05:35 INFO     	 Epoch 334 | average train loss: 0.0320
2024-08-25 23:05:35 INFO     	 Epoch 334 | average valid loss: 0.0320
2024-08-25 23:05:57 INFO     
average valid metrics:	MR: 230.000	| MRR: 0.263	| H@1: 0.182	| H@3: 0.284	| H@10: 0.426	| AMRI: 0.969	| rank_deviation: 0.000
2024-08-25 23:05:57 INFO     	 Saving model at epoch 334 in logs\08_25\FB15K-237\DistMult_20_29_06
2024-08-25 23:06:18 INFO     	 Epoch 335 | average train loss: 0.0320
2024-08-25 23:06:18 INFO     	 Epoch 335 | average valid loss: 0.0319
2024-08-25 23:06:38 INFO     	 Epoch 336 | average train loss: 0.0320
2024-08-25 23:06:38 INFO     	 Epoch 336 | average valid loss: 0.0319
2024-08-25 23:06:58 INFO     	 Epoch 337 | average train loss: 0.0320
2024-08-25 23:06:58 INFO     	 Epoch 337 | average valid loss: 0.0319
2024-08-25 23:07:17 INFO     	 Epoch 338 | average train loss: 0.0320
2024-08-25 23:07:17 INFO     	 Epoch 338 | average valid loss: 0.0320
2024-08-25 23:07:36 INFO     	 Epoch 339 | average train loss: 0.0320
2024-08-25 23:07:36 INFO     	 Epoch 339 | average valid loss: 0.0319
2024-08-25 23:08:05 INFO     
average valid metrics:	MR: 229.735	| MRR: 0.263	| H@1: 0.182	| H@3: 0.284	| H@10: 0.426	| AMRI: 0.969	| rank_deviation: 0.000
2024-08-25 23:08:35 INFO     	 Epoch 340 | average train loss: 0.0320
2024-08-25 23:08:35 INFO     	 Epoch 340 | average valid loss: 0.0320
2024-08-25 23:08:58 INFO     	 Epoch 341 | average train loss: 0.0320
2024-08-25 23:08:58 INFO     	 Epoch 341 | average valid loss: 0.0319
2024-08-25 23:09:18 INFO     	 Epoch 342 | average train loss: 0.0320
2024-08-25 23:09:18 INFO     	 Epoch 342 | average valid loss: 0.0319
2024-08-25 23:09:40 INFO     	 Epoch 343 | average train loss: 0.0320
2024-08-25 23:09:40 INFO     	 Epoch 343 | average valid loss: 0.0319
2024-08-25 23:09:59 INFO     	 Epoch 344 | average train loss: 0.0320
2024-08-25 23:10:00 INFO     	 Epoch 344 | average valid loss: 0.0320
2024-08-25 23:10:25 INFO     
average valid metrics:	MR: 229.317	| MRR: 0.263	| H@1: 0.181	| H@3: 0.285	| H@10: 0.426	| AMRI: 0.969	| rank_deviation: 0.000
2024-08-25 23:10:46 INFO     	 Epoch 345 | average train loss: 0.0319
2024-08-25 23:10:46 INFO     	 Epoch 345 | average valid loss: 0.0319
2024-08-25 23:11:07 INFO     	 Epoch 346 | average train loss: 0.0319
2024-08-25 23:11:07 INFO     	 Epoch 346 | average valid loss: 0.0319
2024-08-25 23:11:34 INFO     	 Epoch 347 | average train loss: 0.0320
2024-08-25 23:11:34 INFO     	 Epoch 347 | average valid loss: 0.0319
2024-08-25 23:11:57 INFO     	 Epoch 348 | average train loss: 0.0319
2024-08-25 23:11:57 INFO     	 Epoch 348 | average valid loss: 0.0319
2024-08-25 23:12:28 INFO     	 Epoch 349 | average train loss: 0.0320
2024-08-25 23:12:28 INFO     	 Epoch 349 | average valid loss: 0.0319
2024-08-25 23:12:55 INFO     
average valid metrics:	MR: 229.061	| MRR: 0.263	| H@1: 0.182	| H@3: 0.285	| H@10: 0.426	| AMRI: 0.969	| rank_deviation: 0.000
2024-08-25 23:12:55 INFO     	 Saving model at epoch 349 in logs\08_25\FB15K-237\DistMult_20_29_06
2024-08-25 23:13:24 INFO     	 Epoch 350 | average train loss: 0.0319
2024-08-25 23:13:25 INFO     	 Epoch 350 | average valid loss: 0.0319
2024-08-25 23:13:54 INFO     	 Epoch 351 | average train loss: 0.0319
2024-08-25 23:13:55 INFO     	 Epoch 351 | average valid loss: 0.0318
2024-08-25 23:14:23 INFO     	 Epoch 352 | average train loss: 0.0319
2024-08-25 23:14:24 INFO     	 Epoch 352 | average valid loss: 0.0318
2024-08-25 23:14:52 INFO     	 Epoch 353 | average train loss: 0.0319
2024-08-25 23:14:52 INFO     	 Epoch 353 | average valid loss: 0.0319
2024-08-25 23:15:21 INFO     	 Epoch 354 | average train loss: 0.0319
2024-08-25 23:15:22 INFO     	 Epoch 354 | average valid loss: 0.0318
2024-08-25 23:15:48 INFO     
average valid metrics:	MR: 228.815	| MRR: 0.263	| H@1: 0.181	| H@3: 0.284	| H@10: 0.426	| AMRI: 0.969	| rank_deviation: 0.000
2024-08-25 23:16:17 INFO     	 Epoch 355 | average train loss: 0.0319
2024-08-25 23:16:17 INFO     	 Epoch 355 | average valid loss: 0.0319
2024-08-25 23:16:46 INFO     	 Epoch 356 | average train loss: 0.0319
2024-08-25 23:16:46 INFO     	 Epoch 356 | average valid loss: 0.0319
2024-08-25 23:17:15 INFO     	 Epoch 357 | average train loss: 0.0319
2024-08-25 23:17:16 INFO     	 Epoch 357 | average valid loss: 0.0319
2024-08-25 23:17:44 INFO     	 Epoch 358 | average train loss: 0.0319
2024-08-25 23:17:44 INFO     	 Epoch 358 | average valid loss: 0.0319
2024-08-25 23:18:06 INFO     	 Epoch 359 | average train loss: 0.0319
2024-08-25 23:18:06 INFO     	 Epoch 359 | average valid loss: 0.0318
2024-08-25 23:18:33 INFO     
average valid metrics:	MR: 228.498	| MRR: 0.263	| H@1: 0.182	| H@3: 0.284	| H@10: 0.426	| AMRI: 0.969	| rank_deviation: 0.000
2024-08-25 23:18:48 INFO     	 Epoch 360 | average train loss: 0.0319
2024-08-25 23:18:49 INFO     	 Epoch 360 | average valid loss: 0.0319
2024-08-25 23:19:04 INFO     	 Epoch 361 | average train loss: 0.0319
2024-08-25 23:19:04 INFO     	 Epoch 361 | average valid loss: 0.0318
2024-08-25 23:19:25 INFO     	 Epoch 362 | average train loss: 0.0319
2024-08-25 23:19:25 INFO     	 Epoch 362 | average valid loss: 0.0318
2024-08-25 23:19:47 INFO     	 Epoch 363 | average train loss: 0.0319
2024-08-25 23:19:47 INFO     	 Epoch 363 | average valid loss: 0.0319
2024-08-25 23:20:09 INFO     	 Epoch 364 | average train loss: 0.0319
2024-08-25 23:20:09 INFO     	 Epoch 364 | average valid loss: 0.0318
2024-08-25 23:20:33 INFO     
average valid metrics:	MR: 228.109	| MRR: 0.263	| H@1: 0.182	| H@3: 0.285	| H@10: 0.427	| AMRI: 0.969	| rank_deviation: 0.000
2024-08-25 23:20:51 INFO     	 Epoch 365 | average train loss: 0.0319
2024-08-25 23:20:51 INFO     	 Epoch 365 | average valid loss: 0.0319
2024-08-25 23:21:14 INFO     	 Epoch 366 | average train loss: 0.0319
2024-08-25 23:21:14 INFO     	 Epoch 366 | average valid loss: 0.0319
2024-08-25 23:21:38 INFO     	 Epoch 367 | average train loss: 0.0319
2024-08-25 23:21:38 INFO     	 Epoch 367 | average valid loss: 0.0318
2024-08-25 23:21:59 INFO     	 Epoch 368 | average train loss: 0.0319
2024-08-25 23:21:59 INFO     	 Epoch 368 | average valid loss: 0.0318
2024-08-25 23:22:16 INFO     	 Epoch 369 | average train loss: 0.0319
2024-08-25 23:22:17 INFO     	 Epoch 369 | average valid loss: 0.0319
2024-08-25 23:22:46 INFO     
average valid metrics:	MR: 227.835	| MRR: 0.263	| H@1: 0.182	| H@3: 0.285	| H@10: 0.427	| AMRI: 0.969	| rank_deviation: 0.000
2024-08-25 23:22:46 INFO     	 Saving model at epoch 369 in logs\08_25\FB15K-237\DistMult_20_29_06
2024-08-25 23:23:02 INFO     	 Epoch 370 | average train loss: 0.0319
2024-08-25 23:23:02 INFO     	 Epoch 370 | average valid loss: 0.0318
2024-08-25 23:23:27 INFO     	 Epoch 371 | average train loss: 0.0319
2024-08-25 23:23:28 INFO     	 Epoch 371 | average valid loss: 0.0319
2024-08-25 23:23:54 INFO     	 Epoch 372 | average train loss: 0.0319
2024-08-25 23:23:55 INFO     	 Epoch 372 | average valid loss: 0.0318
2024-08-25 23:24:15 INFO     	 Epoch 373 | average train loss: 0.0319
2024-08-25 23:24:15 INFO     	 Epoch 373 | average valid loss: 0.0318
2024-08-25 23:24:31 INFO     	 Epoch 374 | average train loss: 0.0319
2024-08-25 23:24:32 INFO     	 Epoch 374 | average valid loss: 0.0318
2024-08-25 23:24:58 INFO     
average valid metrics:	MR: 227.577	| MRR: 0.263	| H@1: 0.182	| H@3: 0.285	| H@10: 0.427	| AMRI: 0.969	| rank_deviation: 0.000
2024-08-25 23:25:21 INFO     	 Epoch 375 | average train loss: 0.0319
2024-08-25 23:25:21 INFO     	 Epoch 375 | average valid loss: 0.0318
2024-08-25 23:25:40 INFO     	 Epoch 376 | average train loss: 0.0319
2024-08-25 23:25:40 INFO     	 Epoch 376 | average valid loss: 0.0318
2024-08-25 23:26:03 INFO     	 Epoch 377 | average train loss: 0.0319
2024-08-25 23:26:03 INFO     	 Epoch 377 | average valid loss: 0.0318
2024-08-25 23:26:20 INFO     	 Epoch 378 | average train loss: 0.0319
2024-08-25 23:26:20 INFO     	 Epoch 378 | average valid loss: 0.0319
2024-08-25 23:26:42 INFO     	 Epoch 379 | average train loss: 0.0319
2024-08-25 23:26:42 INFO     	 Epoch 379 | average valid loss: 0.0319
2024-08-25 23:27:08 INFO     
average valid metrics:	MR: 227.419	| MRR: 0.263	| H@1: 0.182	| H@3: 0.285	| H@10: 0.427	| AMRI: 0.969	| rank_deviation: 0.000
2024-08-25 23:27:08 INFO     	 Saving model at epoch 379 in logs\08_25\FB15K-237\DistMult_20_29_06
2024-08-25 23:27:27 INFO     	 Epoch 380 | average train loss: 0.0319
2024-08-25 23:27:27 INFO     	 Epoch 380 | average valid loss: 0.0318
2024-08-25 23:27:48 INFO     	 Epoch 381 | average train loss: 0.0319
2024-08-25 23:27:48 INFO     	 Epoch 381 | average valid loss: 0.0318
2024-08-25 23:28:12 INFO     	 Epoch 382 | average train loss: 0.0319
2024-08-25 23:28:13 INFO     	 Epoch 382 | average valid loss: 0.0318
2024-08-25 23:28:43 INFO     	 Epoch 383 | average train loss: 0.0319
2024-08-25 23:28:43 INFO     	 Epoch 383 | average valid loss: 0.0318
2024-08-25 23:29:11 INFO     	 Epoch 384 | average train loss: 0.0319
2024-08-25 23:29:11 INFO     	 Epoch 384 | average valid loss: 0.0318
2024-08-25 23:29:35 INFO     
average valid metrics:	MR: 227.191	| MRR: 0.263	| H@1: 0.182	| H@3: 0.285	| H@10: 0.427	| AMRI: 0.969	| rank_deviation: 0.000
2024-08-25 23:29:58 INFO     	 Epoch 385 | average train loss: 0.0319
2024-08-25 23:29:58 INFO     	 Epoch 385 | average valid loss: 0.0318
2024-08-25 23:30:20 INFO     	 Epoch 386 | average train loss: 0.0319
2024-08-25 23:30:20 INFO     	 Epoch 386 | average valid loss: 0.0319
2024-08-25 23:30:42 INFO     	 Epoch 387 | average train loss: 0.0319
2024-08-25 23:30:42 INFO     	 Epoch 387 | average valid loss: 0.0319
2024-08-25 23:31:09 INFO     	 Epoch 388 | average train loss: 0.0319
2024-08-25 23:31:09 INFO     	 Epoch 388 | average valid loss: 0.0318
2024-08-25 23:31:34 INFO     	 Epoch 389 | average train loss: 0.0319
2024-08-25 23:31:34 INFO     	 Epoch 389 | average valid loss: 0.0318
2024-08-25 23:32:03 INFO     
average valid metrics:	MR: 227.070	| MRR: 0.263	| H@1: 0.182	| H@3: 0.284	| H@10: 0.427	| AMRI: 0.969	| rank_deviation: 0.000
2024-08-25 23:32:32 INFO     	 Epoch 390 | average train loss: 0.0319
2024-08-25 23:32:33 INFO     	 Epoch 390 | average valid loss: 0.0318
2024-08-25 23:32:53 INFO     	 Epoch 391 | average train loss: 0.0319
2024-08-25 23:32:53 INFO     	 Epoch 391 | average valid loss: 0.0318
2024-08-25 23:33:13 INFO     	 Epoch 392 | average train loss: 0.0319
2024-08-25 23:33:13 INFO     	 Epoch 392 | average valid loss: 0.0318
2024-08-25 23:33:35 INFO     	 Epoch 393 | average train loss: 0.0319
2024-08-25 23:33:35 INFO     	 Epoch 393 | average valid loss: 0.0318
2024-08-25 23:33:52 INFO     	 Epoch 394 | average train loss: 0.0318
2024-08-25 23:33:52 INFO     	 Epoch 394 | average valid loss: 0.0318
2024-08-25 23:34:20 INFO     
average valid metrics:	MR: 226.751	| MRR: 0.263	| H@1: 0.182	| H@3: 0.284	| H@10: 0.427	| AMRI: 0.969	| rank_deviation: 0.000
2024-08-25 23:34:39 INFO     	 Epoch 395 | average train loss: 0.0318
2024-08-25 23:34:39 INFO     	 Epoch 395 | average valid loss: 0.0318
2024-08-25 23:35:01 INFO     	 Epoch 396 | average train loss: 0.0318
2024-08-25 23:35:02 INFO     	 Epoch 396 | average valid loss: 0.0317
2024-08-25 23:35:25 INFO     	 Epoch 397 | average train loss: 0.0318
2024-08-25 23:35:25 INFO     	 Epoch 397 | average valid loss: 0.0318
2024-08-25 23:35:45 INFO     	 Epoch 398 | average train loss: 0.0319
2024-08-25 23:35:45 INFO     	 Epoch 398 | average valid loss: 0.0318
2024-08-25 23:36:09 INFO     	 Epoch 399 | average train loss: 0.0318
2024-08-25 23:36:09 INFO     	 Epoch 399 | average valid loss: 0.0318
2024-08-25 23:36:32 INFO     
average valid metrics:	MR: 226.518	| MRR: 0.264	| H@1: 0.183	| H@3: 0.285	| H@10: 0.427	| AMRI: 0.969	| rank_deviation: 0.000
2024-08-25 23:36:32 INFO     	 Saving model at epoch 399 in logs\08_25\FB15K-237\DistMult_20_29_06
2024-08-25 23:36:54 INFO     	 Epoch 400 | average train loss: 0.0318
2024-08-25 23:36:54 INFO     	 Epoch 400 | average valid loss: 0.0318
2024-08-25 23:37:09 INFO     	 Epoch 401 | average train loss: 0.0318
2024-08-25 23:37:09 INFO     	 Epoch 401 | average valid loss: 0.0318
2024-08-25 23:37:26 INFO     	 Epoch 402 | average train loss: 0.0318
2024-08-25 23:37:26 INFO     	 Epoch 402 | average valid loss: 0.0317
2024-08-25 23:37:43 INFO     	 Epoch 403 | average train loss: 0.0318
2024-08-25 23:37:43 INFO     	 Epoch 403 | average valid loss: 0.0319
2024-08-25 23:38:00 INFO     	 Epoch 404 | average train loss: 0.0318
2024-08-25 23:38:00 INFO     	 Epoch 404 | average valid loss: 0.0317
2024-08-25 23:38:29 INFO     
average valid metrics:	MR: 226.272	| MRR: 0.263	| H@1: 0.182	| H@3: 0.285	| H@10: 0.427	| AMRI: 0.969	| rank_deviation: 0.000
2024-08-25 23:38:49 INFO     	 Epoch 405 | average train loss: 0.0318
2024-08-25 23:38:49 INFO     	 Epoch 405 | average valid loss: 0.0318
2024-08-25 23:39:10 INFO     	 Epoch 406 | average train loss: 0.0318
2024-08-25 23:39:10 INFO     	 Epoch 406 | average valid loss: 0.0318
2024-08-25 23:39:30 INFO     	 Epoch 407 | average train loss: 0.0318
2024-08-25 23:39:30 INFO     	 Epoch 407 | average valid loss: 0.0318
2024-08-25 23:39:50 INFO     	 Epoch 408 | average train loss: 0.0318
2024-08-25 23:39:51 INFO     	 Epoch 408 | average valid loss: 0.0317
2024-08-25 23:40:12 INFO     	 Epoch 409 | average train loss: 0.0318
2024-08-25 23:40:12 INFO     	 Epoch 409 | average valid loss: 0.0318
2024-08-25 23:40:39 INFO     
average valid metrics:	MR: 225.971	| MRR: 0.263	| H@1: 0.182	| H@3: 0.285	| H@10: 0.428	| AMRI: 0.969	| rank_deviation: 0.000
2024-08-25 23:41:00 INFO     	 Epoch 410 | average train loss: 0.0318
2024-08-25 23:41:00 INFO     	 Epoch 410 | average valid loss: 0.0318
2024-08-25 23:41:20 INFO     	 Epoch 411 | average train loss: 0.0318
2024-08-25 23:41:21 INFO     	 Epoch 411 | average valid loss: 0.0317
2024-08-25 23:41:42 INFO     	 Epoch 412 | average train loss: 0.0318
2024-08-25 23:41:42 INFO     	 Epoch 412 | average valid loss: 0.0318
2024-08-25 23:42:04 INFO     	 Epoch 413 | average train loss: 0.0318
2024-08-25 23:42:04 INFO     	 Epoch 413 | average valid loss: 0.0317
2024-08-25 23:42:24 INFO     	 Epoch 414 | average train loss: 0.0318
2024-08-25 23:42:24 INFO     	 Epoch 414 | average valid loss: 0.0318
2024-08-25 23:42:50 INFO     
average valid metrics:	MR: 225.723	| MRR: 0.263	| H@1: 0.182	| H@3: 0.286	| H@10: 0.427	| AMRI: 0.969	| rank_deviation: 0.000
2024-08-25 23:43:11 INFO     	 Epoch 415 | average train loss: 0.0318
2024-08-25 23:43:12 INFO     	 Epoch 415 | average valid loss: 0.0317
2024-08-25 23:43:34 INFO     	 Epoch 416 | average train loss: 0.0318
2024-08-25 23:43:34 INFO     	 Epoch 416 | average valid loss: 0.0318
2024-08-25 23:43:54 INFO     	 Epoch 417 | average train loss: 0.0318
2024-08-25 23:43:54 INFO     	 Epoch 417 | average valid loss: 0.0317
2024-08-25 23:44:14 INFO     	 Epoch 418 | average train loss: 0.0318
2024-08-25 23:44:14 INFO     	 Epoch 418 | average valid loss: 0.0317
2024-08-25 23:44:37 INFO     	 Epoch 419 | average train loss: 0.0318
2024-08-25 23:44:37 INFO     	 Epoch 419 | average valid loss: 0.0318
2024-08-25 23:45:03 INFO     
average valid metrics:	MR: 225.648	| MRR: 0.263	| H@1: 0.181	| H@3: 0.285	| H@10: 0.428	| AMRI: 0.969	| rank_deviation: 0.000
2024-08-25 23:45:24 INFO     	 Epoch 420 | average train loss: 0.0318
2024-08-25 23:45:24 INFO     	 Epoch 420 | average valid loss: 0.0318
2024-08-25 23:45:45 INFO     	 Epoch 421 | average train loss: 0.0318
2024-08-25 23:45:45 INFO     	 Epoch 421 | average valid loss: 0.0317
2024-08-25 23:46:05 INFO     	 Epoch 422 | average train loss: 0.0318
2024-08-25 23:46:05 INFO     	 Epoch 422 | average valid loss: 0.0318
2024-08-25 23:46:24 INFO     	 Epoch 423 | average train loss: 0.0318
2024-08-25 23:46:24 INFO     	 Epoch 423 | average valid loss: 0.0318
2024-08-25 23:46:43 INFO     	 Epoch 424 | average train loss: 0.0318
2024-08-25 23:46:43 INFO     	 Epoch 424 | average valid loss: 0.0317
2024-08-25 23:47:13 INFO     
average valid metrics:	MR: 225.374	| MRR: 0.263	| H@1: 0.182	| H@3: 0.286	| H@10: 0.427	| AMRI: 0.969	| rank_deviation: 0.000
2024-08-25 23:47:32 INFO     	 Epoch 425 | average train loss: 0.0318
2024-08-25 23:47:32 INFO     	 Epoch 425 | average valid loss: 0.0317
2024-08-25 23:47:57 INFO     	 Epoch 426 | average train loss: 0.0318
2024-08-25 23:47:57 INFO     	 Epoch 426 | average valid loss: 0.0317
2024-08-25 23:48:17 INFO     	 Epoch 427 | average train loss: 0.0318
2024-08-25 23:48:17 INFO     	 Epoch 427 | average valid loss: 0.0317
2024-08-25 23:48:38 INFO     	 Epoch 428 | average train loss: 0.0318
2024-08-25 23:48:39 INFO     	 Epoch 428 | average valid loss: 0.0318
2024-08-25 23:49:00 INFO     	 Epoch 429 | average train loss: 0.0318
2024-08-25 23:49:00 INFO     	 Epoch 429 | average valid loss: 0.0317
2024-08-25 23:49:34 INFO     
average valid metrics:	MR: 225.302	| MRR: 0.264	| H@1: 0.183	| H@3: 0.285	| H@10: 0.427	| AMRI: 0.969	| rank_deviation: 0.000
2024-08-25 23:49:34 INFO     	 Saving model at epoch 429 in logs\08_25\FB15K-237\DistMult_20_29_06
2024-08-25 23:49:58 INFO     	 Epoch 430 | average train loss: 0.0318
2024-08-25 23:49:59 INFO     	 Epoch 430 | average valid loss: 0.0317
2024-08-25 23:50:19 INFO     	 Epoch 431 | average train loss: 0.0318
2024-08-25 23:50:20 INFO     	 Epoch 431 | average valid loss: 0.0317
2024-08-25 23:50:39 INFO     	 Epoch 432 | average train loss: 0.0318
2024-08-25 23:50:40 INFO     	 Epoch 432 | average valid loss: 0.0318
2024-08-25 23:51:04 INFO     	 Epoch 433 | average train loss: 0.0318
2024-08-25 23:51:04 INFO     	 Epoch 433 | average valid loss: 0.0317
2024-08-25 23:51:28 INFO     	 Epoch 434 | average train loss: 0.0318
2024-08-25 23:51:28 INFO     	 Epoch 434 | average valid loss: 0.0317
2024-08-25 23:51:53 INFO     
average valid metrics:	MR: 225.075	| MRR: 0.264	| H@1: 0.182	| H@3: 0.285	| H@10: 0.427	| AMRI: 0.969	| rank_deviation: 0.000
2024-08-25 23:52:08 INFO     	 Epoch 435 | average train loss: 0.0318
2024-08-25 23:52:08 INFO     	 Epoch 435 | average valid loss: 0.0317
2024-08-25 23:52:27 INFO     	 Epoch 436 | average train loss: 0.0318
2024-08-25 23:52:27 INFO     	 Epoch 436 | average valid loss: 0.0318
2024-08-25 23:52:48 INFO     	 Epoch 437 | average train loss: 0.0318
2024-08-25 23:52:48 INFO     	 Epoch 437 | average valid loss: 0.0317
2024-08-25 23:53:07 INFO     	 Epoch 438 | average train loss: 0.0318
2024-08-25 23:53:07 INFO     	 Epoch 438 | average valid loss: 0.0317
2024-08-25 23:53:28 INFO     	 Epoch 439 | average train loss: 0.0318
2024-08-25 23:53:28 INFO     	 Epoch 439 | average valid loss: 0.0317
2024-08-25 23:53:54 INFO     
average valid metrics:	MR: 224.893	| MRR: 0.264	| H@1: 0.183	| H@3: 0.285	| H@10: 0.428	| AMRI: 0.969	| rank_deviation: 0.000
2024-08-25 23:54:13 INFO     	 Epoch 440 | average train loss: 0.0318
2024-08-25 23:54:13 INFO     	 Epoch 440 | average valid loss: 0.0318
2024-08-25 23:54:32 INFO     	 Epoch 441 | average train loss: 0.0318
2024-08-25 23:54:32 INFO     	 Epoch 441 | average valid loss: 0.0317
2024-08-25 23:54:52 INFO     	 Epoch 442 | average train loss: 0.0318
2024-08-25 23:54:52 INFO     	 Epoch 442 | average valid loss: 0.0318
2024-08-25 23:55:11 INFO     	 Epoch 443 | average train loss: 0.0318
2024-08-25 23:55:11 INFO     	 Epoch 443 | average valid loss: 0.0318
2024-08-25 23:55:31 INFO     	 Epoch 444 | average train loss: 0.0318
2024-08-25 23:55:31 INFO     	 Epoch 444 | average valid loss: 0.0317
2024-08-25 23:55:55 INFO     
average valid metrics:	MR: 224.759	| MRR: 0.263	| H@1: 0.182	| H@3: 0.285	| H@10: 0.427	| AMRI: 0.969	| rank_deviation: 0.000
2024-08-25 23:56:14 INFO     	 Epoch 445 | average train loss: 0.0318
2024-08-25 23:56:15 INFO     	 Epoch 445 | average valid loss: 0.0317
2024-08-25 23:56:34 INFO     	 Epoch 446 | average train loss: 0.0318
2024-08-25 23:56:34 INFO     	 Epoch 446 | average valid loss: 0.0318
2024-08-25 23:56:53 INFO     	 Epoch 447 | average train loss: 0.0318
2024-08-25 23:56:54 INFO     	 Epoch 447 | average valid loss: 0.0317
2024-08-25 23:57:13 INFO     	 Epoch 448 | average train loss: 0.0318
2024-08-25 23:57:14 INFO     	 Epoch 448 | average valid loss: 0.0317
2024-08-25 23:57:33 INFO     	 Epoch 449 | average train loss: 0.0317
2024-08-25 23:57:33 INFO     	 Epoch 449 | average valid loss: 0.0317
2024-08-25 23:57:59 INFO     
average valid metrics:	MR: 224.499	| MRR: 0.264	| H@1: 0.183	| H@3: 0.285	| H@10: 0.428	| AMRI: 0.969	| rank_deviation: 0.000
2024-08-25 23:58:15 INFO     	 Epoch 450 | average train loss: 0.0317
2024-08-25 23:58:15 INFO     	 Epoch 450 | average valid loss: 0.0317
2024-08-25 23:58:30 INFO     	 Epoch 451 | average train loss: 0.0317
2024-08-25 23:58:31 INFO     	 Epoch 451 | average valid loss: 0.0317
2024-08-25 23:58:50 INFO     	 Epoch 452 | average train loss: 0.0317
2024-08-25 23:58:50 INFO     	 Epoch 452 | average valid loss: 0.0318
2024-08-25 23:59:09 INFO     	 Epoch 453 | average train loss: 0.0317
2024-08-25 23:59:09 INFO     	 Epoch 453 | average valid loss: 0.0317
2024-08-25 23:59:28 INFO     	 Epoch 454 | average train loss: 0.0317
2024-08-25 23:59:28 INFO     	 Epoch 454 | average valid loss: 0.0317
2024-08-26 00:00:00 INFO     
average valid metrics:	MR: 224.483	| MRR: 0.264	| H@1: 0.183	| H@3: 0.286	| H@10: 0.427	| AMRI: 0.969	| rank_deviation: 0.000
2024-08-26 00:00:00 INFO     	 Saving model at epoch 454 in logs\08_25\FB15K-237\DistMult_20_29_06
2024-08-26 00:00:19 INFO     	 Epoch 455 | average train loss: 0.0317
2024-08-26 00:00:19 INFO     	 Epoch 455 | average valid loss: 0.0317
2024-08-26 00:00:37 INFO     	 Epoch 456 | average train loss: 0.0317
2024-08-26 00:00:38 INFO     	 Epoch 456 | average valid loss: 0.0317
2024-08-26 00:00:56 INFO     	 Epoch 457 | average train loss: 0.0317
2024-08-26 00:00:56 INFO     	 Epoch 457 | average valid loss: 0.0317
2024-08-26 00:01:11 INFO     	 Epoch 458 | average train loss: 0.0317
2024-08-26 00:01:12 INFO     	 Epoch 458 | average valid loss: 0.0317
2024-08-26 00:01:29 INFO     	 Epoch 459 | average train loss: 0.0317
2024-08-26 00:01:29 INFO     	 Epoch 459 | average valid loss: 0.0317
2024-08-26 00:01:54 INFO     
average valid metrics:	MR: 224.066	| MRR: 0.264	| H@1: 0.183	| H@3: 0.285	| H@10: 0.428	| AMRI: 0.969	| rank_deviation: 0.000
2024-08-26 00:01:54 INFO     	 Saving model at epoch 459 in logs\08_25\FB15K-237\DistMult_20_29_06
2024-08-26 00:02:14 INFO     	 Epoch 460 | average train loss: 0.0317
2024-08-26 00:02:15 INFO     	 Epoch 460 | average valid loss: 0.0317
2024-08-26 00:02:35 INFO     	 Epoch 461 | average train loss: 0.0317
2024-08-26 00:02:35 INFO     	 Epoch 461 | average valid loss: 0.0317
2024-08-26 00:02:56 INFO     	 Epoch 462 | average train loss: 0.0317
2024-08-26 00:02:56 INFO     	 Epoch 462 | average valid loss: 0.0317
2024-08-26 00:03:16 INFO     	 Epoch 463 | average train loss: 0.0317
2024-08-26 00:03:16 INFO     	 Epoch 463 | average valid loss: 0.0317
2024-08-26 00:03:35 INFO     	 Epoch 464 | average train loss: 0.0317
2024-08-26 00:03:36 INFO     	 Epoch 464 | average valid loss: 0.0317
2024-08-26 00:04:07 INFO     
average valid metrics:	MR: 224.010	| MRR: 0.264	| H@1: 0.183	| H@3: 0.285	| H@10: 0.427	| AMRI: 0.969	| rank_deviation: 0.000
2024-08-26 00:04:26 INFO     	 Epoch 465 | average train loss: 0.0317
2024-08-26 00:04:26 INFO     	 Epoch 465 | average valid loss: 0.0316
2024-08-26 00:04:46 INFO     	 Epoch 466 | average train loss: 0.0317
2024-08-26 00:04:46 INFO     	 Epoch 466 | average valid loss: 0.0317
2024-08-26 00:05:06 INFO     	 Epoch 467 | average train loss: 0.0317
2024-08-26 00:05:06 INFO     	 Epoch 467 | average valid loss: 0.0316
2024-08-26 00:05:25 INFO     	 Epoch 468 | average train loss: 0.0317
2024-08-26 00:05:26 INFO     	 Epoch 468 | average valid loss: 0.0317
2024-08-26 00:05:44 INFO     	 Epoch 469 | average train loss: 0.0317
2024-08-26 00:05:44 INFO     	 Epoch 469 | average valid loss: 0.0318
2024-08-26 00:06:10 INFO     
average valid metrics:	MR: 223.885	| MRR: 0.264	| H@1: 0.182	| H@3: 0.285	| H@10: 0.427	| AMRI: 0.969	| rank_deviation: 0.000
2024-08-26 00:06:26 INFO     	 Epoch 470 | average train loss: 0.0317
2024-08-26 00:06:26 INFO     	 Epoch 470 | average valid loss: 0.0317
2024-08-26 00:06:42 INFO     	 Epoch 471 | average train loss: 0.0317
2024-08-26 00:06:42 INFO     	 Epoch 471 | average valid loss: 0.0317
2024-08-26 00:06:58 INFO     	 Epoch 472 | average train loss: 0.0317
2024-08-26 00:06:58 INFO     	 Epoch 472 | average valid loss: 0.0317
2024-08-26 00:07:18 INFO     	 Epoch 473 | average train loss: 0.0317
2024-08-26 00:07:18 INFO     	 Epoch 473 | average valid loss: 0.0317
2024-08-26 00:07:37 INFO     	 Epoch 474 | average train loss: 0.0317
2024-08-26 00:07:37 INFO     	 Epoch 474 | average valid loss: 0.0317
2024-08-26 00:08:06 INFO     
average valid metrics:	MR: 223.703	| MRR: 0.264	| H@1: 0.183	| H@3: 0.285	| H@10: 0.427	| AMRI: 0.969	| rank_deviation: 0.000
2024-08-26 00:08:25 INFO     	 Epoch 475 | average train loss: 0.0317
2024-08-26 00:08:25 INFO     	 Epoch 475 | average valid loss: 0.0316
2024-08-26 00:08:44 INFO     	 Epoch 476 | average train loss: 0.0317
2024-08-26 00:08:44 INFO     	 Epoch 476 | average valid loss: 0.0317
2024-08-26 00:09:04 INFO     	 Epoch 477 | average train loss: 0.0317
2024-08-26 00:09:04 INFO     	 Epoch 477 | average valid loss: 0.0317
2024-08-26 00:09:24 INFO     	 Epoch 478 | average train loss: 0.0317
2024-08-26 00:09:24 INFO     	 Epoch 478 | average valid loss: 0.0316
2024-08-26 00:09:44 INFO     	 Epoch 479 | average train loss: 0.0317
2024-08-26 00:09:44 INFO     	 Epoch 479 | average valid loss: 0.0317
2024-08-26 00:10:10 INFO     
average valid metrics:	MR: 223.572	| MRR: 0.264	| H@1: 0.183	| H@3: 0.285	| H@10: 0.428	| AMRI: 0.969	| rank_deviation: 0.000
2024-08-26 00:10:30 INFO     	 Epoch 480 | average train loss: 0.0317
2024-08-26 00:10:30 INFO     	 Epoch 480 | average valid loss: 0.0316
2024-08-26 00:10:50 INFO     	 Epoch 481 | average train loss: 0.0317
2024-08-26 00:10:50 INFO     	 Epoch 481 | average valid loss: 0.0317
2024-08-26 00:11:11 INFO     	 Epoch 482 | average train loss: 0.0317
2024-08-26 00:11:11 INFO     	 Epoch 482 | average valid loss: 0.0317
2024-08-26 00:11:31 INFO     	 Epoch 483 | average train loss: 0.0317
2024-08-26 00:11:31 INFO     	 Epoch 483 | average valid loss: 0.0316
2024-08-26 00:11:51 INFO     	 Epoch 484 | average train loss: 0.0317
2024-08-26 00:11:51 INFO     	 Epoch 484 | average valid loss: 0.0317
2024-08-26 00:12:17 INFO     
average valid metrics:	MR: 223.422	| MRR: 0.264	| H@1: 0.182	| H@3: 0.285	| H@10: 0.428	| AMRI: 0.969	| rank_deviation: 0.000
2024-08-26 00:12:36 INFO     	 Epoch 485 | average train loss: 0.0317
2024-08-26 00:12:36 INFO     	 Epoch 485 | average valid loss: 0.0316
2024-08-26 00:12:56 INFO     	 Epoch 486 | average train loss: 0.0317
2024-08-26 00:12:56 INFO     	 Epoch 486 | average valid loss: 0.0316
2024-08-26 00:13:15 INFO     	 Epoch 487 | average train loss: 0.0317
2024-08-26 00:13:15 INFO     	 Epoch 487 | average valid loss: 0.0317
2024-08-26 00:13:36 INFO     	 Epoch 488 | average train loss: 0.0317
2024-08-26 00:13:36 INFO     	 Epoch 488 | average valid loss: 0.0316
2024-08-26 00:13:56 INFO     	 Epoch 489 | average train loss: 0.0317
2024-08-26 00:13:56 INFO     	 Epoch 489 | average valid loss: 0.0317
2024-08-26 00:14:26 INFO     
average valid metrics:	MR: 223.412	| MRR: 0.264	| H@1: 0.183	| H@3: 0.284	| H@10: 0.428	| AMRI: 0.969	| rank_deviation: 0.000
2024-08-26 00:14:46 INFO     	 Epoch 490 | average train loss: 0.0317
2024-08-26 00:14:47 INFO     	 Epoch 490 | average valid loss: 0.0317
2024-08-26 00:15:07 INFO     	 Epoch 491 | average train loss: 0.0317
2024-08-26 00:15:07 INFO     	 Epoch 491 | average valid loss: 0.0317
2024-08-26 00:15:27 INFO     	 Epoch 492 | average train loss: 0.0317
2024-08-26 00:15:27 INFO     	 Epoch 492 | average valid loss: 0.0316
2024-08-26 00:15:47 INFO     	 Epoch 493 | average train loss: 0.0317
2024-08-26 00:15:48 INFO     	 Epoch 493 | average valid loss: 0.0317
2024-08-26 00:16:07 INFO     	 Epoch 494 | average train loss: 0.0317
2024-08-26 00:16:07 INFO     	 Epoch 494 | average valid loss: 0.0317
2024-08-26 00:16:34 INFO     
average valid metrics:	MR: 223.181	| MRR: 0.264	| H@1: 0.183	| H@3: 0.285	| H@10: 0.428	| AMRI: 0.969	| rank_deviation: 0.000
2024-08-26 00:16:50 INFO     	 Epoch 495 | average train loss: 0.0317
2024-08-26 00:16:50 INFO     	 Epoch 495 | average valid loss: 0.0317
2024-08-26 00:17:06 INFO     	 Epoch 496 | average train loss: 0.0317
2024-08-26 00:17:06 INFO     	 Epoch 496 | average valid loss: 0.0317
2024-08-26 00:17:23 INFO     	 Epoch 497 | average train loss: 0.0317
2024-08-26 00:17:24 INFO     	 Epoch 497 | average valid loss: 0.0317
2024-08-26 00:17:44 INFO     	 Epoch 498 | average train loss: 0.0317
2024-08-26 00:17:44 INFO     	 Epoch 498 | average valid loss: 0.0317
2024-08-26 00:18:04 INFO     	 Epoch 499 | average train loss: 0.0317
2024-08-26 00:18:05 INFO     	 Epoch 499 | average valid loss: 0.0317
2024-08-26 00:18:35 INFO     
average valid metrics:	MR: 223.020	| MRR: 0.264	| H@1: 0.183	| H@3: 0.284	| H@10: 0.429	| AMRI: 0.969	| rank_deviation: 0.000
2024-08-26 00:18:35 INFO     	 Optimization finished
2024-08-26 00:18:35 INFO     	 Loading best model saved at epoch 459
2024-08-26 00:18:59 INFO     
average valid metrics:	MR: 224.066	| MRR: 0.264	| H@1: 0.183	| H@3: 0.285	| H@10: 0.428	| AMRI: 0.969	| rank_deviation: 0.000
