2024-09-02 18:04:40 INFO     ### Saving logs in: logs\09_02\NELL-995-h100\ComplEx_18_04_40 ###
2024-09-02 18:04:44 INFO     	 (22411, 86, 22411)
2024-09-02 18:04:44 INFO     Total number of parameters 1484630
2024-09-02 18:04:45 INFO     	 Start training
2024-09-02 18:04:54 INFO     	 Epoch 0 | average train loss: 0.0856
2024-09-02 18:04:55 INFO     	 Epoch 0 | average valid loss: 0.0179
2024-09-02 18:05:08 INFO     	 Epoch 1 | average train loss: 0.0198
2024-09-02 18:05:08 INFO     	 Epoch 1 | average valid loss: 0.0158
2024-09-02 18:05:19 INFO     	 Epoch 2 | average train loss: 0.0181
2024-09-02 18:05:19 INFO     	 Epoch 2 | average valid loss: 0.0151
2024-09-02 18:05:29 INFO     	 Epoch 3 | average train loss: 0.0173
2024-09-02 18:05:29 INFO     	 Epoch 3 | average valid loss: 0.0147
2024-09-02 18:05:40 INFO     	 Epoch 4 | average train loss: 0.0167
2024-09-02 18:05:40 INFO     	 Epoch 4 | average valid loss: 0.0144
2024-09-02 18:05:42 INFO     
average valid metrics:	MR: 3976.925	| MRR: 0.190	| H@1: 0.135	| H@3: 0.217	| H@10: 0.296	| AMRI: 0.645	| rank_deviation: 0.00146
2024-09-02 18:05:42 INFO     	 Saving model at epoch 4 in logs\09_02\NELL-995-h100\ComplEx_18_04_40
2024-09-02 18:05:53 INFO     	 Epoch 5 | average train loss: 0.0161
2024-09-02 18:05:53 INFO     	 Epoch 5 | average valid loss: 0.0142
2024-09-02 18:06:03 INFO     	 Epoch 6 | average train loss: 0.0157
2024-09-02 18:06:04 INFO     	 Epoch 6 | average valid loss: 0.0139
2024-09-02 18:06:15 INFO     	 Epoch 7 | average train loss: 0.0152
2024-09-02 18:06:15 INFO     	 Epoch 7 | average valid loss: 0.0138
2024-09-02 18:06:24 INFO     	 Epoch 8 | average train loss: 0.0148
2024-09-02 18:06:24 INFO     	 Epoch 8 | average valid loss: 0.0136
2024-09-02 18:06:36 INFO     	 Epoch 9 | average train loss: 0.0144
2024-09-02 18:06:36 INFO     	 Epoch 9 | average valid loss: 0.0134
2024-09-02 18:06:38 INFO     
average valid metrics:	MR: 3408.347	| MRR: 0.212	| H@1: 0.147	| H@3: 0.238	| H@10: 0.347	| AMRI: 0.696	| rank_deviation: 0.00120
2024-09-02 18:06:38 INFO     	 Saving model at epoch 9 in logs\09_02\NELL-995-h100\ComplEx_18_04_40
2024-09-02 18:06:49 INFO     	 Epoch 10 | average train loss: 0.0140
2024-09-02 18:06:49 INFO     	 Epoch 10 | average valid loss: 0.0132
2024-09-02 18:06:59 INFO     	 Epoch 11 | average train loss: 0.0136
2024-09-02 18:06:59 INFO     	 Epoch 11 | average valid loss: 0.0132
2024-09-02 18:07:09 INFO     	 Epoch 12 | average train loss: 0.0133
2024-09-02 18:07:09 INFO     	 Epoch 12 | average valid loss: 0.0130
2024-09-02 18:07:18 INFO     	 Epoch 13 | average train loss: 0.0129
2024-09-02 18:07:19 INFO     	 Epoch 13 | average valid loss: 0.0129
2024-09-02 18:07:29 INFO     	 Epoch 14 | average train loss: 0.0126
2024-09-02 18:07:29 INFO     	 Epoch 14 | average valid loss: 0.0129
2024-09-02 18:07:31 INFO     
average valid metrics:	MR: 3095.682	| MRR: 0.228	| H@1: 0.155	| H@3: 0.257	| H@10: 0.374	| AMRI: 0.724	| rank_deviation: 0.00053
2024-09-02 18:07:31 INFO     	 Saving model at epoch 14 in logs\09_02\NELL-995-h100\ComplEx_18_04_40
2024-09-02 18:07:40 INFO     	 Epoch 15 | average train loss: 0.0123
2024-09-02 18:07:40 INFO     	 Epoch 15 | average valid loss: 0.0128
2024-09-02 18:07:51 INFO     	 Epoch 16 | average train loss: 0.0120
2024-09-02 18:07:51 INFO     	 Epoch 16 | average valid loss: 0.0127
2024-09-02 18:08:01 INFO     	 Epoch 17 | average train loss: 0.0117
2024-09-02 18:08:01 INFO     	 Epoch 17 | average valid loss: 0.0126
2024-09-02 18:08:12 INFO     	 Epoch 18 | average train loss: 0.0115
2024-09-02 18:08:12 INFO     	 Epoch 18 | average valid loss: 0.0127
2024-09-02 18:08:26 INFO     	 Epoch 19 | average train loss: 0.0112
2024-09-02 18:08:26 INFO     	 Epoch 19 | average valid loss: 0.0127
2024-09-02 18:08:29 INFO     
average valid metrics:	MR: 2921.205	| MRR: 0.240	| H@1: 0.164	| H@3: 0.271	| H@10: 0.394	| AMRI: 0.739	| rank_deviation: 0.00093
2024-09-02 18:08:29 INFO     	 Saving model at epoch 19 in logs\09_02\NELL-995-h100\ComplEx_18_04_40
2024-09-02 18:08:43 INFO     	 Epoch 20 | average train loss: 0.0110
2024-09-02 18:08:43 INFO     	 Epoch 20 | average valid loss: 0.0125
2024-09-02 18:08:53 INFO     	 Epoch 21 | average train loss: 0.0108
2024-09-02 18:08:53 INFO     	 Epoch 21 | average valid loss: 0.0126
2024-09-02 18:09:02 INFO     	 Epoch 22 | average train loss: 0.0105
2024-09-02 18:09:03 INFO     	 Epoch 22 | average valid loss: 0.0126
2024-09-02 18:09:13 INFO     	 Epoch 23 | average train loss: 0.0103
2024-09-02 18:09:13 INFO     	 Epoch 23 | average valid loss: 0.0126
2024-09-02 18:09:22 INFO     	 Epoch 24 | average train loss: 0.0101
2024-09-02 18:09:22 INFO     	 Epoch 24 | average valid loss: 0.0127
2024-09-02 18:09:24 INFO     
average valid metrics:	MR: 2811.029	| MRR: 0.245	| H@1: 0.167	| H@3: 0.276	| H@10: 0.400	| AMRI: 0.749	| rank_deviation: 0.00013
2024-09-02 18:09:24 INFO     	 Saving model at epoch 24 in logs\09_02\NELL-995-h100\ComplEx_18_04_40
2024-09-02 18:09:33 INFO     	 Epoch 25 | average train loss: 0.0099
2024-09-02 18:09:33 INFO     	 Epoch 25 | average valid loss: 0.0126
2024-09-02 18:09:43 INFO     	 Epoch 26 | average train loss: 0.0098
2024-09-02 18:09:43 INFO     	 Epoch 26 | average valid loss: 0.0127
2024-09-02 18:09:52 INFO     	 Epoch 27 | average train loss: 0.0096
2024-09-02 18:09:53 INFO     	 Epoch 27 | average valid loss: 0.0128
2024-09-02 18:10:02 INFO     	 Epoch 28 | average train loss: 0.0094
2024-09-02 18:10:02 INFO     	 Epoch 28 | average valid loss: 0.0128
2024-09-02 18:10:11 INFO     	 Epoch 29 | average train loss: 0.0092
2024-09-02 18:10:11 INFO     	 Epoch 29 | average valid loss: 0.0128
2024-09-02 18:10:13 INFO     
average valid metrics:	MR: 2728.993	| MRR: 0.248	| H@1: 0.169	| H@3: 0.280	| H@10: 0.406	| AMRI: 0.757	| rank_deviation: 0.00066
2024-09-02 18:10:13 INFO     	 Saving model at epoch 29 in logs\09_02\NELL-995-h100\ComplEx_18_04_40
2024-09-02 18:10:23 INFO     	 Epoch 30 | average train loss: 0.0091
2024-09-02 18:10:23 INFO     	 Epoch 30 | average valid loss: 0.0129
2024-09-02 18:10:32 INFO     	 Epoch 31 | average train loss: 0.0089
2024-09-02 18:10:32 INFO     	 Epoch 31 | average valid loss: 0.0129
2024-09-02 18:10:41 INFO     	 Epoch 32 | average train loss: 0.0088
2024-09-02 18:10:42 INFO     	 Epoch 32 | average valid loss: 0.0130
2024-09-02 18:10:51 INFO     	 Epoch 33 | average train loss: 0.0087
2024-09-02 18:10:51 INFO     	 Epoch 33 | average valid loss: 0.0131
2024-09-02 18:11:00 INFO     	 Epoch 34 | average train loss: 0.0085
2024-09-02 18:11:00 INFO     	 Epoch 34 | average valid loss: 0.0131
2024-09-02 18:11:02 INFO     
average valid metrics:	MR: 2667.840	| MRR: 0.251	| H@1: 0.171	| H@3: 0.282	| H@10: 0.410	| AMRI: 0.762	| rank_deviation: 0.00053
2024-09-02 18:11:02 INFO     	 Saving model at epoch 34 in logs\09_02\NELL-995-h100\ComplEx_18_04_40
2024-09-02 18:11:12 INFO     	 Epoch 35 | average train loss: 0.0084
2024-09-02 18:11:12 INFO     	 Epoch 35 | average valid loss: 0.0132
2024-09-02 18:11:22 INFO     	 Epoch 36 | average train loss: 0.0083
2024-09-02 18:11:22 INFO     	 Epoch 36 | average valid loss: 0.0132
2024-09-02 18:11:31 INFO     	 Epoch 37 | average train loss: 0.0082
2024-09-02 18:11:31 INFO     	 Epoch 37 | average valid loss: 0.0133
2024-09-02 18:11:40 INFO     	 Epoch 38 | average train loss: 0.0080
2024-09-02 18:11:40 INFO     	 Epoch 38 | average valid loss: 0.0134
2024-09-02 18:11:49 INFO     	 Epoch 39 | average train loss: 0.0079
2024-09-02 18:11:49 INFO     	 Epoch 39 | average valid loss: 0.0135
2024-09-02 18:11:52 INFO     
average valid metrics:	MR: 2620.969	| MRR: 0.250	| H@1: 0.170	| H@3: 0.281	| H@10: 0.412	| AMRI: 0.766	| rank_deviation: 0.00027
2024-09-02 18:12:01 INFO     	 Epoch 40 | average train loss: 0.0078
2024-09-02 18:12:01 INFO     	 Epoch 40 | average valid loss: 0.0136
2024-09-02 18:12:11 INFO     	 Epoch 41 | average train loss: 0.0077
2024-09-02 18:12:11 INFO     	 Epoch 41 | average valid loss: 0.0135
2024-09-02 18:12:20 INFO     	 Epoch 42 | average train loss: 0.0076
2024-09-02 18:12:20 INFO     	 Epoch 42 | average valid loss: 0.0136
2024-09-02 18:12:29 INFO     	 Epoch 43 | average train loss: 0.0075
2024-09-02 18:12:29 INFO     	 Epoch 43 | average valid loss: 0.0137
2024-09-02 18:12:39 INFO     	 Epoch 44 | average train loss: 0.0075
2024-09-02 18:12:39 INFO     	 Epoch 44 | average valid loss: 0.0137
2024-09-02 18:12:41 INFO     
average valid metrics:	MR: 2583.527	| MRR: 0.253	| H@1: 0.172	| H@3: 0.286	| H@10: 0.413	| AMRI: 0.770	| rank_deviation: 0.00027
2024-09-02 18:12:41 INFO     	 Saving model at epoch 44 in logs\09_02\NELL-995-h100\ComplEx_18_04_40
2024-09-02 18:12:50 INFO     	 Epoch 45 | average train loss: 0.0074
2024-09-02 18:12:51 INFO     	 Epoch 45 | average valid loss: 0.0139
2024-09-02 18:13:00 INFO     	 Epoch 46 | average train loss: 0.0073
2024-09-02 18:13:00 INFO     	 Epoch 46 | average valid loss: 0.0139
2024-09-02 18:13:10 INFO     	 Epoch 47 | average train loss: 0.0072
2024-09-02 18:13:10 INFO     	 Epoch 47 | average valid loss: 0.0140
2024-09-02 18:13:20 INFO     	 Epoch 48 | average train loss: 0.0072
2024-09-02 18:13:20 INFO     	 Epoch 48 | average valid loss: 0.0140
2024-09-02 18:13:30 INFO     	 Epoch 49 | average train loss: 0.0071
2024-09-02 18:13:30 INFO     	 Epoch 49 | average valid loss: 0.0142
2024-09-02 18:13:33 INFO     
average valid metrics:	MR: 2556.231	| MRR: 0.254	| H@1: 0.174	| H@3: 0.284	| H@10: 0.417	| AMRI: 0.772	| rank_deviation: 0.00027
2024-09-02 18:13:33 INFO     	 Saving model at epoch 49 in logs\09_02\NELL-995-h100\ComplEx_18_04_40
2024-09-02 18:13:43 INFO     	 Epoch 50 | average train loss: 0.0070
2024-09-02 18:13:43 INFO     	 Epoch 50 | average valid loss: 0.0143
2024-09-02 18:13:53 INFO     	 Epoch 51 | average train loss: 0.0069
2024-09-02 18:13:54 INFO     	 Epoch 51 | average valid loss: 0.0143
2024-09-02 18:14:03 INFO     	 Epoch 52 | average train loss: 0.0069
2024-09-02 18:14:03 INFO     	 Epoch 52 | average valid loss: 0.0144
2024-09-02 18:14:14 INFO     	 Epoch 53 | average train loss: 0.0068
2024-09-02 18:14:14 INFO     	 Epoch 53 | average valid loss: 0.0146
2024-09-02 18:14:24 INFO     	 Epoch 54 | average train loss: 0.0068
2024-09-02 18:14:24 INFO     	 Epoch 54 | average valid loss: 0.0145
2024-09-02 18:14:27 INFO     
average valid metrics:	MR: 2532.469	| MRR: 0.255	| H@1: 0.176	| H@3: 0.286	| H@10: 0.418	| AMRI: 0.774	| rank_deviation: 0.00040
2024-09-02 18:14:27 INFO     	 Saving model at epoch 54 in logs\09_02\NELL-995-h100\ComplEx_18_04_40
2024-09-02 18:14:37 INFO     	 Epoch 55 | average train loss: 0.0067
2024-09-02 18:14:37 INFO     	 Epoch 55 | average valid loss: 0.0147
2024-09-02 18:14:47 INFO     	 Epoch 56 | average train loss: 0.0067
2024-09-02 18:14:47 INFO     	 Epoch 56 | average valid loss: 0.0146
2024-09-02 18:14:57 INFO     	 Epoch 57 | average train loss: 0.0066
2024-09-02 18:14:57 INFO     	 Epoch 57 | average valid loss: 0.0148
2024-09-02 18:15:07 INFO     	 Epoch 58 | average train loss: 0.0066
2024-09-02 18:15:08 INFO     	 Epoch 58 | average valid loss: 0.0148
2024-09-02 18:15:17 INFO     	 Epoch 59 | average train loss: 0.0065
2024-09-02 18:15:17 INFO     	 Epoch 59 | average valid loss: 0.0148
2024-09-02 18:15:20 INFO     
average valid metrics:	MR: 2514.496	| MRR: 0.255	| H@1: 0.175	| H@3: 0.286	| H@10: 0.419	| AMRI: 0.776	| rank_deviation: 0.00040
2024-09-02 18:15:20 INFO     	 Saving model at epoch 59 in logs\09_02\NELL-995-h100\ComplEx_18_04_40
2024-09-02 18:15:33 INFO     	 Epoch 60 | average train loss: 0.0065
2024-09-02 18:15:33 INFO     	 Epoch 60 | average valid loss: 0.0149
2024-09-02 18:15:44 INFO     	 Epoch 61 | average train loss: 0.0064
2024-09-02 18:15:44 INFO     	 Epoch 61 | average valid loss: 0.0150
2024-09-02 18:15:55 INFO     	 Epoch 62 | average train loss: 0.0064
2024-09-02 18:15:55 INFO     	 Epoch 62 | average valid loss: 0.0150
2024-09-02 18:16:06 INFO     	 Epoch 63 | average train loss: 0.0063
2024-09-02 18:16:06 INFO     	 Epoch 63 | average valid loss: 0.0152
2024-09-02 18:16:16 INFO     	 Epoch 64 | average train loss: 0.0063
2024-09-02 18:16:16 INFO     	 Epoch 64 | average valid loss: 0.0153
2024-09-02 18:16:19 INFO     
average valid metrics:	MR: 2499.865	| MRR: 0.254	| H@1: 0.174	| H@3: 0.284	| H@10: 0.419	| AMRI: 0.777	| rank_deviation: 0.00053
2024-09-02 18:16:30 INFO     	 Epoch 65 | average train loss: 0.0063
2024-09-02 18:16:30 INFO     	 Epoch 65 | average valid loss: 0.0153
2024-09-02 18:16:42 INFO     	 Epoch 66 | average train loss: 0.0062
2024-09-02 18:16:42 INFO     	 Epoch 66 | average valid loss: 0.0152
2024-09-02 18:16:53 INFO     	 Epoch 67 | average train loss: 0.0062
2024-09-02 18:16:53 INFO     	 Epoch 67 | average valid loss: 0.0153
2024-09-02 18:17:03 INFO     	 Epoch 68 | average train loss: 0.0061
2024-09-02 18:17:03 INFO     	 Epoch 68 | average valid loss: 0.0154
2024-09-02 18:17:14 INFO     	 Epoch 69 | average train loss: 0.0061
2024-09-02 18:17:14 INFO     	 Epoch 69 | average valid loss: 0.0155
2024-09-02 18:17:17 INFO     
average valid metrics:	MR: 2487.067	| MRR: 0.255	| H@1: 0.174	| H@3: 0.287	| H@10: 0.421	| AMRI: 0.778	| rank_deviation: 0.00066
2024-09-02 18:17:28 INFO     	 Epoch 70 | average train loss: 0.0061
2024-09-02 18:17:28 INFO     	 Epoch 70 | average valid loss: 0.0156
2024-09-02 18:17:39 INFO     	 Epoch 71 | average train loss: 0.0060
2024-09-02 18:17:39 INFO     	 Epoch 71 | average valid loss: 0.0157
2024-09-02 18:17:49 INFO     	 Epoch 72 | average train loss: 0.0060
2024-09-02 18:17:49 INFO     	 Epoch 72 | average valid loss: 0.0157
2024-09-02 18:17:59 INFO     	 Epoch 73 | average train loss: 0.0060
2024-09-02 18:17:59 INFO     	 Epoch 73 | average valid loss: 0.0158
2024-09-02 18:18:09 INFO     	 Epoch 74 | average train loss: 0.0059
2024-09-02 18:18:09 INFO     	 Epoch 74 | average valid loss: 0.0158
2024-09-02 18:18:12 INFO     
average valid metrics:	MR: 2476.128	| MRR: 0.255	| H@1: 0.175	| H@3: 0.285	| H@10: 0.421	| AMRI: 0.779	| rank_deviation: 0.00040
2024-09-02 18:18:23 INFO     	 Epoch 75 | average train loss: 0.0059
2024-09-02 18:18:23 INFO     	 Epoch 75 | average valid loss: 0.0159
2024-09-02 18:18:33 INFO     	 Epoch 76 | average train loss: 0.0059
2024-09-02 18:18:33 INFO     	 Epoch 76 | average valid loss: 0.0160
2024-09-02 18:18:44 INFO     	 Epoch 77 | average train loss: 0.0059
2024-09-02 18:18:44 INFO     	 Epoch 77 | average valid loss: 0.0160
2024-09-02 18:18:54 INFO     	 Epoch 78 | average train loss: 0.0058
2024-09-02 18:18:54 INFO     	 Epoch 78 | average valid loss: 0.0162
2024-09-02 18:19:05 INFO     	 Epoch 79 | average train loss: 0.0058
2024-09-02 18:19:05 INFO     	 Epoch 79 | average valid loss: 0.0161
2024-09-02 18:19:08 INFO     
average valid metrics:	MR: 2467.536	| MRR: 0.255	| H@1: 0.175	| H@3: 0.287	| H@10: 0.422	| AMRI: 0.780	| rank_deviation: 0.00027
2024-09-02 18:19:18 INFO     	 Epoch 80 | average train loss: 0.0058
2024-09-02 18:19:18 INFO     	 Epoch 80 | average valid loss: 0.0162
2024-09-02 18:19:29 INFO     	 Epoch 81 | average train loss: 0.0058
2024-09-02 18:19:29 INFO     	 Epoch 81 | average valid loss: 0.0163
2024-09-02 18:19:39 INFO     	 Epoch 82 | average train loss: 0.0057
2024-09-02 18:19:40 INFO     	 Epoch 82 | average valid loss: 0.0163
2024-09-02 18:19:50 INFO     	 Epoch 83 | average train loss: 0.0057
2024-09-02 18:19:50 INFO     	 Epoch 83 | average valid loss: 0.0165
2024-09-02 18:20:01 INFO     	 Epoch 84 | average train loss: 0.0057
2024-09-02 18:20:01 INFO     	 Epoch 84 | average valid loss: 0.0165
2024-09-02 18:20:04 INFO     
average valid metrics:	MR: 2459.335	| MRR: 0.256	| H@1: 0.175	| H@3: 0.290	| H@10: 0.423	| AMRI: 0.781	| rank_deviation: 0.00040
2024-09-02 18:20:04 INFO     	 Saving model at epoch 84 in logs\09_02\NELL-995-h100\ComplEx_18_04_40
2024-09-02 18:20:15 INFO     	 Epoch 85 | average train loss: 0.0057
2024-09-02 18:20:15 INFO     	 Epoch 85 | average valid loss: 0.0164
2024-09-02 18:20:25 INFO     	 Epoch 86 | average train loss: 0.0057
2024-09-02 18:20:26 INFO     	 Epoch 86 | average valid loss: 0.0165
2024-09-02 18:20:36 INFO     	 Epoch 87 | average train loss: 0.0056
2024-09-02 18:20:36 INFO     	 Epoch 87 | average valid loss: 0.0165
2024-09-02 18:20:46 INFO     	 Epoch 88 | average train loss: 0.0056
2024-09-02 18:20:46 INFO     	 Epoch 88 | average valid loss: 0.0167
2024-09-02 18:20:57 INFO     	 Epoch 89 | average train loss: 0.0056
2024-09-02 18:20:57 INFO     	 Epoch 89 | average valid loss: 0.0167
2024-09-02 18:20:59 INFO     
average valid metrics:	MR: 2451.659	| MRR: 0.258	| H@1: 0.177	| H@3: 0.292	| H@10: 0.423	| AMRI: 0.781	| rank_deviation: 0.00040
2024-09-02 18:20:59 INFO     	 Saving model at epoch 89 in logs\09_02\NELL-995-h100\ComplEx_18_04_40
2024-09-02 18:21:10 INFO     	 Epoch 90 | average train loss: 0.0056
2024-09-02 18:21:10 INFO     	 Epoch 90 | average valid loss: 0.0167
2024-09-02 18:21:21 INFO     	 Epoch 91 | average train loss: 0.0056
2024-09-02 18:21:21 INFO     	 Epoch 91 | average valid loss: 0.0166
2024-09-02 18:21:31 INFO     	 Epoch 92 | average train loss: 0.0055
2024-09-02 18:21:31 INFO     	 Epoch 92 | average valid loss: 0.0168
2024-09-02 18:21:41 INFO     	 Epoch 93 | average train loss: 0.0055
2024-09-02 18:21:41 INFO     	 Epoch 93 | average valid loss: 0.0168
2024-09-02 18:21:51 INFO     	 Epoch 94 | average train loss: 0.0055
2024-09-02 18:21:51 INFO     	 Epoch 94 | average valid loss: 0.0169
2024-09-02 18:21:54 INFO     
average valid metrics:	MR: 2444.715	| MRR: 0.257	| H@1: 0.176	| H@3: 0.289	| H@10: 0.423	| AMRI: 0.782	| rank_deviation: 0.00013
2024-09-02 18:22:04 INFO     	 Epoch 95 | average train loss: 0.0055
2024-09-02 18:22:04 INFO     	 Epoch 95 | average valid loss: 0.0170
2024-09-02 18:22:15 INFO     	 Epoch 96 | average train loss: 0.0055
2024-09-02 18:22:15 INFO     	 Epoch 96 | average valid loss: 0.0171
2024-09-02 18:22:25 INFO     	 Epoch 97 | average train loss: 0.0054
2024-09-02 18:22:25 INFO     	 Epoch 97 | average valid loss: 0.0171
2024-09-02 18:22:35 INFO     	 Epoch 98 | average train loss: 0.0054
2024-09-02 18:22:35 INFO     	 Epoch 98 | average valid loss: 0.0171
2024-09-02 18:22:45 INFO     	 Epoch 99 | average train loss: 0.0054
2024-09-02 18:22:46 INFO     	 Epoch 99 | average valid loss: 0.0172
2024-09-02 18:22:48 INFO     
average valid metrics:	MR: 2438.469	| MRR: 0.257	| H@1: 0.175	| H@3: 0.291	| H@10: 0.423	| AMRI: 0.782	| rank_deviation: 0.00080
2024-09-02 18:22:58 INFO     	 Epoch 100 | average train loss: 0.0054
2024-09-02 18:22:59 INFO     	 Epoch 100 | average valid loss: 0.0171
2024-09-02 18:23:09 INFO     	 Epoch 101 | average train loss: 0.0054
2024-09-02 18:23:10 INFO     	 Epoch 101 | average valid loss: 0.0173
2024-09-02 18:23:20 INFO     	 Epoch 102 | average train loss: 0.0054
2024-09-02 18:23:20 INFO     	 Epoch 102 | average valid loss: 0.0173
2024-09-02 18:23:31 INFO     	 Epoch 103 | average train loss: 0.0054
2024-09-02 18:23:31 INFO     	 Epoch 103 | average valid loss: 0.0174
2024-09-02 18:23:41 INFO     	 Epoch 104 | average train loss: 0.0053
2024-09-02 18:23:41 INFO     	 Epoch 104 | average valid loss: 0.0174
2024-09-02 18:23:44 INFO     
average valid metrics:	MR: 2433.719	| MRR: 0.258	| H@1: 0.177	| H@3: 0.289	| H@10: 0.422	| AMRI: 0.783	| rank_deviation: 0.00093
2024-09-02 18:23:54 INFO     	 Epoch 105 | average train loss: 0.0053
2024-09-02 18:23:54 INFO     	 Epoch 105 | average valid loss: 0.0175
2024-09-02 18:24:04 INFO     	 Epoch 106 | average train loss: 0.0053
2024-09-02 18:24:04 INFO     	 Epoch 106 | average valid loss: 0.0175
2024-09-02 18:24:15 INFO     	 Epoch 107 | average train loss: 0.0053
2024-09-02 18:24:15 INFO     	 Epoch 107 | average valid loss: 0.0175
2024-09-02 18:24:25 INFO     	 Epoch 108 | average train loss: 0.0053
2024-09-02 18:24:25 INFO     	 Epoch 108 | average valid loss: 0.0176
2024-09-02 18:24:36 INFO     	 Epoch 109 | average train loss: 0.0053
2024-09-02 18:24:36 INFO     	 Epoch 109 | average valid loss: 0.0176
2024-09-02 18:24:38 INFO     
average valid metrics:	MR: 2428.285	| MRR: 0.258	| H@1: 0.175	| H@3: 0.292	| H@10: 0.421	| AMRI: 0.783	| rank_deviation: 0.00040
2024-09-02 18:24:48 INFO     	 Epoch 110 | average train loss: 0.0053
2024-09-02 18:24:48 INFO     	 Epoch 110 | average valid loss: 0.0177
2024-09-02 18:24:59 INFO     	 Epoch 111 | average train loss: 0.0052
2024-09-02 18:24:59 INFO     	 Epoch 111 | average valid loss: 0.0178
2024-09-02 18:25:09 INFO     	 Epoch 112 | average train loss: 0.0052
2024-09-02 18:25:09 INFO     	 Epoch 112 | average valid loss: 0.0177
2024-09-02 18:25:20 INFO     	 Epoch 113 | average train loss: 0.0052
2024-09-02 18:25:20 INFO     	 Epoch 113 | average valid loss: 0.0178
2024-09-02 18:25:30 INFO     	 Epoch 114 | average train loss: 0.0052
2024-09-02 18:25:30 INFO     	 Epoch 114 | average valid loss: 0.0179
2024-09-02 18:25:33 INFO     
average valid metrics:	MR: 2423.707	| MRR: 0.259	| H@1: 0.177	| H@3: 0.292	| H@10: 0.424	| AMRI: 0.784	| rank_deviation: 0.00053
2024-09-02 18:25:33 INFO     	 Saving model at epoch 114 in logs\09_02\NELL-995-h100\ComplEx_18_04_40
2024-09-02 18:25:44 INFO     	 Epoch 115 | average train loss: 0.0052
2024-09-02 18:25:44 INFO     	 Epoch 115 | average valid loss: 0.0178
2024-09-02 18:25:54 INFO     	 Epoch 116 | average train loss: 0.0052
2024-09-02 18:25:54 INFO     	 Epoch 116 | average valid loss: 0.0179
2024-09-02 18:26:04 INFO     	 Epoch 117 | average train loss: 0.0052
2024-09-02 18:26:04 INFO     	 Epoch 117 | average valid loss: 0.0179
2024-09-02 18:26:14 INFO     	 Epoch 118 | average train loss: 0.0052
2024-09-02 18:26:15 INFO     	 Epoch 118 | average valid loss: 0.0180
2024-09-02 18:26:25 INFO     	 Epoch 119 | average train loss: 0.0052
2024-09-02 18:26:25 INFO     	 Epoch 119 | average valid loss: 0.0180
2024-09-02 18:26:28 INFO     
average valid metrics:	MR: 2419.957	| MRR: 0.258	| H@1: 0.176	| H@3: 0.292	| H@10: 0.422	| AMRI: 0.784	| rank_deviation: 0.00027
2024-09-02 18:26:39 INFO     	 Epoch 120 | average train loss: 0.0051
2024-09-02 18:26:39 INFO     	 Epoch 120 | average valid loss: 0.0181
2024-09-02 18:26:50 INFO     	 Epoch 121 | average train loss: 0.0051
2024-09-02 18:26:51 INFO     	 Epoch 121 | average valid loss: 0.0182
2024-09-02 18:27:01 INFO     	 Epoch 122 | average train loss: 0.0051
2024-09-02 18:27:02 INFO     	 Epoch 122 | average valid loss: 0.0181
2024-09-02 18:27:13 INFO     	 Epoch 123 | average train loss: 0.0051
2024-09-02 18:27:13 INFO     	 Epoch 123 | average valid loss: 0.0182
2024-09-02 18:27:24 INFO     	 Epoch 124 | average train loss: 0.0051
2024-09-02 18:27:24 INFO     	 Epoch 124 | average valid loss: 0.0183
2024-09-02 18:27:27 INFO     
average valid metrics:	MR: 2415.677	| MRR: 0.259	| H@1: 0.178	| H@3: 0.293	| H@10: 0.420	| AMRI: 0.785	| rank_deviation: 0.00000
2024-09-02 18:27:37 INFO     	 Epoch 125 | average train loss: 0.0051
2024-09-02 18:27:37 INFO     	 Epoch 125 | average valid loss: 0.0183
2024-09-02 18:27:48 INFO     	 Epoch 126 | average train loss: 0.0051
2024-09-02 18:27:48 INFO     	 Epoch 126 | average valid loss: 0.0184
2024-09-02 18:27:58 INFO     	 Epoch 127 | average train loss: 0.0051
2024-09-02 18:27:58 INFO     	 Epoch 127 | average valid loss: 0.0184
2024-09-02 18:28:08 INFO     	 Epoch 128 | average train loss: 0.0050
2024-09-02 18:28:08 INFO     	 Epoch 128 | average valid loss: 0.0184
2024-09-02 18:28:19 INFO     	 Epoch 129 | average train loss: 0.0051
2024-09-02 18:28:19 INFO     	 Epoch 129 | average valid loss: 0.0185
2024-09-02 18:28:22 INFO     
average valid metrics:	MR: 2411.105	| MRR: 0.258	| H@1: 0.177	| H@3: 0.291	| H@10: 0.424	| AMRI: 0.785	| rank_deviation: 0.00066
2024-09-02 18:28:32 INFO     	 Epoch 130 | average train loss: 0.0050
2024-09-02 18:28:32 INFO     	 Epoch 130 | average valid loss: 0.0185
2024-09-02 18:28:43 INFO     	 Epoch 131 | average train loss: 0.0050
2024-09-02 18:28:43 INFO     	 Epoch 131 | average valid loss: 0.0186
2024-09-02 18:28:53 INFO     	 Epoch 132 | average train loss: 0.0050
2024-09-02 18:28:53 INFO     	 Epoch 132 | average valid loss: 0.0186
2024-09-02 18:29:04 INFO     	 Epoch 133 | average train loss: 0.0050
2024-09-02 18:29:04 INFO     	 Epoch 133 | average valid loss: 0.0186
2024-09-02 18:29:16 INFO     	 Epoch 134 | average train loss: 0.0050
2024-09-02 18:29:16 INFO     	 Epoch 134 | average valid loss: 0.0186
2024-09-02 18:29:19 INFO     
average valid metrics:	MR: 2406.022	| MRR: 0.259	| H@1: 0.177	| H@3: 0.293	| H@10: 0.420	| AMRI: 0.785	| rank_deviation: 0.00053
2024-09-02 18:29:30 INFO     	 Epoch 135 | average train loss: 0.0050
2024-09-02 18:29:30 INFO     	 Epoch 135 | average valid loss: 0.0187
2024-09-02 18:29:40 INFO     	 Epoch 136 | average train loss: 0.0050
2024-09-02 18:29:40 INFO     	 Epoch 136 | average valid loss: 0.0188
2024-09-02 18:29:50 INFO     	 Epoch 137 | average train loss: 0.0050
2024-09-02 18:29:51 INFO     	 Epoch 137 | average valid loss: 0.0188
2024-09-02 18:30:01 INFO     	 Epoch 138 | average train loss: 0.0050
2024-09-02 18:30:01 INFO     	 Epoch 138 | average valid loss: 0.0188
2024-09-02 18:30:11 INFO     	 Epoch 139 | average train loss: 0.0049
2024-09-02 18:30:12 INFO     	 Epoch 139 | average valid loss: 0.0188
2024-09-02 18:30:14 INFO     
average valid metrics:	MR: 2402.747	| MRR: 0.259	| H@1: 0.178	| H@3: 0.295	| H@10: 0.420	| AMRI: 0.786	| rank_deviation: 0.00066
2024-09-02 18:30:14 INFO     	 Saving model at epoch 139 in logs\09_02\NELL-995-h100\ComplEx_18_04_40
2024-09-02 18:30:25 INFO     	 Epoch 140 | average train loss: 0.0049
2024-09-02 18:30:25 INFO     	 Epoch 140 | average valid loss: 0.0188
2024-09-02 18:30:36 INFO     	 Epoch 141 | average train loss: 0.0049
2024-09-02 18:30:36 INFO     	 Epoch 141 | average valid loss: 0.0189
2024-09-02 18:30:46 INFO     	 Epoch 142 | average train loss: 0.0049
2024-09-02 18:30:46 INFO     	 Epoch 142 | average valid loss: 0.0190
2024-09-02 18:30:57 INFO     	 Epoch 143 | average train loss: 0.0049
2024-09-02 18:30:57 INFO     	 Epoch 143 | average valid loss: 0.0189
2024-09-02 18:31:07 INFO     	 Epoch 144 | average train loss: 0.0049
2024-09-02 18:31:07 INFO     	 Epoch 144 | average valid loss: 0.0189
2024-09-02 18:31:10 INFO     
average valid metrics:	MR: 2399.885	| MRR: 0.260	| H@1: 0.178	| H@3: 0.294	| H@10: 0.423	| AMRI: 0.786	| rank_deviation: 0.00040
2024-09-02 18:31:10 INFO     	 Saving model at epoch 144 in logs\09_02\NELL-995-h100\ComplEx_18_04_40
2024-09-02 18:31:21 INFO     	 Epoch 145 | average train loss: 0.0049
2024-09-02 18:31:21 INFO     	 Epoch 145 | average valid loss: 0.0189
2024-09-02 18:31:31 INFO     	 Epoch 146 | average train loss: 0.0049
2024-09-02 18:31:31 INFO     	 Epoch 146 | average valid loss: 0.0191
2024-09-02 18:31:42 INFO     	 Epoch 147 | average train loss: 0.0049
2024-09-02 18:31:42 INFO     	 Epoch 147 | average valid loss: 0.0191
2024-09-02 18:31:52 INFO     	 Epoch 148 | average train loss: 0.0049
2024-09-02 18:31:52 INFO     	 Epoch 148 | average valid loss: 0.0191
2024-09-02 18:32:02 INFO     	 Epoch 149 | average train loss: 0.0049
2024-09-02 18:32:02 INFO     	 Epoch 149 | average valid loss: 0.0191
2024-09-02 18:32:05 INFO     
average valid metrics:	MR: 2396.814	| MRR: 0.259	| H@1: 0.177	| H@3: 0.293	| H@10: 0.423	| AMRI: 0.786	| rank_deviation: 0.00027
2024-09-02 18:32:16 INFO     	 Epoch 150 | average train loss: 0.0049
2024-09-02 18:32:16 INFO     	 Epoch 150 | average valid loss: 0.0192
2024-09-02 18:32:28 INFO     	 Epoch 151 | average train loss: 0.0049
2024-09-02 18:32:28 INFO     	 Epoch 151 | average valid loss: 0.0192
2024-09-02 18:32:39 INFO     	 Epoch 152 | average train loss: 0.0049
2024-09-02 18:32:39 INFO     	 Epoch 152 | average valid loss: 0.0193
2024-09-02 18:32:49 INFO     	 Epoch 153 | average train loss: 0.0049
2024-09-02 18:32:49 INFO     	 Epoch 153 | average valid loss: 0.0193
2024-09-02 18:33:00 INFO     	 Epoch 154 | average train loss: 0.0049
2024-09-02 18:33:00 INFO     	 Epoch 154 | average valid loss: 0.0194
2024-09-02 18:33:03 INFO     
average valid metrics:	MR: 2394.253	| MRR: 0.259	| H@1: 0.177	| H@3: 0.293	| H@10: 0.422	| AMRI: 0.786	| rank_deviation: 0.00040
2024-09-02 18:33:14 INFO     	 Epoch 155 | average train loss: 0.0048
2024-09-02 18:33:14 INFO     	 Epoch 155 | average valid loss: 0.0193
2024-09-02 18:33:25 INFO     	 Epoch 156 | average train loss: 0.0048
2024-09-02 18:33:25 INFO     	 Epoch 156 | average valid loss: 0.0195
2024-09-02 18:33:35 INFO     	 Epoch 157 | average train loss: 0.0048
2024-09-02 18:33:35 INFO     	 Epoch 157 | average valid loss: 0.0195
2024-09-02 18:33:46 INFO     	 Epoch 158 | average train loss: 0.0048
2024-09-02 18:33:46 INFO     	 Epoch 158 | average valid loss: 0.0194
2024-09-02 18:33:56 INFO     	 Epoch 159 | average train loss: 0.0048
2024-09-02 18:33:56 INFO     	 Epoch 159 | average valid loss: 0.0195
2024-09-02 18:33:59 INFO     
average valid metrics:	MR: 2391.807	| MRR: 0.260	| H@1: 0.178	| H@3: 0.293	| H@10: 0.422	| AMRI: 0.787	| rank_deviation: 0.00066
2024-09-02 18:34:10 INFO     	 Epoch 160 | average train loss: 0.0048
2024-09-02 18:34:10 INFO     	 Epoch 160 | average valid loss: 0.0196
2024-09-02 18:34:20 INFO     	 Epoch 161 | average train loss: 0.0048
2024-09-02 18:34:20 INFO     	 Epoch 161 | average valid loss: 0.0197
2024-09-02 18:34:31 INFO     	 Epoch 162 | average train loss: 0.0048
2024-09-02 18:34:31 INFO     	 Epoch 162 | average valid loss: 0.0195
2024-09-02 18:34:41 INFO     	 Epoch 163 | average train loss: 0.0048
2024-09-02 18:34:41 INFO     	 Epoch 163 | average valid loss: 0.0196
2024-09-02 18:34:51 INFO     	 Epoch 164 | average train loss: 0.0048
2024-09-02 18:34:52 INFO     	 Epoch 164 | average valid loss: 0.0195
2024-09-02 18:34:54 INFO     
average valid metrics:	MR: 2390.199	| MRR: 0.259	| H@1: 0.176	| H@3: 0.294	| H@10: 0.421	| AMRI: 0.787	| rank_deviation: 0.00013
2024-09-02 18:35:04 INFO     	 Epoch 165 | average train loss: 0.0048
2024-09-02 18:35:04 INFO     	 Epoch 165 | average valid loss: 0.0196
2024-09-02 18:35:15 INFO     	 Epoch 166 | average train loss: 0.0048
2024-09-02 18:35:15 INFO     	 Epoch 166 | average valid loss: 0.0197
2024-09-02 18:35:26 INFO     	 Epoch 167 | average train loss: 0.0048
2024-09-02 18:35:26 INFO     	 Epoch 167 | average valid loss: 0.0197
2024-09-02 18:35:36 INFO     	 Epoch 168 | average train loss: 0.0048
2024-09-02 18:35:36 INFO     	 Epoch 168 | average valid loss: 0.0198
2024-09-02 18:35:46 INFO     	 Epoch 169 | average train loss: 0.0048
2024-09-02 18:35:46 INFO     	 Epoch 169 | average valid loss: 0.0197
2024-09-02 18:35:49 INFO     
average valid metrics:	MR: 2387.682	| MRR: 0.258	| H@1: 0.176	| H@3: 0.293	| H@10: 0.422	| AMRI: 0.787	| rank_deviation: 0.00040
2024-09-02 18:36:00 INFO     	 Epoch 170 | average train loss: 0.0047
2024-09-02 18:36:00 INFO     	 Epoch 170 | average valid loss: 0.0198
2024-09-02 18:36:11 INFO     	 Epoch 171 | average train loss: 0.0047
2024-09-02 18:36:11 INFO     	 Epoch 171 | average valid loss: 0.0199
2024-09-02 18:36:21 INFO     	 Epoch 172 | average train loss: 0.0047
2024-09-02 18:36:21 INFO     	 Epoch 172 | average valid loss: 0.0198
2024-09-02 18:36:31 INFO     	 Epoch 173 | average train loss: 0.0047
2024-09-02 18:36:31 INFO     	 Epoch 173 | average valid loss: 0.0199
2024-09-02 18:36:42 INFO     	 Epoch 174 | average train loss: 0.0047
2024-09-02 18:36:42 INFO     	 Epoch 174 | average valid loss: 0.0199
2024-09-02 18:36:45 INFO     
average valid metrics:	MR: 2385.154	| MRR: 0.259	| H@1: 0.176	| H@3: 0.292	| H@10: 0.421	| AMRI: 0.787	| rank_deviation: 0.00053
2024-09-02 18:36:56 INFO     	 Epoch 175 | average train loss: 0.0047
2024-09-02 18:36:56 INFO     	 Epoch 175 | average valid loss: 0.0200
2024-09-02 18:37:06 INFO     	 Epoch 176 | average train loss: 0.0047
2024-09-02 18:37:06 INFO     	 Epoch 176 | average valid loss: 0.0201
2024-09-02 18:37:17 INFO     	 Epoch 177 | average train loss: 0.0047
2024-09-02 18:37:17 INFO     	 Epoch 177 | average valid loss: 0.0200
2024-09-02 18:37:28 INFO     	 Epoch 178 | average train loss: 0.0047
2024-09-02 18:37:28 INFO     	 Epoch 178 | average valid loss: 0.0200
2024-09-02 18:37:38 INFO     	 Epoch 179 | average train loss: 0.0047
2024-09-02 18:37:38 INFO     	 Epoch 179 | average valid loss: 0.0202
2024-09-02 18:37:42 INFO     
average valid metrics:	MR: 2383.008	| MRR: 0.258	| H@1: 0.175	| H@3: 0.292	| H@10: 0.423	| AMRI: 0.787	| rank_deviation: 0.00080
2024-09-02 18:37:52 INFO     	 Epoch 180 | average train loss: 0.0047
2024-09-02 18:37:52 INFO     	 Epoch 180 | average valid loss: 0.0202
2024-09-02 18:38:02 INFO     	 Epoch 181 | average train loss: 0.0047
2024-09-02 18:38:02 INFO     	 Epoch 181 | average valid loss: 0.0201
2024-09-02 18:38:13 INFO     	 Epoch 182 | average train loss: 0.0047
2024-09-02 18:38:13 INFO     	 Epoch 182 | average valid loss: 0.0201
2024-09-02 18:38:23 INFO     	 Epoch 183 | average train loss: 0.0047
2024-09-02 18:38:23 INFO     	 Epoch 183 | average valid loss: 0.0202
2024-09-02 18:38:33 INFO     	 Epoch 184 | average train loss: 0.0047
2024-09-02 18:38:33 INFO     	 Epoch 184 | average valid loss: 0.0203
2024-09-02 18:38:36 INFO     
average valid metrics:	MR: 2380.967	| MRR: 0.257	| H@1: 0.173	| H@3: 0.291	| H@10: 0.421	| AMRI: 0.788	| rank_deviation: 0.00053
2024-09-02 18:38:47 INFO     	 Epoch 185 | average train loss: 0.0047
2024-09-02 18:38:47 INFO     	 Epoch 185 | average valid loss: 0.0203
2024-09-02 18:38:57 INFO     	 Epoch 186 | average train loss: 0.0047
2024-09-02 18:38:58 INFO     	 Epoch 186 | average valid loss: 0.0204
2024-09-02 18:39:08 INFO     	 Epoch 187 | average train loss: 0.0047
2024-09-02 18:39:08 INFO     	 Epoch 187 | average valid loss: 0.0203
2024-09-02 18:39:18 INFO     	 Epoch 188 | average train loss: 0.0047
2024-09-02 18:39:18 INFO     	 Epoch 188 | average valid loss: 0.0204
2024-09-02 18:39:29 INFO     	 Epoch 189 | average train loss: 0.0046
2024-09-02 18:39:29 INFO     	 Epoch 189 | average valid loss: 0.0203
2024-09-02 18:39:32 INFO     
average valid metrics:	MR: 2379.489	| MRR: 0.256	| H@1: 0.172	| H@3: 0.292	| H@10: 0.420	| AMRI: 0.788	| rank_deviation: 0.00093
2024-09-02 18:39:42 INFO     	 Epoch 190 | average train loss: 0.0047
2024-09-02 18:39:42 INFO     	 Epoch 190 | average valid loss: 0.0204
2024-09-02 18:39:52 INFO     	 Epoch 191 | average train loss: 0.0046
2024-09-02 18:39:53 INFO     	 Epoch 191 | average valid loss: 0.0204
2024-09-02 18:40:02 INFO     	 Epoch 192 | average train loss: 0.0046
2024-09-02 18:40:02 INFO     	 Epoch 192 | average valid loss: 0.0204
2024-09-02 18:40:12 INFO     	 Epoch 193 | average train loss: 0.0046
2024-09-02 18:40:12 INFO     	 Epoch 193 | average valid loss: 0.0205
2024-09-02 18:40:21 INFO     	 Epoch 194 | average train loss: 0.0046
2024-09-02 18:40:21 INFO     	 Epoch 194 | average valid loss: 0.0205
2024-09-02 18:40:24 INFO     
average valid metrics:	MR: 2377.188	| MRR: 0.257	| H@1: 0.174	| H@3: 0.291	| H@10: 0.423	| AMRI: 0.788	| rank_deviation: 0.00106
2024-09-02 18:40:33 INFO     	 Epoch 195 | average train loss: 0.0046
2024-09-02 18:40:33 INFO     	 Epoch 195 | average valid loss: 0.0206
2024-09-02 18:40:42 INFO     	 Epoch 196 | average train loss: 0.0046
2024-09-02 18:40:42 INFO     	 Epoch 196 | average valid loss: 0.0206
2024-09-02 18:40:51 INFO     	 Epoch 197 | average train loss: 0.0046
2024-09-02 18:40:52 INFO     	 Epoch 197 | average valid loss: 0.0207
2024-09-02 18:41:01 INFO     	 Epoch 198 | average train loss: 0.0046
2024-09-02 18:41:01 INFO     	 Epoch 198 | average valid loss: 0.0205
2024-09-02 18:41:10 INFO     	 Epoch 199 | average train loss: 0.0046
2024-09-02 18:41:10 INFO     	 Epoch 199 | average valid loss: 0.0206
2024-09-02 18:41:13 INFO     
average valid metrics:	MR: 2374.592	| MRR: 0.258	| H@1: 0.175	| H@3: 0.292	| H@10: 0.423	| AMRI: 0.788	| rank_deviation: 0.00027
2024-09-02 18:41:23 INFO     	 Epoch 200 | average train loss: 0.0046
2024-09-02 18:41:23 INFO     	 Epoch 200 | average valid loss: 0.0206
2024-09-02 18:41:32 INFO     	 Epoch 201 | average train loss: 0.0046
2024-09-02 18:41:32 INFO     	 Epoch 201 | average valid loss: 0.0207
2024-09-02 18:41:41 INFO     	 Epoch 202 | average train loss: 0.0046
2024-09-02 18:41:41 INFO     	 Epoch 202 | average valid loss: 0.0208
2024-09-02 18:41:50 INFO     	 Epoch 203 | average train loss: 0.0046
2024-09-02 18:41:50 INFO     	 Epoch 203 | average valid loss: 0.0208
2024-09-02 18:42:00 INFO     	 Epoch 204 | average train loss: 0.0046
2024-09-02 18:42:00 INFO     	 Epoch 204 | average valid loss: 0.0208
2024-09-02 18:42:02 INFO     
average valid metrics:	MR: 2373.174	| MRR: 0.257	| H@1: 0.174	| H@3: 0.292	| H@10: 0.421	| AMRI: 0.788	| rank_deviation: 0.00027
2024-09-02 18:42:12 INFO     	 Epoch 205 | average train loss: 0.0046
2024-09-02 18:42:12 INFO     	 Epoch 205 | average valid loss: 0.0208
2024-09-02 18:42:22 INFO     	 Epoch 206 | average train loss: 0.0046
2024-09-02 18:42:22 INFO     	 Epoch 206 | average valid loss: 0.0208
2024-09-02 18:42:31 INFO     	 Epoch 207 | average train loss: 0.0046
2024-09-02 18:42:31 INFO     	 Epoch 207 | average valid loss: 0.0209
2024-09-02 18:42:42 INFO     	 Epoch 208 | average train loss: 0.0046
2024-09-02 18:42:42 INFO     	 Epoch 208 | average valid loss: 0.0209
2024-09-02 18:42:52 INFO     	 Epoch 209 | average train loss: 0.0046
2024-09-02 18:42:52 INFO     	 Epoch 209 | average valid loss: 0.0209
2024-09-02 18:42:55 INFO     
average valid metrics:	MR: 2371.168	| MRR: 0.258	| H@1: 0.176	| H@3: 0.292	| H@10: 0.419	| AMRI: 0.788	| rank_deviation: 0.00040
2024-09-02 18:43:06 INFO     	 Epoch 210 | average train loss: 0.0046
2024-09-02 18:43:06 INFO     	 Epoch 210 | average valid loss: 0.0210
2024-09-02 18:43:16 INFO     	 Epoch 211 | average train loss: 0.0046
2024-09-02 18:43:16 INFO     	 Epoch 211 | average valid loss: 0.0210
2024-09-02 18:43:27 INFO     	 Epoch 212 | average train loss: 0.0045
2024-09-02 18:43:27 INFO     	 Epoch 212 | average valid loss: 0.0211
2024-09-02 18:43:37 INFO     	 Epoch 213 | average train loss: 0.0046
2024-09-02 18:43:37 INFO     	 Epoch 213 | average valid loss: 0.0211
2024-09-02 18:43:47 INFO     	 Epoch 214 | average train loss: 0.0046
2024-09-02 18:43:47 INFO     	 Epoch 214 | average valid loss: 0.0211
2024-09-02 18:43:50 INFO     
average valid metrics:	MR: 2371.056	| MRR: 0.258	| H@1: 0.175	| H@3: 0.292	| H@10: 0.420	| AMRI: 0.788	| rank_deviation: 0.00053
2024-09-02 18:44:01 INFO     	 Epoch 215 | average train loss: 0.0046
2024-09-02 18:44:01 INFO     	 Epoch 215 | average valid loss: 0.0211
2024-09-02 18:44:12 INFO     	 Epoch 216 | average train loss: 0.0046
2024-09-02 18:44:12 INFO     	 Epoch 216 | average valid loss: 0.0212
2024-09-02 18:44:22 INFO     	 Epoch 217 | average train loss: 0.0045
2024-09-02 18:44:23 INFO     	 Epoch 217 | average valid loss: 0.0211
2024-09-02 18:44:33 INFO     	 Epoch 218 | average train loss: 0.0045
2024-09-02 18:44:33 INFO     	 Epoch 218 | average valid loss: 0.0211
2024-09-02 18:44:43 INFO     	 Epoch 219 | average train loss: 0.0045
2024-09-02 18:44:43 INFO     	 Epoch 219 | average valid loss: 0.0212
2024-09-02 18:44:46 INFO     
average valid metrics:	MR: 2369.165	| MRR: 0.258	| H@1: 0.176	| H@3: 0.291	| H@10: 0.421	| AMRI: 0.789	| rank_deviation: 0.00040
2024-09-02 18:44:46 INFO     	 Early stopping
2024-09-02 18:44:46 INFO     	 Optimization finished
2024-09-02 18:44:46 INFO     	 Loading best model saved at epoch 144
2024-09-02 18:44:50 INFO     
average valid metrics:	MR: 2399.885	| MRR: 0.260	| H@1: 0.178	| H@3: 0.294	| H@10: 0.423	| AMRI: 0.786	| rank_deviation: 0.00040
