\logs
2024-05-06 13:01:27,677 INFO     Saving logs in: \logs\05_06\WN18RR\ComplEx_13_01_27
2024-05-06 13:01:27,929 INFO             (40943, 22, 40943)
2024-05-06 13:01:28,072 INFO     Total number of parameters 4014526
2024-05-06 13:01:28,980 INFO             Start training
train loss: 100%|███████████████████████████████████████████████████████████████████████████████████████████████████████████████████████████████████████████████████████████████████████████████████████████████████████████████████████████████████████████████████████████████████████████████████████████████████████████████████████████████████████████████████████████| 173670/173670 [00:07<00:00, 24283.43ex/s, loss=11.0661]
2024-05-06 13:01:36,140 INFO             Epoch 0 | average train loss: 11.3249
2024-05-06 13:01:36,184 INFO             Epoch 0 | average valid loss: 10.8997
train loss: 100%|████████████████████████████████████████████████████████████████████████████████████████████████████████████████████████████████████████████████████████████████████████████████████████████████████████████████████████████████████████████████████████████████████████████████████████████████████████████████████████████████████████████████████████████| 173670/173670 [00:06<00:00, 25666.91ex/s, loss=9.8804]
2024-05-06 13:01:42,964 INFO             Epoch 1 | average train loss: 10.2953
2024-05-06 13:01:43,011 INFO             Epoch 1 | average valid loss: 10.7600
train loss: 100%|████████████████████████████████████████████████████████████████████████████████████████████████████████████████████████████████████████████████████████████████████████████████████████████████████████████████████████████████████████████████████████████████████████████████████████████████████████████████████████████████████████████████████████████| 173670/173670 [00:06<00:00, 25928.60ex/s, loss=9.7760] 
2024-05-06 13:01:49,721 INFO             Epoch 2 | average train loss: 9.6875
2024-05-06 13:01:49,765 INFO             Epoch 2 | average valid loss: 10.7057
train loss: 100%|████████████████████████████████████████████████████████████████████████████████████████████████████████████████████████████████████████████████████████████████████████████████████████████████████████████████████████████████████████████████████████████████████████████████████████████████████████████████████████████████████████████████████████████| 173670/173670 [00:06<00:00, 25979.75ex/s, loss=9.2375] 
2024-05-06 13:01:56,465 INFO             Epoch 3 | average train loss: 9.1872
2024-05-06 13:01:56,518 INFO             Epoch 3 | average valid loss: 10.6810
train loss: 100%|████████████████████████████████████████████████████████████████████████████████████████████████████████████████████████████████████████████████████████████████████████████████████████████████████████████████████████████████████████████████████████████████████████████████████████████████████████████████████████████████████████████████████████████| 173670/173670 [00:06<00:00, 25922.42ex/s, loss=8.5019] 
2024-05-06 13:02:03,232 INFO             Epoch 4 | average train loss: 8.7047
2024-05-06 13:02:03,279 INFO             Epoch 4 | average valid loss: 10.6272
2024-05-06 13:02:04,733 INFO             valid MR: 6764.60 | MRR: 0.061 | H@1: 0.038 | H@3: 0.064 | H@10: 0.106 | AMRI: 0.000000 | MR_deviation: -40922.500
2024-05-06 13:02:04,733 INFO             Saving model at epoch 4 in \logs\05_06\WN18RR\ComplEx_13_01_27
train loss: 100%|████████████████████████████████████████████████████████████████████████████████████████████████████████████████████████████████████████████████████████████████████████████████████████████████████████████████████████████████████████████████████████████████████████████████████████████████████████████████████████████████████████████████████████████| 173670/173670 [00:06<00:00, 25781.82ex/s, loss=8.4147]
2024-05-06 13:02:11,514 INFO             Epoch 5 | average train loss: 8.2198
2024-05-06 13:02:11,560 INFO             Epoch 5 | average valid loss: 10.5226
train loss: 100%|████████████████████████████████████████████████████████████████████████████████████████████████████████████████████████████████████████████████████████████████████████████████████████████████████████████████████████████████████████████████████████████████████████████████████████████████████████████████████████████████████████████████████████████| 173670/173670 [00:06<00:00, 25742.91ex/s, loss=7.5383] 
2024-05-06 13:02:18,319 INFO             Epoch 6 | average train loss: 7.7437
2024-05-06 13:02:18,363 INFO             Epoch 6 | average valid loss: 10.4295
train loss: 100%|████████████████████████████████████████████████████████████████████████████████████████████████████████████████████████████████████████████████████████████████████████████████████████████████████████████████████████████████████████████████████████████████████████████████████████████████████████████████████████████████████████████████████████████| 173670/173670 [00:06<00:00, 25769.08ex/s, loss=7.5405] 
2024-05-06 13:02:25,114 INFO             Epoch 7 | average train loss: 7.3106
2024-05-06 13:02:25,160 INFO             Epoch 7 | average valid loss: 10.3310
train loss: 100%|████████████████████████████████████████████████████████████████████████████████████████████████████████████████████████████████████████████████████████████████████████████████████████████████████████████████████████████████████████████████████████████████████████████████████████████████████████████████████████████████████████████████████████████| 173670/173670 [00:06<00:00, 25926.53ex/s, loss=6.8483] 
2024-05-06 13:02:31,871 INFO             Epoch 8 | average train loss: 6.9282
2024-05-06 13:02:31,914 INFO             Epoch 8 | average valid loss: 10.2432
train loss: 100%|████████████████████████████████████████████████████████████████████████████████████████████████████████████████████████████████████████████████████████████████████████████████████████████████████████████████████████████████████████████████████████████████████████████████████████████████████████████████████████████████████████████████████████████| 173670/173670 [00:06<00:00, 26015.17ex/s, loss=6.4859] 
2024-05-06 13:02:38,602 INFO             Epoch 9 | average train loss: 6.6018
2024-05-06 13:02:38,648 INFO             Epoch 9 | average valid loss: 10.1718
2024-05-06 13:02:40,085 INFO             valid MR: 6008.18 | MRR: 0.209 | H@1: 0.166 | H@3: 0.223 | H@10: 0.293 | AMRI: 0.000000 | MR_deviation: -40907.500
2024-05-06 13:02:40,085 INFO             Saving model at epoch 9 in \logs\05_06\WN18RR\ComplEx_13_01_27
train loss: 100%|████████████████████████████████████████████████████████████████████████████████████████████████████████████████████████████████████████████████████████████████████████████████████████████████████████████████████████████████████████████████████████████████████████████████████████████████████████████████████████████████████████████████████████████| 173670/173670 [00:06<00:00, 25925.93ex/s, loss=6.0880]
2024-05-06 13:02:46,826 INFO             Epoch 10 | average train loss: 6.3252
2024-05-06 13:02:46,870 INFO             Epoch 10 | average valid loss: 10.1204
train loss: 100%|████████████████████████████████████████████████████████████████████████████████████████████████████████████████████████████████████████████████████████████████████████████████████████████████████████████████████████████████████████████████████████████████████████████████████████████████████████████████████████████████████████████████████████████| 173670/173670 [00:06<00:00, 25954.27ex/s, loss=6.4318] 
2024-05-06 13:02:53,576 INFO             Epoch 11 | average train loss: 6.0945
2024-05-06 13:02:53,622 INFO             Epoch 11 | average valid loss: 10.0854
train loss: 100%|████████████████████████████████████████████████████████████████████████████████████████████████████████████████████████████████████████████████████████████████████████████████████████████████████████████████████████████████████████████████████████████████████████████████████████████████████████████████████████████████████████████████████████████| 173670/173670 [00:06<00:00, 25646.12ex/s, loss=5.8728] 
2024-05-06 13:03:00,406 INFO             Epoch 12 | average train loss: 5.8964
2024-05-06 13:03:00,450 INFO             Epoch 12 | average valid loss: 10.0471
train loss: 100%|████████████████████████████████████████████████████████████████████████████████████████████████████████████████████████████████████████████████████████████████████████████████████████████████████████████████████████████████████████████████████████████████████████████████████████████████████████████████████████████████████████████████████████████| 173670/173670 [00:06<00:00, 25950.62ex/s, loss=5.8663] 
2024-05-06 13:03:07,157 INFO             Epoch 13 | average train loss: 5.7312
2024-05-06 13:03:07,203 INFO             Epoch 13 | average valid loss: 10.0251
train loss: 100%|████████████████████████████████████████████████████████████████████████████████████████████████████████████████████████████████████████████████████████████████████████████████████████████████████████████████████████████████████████████████████████████████████████████████████████████████████████████████████████████████████████████████████████████| 173670/173670 [00:06<00:00, 25861.95ex/s, loss=5.6052] 
2024-05-06 13:03:13,931 INFO             Epoch 14 | average train loss: 5.5898
2024-05-06 13:03:13,976 INFO             Epoch 14 | average valid loss: 10.0038
2024-05-06 13:03:15,429 INFO             valid MR: 5890.75 | MRR: 0.315 | H@1: 0.274 | H@3: 0.337 | H@10: 0.392 | AMRI: 0.000000 | MR_deviation: -40808.000
2024-05-06 13:03:15,429 INFO             Saving model at epoch 14 in \logs\05_06\WN18RR\ComplEx_13_01_27
train loss: 100%|████████████████████████████████████████████████████████████████████████████████████████████████████████████████████████████████████████████████████████████████████████████████████████████████████████████████████████████████████████████████████████████████████████████████████████████████████████████████████████████████████████████████████████████| 173670/173670 [00:06<00:00, 25802.97ex/s, loss=5.5694]
2024-05-06 13:03:22,204 INFO             Epoch 15 | average train loss: 5.4699
2024-05-06 13:03:22,248 INFO             Epoch 15 | average valid loss: 9.9916
train loss: 100%|████████████████████████████████████████████████████████████████████████████████████████████████████████████████████████████████████████████████████████████████████████████████████████████████████████████████████████████████████████████████████████████████████████████████████████████████████████████████████████████████████████████████████████████| 173670/173670 [00:06<00:00, 25999.79ex/s, loss=5.6035] 
2024-05-06 13:03:28,941 INFO             Epoch 16 | average train loss: 5.3674
2024-05-06 13:03:28,984 INFO             Epoch 16 | average valid loss: 9.9727
train loss: 100%|████████████████████████████████████████████████████████████████████████████████████████████████████████████████████████████████████████████████████████████████████████████████████████████████████████████████████████████████████████████████████████████████████████████████████████████████████████████████████████████████████████████████████████████| 173670/173670 [00:06<00:00, 25940.55ex/s, loss=5.0890] 
2024-05-06 13:03:35,691 INFO             Epoch 17 | average train loss: 5.2767
2024-05-06 13:03:35,737 INFO             Epoch 17 | average valid loss: 9.9595
train loss: 100%|████████████████████████████████████████████████████████████████████████████████████████████████████████████████████████████████████████████████████████████████████████████████████████████████████████████████████████████████████████████████████████████████████████████████████████████████████████████████████████████████████████████████████████████| 173670/173670 [00:06<00:00, 25715.22ex/s, loss=5.4508] 
2024-05-06 13:03:42,502 INFO             Epoch 18 | average train loss: 5.2013
2024-05-06 13:03:42,548 INFO             Epoch 18 | average valid loss: 9.9478
train loss: 100%|████████████████████████████████████████████████████████████████████████████████████████████████████████████████████████████████████████████████████████████████████████████████████████████████████████████████████████████████████████████████████████████████████████████████████████████████████████████████████████████████████████████████████████████| 173670/173670 [00:06<00:00, 25831.38ex/s, loss=5.2058] 
2024-05-06 13:03:49,282 INFO             Epoch 19 | average train loss: 5.1332
2024-05-06 13:03:49,327 INFO             Epoch 19 | average valid loss: 9.9458
2024-05-06 13:03:50,788 INFO             valid MR: 5882.49 | MRR: 0.363 | H@1: 0.333 | H@3: 0.377 | H@10: 0.419 | AMRI: -0.000000 | MR_deviation: -40753.000
2024-05-06 13:03:50,788 INFO             Saving model at epoch 19 in \logs\05_06\WN18RR\ComplEx_13_01_27
train loss: 100%|████████████████████████████████████████████████████████████████████████████████████████████████████████████████████████████████████████████████████████████████████████████████████████████████████████████████████████████████████████████████████████████████████████████████████████████████████████████████████████████████████████████████████████████| 173670/173670 [00:06<00:00, 25746.29ex/s, loss=5.1931]
2024-05-06 13:03:57,577 INFO             Epoch 20 | average train loss: 5.0743
2024-05-06 13:03:57,621 INFO             Epoch 20 | average valid loss: 9.9285
train loss: 100%|████████████████████████████████████████████████████████████████████████████████████████████████████████████████████████████████████████████████████████████████████████████████████████████████████████████████████████████████████████████████████████████████████████████████████████████████████████████████████████████████████████████████████████████| 173670/173670 [00:06<00:00, 25843.02ex/s, loss=5.4622] 
2024-05-06 13:04:04,353 INFO             Epoch 21 | average train loss: 5.0235
2024-05-06 13:04:04,398 INFO             Epoch 21 | average valid loss: 9.9180
train loss: 100%|████████████████████████████████████████████████████████████████████████████████████████████████████████████████████████████████████████████████████████████████████████████████████████████████████████████████████████████████████████████████████████████████████████████████████████████████████████████████████████████████████████████████████████████| 173670/173670 [00:06<00:00, 25861.64ex/s, loss=5.2686] 
2024-05-06 13:04:11,125 INFO             Epoch 22 | average train loss: 4.9765
2024-05-06 13:04:11,172 INFO             Epoch 22 | average valid loss: 9.9152
train loss: 100%|████████████████████████████████████████████████████████████████████████████████████████████████████████████████████████████████████████████████████████████████████████████████████████████████████████████████████████████████████████████████████████████████████████████████████████████████████████████████████████████████████████████████████████████| 173670/173670 [00:06<00:00, 25697.00ex/s, loss=5.3228] 
2024-05-06 13:04:17,943 INFO             Epoch 23 | average train loss: 4.9357
2024-05-06 13:04:17,988 INFO             Epoch 23 | average valid loss: 9.9076
train loss: 100%|████████████████████████████████████████████████████████████████████████████████████████████████████████████████████████████████████████████████████████████████████████████████████████████████████████████████████████████████████████████████████████████████████████████████████████████████████████████████████████████████████████████████████████████| 173670/173670 [00:06<00:00, 25755.57ex/s, loss=4.8247] 
2024-05-06 13:04:24,743 INFO             Epoch 24 | average train loss: 4.8967
2024-05-06 13:04:24,789 INFO             Epoch 24 | average valid loss: 9.9050
2024-05-06 13:04:26,236 INFO             valid MR: 5912.59 | MRR: 0.379 | H@1: 0.353 | H@3: 0.390 | H@10: 0.428 | AMRI: 0.000000 | MR_deviation: -40769.500
2024-05-06 13:04:26,236 INFO             Saving model at epoch 24 in \logs\05_06\WN18RR\ComplEx_13_01_27
train loss: 100%|████████████████████████████████████████████████████████████████████████████████████████████████████████████████████████████████████████████████████████████████████████████████████████████████████████████████████████████████████████████████████████████████████████████████████████████████████████████████████████████████████████████████████████████| 173670/173670 [00:06<00:00, 25841.75ex/s, loss=4.5885]
2024-05-06 13:04:32,997 INFO             Epoch 25 | average train loss: 4.8624
2024-05-06 13:04:33,041 INFO             Epoch 25 | average valid loss: 9.8981
train loss: 100%|████████████████████████████████████████████████████████████████████████████████████████████████████████████████████████████████████████████████████████████████████████████████████████████████████████████████████████████████████████████████████████████████████████████████████████████████████████████████████████████████████████████████████████████| 173670/173670 [00:06<00:00, 25941.13ex/s, loss=4.8305] 
2024-05-06 13:04:39,748 INFO             Epoch 26 | average train loss: 4.8332
2024-05-06 13:04:39,794 INFO             Epoch 26 | average valid loss: 9.8934
train loss: 100%|████████████████████████████████████████████████████████████████████████████████████████████████████████████████████████████████████████████████████████████████████████████████████████████████████████████████████████████████████████████████████████████████████████████████████████████████████████████████████████████████████████████████████████████| 173670/173670 [00:06<00:00, 25835.04ex/s, loss=4.8084] 
2024-05-06 13:04:46,528 INFO             Epoch 27 | average train loss: 4.8057
2024-05-06 13:04:46,573 INFO             Epoch 27 | average valid loss: 9.8895
train loss: 100%|████████████████████████████████████████████████████████████████████████████████████████████████████████████████████████████████████████████████████████████████████████████████████████████████████████████████████████████████████████████████████████████████████████████████████████████████████████████████████████████████████████████████████████████| 173670/173670 [00:06<00:00, 25991.92ex/s, loss=4.8071] 
2024-05-06 13:04:53,266 INFO             Epoch 28 | average train loss: 4.7805
2024-05-06 13:04:53,310 INFO             Epoch 28 | average valid loss: 9.8850
train loss: 100%|████████████████████████████████████████████████████████████████████████████████████████████████████████████████████████████████████████████████████████████████████████████████████████████████████████████████████████████████████████████████████████████████████████████████████████████████████████████████████████████████████████████████████████████| 173670/173670 [00:06<00:00, 25960.75ex/s, loss=4.8040] 
2024-05-06 13:05:00,012 INFO             Epoch 29 | average train loss: 4.7574
2024-05-06 13:05:00,057 INFO             Epoch 29 | average valid loss: 9.8773
2024-05-06 13:05:01,518 INFO             valid MR: 5938.18 | MRR: 0.387 | H@1: 0.362 | H@3: 0.396 | H@10: 0.431 | AMRI: -0.000000 | MR_deviation: -40760.500
2024-05-06 13:05:01,519 INFO             Saving model at epoch 29 in \logs\05_06\WN18RR\ComplEx_13_01_27
train loss: 100%|████████████████████████████████████████████████████████████████████████████████████████████████████████████████████████████████████████████████████████████████████████████████████████████████████████████████████████████████████████████████████████████████████████████████████████████████████████████████████████████████████████████████████████████| 173670/173670 [00:06<00:00, 26010.24ex/s, loss=5.1423]
2024-05-06 13:05:08,237 INFO             Epoch 30 | average train loss: 4.7375
2024-05-06 13:05:08,281 INFO             Epoch 30 | average valid loss: 9.8714
train loss: 100%|████████████████████████████████████████████████████████████████████████████████████████████████████████████████████████████████████████████████████████████████████████████████████████████████████████████████████████████████████████████████████████████████████████████████████████████████████████████████████████████████████████████████████████████| 173670/173670 [00:06<00:00, 25911.91ex/s, loss=4.7375] 
2024-05-06 13:05:14,994 INFO             Epoch 31 | average train loss: 4.7160
2024-05-06 13:05:15,039 INFO             Epoch 31 | average valid loss: 9.8702
train loss: 100%|████████████████████████████████████████████████████████████████████████████████████████████████████████████████████████████████████████████████████████████████████████████████████████████████████████████████████████████████████████████████████████████████████████████████████████████████████████████████████████████████████████████████████████████| 173670/173670 [00:06<00:00, 25996.04ex/s, loss=4.7219] 
2024-05-06 13:05:21,731 INFO             Epoch 32 | average train loss: 4.6976
2024-05-06 13:05:21,774 INFO             Epoch 32 | average valid loss: 9.8607
train loss: 100%|████████████████████████████████████████████████████████████████████████████████████████████████████████████████████████████████████████████████████████████████████████████████████████████████████████████████████████████████████████████████████████████████████████████████████████████████████████████████████████████████████████████████████████████| 173670/173670 [00:06<00:00, 25928.43ex/s, loss=5.0791] 
2024-05-06 13:05:28,484 INFO             Epoch 33 | average train loss: 4.6821
2024-05-06 13:05:28,528 INFO             Epoch 33 | average valid loss: 9.8542
train loss: 100%|████████████████████████████████████████████████████████████████████████████████████████████████████████████████████████████████████████████████████████████████████████████████████████████████████████████████████████████████████████████████████████████████████████████████████████████████████████████████████████████████████████████████████████████| 173670/173670 [00:06<00:00, 25802.05ex/s, loss=4.8129] 
2024-05-06 13:05:35,271 INFO             Epoch 34 | average train loss: 4.6650
2024-05-06 13:05:35,314 INFO             Epoch 34 | average valid loss: 9.8515
2024-05-06 13:05:36,753 INFO             valid MR: 5966.59 | MRR: 0.392 | H@1: 0.369 | H@3: 0.401 | H@10: 0.431 | AMRI: 0.000000 | MR_deviation: -40730.500
2024-05-06 13:05:36,754 INFO             Saving model at epoch 34 in \logs\05_06\WN18RR\ComplEx_13_01_27
train loss: 100%|████████████████████████████████████████████████████████████████████████████████████████████████████████████████████████████████████████████████████████████████████████████████████████████████████████████████████████████████████████████████████████████████████████████████████████████████████████████████████████████████████████████████████████████| 173670/173670 [00:06<00:00, 25567.37ex/s, loss=4.7489]
2024-05-06 13:05:43,588 INFO             Epoch 35 | average train loss: 4.6497
2024-05-06 13:05:43,630 INFO             Epoch 35 | average valid loss: 9.8494
train loss: 100%|████████████████████████████████████████████████████████████████████████████████████████████████████████████████████████████████████████████████████████████████████████████████████████████████████████████████████████████████████████████████████████████████████████████████████████████████████████████████████████████████████████████████████████████| 173670/173670 [00:06<00:00, 25926.98ex/s, loss=4.6487] 
2024-05-06 13:05:50,342 INFO             Epoch 36 | average train loss: 4.6353
2024-05-06 13:05:50,386 INFO             Epoch 36 | average valid loss: 9.8457
train loss: 100%|████████████████████████████████████████████████████████████████████████████████████████████████████████████████████████████████████████████████████████████████████████████████████████████████████████████████████████████████████████████████████████████████████████████████████████████████████████████████████████████████████████████████████████████| 173670/173670 [00:06<00:00, 25877.83ex/s, loss=4.4531] 
2024-05-06 13:05:57,108 INFO             Epoch 37 | average train loss: 4.6213
2024-05-06 13:05:57,154 INFO             Epoch 37 | average valid loss: 9.8382
train loss: 100%|████████████████████████████████████████████████████████████████████████████████████████████████████████████████████████████████████████████████████████████████████████████████████████████████████████████████████████████████████████████████████████████████████████████████████████████████████████████████████████████████████████████████████████████| 173670/173670 [00:06<00:00, 25839.11ex/s, loss=4.5825] 
2024-05-06 13:06:03,887 INFO             Epoch 38 | average train loss: 4.6092
2024-05-06 13:06:03,931 INFO             Epoch 38 | average valid loss: 9.8363
train loss: 100%|████████████████████████████████████████████████████████████████████████████████████████████████████████████████████████████████████████████████████████████████████████████████████████████████████████████████████████████████████████████████████████████████████████████████████████████████████████████████████████████████████████████████████████████| 173670/173670 [00:06<00:00, 25887.75ex/s, loss=4.6088] 
2024-05-06 13:06:10,651 INFO             Epoch 39 | average train loss: 4.5975
2024-05-06 13:06:10,695 INFO             Epoch 39 | average valid loss: 9.8299
2024-05-06 13:06:12,156 INFO             valid MR: 5985.29 | MRR: 0.394 | H@1: 0.372 | H@3: 0.404 | H@10: 0.433 | AMRI: 0.000000 | MR_deviation: -40726.500
2024-05-06 13:06:12,157 INFO             Saving model at epoch 39 in \logs\05_06\WN18RR\ComplEx_13_01_27
train loss: 100%|████████████████████████████████████████████████████████████████████████████████████████████████████████████████████████████████████████████████████████████████████████████████████████████████████████████████████████████████████████████████████████████████████████████████████████████████████████████████████████████████████████████████████████████| 173670/173670 [00:06<00:00, 25821.65ex/s, loss=4.8290]
2024-05-06 13:06:18,925 INFO             Epoch 40 | average train loss: 4.5872
2024-05-06 13:06:18,969 INFO             Epoch 40 | average valid loss: 9.8243
train loss: 100%|████████████████████████████████████████████████████████████████████████████████████████████████████████████████████████████████████████████████████████████████████████████████████████████████████████████████████████████████████████████████████████████████████████████████████████████████████████████████████████████████████████████████████████████| 173670/173670 [00:06<00:00, 25933.67ex/s, loss=4.2852] 
2024-05-06 13:06:25,676 INFO             Epoch 41 | average train loss: 4.5743
2024-05-06 13:06:25,723 INFO             Epoch 41 | average valid loss: 9.8277
train loss: 100%|████████████████████████████████████████████████████████████████████████████████████████████████████████████████████████████████████████████████████████████████████████████████████████████████████████████████████████████████████████████████████████████████████████████████████████████████████████████████████████████████████████████████████████████| 173670/173670 [00:06<00:00, 26035.13ex/s, loss=4.6161] 
2024-05-06 13:06:32,407 INFO             Epoch 42 | average train loss: 4.5655
2024-05-06 13:06:32,452 INFO             Epoch 42 | average valid loss: 9.8245
train loss: 100%|████████████████████████████████████████████████████████████████████████████████████████████████████████████████████████████████████████████████████████████████████████████████████████████████████████████████████████████████████████████████████████████████████████████████████████████████████████████████████████████████████████████████████████████| 173670/173670 [00:06<00:00, 25841.54ex/s, loss=4.9605] 
2024-05-06 13:06:39,184 INFO             Epoch 43 | average train loss: 4.5572
2024-05-06 13:06:39,228 INFO             Epoch 43 | average valid loss: 9.8113
train loss: 100%|████████████████████████████████████████████████████████████████████████████████████████████████████████████████████████████████████████████████████████████████████████████████████████████████████████████████████████████████████████████████████████████████████████████████████████████████████████████████████████████████████████████████████████████| 173670/173670 [00:06<00:00, 25867.70ex/s, loss=4.6715] 
2024-05-06 13:06:45,954 INFO             Epoch 44 | average train loss: 4.5469
2024-05-06 13:06:46,000 INFO             Epoch 44 | average valid loss: 9.8136
2024-05-06 13:06:47,456 INFO             valid MR: 6002.16 | MRR: 0.397 | H@1: 0.375 | H@3: 0.405 | H@10: 0.434 | AMRI: 0.000000 | MR_deviation: -40725.000
2024-05-06 13:06:47,456 INFO             Saving model at epoch 44 in \logs\05_06\WN18RR\ComplEx_13_01_27
train loss: 100%|████████████████████████████████████████████████████████████████████████████████████████████████████████████████████████████████████████████████████████████████████████████████████████████████████████████████████████████████████████████████████████████████████████████████████████████████████████████████████████████████████████████████████████████| 173670/173670 [00:06<00:00, 25834.52ex/s, loss=4.5109]
2024-05-06 13:06:54,219 INFO             Epoch 45 | average train loss: 4.5374
2024-05-06 13:06:54,264 INFO             Epoch 45 | average valid loss: 9.8091
train loss: 100%|████████████████████████████████████████████████████████████████████████████████████████████████████████████████████████████████████████████████████████████████████████████████████████████████████████████████████████████████████████████████████████████████████████████████████████████████████████████████████████████████████████████████████████████| 173670/173670 [00:06<00:00, 25872.68ex/s, loss=4.4894] 
2024-05-06 13:07:00,990 INFO             Epoch 46 | average train loss: 4.5289
2024-05-06 13:07:01,034 INFO             Epoch 46 | average valid loss: 9.8066
train loss: 100%|████████████████████████████████████████████████████████████████████████████████████████████████████████████████████████████████████████████████████████████████████████████████████████████████████████████████████████████████████████████████████████████████████████████████████████████████████████████████████████████████████████████████████████████| 173670/173670 [00:06<00:00, 25778.66ex/s, loss=4.6341] 
2024-05-06 13:07:07,782 INFO             Epoch 47 | average train loss: 4.5214
2024-05-06 13:07:07,825 INFO             Epoch 47 | average valid loss: 9.8024
train loss: 100%|████████████████████████████████████████████████████████████████████████████████████████████████████████████████████████████████████████████████████████████████████████████████████████████████████████████████████████████████████████████████████████████████████████████████████████████████████████████████████████████████████████████████████████████| 173670/173670 [00:06<00:00, 25714.84ex/s, loss=4.5240] 
2024-05-06 13:07:14,591 INFO             Epoch 48 | average train loss: 4.5132
2024-05-06 13:07:14,635 INFO             Epoch 48 | average valid loss: 9.8004
train loss: 100%|████████████████████████████████████████████████████████████████████████████████████████████████████████████████████████████████████████████████████████████████████████████████████████████████████████████████████████████████████████████████████████████████████████████████████████████████████████████████████████████████████████████████████████████| 173670/173670 [00:06<00:00, 25758.95ex/s, loss=4.4835] 
2024-05-06 13:07:21,389 INFO             Epoch 49 | average train loss: 4.5056
2024-05-06 13:07:21,434 INFO             Epoch 49 | average valid loss: 9.7980
2024-05-06 13:07:22,871 INFO             valid MR: 6016.31 | MRR: 0.397 | H@1: 0.376 | H@3: 0.406 | H@10: 0.435 | AMRI: -0.000000 | MR_deviation: -40734.500
2024-05-06 13:07:22,872 INFO             Saving model at epoch 49 in \logs\05_06\WN18RR\ComplEx_13_01_27
train loss: 100%|████████████████████████████████████████████████████████████████████████████████████████████████████████████████████████████████████████████████████████████████████████████████████████████████████████████████████████████████████████████████████████████████████████████████████████████████████████████████████████████████████████████████████████████| 173670/173670 [00:06<00:00, 25872.82ex/s, loss=4.4873]
2024-05-06 13:07:29,626 INFO             Epoch 50 | average train loss: 4.4985
2024-05-06 13:07:29,672 INFO             Epoch 50 | average valid loss: 9.7934
train loss: 100%|████████████████████████████████████████████████████████████████████████████████████████████████████████████████████████████████████████████████████████████████████████████████████████████████████████████████████████████████████████████████████████████████████████████████████████████████████████████████████████████████████████████████████████████| 173670/173670 [00:06<00:00, 25743.53ex/s, loss=4.3597] 
2024-05-06 13:07:36,431 INFO             Epoch 51 | average train loss: 4.4911
2024-05-06 13:07:36,475 INFO             Epoch 51 | average valid loss: 9.7927
train loss: 100%|████████████████████████████████████████████████████████████████████████████████████████████████████████████████████████████████████████████████████████████████████████████████████████████████████████████████████████████████████████████████████████████████████████████████████████████████████████████████████████████████████████████████████████████| 173670/173670 [00:06<00:00, 25809.01ex/s, loss=4.8742] 
2024-05-06 13:07:43,216 INFO             Epoch 52 | average train loss: 4.4866
2024-05-06 13:07:43,260 INFO             Epoch 52 | average valid loss: 9.7882
train loss: 100%|████████████████████████████████████████████████████████████████████████████████████████████████████████████████████████████████████████████████████████████████████████████████████████████████████████████████████████████████████████████████████████████████████████████████████████████████████████████████████████████████████████████████████████████| 173670/173670 [00:06<00:00, 25713.24ex/s, loss=4.6728] 
2024-05-06 13:07:50,026 INFO             Epoch 53 | average train loss: 4.4794
2024-05-06 13:07:50,070 INFO             Epoch 53 | average valid loss: 9.7874
train loss: 100%|████████████████████████████████████████████████████████████████████████████████████████████████████████████████████████████████████████████████████████████████████████████████████████████████████████████████████████████████████████████████████████████████████████████████████████████████████████████████████████████████████████████████████████████| 173670/173670 [00:06<00:00, 26095.22ex/s, loss=4.5346] 
2024-05-06 13:07:56,739 INFO             Epoch 54 | average train loss: 4.4727
2024-05-06 13:07:56,784 INFO             Epoch 54 | average valid loss: 9.7852
2024-05-06 13:07:58,254 INFO             valid MR: 6026.66 | MRR: 0.398 | H@1: 0.377 | H@3: 0.406 | H@10: 0.436 | AMRI: 0.000000 | MR_deviation: -40732.500
2024-05-06 13:07:58,255 INFO             Saving model at epoch 54 in \logs\05_06\WN18RR\ComplEx_13_01_27
train loss: 100%|████████████████████████████████████████████████████████████████████████████████████████████████████████████████████████████████████████████████████████████████████████████████████████████████████████████████████████████████████████████████████████████████████████████████████████████████████████████████████████████████████████████████████████████| 173670/173670 [00:06<00:00, 25833.80ex/s, loss=4.5366]
2024-05-06 13:08:05,021 INFO             Epoch 55 | average train loss: 4.4667
2024-05-06 13:08:05,065 INFO             Epoch 55 | average valid loss: 9.7809
train loss: 100%|████████████████████████████████████████████████████████████████████████████████████████████████████████████████████████████████████████████████████████████████████████████████████████████████████████████████████████████████████████████████████████████████████████████████████████████████████████████████████████████████████████████████████████████| 173670/173670 [00:06<00:00, 26106.21ex/s, loss=4.2939] 
2024-05-06 13:08:11,731 INFO             Epoch 56 | average train loss: 4.4600
2024-05-06 13:08:11,773 INFO             Epoch 56 | average valid loss: 9.7761
train loss: 100%|████████████████████████████████████████████████████████████████████████████████████████████████████████████████████████████████████████████████████████████████████████████████████████████████████████████████████████████████████████████████████████████████████████████████████████████████████████████████████████████████████████████████████████████| 173670/173670 [00:06<00:00, 25945.48ex/s, loss=4.2646] 
2024-05-06 13:08:18,478 INFO             Epoch 57 | average train loss: 4.4543
2024-05-06 13:08:18,523 INFO             Epoch 57 | average valid loss: 9.7750
train loss: 100%|████████████████████████████████████████████████████████████████████████████████████████████████████████████████████████████████████████████████████████████████████████████████████████████████████████████████████████████████████████████████████████████████████████████████████████████████████████████████████████████████████████████████████████████| 173670/173670 [00:06<00:00, 25742.46ex/s, loss=4.4781] 
2024-05-06 13:08:25,282 INFO             Epoch 58 | average train loss: 4.4498
2024-05-06 13:08:25,326 INFO             Epoch 58 | average valid loss: 9.7752
train loss: 100%|████████████████████████████████████████████████████████████████████████████████████████████████████████████████████████████████████████████████████████████████████████████████████████████████████████████████████████████████████████████████████████████████████████████████████████████████████████████████████████████████████████████████████████████| 173670/173670 [00:06<00:00, 25953.93ex/s, loss=4.5733] 
2024-05-06 13:08:32,030 INFO             Epoch 59 | average train loss: 4.4450
2024-05-06 13:08:32,076 INFO             Epoch 59 | average valid loss: 9.7715
2024-05-06 13:08:33,545 INFO             valid MR: 6027.97 | MRR: 0.399 | H@1: 0.379 | H@3: 0.407 | H@10: 0.437 | AMRI: 0.000000 | MR_deviation: -40721.000
2024-05-06 13:08:33,545 INFO             Saving model at epoch 59 in \logs\05_06\WN18RR\ComplEx_13_01_27
train loss: 100%|████████████████████████████████████████████████████████████████████████████████████████████████████████████████████████████████████████████████████████████████████████████████████████████████████████████████████████████████████████████████████████████████████████████████████████████████████████████████████████████████████████████████████████████| 173670/173670 [00:06<00:00, 25802.07ex/s, loss=4.4254]
2024-05-06 13:08:40,320 INFO             Epoch 60 | average train loss: 4.4393
2024-05-06 13:08:40,367 INFO             Epoch 60 | average valid loss: 9.7697
train loss: 100%|████████████████████████████████████████████████████████████████████████████████████████████████████████████████████████████████████████████████████████████████████████████████████████████████████████████████████████████████████████████████████████████████████████████████████████████████████████████████████████████████████████████████████████████| 173670/173670 [00:06<00:00, 25934.36ex/s, loss=4.4214] 
2024-05-06 13:08:47,074 INFO             Epoch 61 | average train loss: 4.4344
2024-05-06 13:08:47,117 INFO             Epoch 61 | average valid loss: 9.7647
train loss: 100%|████████████████████████████████████████████████████████████████████████████████████████████████████████████████████████████████████████████████████████████████████████████████████████████████████████████████████████████████████████████████████████████████████████████████████████████████████████████████████████████████████████████████████████████| 173670/173670 [00:06<00:00, 25866.31ex/s, loss=4.2461] 
2024-05-06 13:08:53,843 INFO             Epoch 62 | average train loss: 4.4290
2024-05-06 13:08:53,889 INFO             Epoch 62 | average valid loss: 9.7655
train loss: 100%|████████████████████████████████████████████████████████████████████████████████████████████████████████████████████████████████████████████████████████████████████████████████████████████████████████████████████████████████████████████████████████████████████████████████████████████████████████████████████████████████████████████████████████████| 173670/173670 [00:06<00:00, 25997.69ex/s, loss=4.6738] 
2024-05-06 13:09:00,584 INFO             Epoch 63 | average train loss: 4.4261
2024-05-06 13:09:00,629 INFO             Epoch 63 | average valid loss: 9.7631
train loss: 100%|████████████████████████████████████████████████████████████████████████████████████████████████████████████████████████████████████████████████████████████████████████████████████████████████████████████████████████████████████████████████████████████████████████████████████████████████████████████████████████████████████████████████████████████| 173670/173670 [00:06<00:00, 25611.14ex/s, loss=4.7670] 
2024-05-06 13:09:07,422 INFO             Epoch 64 | average train loss: 4.4220
2024-05-06 13:09:07,466 INFO             Epoch 64 | average valid loss: 9.7607
2024-05-06 13:09:08,910 INFO             valid MR: 6035.95 | MRR: 0.400 | H@1: 0.379 | H@3: 0.408 | H@10: 0.436 | AMRI: 0.000000 | MR_deviation: -40706.500
2024-05-06 13:09:08,910 INFO             Saving model at epoch 64 in \logs\05_06\WN18RR\ComplEx_13_01_27
train loss: 100%|████████████████████████████████████████████████████████████████████████████████████████████████████████████████████████████████████████████████████████████████████████████████████████████████████████████████████████████████████████████████████████████████████████████████████████████████████████████████████████████████████████████████████████████| 173670/173670 [00:06<00:00, 25895.99ex/s, loss=4.2987]
2024-05-06 13:09:15,659 INFO             Epoch 65 | average train loss: 4.4157
2024-05-06 13:09:15,704 INFO             Epoch 65 | average valid loss: 9.7577
train loss: 100%|████████████████████████████████████████████████████████████████████████████████████████████████████████████████████████████████████████████████████████████████████████████████████████████████████████████████████████████████████████████████████████████████████████████████████████████████████████████████████████████████████████████████████████████| 173670/173670 [00:06<00:00, 25878.92ex/s, loss=4.6026] 
2024-05-06 13:09:22,426 INFO             Epoch 66 | average train loss: 4.4128
2024-05-06 13:09:22,470 INFO             Epoch 66 | average valid loss: 9.7572
train loss: 100%|████████████████████████████████████████████████████████████████████████████████████████████████████████████████████████████████████████████████████████████████████████████████████████████████████████████████████████████████████████████████████████████████████████████████████████████████████████████████████████████████████████████████████████████| 173670/173670 [00:06<00:00, 25991.51ex/s, loss=4.7925] 
2024-05-06 13:09:29,164 INFO             Epoch 67 | average train loss: 4.4094
2024-05-06 13:09:29,207 INFO             Epoch 67 | average valid loss: 9.7514
train loss: 100%|████████████████████████████████████████████████████████████████████████████████████████████████████████████████████████████████████████████████████████████████████████████████████████████████████████████████████████████████████████████████████████████████████████████████████████████████████████████████████████████████████████████████████████████| 173670/173670 [00:06<00:00, 25914.80ex/s, loss=4.5788] 
2024-05-06 13:09:35,920 INFO             Epoch 68 | average train loss: 4.4045
2024-05-06 13:09:35,965 INFO             Epoch 68 | average valid loss: 9.7500
train loss: 100%|████████████████████████████████████████████████████████████████████████████████████████████████████████████████████████████████████████████████████████████████████████████████████████████████████████████████████████████████████████████████████████████████████████████████████████████████████████████████████████████████████████████████████████████| 173670/173670 [00:06<00:00, 25883.11ex/s, loss=4.1758] 
2024-05-06 13:09:42,686 INFO             Epoch 69 | average train loss: 4.3990
2024-05-06 13:09:42,729 INFO             Epoch 69 | average valid loss: 9.7485
2024-05-06 13:09:44,174 INFO             valid MR: 6036.21 | MRR: 0.400 | H@1: 0.380 | H@3: 0.409 | H@10: 0.436 | AMRI: 0.000000 | MR_deviation: -40690.500
2024-05-06 13:09:44,174 INFO             Saving model at epoch 69 in \logs\05_06\WN18RR\ComplEx_13_01_27
train loss: 100%|████████████████████████████████████████████████████████████████████████████████████████████████████████████████████████████████████████████████████████████████████████████████████████████████████████████████████████████████████████████████████████████████████████████████████████████████████████████████████████████████████████████████████████████| 173670/173670 [00:06<00:00, 25821.00ex/s, loss=4.3792]
2024-05-06 13:09:50,942 INFO             Epoch 70 | average train loss: 4.3960
2024-05-06 13:09:50,986 INFO             Epoch 70 | average valid loss: 9.7474
train loss: 100%|████████████████████████████████████████████████████████████████████████████████████████████████████████████████████████████████████████████████████████████████████████████████████████████████████████████████████████████████████████████████████████████████████████████████████████████████████████████████████████████████████████████████████████████| 173670/173670 [00:06<00:00, 25770.53ex/s, loss=4.5228] 
2024-05-06 13:09:57,739 INFO             Epoch 71 | average train loss: 4.3929
2024-05-06 13:09:57,783 INFO             Epoch 71 | average valid loss: 9.7446
train loss: 100%|████████████████████████████████████████████████████████████████████████████████████████████████████████████████████████████████████████████████████████████████████████████████████████████████████████████████████████████████████████████████████████████████████████████████████████████████████████████████████████████████████████████████████████████| 173670/173670 [00:06<00:00, 25722.86ex/s, loss=4.6707] 
2024-05-06 13:10:04,547 INFO             Epoch 72 | average train loss: 4.3899
2024-05-06 13:10:04,591 INFO             Epoch 72 | average valid loss: 9.7451
train loss: 100%|████████████████████████████████████████████████████████████████████████████████████████████████████████████████████████████████████████████████████████████████████████████████████████████████████████████████████████████████████████████████████████████████████████████████████████████████████████████████████████████████████████████████████████████| 173670/173670 [00:06<00:00, 26087.57ex/s, loss=4.8222] 
2024-05-06 13:10:11,260 INFO             Epoch 73 | average train loss: 4.3870
2024-05-06 13:10:11,304 INFO             Epoch 73 | average valid loss: 9.7447
train loss: 100%|████████████████████████████████████████████████████████████████████████████████████████████████████████████████████████████████████████████████████████████████████████████████████████████████████████████████████████████████████████████████████████████████████████████████████████████████████████████████████████████████████████████████████████████| 173670/173670 [00:06<00:00, 25911.67ex/s, loss=4.4596] 
2024-05-06 13:10:18,019 INFO             Epoch 74 | average train loss: 4.3821
2024-05-06 13:10:18,063 INFO             Epoch 74 | average valid loss: 9.7379
2024-05-06 13:10:19,527 INFO             valid MR: 6039.27 | MRR: 0.401 | H@1: 0.381 | H@3: 0.410 | H@10: 0.436 | AMRI: 0.000000 | MR_deviation: -40681.000
2024-05-06 13:10:19,527 INFO             Saving model at epoch 74 in \logs\05_06\WN18RR\ComplEx_13_01_27
train loss: 100%|████████████████████████████████████████████████████████████████████████████████████████████████████████████████████████████████████████████████████████████████████████████████████████████████████████████████████████████████████████████████████████████████████████████████████████████████████████████████████████████████████████████████████████████| 173670/173670 [00:06<00:00, 26117.90ex/s, loss=4.2953]
2024-05-06 13:10:26,219 INFO             Epoch 75 | average train loss: 4.3780
2024-05-06 13:10:26,265 INFO             Epoch 75 | average valid loss: 9.7382
train loss: 100%|████████████████████████████████████████████████████████████████████████████████████████████████████████████████████████████████████████████████████████████████████████████████████████████████████████████████████████████████████████████████████████████████████████████████████████████████████████████████████████████████████████████████████████████| 173670/173670 [00:06<00:00, 25834.20ex/s, loss=4.3391] 
2024-05-06 13:10:33,001 INFO             Epoch 76 | average train loss: 4.3749
2024-05-06 13:10:33,046 INFO             Epoch 76 | average valid loss: 9.7353
train loss: 100%|████████████████████████████████████████████████████████████████████████████████████████████████████████████████████████████████████████████████████████████████████████████████████████████████████████████████████████████████████████████████████████████████████████████████████████████████████████████████████████████████████████████████████████████| 173670/173670 [00:06<00:00, 25931.79ex/s, loss=4.3951] 
2024-05-06 13:10:39,756 INFO             Epoch 77 | average train loss: 4.3719
2024-05-06 13:10:39,800 INFO             Epoch 77 | average valid loss: 9.7368
train loss: 100%|████████████████████████████████████████████████████████████████████████████████████████████████████████████████████████████████████████████████████████████████████████████████████████████████████████████████████████████████████████████████████████████████████████████████████████████████████████████████████████████████████████████████████████████| 173670/173670 [00:06<00:00, 25937.36ex/s, loss=4.5340] 
2024-05-06 13:10:46,510 INFO             Epoch 78 | average train loss: 4.3694
2024-05-06 13:10:46,554 INFO             Epoch 78 | average valid loss: 9.7322
train loss: 100%|████████████████████████████████████████████████████████████████████████████████████████████████████████████████████████████████████████████████████████████████████████████████████████████████████████████████████████████████████████████████████████████████████████████████████████████████████████████████████████████████████████████████████████████| 173670/173670 [00:06<00:00, 25876.33ex/s, loss=4.2164] 
2024-05-06 13:10:53,278 INFO             Epoch 79 | average train loss: 4.3650
2024-05-06 13:10:53,322 INFO             Epoch 79 | average valid loss: 9.7284
2024-05-06 13:10:54,783 INFO             valid MR: 6037.57 | MRR: 0.402 | H@1: 0.382 | H@3: 0.410 | H@10: 0.436 | AMRI: -0.000000 | MR_deviation: -40649.000
2024-05-06 13:10:54,784 INFO             Saving model at epoch 79 in \logs\05_06\WN18RR\ComplEx_13_01_27
train loss: 100%|████████████████████████████████████████████████████████████████████████████████████████████████████████████████████████████████████████████████████████████████████████████████████████████████████████████████████████████████████████████████████████████████████████████████████████████████████████████████████████████████████████████████████████████| 173670/173670 [00:06<00:00, 25955.67ex/s, loss=4.2846]
2024-05-06 13:11:01,516 INFO             Epoch 80 | average train loss: 4.3623
2024-05-06 13:11:01,562 INFO             Epoch 80 | average valid loss: 9.7303
train loss: 100%|████████████████████████████████████████████████████████████████████████████████████████████████████████████████████████████████████████████████████████████████████████████████████████████████████████████████████████████████████████████████████████████████████████████████████████████████████████████████████████████████████████████████████████████| 173670/173670 [00:06<00:00, 25744.18ex/s, loss=4.3752] 
2024-05-06 13:11:08,319 INFO             Epoch 81 | average train loss: 4.3597
2024-05-06 13:11:08,366 INFO             Epoch 81 | average valid loss: 9.7293
train loss: 100%|████████████████████████████████████████████████████████████████████████████████████████████████████████████████████████████████████████████████████████████████████████████████████████████████████████████████████████████████████████████████████████████████████████████████████████████████████████████████████████████████████████████████████████████| 173670/173670 [00:06<00:00, 25861.53ex/s, loss=4.2781] 
2024-05-06 13:11:15,093 INFO             Epoch 82 | average train loss: 4.3564
2024-05-06 13:11:15,143 INFO             Epoch 82 | average valid loss: 9.7259
train loss: 100%|████████████████████████████████████████████████████████████████████████████████████████████████████████████████████████████████████████████████████████████████████████████████████████████████████████████████████████████████████████████████████████████████████████████████████████████████████████████████████████████████████████████████████████████| 173670/173670 [00:06<00:00, 25869.68ex/s, loss=4.7161] 
2024-05-06 13:11:21,869 INFO             Epoch 83 | average train loss: 4.3555
2024-05-06 13:11:21,913 INFO             Epoch 83 | average valid loss: 9.7237
train loss: 100%|████████████████████████████████████████████████████████████████████████████████████████████████████████████████████████████████████████████████████████████████████████████████████████████████████████████████████████████████████████████████████████████████████████████████████████████████████████████████████████████████████████████████████████████| 173670/173670 [00:06<00:00, 25860.20ex/s, loss=4.3391] 
2024-05-06 13:11:28,640 INFO             Epoch 84 | average train loss: 4.3511
2024-05-06 13:11:28,685 INFO             Epoch 84 | average valid loss: 9.7249
2024-05-06 13:11:30,185 INFO             valid MR: 6037.06 | MRR: 0.402 | H@1: 0.382 | H@3: 0.410 | H@10: 0.436 | AMRI: -0.000000 | MR_deviation: -40622.500
2024-05-06 13:11:30,185 INFO             Saving model at epoch 84 in \logs\05_06\WN18RR\ComplEx_13_01_27
train loss: 100%|████████████████████████████████████████████████████████████████████████████████████████████████████████████████████████████████████████████████████████████████████████████████████████████████████████████████████████████████████████████████████████████████████████████████████████████████████████████████████████████████████████████████████████████| 173670/173670 [00:06<00:00, 25965.70ex/s, loss=4.2586]
2024-05-06 13:11:36,914 INFO             Epoch 85 | average train loss: 4.3481
2024-05-06 13:11:36,958 INFO             Epoch 85 | average valid loss: 9.7216
train loss: 100%|████████████████████████████████████████████████████████████████████████████████████████████████████████████████████████████████████████████████████████████████████████████████████████████████████████████████████████████████████████████████████████████████████████████████████████████████████████████████████████████████████████████████████████████| 173670/173670 [00:06<00:00, 25872.14ex/s, loss=4.4377] 
2024-05-06 13:11:43,684 INFO             Epoch 86 | average train loss: 4.3462
2024-05-06 13:11:43,728 INFO             Epoch 86 | average valid loss: 9.7186
train loss: 100%|████████████████████████████████████████████████████████████████████████████████████████████████████████████████████████████████████████████████████████████████████████████████████████████████████████████████████████████████████████████████████████████████████████████████████████████████████████████████████████████████████████████████████████████| 173670/173670 [00:06<00:00, 25919.58ex/s, loss=4.3637] 
2024-05-06 13:11:50,442 INFO             Epoch 87 | average train loss: 4.3433
2024-05-06 13:11:50,488 INFO             Epoch 87 | average valid loss: 9.7196
train loss: 100%|████████████████████████████████████████████████████████████████████████████████████████████████████████████████████████████████████████████████████████████████████████████████████████████████████████████████████████████████████████████████████████████████████████████████████████████████████████████████████████████████████████████████████████████| 173670/173670 [00:06<00:00, 25801.85ex/s, loss=4.5924] 
2024-05-06 13:11:57,234 INFO             Epoch 88 | average train loss: 4.3417
2024-05-06 13:11:57,275 INFO             Epoch 88 | average valid loss: 9.7157
train loss: 100%|████████████████████████████████████████████████████████████████████████████████████████████████████████████████████████████████████████████████████████████████████████████████████████████████████████████████████████████████████████████████████████████████████████████████████████████████████████████████████████████████████████████████████████████| 173670/173670 [00:06<00:00, 26003.73ex/s, loss=4.3917] 
2024-05-06 13:12:03,967 INFO             Epoch 89 | average train loss: 4.3384
2024-05-06 13:12:04,011 INFO             Epoch 89 | average valid loss: 9.7127
2024-05-06 13:12:05,478 INFO             valid MR: 6032.74 | MRR: 0.403 | H@1: 0.383 | H@3: 0.411 | H@10: 0.438 | AMRI: 0.000000 | MR_deviation: -40607.500
2024-05-06 13:12:05,479 INFO             Saving model at epoch 89 in \logs\05_06\WN18RR\ComplEx_13_01_27
train loss: 100%|████████████████████████████████████████████████████████████████████████████████████████████████████████████████████████████████████████████████████████████████████████████████████████████████████████████████████████████████████████████████████████████████████████████████████████████████████████████████████████████████████████████████████████████| 173670/173670 [00:06<00:00, 25863.75ex/s, loss=4.2362]
2024-05-06 13:12:12,233 INFO             Epoch 90 | average train loss: 4.3353
2024-05-06 13:12:12,278 INFO             Epoch 90 | average valid loss: 9.7116
train loss: 100%|████████████████████████████████████████████████████████████████████████████████████████████████████████████████████████████████████████████████████████████████████████████████████████████████████████████████████████████████████████████████████████████████████████████████████████████████████████████████████████████████████████████████████████████| 173670/173670 [00:06<00:00, 25910.47ex/s, loss=4.5184] 
2024-05-06 13:12:18,993 INFO             Epoch 91 | average train loss: 4.3341
2024-05-06 13:12:19,037 INFO             Epoch 91 | average valid loss: 9.7101
train loss: 100%|████████████████████████████████████████████████████████████████████████████████████████████████████████████████████████████████████████████████████████████████████████████████████████████████████████████████████████████████████████████████████████████████████████████████████████████████████████████████████████████████████████████████████████████| 173670/173670 [00:06<00:00, 25831.76ex/s, loss=4.2150] 
2024-05-06 13:12:25,773 INFO             Epoch 92 | average train loss: 4.3305
2024-05-06 13:12:25,817 INFO             Epoch 92 | average valid loss: 9.7097
train loss: 100%|███████████████████████████████████████████████████████████████████████████████████████████████████████████████████████████████████████████████████████████████████████████████████████████████████████████████████████████████████████████████████████████████████████████████████████████████████████████████████████████████████████████████████████2024-05-06 13:13:07,801 INFO             Epoch 98 | average valid loss: 9.6987
train loss: 100%|████████████████████████████████████████████████████████████████████████████████████████████████████████████████████████████████████████████████████████████████████████████████████████████████████████████████████████████████████████████████████████████████████████████████████████████████████████████████████████████████████████████████████████████| 173670/173670 [00:06<00:00, 25755.02ex/s, loss=4.5384]
2024-05-06 13:13:14,556 INFO             Epoch 99 | average train loss: 4.3165
2024-05-06 13:13:14,600 INFO             Epoch 99 | average valid loss: 9.6994
2024-05-06 13:13:16,098 INFO             valid MR: 6019.77 | MRR: 0.403 | H@1: 0.382 | H@3: 0.412 | H@10: 0.439 | AMRI: 0.000000 | MR_deviation: -40552.000
2024-05-06 13:13:16,099 INFO             Saving model at epoch 99 in \logs\05_06\WN18RR\ComplEx_13_01_27
2024-05-06 13:13:16,134 INFO             Optimization finished
2024-05-06 13:13:16,134 INFO             Loading best model saved at epoch 99
2024-05-06 13:13:17,675 INFO             valid MR: 6019.77 | MRR: 0.403 | H@1: 0.382 | H@3: 0.412 | H@10: 0.439 | AMRI: 0.000000 | MR_deviation: -40552.000
2024-05-06 13:13:19,317 INFO             test MR: 5807.97 | MRR: 0.404 | H@1: 0.384 | H@3: 0.410 | H@10: 0.443 | AMRI: 0.000000 | MR_deviation: -40931.000
