2024-05-16 10:17:02 INFO     ### Saving logs in: C:\Users\Tim\Documents\Masterarbeit\Software\Ensemble_Embedding_for_Link_Prediction\data\WN18RR_Entity_sampling_N4_min0.3\results ###
2024-05-16 10:17:02 INFO     ### Saving .json config files of models in: C:\Users\Tim\Documents\Masterarbeit\Software\Ensemble_Embedding_for_Link_Prediction\data\WN18RR_Entity_sampling_N4_min0.3\results\model_setup_configs ###
2024-05-16 10:17:02 INFO     ### Saving .pt files of stored models in: C:\Users\Tim\Documents\Masterarbeit\Software\Ensemble_Embedding_for_Link_Prediction\data\WN18RR_Entity_sampling_N4_min0.3\results\model_files ###
2024-05-16 10:17:02 INFO     -/	Setting up embedding models	\-
2024-05-16 10:17:02 INFO     All subgraphs will be embedded by ComplEx
2024-05-16 10:17:02 INFO     Setting ComplEx as embedding method for subgraph sub_000.
2024-05-16 10:17:02 INFO     Setting ComplEx as embedding method for subgraph sub_001.
2024-05-16 10:17:02 INFO     Setting ComplEx as embedding method for subgraph sub_002.
2024-05-16 10:17:02 INFO     Setting ComplEx as embedding method for subgraph sub_003.
2024-05-16 10:17:02 INFO     Mapping from embedding methods to subgraphs: {'ComplEx': [0, 1, 2, 3]}
2024-05-16 10:17:02 INFO     No already trained models found.
2024-05-16 10:17:02 INFO     -/	Creating new model from embedding method ComplEx for subgraph sub_000	\-
2024-05-16 10:17:02 INFO     Loading data for subgraph sub_000.
2024-05-16 10:17:03 INFO     -\	Total number of parameters: 4014526	/-
2024-05-16 10:17:03 INFO     -/	Creating new model from embedding method ComplEx for subgraph sub_001	\-
2024-05-16 10:17:03 INFO     Loading data for subgraph sub_001.
2024-05-16 10:17:03 INFO     -\	Total number of parameters: 4014526	/-
2024-05-16 10:17:03 INFO     -/	Creating new model from embedding method ComplEx for subgraph sub_002	\-
2024-05-16 10:17:03 INFO     Loading data for subgraph sub_002.
2024-05-16 10:17:04 INFO     -\	Total number of parameters: 4014526	/-
2024-05-16 10:17:04 INFO     -/	Creating new model from embedding method ComplEx for subgraph sub_003	\-
2024-05-16 10:17:04 INFO     Loading data for subgraph sub_003.
2024-05-16 10:17:04 INFO     -\	Total number of parameters: 4014526	/-
2024-05-16 10:17:04 INFO     -\	Successfully created all models in 1.87 seconds	/-
2024-05-16 10:17:04 INFO     -/	Starting training	\-
2024-05-16 10:17:04 INFO     -/	Start training sub_000 with ComplEx	\-
2024-05-16 10:17:05 INFO     -/	Start training sub_001 with ComplEx	\-
2024-05-16 10:17:05 INFO     -/	Start training sub_002 with ComplEx	\-
2024-05-16 10:17:05 INFO     -/	Start training sub_003 with ComplEx	\-
2024-05-16 10:17:05 INFO     Training subgraph sub_000 in epoch 0 with model ComplEx
2024-05-16 10:17:30 INFO     Subgraph sub_000 Training Epoch 0 | average train loss: 11.3881
2024-05-16 10:17:30 INFO     Training subgraph sub_001 in epoch 0 with model ComplEx
2024-05-16 10:17:54 INFO     Subgraph sub_001 Training Epoch 0 | average train loss: 11.3077
2024-05-16 10:17:54 INFO     Training subgraph sub_002 in epoch 0 with model ComplEx
2024-05-16 10:18:18 INFO     Subgraph sub_002 Training Epoch 0 | average train loss: 11.3843
2024-05-16 10:18:18 INFO     Training subgraph sub_003 in epoch 0 with model ComplEx
2024-05-16 10:18:42 INFO     Subgraph sub_003 Training Epoch 0 | average train loss: 11.3711
2024-05-16 10:18:42 INFO     Calculating self-attention...
2024-05-16 10:18:45 INFO     Calculating unified embedding for entities and relation names.
2024-05-16 10:18:45 INFO     Applying general embeddings to all models.
2024-05-16 10:18:46 INFO     Validation Epoch 0 | average valid loss: 13.8379
2024-05-16 10:18:46 INFO     -\	Training and optimization of epoch 0 finished in 1 minute, 40.54 seconds	/-
2024-05-16 10:18:46 INFO     Training subgraph sub_000 in epoch 1 with model ComplEx
2024-05-16 10:19:10 INFO     Subgraph sub_000 Training Epoch 1 | average train loss: 10.3381
2024-05-16 10:19:10 INFO     Training subgraph sub_001 in epoch 1 with model ComplEx
2024-05-16 10:19:34 INFO     Subgraph sub_001 Training Epoch 1 | average train loss: 10.2491
2024-05-16 10:19:34 INFO     Training subgraph sub_002 in epoch 1 with model ComplEx
2024-05-16 10:19:58 INFO     Subgraph sub_002 Training Epoch 1 | average train loss: 10.3293
2024-05-16 10:19:58 INFO     Training subgraph sub_003 in epoch 1 with model ComplEx
2024-05-16 10:20:22 INFO     Subgraph sub_003 Training Epoch 1 | average train loss: 10.2555
2024-05-16 10:20:22 INFO     Calculating self-attention...
2024-05-16 10:20:26 INFO     Calculating unified embedding for entities and relation names.
2024-05-16 10:20:26 INFO     Applying general embeddings to all models.
2024-05-16 10:20:27 INFO     Validation Epoch 1 | average valid loss: 15.1575
2024-05-16 10:20:27 INFO     -\	Training and optimization of epoch 1 finished in 1 minute, 41.12 seconds	/-
2024-05-16 10:20:27 INFO     Training subgraph sub_000 in epoch 2 with model ComplEx
2024-05-16 10:20:51 INFO     Subgraph sub_000 Training Epoch 2 | average train loss: 9.7700
2024-05-16 10:20:51 INFO     Training subgraph sub_001 in epoch 2 with model ComplEx
2024-05-16 10:21:15 INFO     Subgraph sub_001 Training Epoch 2 | average train loss: 9.6340
2024-05-16 10:21:15 INFO     Training subgraph sub_002 in epoch 2 with model ComplEx
2024-05-16 10:21:40 INFO     Subgraph sub_002 Training Epoch 2 | average train loss: 9.7834
2024-05-16 10:21:40 INFO     Training subgraph sub_003 in epoch 2 with model ComplEx
2024-05-16 10:22:04 INFO     Subgraph sub_003 Training Epoch 2 | average train loss: 9.6127
2024-05-16 10:22:04 INFO     Calculating self-attention...
2024-05-16 10:22:07 INFO     Calculating unified embedding for entities and relation names.
2024-05-16 10:22:07 INFO     Applying general embeddings to all models.
2024-05-16 10:22:08 INFO     Validation Epoch 2 | average valid loss: 16.1748
2024-05-16 10:22:08 INFO     -\	Training and optimization of epoch 2 finished in 1 minute, 41.19 seconds	/-
2024-05-16 10:22:08 INFO     Training subgraph sub_000 in epoch 3 with model ComplEx
2024-05-16 10:22:32 INFO     Subgraph sub_000 Training Epoch 3 | average train loss: 9.2856
2024-05-16 10:22:32 INFO     Training subgraph sub_001 in epoch 3 with model ComplEx
2024-05-16 10:22:56 INFO     Subgraph sub_001 Training Epoch 3 | average train loss: 9.1185
2024-05-16 10:22:56 INFO     Training subgraph sub_002 in epoch 3 with model ComplEx
2024-05-16 10:23:20 INFO     Subgraph sub_002 Training Epoch 3 | average train loss: 9.3270
2024-05-16 10:23:20 INFO     Training subgraph sub_003 in epoch 3 with model ComplEx
2024-05-16 10:23:45 INFO     Subgraph sub_003 Training Epoch 3 | average train loss: 9.0425
2024-05-16 10:23:45 INFO     Calculating self-attention...
2024-05-16 10:23:48 INFO     Calculating unified embedding for entities and relation names.
2024-05-16 10:23:49 INFO     Applying general embeddings to all models.
2024-05-16 10:23:49 INFO     Validation Epoch 3 | average valid loss: 17.0516
2024-05-16 10:23:49 INFO     -\	Training and optimization of epoch 3 finished in 1 minute, 41.56 seconds	/-
2024-05-16 10:23:49 INFO     Training subgraph sub_000 in epoch 4 with model ComplEx
2024-05-16 10:24:14 INFO     Subgraph sub_000 Training Epoch 4 | average train loss: 8.8099
2024-05-16 10:24:14 INFO     Training subgraph sub_001 in epoch 4 with model ComplEx
2024-05-16 10:24:39 INFO     Subgraph sub_001 Training Epoch 4 | average train loss: 8.6188
2024-05-16 10:24:39 INFO     Training subgraph sub_002 in epoch 4 with model ComplEx
2024-05-16 10:25:03 INFO     Subgraph sub_002 Training Epoch 4 | average train loss: 8.8629
2024-05-16 10:25:03 INFO     Training subgraph sub_003 in epoch 4 with model ComplEx
2024-05-16 10:25:27 INFO     Subgraph sub_003 Training Epoch 4 | average train loss: 8.4674
2024-05-16 10:25:27 INFO     Calculating self-attention...
2024-05-16 10:25:31 INFO     Calculating unified embedding for entities and relation names.
2024-05-16 10:25:31 INFO     Applying general embeddings to all models.
2024-05-16 10:25:32 INFO     Validation Epoch 4 | average valid loss: 17.8593
2024-05-16 10:25:32 INFO     -/	Validating the ensemble with the score aggregation method "average score".	\-
2024-05-16 10:25:42 INFO     Combining scores of all models with average score.
2024-05-16 10:25:44 INFO     Successfully aggregated all scores with aggregation method average score.
2024-05-16 10:25:46 INFO     	 valid MR: 11211.01 | MRR: 0.196 | H@1: 0.155 | H@3: 0.214 | H@10: 0.270 | AMRI: 0.452409 | MR_deviation: 5.000
2024-05-16 10:25:46 INFO     -\	Finished validating the ensemble in 14.62 seconds	/-
2024-05-16 10:25:46 INFO     Saving models at epoch 4 in C:\Users\Tim\Documents\Masterarbeit\Software\Ensemble_Embedding_for_Link_Prediction\data\WN18RR_Entity_sampling_N4_min0.3\results\model_files
2024-05-16 10:25:46 INFO     -\	Training and optimization of epoch 4 finished in 1 minute, 57.11 seconds	/-
2024-05-16 10:25:46 INFO     Training subgraph sub_000 in epoch 5 with model ComplEx
2024-05-16 10:26:11 INFO     Subgraph sub_000 Training Epoch 5 | average train loss: 8.3285
2024-05-16 10:26:11 INFO     Training subgraph sub_001 in epoch 5 with model ComplEx
2024-05-16 10:26:35 INFO     Subgraph sub_001 Training Epoch 5 | average train loss: 8.1088
2024-05-16 10:26:35 INFO     Training subgraph sub_002 in epoch 5 with model ComplEx
2024-05-16 10:27:00 INFO     Subgraph sub_002 Training Epoch 5 | average train loss: 8.3839
2024-05-16 10:27:00 INFO     Training subgraph sub_003 in epoch 5 with model ComplEx
2024-05-16 10:27:24 INFO     Subgraph sub_003 Training Epoch 5 | average train loss: 7.9004
2024-05-16 10:27:24 INFO     Calculating self-attention...
2024-05-16 10:27:27 INFO     Calculating unified embedding for entities and relation names.
2024-05-16 10:27:27 INFO     Applying general embeddings to all models.
2024-05-16 10:27:28 INFO     Validation Epoch 5 | average valid loss: 18.4530
2024-05-16 10:27:28 INFO     -\	Training and optimization of epoch 5 finished in 1 minute, 41.46 seconds	/-
2024-05-16 10:27:28 INFO     Training subgraph sub_000 in epoch 6 with model ComplEx
2024-05-16 10:27:52 INFO     Subgraph sub_000 Training Epoch 6 | average train loss: 7.8488
2024-05-16 10:27:52 INFO     Training subgraph sub_001 in epoch 6 with model ComplEx
2024-05-16 10:28:16 INFO     Subgraph sub_001 Training Epoch 6 | average train loss: 7.6136
2024-05-16 10:28:16 INFO     Training subgraph sub_002 in epoch 6 with model ComplEx
2024-05-16 10:28:41 INFO     Subgraph sub_002 Training Epoch 6 | average train loss: 7.9143
2024-05-16 10:28:41 INFO     Training subgraph sub_003 in epoch 6 with model ComplEx
2024-05-16 10:29:05 INFO     Subgraph sub_003 Training Epoch 6 | average train loss: 7.3841
2024-05-16 10:29:05 INFO     Calculating self-attention...
2024-05-16 10:29:08 INFO     Calculating unified embedding for entities and relation names.
2024-05-16 10:29:08 INFO     Applying general embeddings to all models.
2024-05-16 10:29:09 INFO     Validation Epoch 6 | average valid loss: 18.8299
2024-05-16 10:29:09 INFO     -\	Training and optimization of epoch 6 finished in 1 minute, 41.36 seconds	/-
2024-05-16 10:29:09 INFO     Training subgraph sub_000 in epoch 7 with model ComplEx
2024-05-16 10:29:33 INFO     Subgraph sub_000 Training Epoch 7 | average train loss: 7.3923
2024-05-16 10:29:33 INFO     Training subgraph sub_001 in epoch 7 with model ComplEx
2024-05-16 10:29:58 INFO     Subgraph sub_001 Training Epoch 7 | average train loss: 7.1603
2024-05-16 10:29:58 INFO     Training subgraph sub_002 in epoch 7 with model ComplEx
2024-05-16 10:30:22 INFO     Subgraph sub_002 Training Epoch 7 | average train loss: 7.4691
2024-05-16 10:30:22 INFO     Training subgraph sub_003 in epoch 7 with model ComplEx
2024-05-16 10:30:46 INFO     Subgraph sub_003 Training Epoch 7 | average train loss: 6.9441
2024-05-16 10:30:46 INFO     Calculating self-attention...
2024-05-16 10:30:49 INFO     Calculating unified embedding for entities and relation names.
2024-05-16 10:30:49 INFO     Applying general embeddings to all models.
2024-05-16 10:30:50 INFO     Validation Epoch 7 | average valid loss: 18.9852
2024-05-16 10:30:50 INFO     -\	Training and optimization of epoch 7 finished in 1 minute, 40.58 seconds	/-
2024-05-16 10:30:50 INFO     Training subgraph sub_000 in epoch 8 with model ComplEx
2024-05-16 10:31:14 INFO     Subgraph sub_000 Training Epoch 8 | average train loss: 6.9773
2024-05-16 10:31:14 INFO     Training subgraph sub_001 in epoch 8 with model ComplEx
2024-05-16 10:31:38 INFO     Subgraph sub_001 Training Epoch 8 | average train loss: 6.7609
2024-05-16 10:31:38 INFO     Training subgraph sub_002 in epoch 8 with model ComplEx
2024-05-16 10:32:02 INFO     Subgraph sub_002 Training Epoch 8 | average train loss: 7.0574
2024-05-16 10:32:02 INFO     Training subgraph sub_003 in epoch 8 with model ComplEx
2024-05-16 10:32:27 INFO     Subgraph sub_003 Training Epoch 8 | average train loss: 6.5784
2024-05-16 10:32:27 INFO     Calculating self-attention...
2024-05-16 10:32:30 INFO     Calculating unified embedding for entities and relation names.
2024-05-16 10:32:30 INFO     Applying general embeddings to all models.
2024-05-16 10:32:31 INFO     Validation Epoch 8 | average valid loss: 18.9619
2024-05-16 10:32:31 INFO     -\	Training and optimization of epoch 8 finished in 1 minute, 40.87 seconds	/-
2024-05-16 10:32:31 INFO     Training subgraph sub_000 in epoch 9 with model ComplEx
2024-05-16 10:32:55 INFO     Subgraph sub_000 Training Epoch 9 | average train loss: 6.6144
2024-05-16 10:32:55 INFO     Training subgraph sub_001 in epoch 9 with model ComplEx
2024-05-16 10:33:19 INFO     Subgraph sub_001 Training Epoch 9 | average train loss: 6.4173
2024-05-16 10:33:19 INFO     Training subgraph sub_002 in epoch 9 with model ComplEx
2024-05-16 10:33:44 INFO     Subgraph sub_002 Training Epoch 9 | average train loss: 6.6874
2024-05-16 10:33:44 INFO     Training subgraph sub_003 in epoch 9 with model ComplEx
2024-05-16 10:34:08 INFO     Subgraph sub_003 Training Epoch 9 | average train loss: 6.2761
2024-05-16 10:34:08 INFO     Calculating self-attention...
2024-05-16 10:34:11 INFO     Calculating unified embedding for entities and relation names.
2024-05-16 10:34:11 INFO     Applying general embeddings to all models.
2024-05-16 10:34:12 INFO     Validation Epoch 9 | average valid loss: 18.8138
2024-05-16 10:34:12 INFO     -/	Validating the ensemble with the score aggregation method "average score".	\-
2024-05-16 10:34:21 INFO     Combining scores of all models with average score.
2024-05-16 10:34:23 INFO     Successfully aggregated all scores with aggregation method average score.
2024-05-16 10:34:26 INFO     	 valid MR: 10408.43 | MRR: 0.308 | H@1: 0.262 | H@3: 0.339 | H@10: 0.389 | AMRI: 0.491614 | MR_deviation: 2.000
2024-05-16 10:34:26 INFO     -\	Finished validating the ensemble in 13.66 seconds	/-
2024-05-16 10:34:26 INFO     Saving models at epoch 9 in C:\Users\Tim\Documents\Masterarbeit\Software\Ensemble_Embedding_for_Link_Prediction\data\WN18RR_Entity_sampling_N4_min0.3\results\model_files
2024-05-16 10:34:26 INFO     -\	Training and optimization of epoch 9 finished in 1 minute, 55.23 seconds	/-
2024-05-16 10:34:26 INFO     Training subgraph sub_000 in epoch 10 with model ComplEx
2024-05-16 10:34:50 INFO     Subgraph sub_000 Training Epoch 10 | average train loss: 6.3039
2024-05-16 10:34:50 INFO     Training subgraph sub_001 in epoch 10 with model ComplEx
2024-05-16 10:35:15 INFO     Subgraph sub_001 Training Epoch 10 | average train loss: 6.1252
2024-05-16 10:35:15 INFO     Training subgraph sub_002 in epoch 10 with model ComplEx
2024-05-16 10:35:39 INFO     Subgraph sub_002 Training Epoch 10 | average train loss: 6.3636
2024-05-16 10:35:39 INFO     Training subgraph sub_003 in epoch 10 with model ComplEx
2024-05-16 10:36:03 INFO     Subgraph sub_003 Training Epoch 10 | average train loss: 6.0243
2024-05-16 10:36:03 INFO     Calculating self-attention...
2024-05-16 10:36:07 INFO     Calculating unified embedding for entities and relation names.
2024-05-16 10:36:07 INFO     Applying general embeddings to all models.
2024-05-16 10:36:08 INFO     Validation Epoch 10 | average valid loss: 18.5493
2024-05-16 10:36:08 INFO     -\	Training and optimization of epoch 10 finished in 1 minute, 41.57 seconds	/-
2024-05-16 10:36:08 INFO     Training subgraph sub_000 in epoch 11 with model ComplEx
2024-05-16 10:36:32 INFO     Subgraph sub_000 Training Epoch 11 | average train loss: 6.0405
2024-05-16 10:36:32 INFO     Training subgraph sub_001 in epoch 11 with model ComplEx
2024-05-16 10:36:56 INFO     Subgraph sub_001 Training Epoch 11 | average train loss: 5.8790
2024-05-16 10:36:56 INFO     Training subgraph sub_002 in epoch 11 with model ComplEx
2024-05-16 10:37:20 INFO     Subgraph sub_002 Training Epoch 11 | average train loss: 6.0864
2024-05-16 10:37:20 INFO     Training subgraph sub_003 in epoch 11 with model ComplEx
2024-05-16 10:37:44 INFO     Subgraph sub_003 Training Epoch 11 | average train loss: 5.8124
2024-05-16 10:37:44 INFO     Calculating self-attention...
2024-05-16 10:37:47 INFO     Calculating unified embedding for entities and relation names.
2024-05-16 10:37:47 INFO     Applying general embeddings to all models.
2024-05-16 10:37:48 INFO     Validation Epoch 11 | average valid loss: 18.2132
2024-05-16 10:37:48 INFO     -\	Training and optimization of epoch 11 finished in 1 minute, 40.21 seconds	/-
2024-05-16 10:37:48 INFO     Training subgraph sub_000 in epoch 12 with model ComplEx
2024-05-16 10:38:12 INFO     Subgraph sub_000 Training Epoch 12 | average train loss: 5.8179
2024-05-16 10:38:12 INFO     Training subgraph sub_001 in epoch 12 with model ComplEx
2024-05-16 10:38:36 INFO     Subgraph sub_001 Training Epoch 12 | average train loss: 5.6719
2024-05-16 10:38:36 INFO     Training subgraph sub_002 in epoch 12 with model ComplEx
2024-05-16 10:39:00 INFO     Subgraph sub_002 Training Epoch 12 | average train loss: 5.8516
2024-05-16 10:39:00 INFO     Training subgraph sub_003 in epoch 12 with model ComplEx
2024-05-16 10:39:24 INFO     Subgraph sub_003 Training Epoch 12 | average train loss: 5.6324
2024-05-16 10:39:24 INFO     Calculating self-attention...
2024-05-16 10:39:28 INFO     Calculating unified embedding for entities and relation names.
2024-05-16 10:39:28 INFO     Applying general embeddings to all models.
2024-05-16 10:39:28 INFO     Validation Epoch 12 | average valid loss: 17.8536
2024-05-16 10:39:28 INFO     -\	Training and optimization of epoch 12 finished in 1 minute, 40.65 seconds	/-
2024-05-16 10:39:28 INFO     Training subgraph sub_000 in epoch 13 with model ComplEx
2024-05-16 10:39:53 INFO     Subgraph sub_000 Training Epoch 13 | average train loss: 5.6296
2024-05-16 10:39:53 INFO     Training subgraph sub_001 in epoch 13 with model ComplEx
2024-05-16 10:40:17 INFO     Subgraph sub_001 Training Epoch 13 | average train loss: 5.4978
2024-05-16 10:40:17 INFO     Training subgraph sub_002 in epoch 13 with model ComplEx
2024-05-16 10:40:41 INFO     Subgraph sub_002 Training Epoch 13 | average train loss: 5.6532
2024-05-16 10:40:41 INFO     Training subgraph sub_003 in epoch 13 with model ComplEx
2024-05-16 10:41:05 INFO     Subgraph sub_003 Training Epoch 13 | average train loss: 5.4784
2024-05-16 10:41:05 INFO     Calculating self-attention...
2024-05-16 10:41:08 INFO     Calculating unified embedding for entities and relation names.
2024-05-16 10:41:08 INFO     Applying general embeddings to all models.
2024-05-16 10:41:09 INFO     Validation Epoch 13 | average valid loss: 17.4496
2024-05-16 10:41:09 INFO     -\	Training and optimization of epoch 13 finished in 1 minute, 40.48 seconds	/-
2024-05-16 10:41:09 INFO     Training subgraph sub_000 in epoch 14 with model ComplEx
2024-05-16 10:41:33 INFO     Subgraph sub_000 Training Epoch 14 | average train loss: 5.4697
2024-05-16 10:41:33 INFO     Training subgraph sub_001 in epoch 14 with model ComplEx
2024-05-16 10:41:57 INFO     Subgraph sub_001 Training Epoch 14 | average train loss: 5.3505
2024-05-16 10:41:57 INFO     Training subgraph sub_002 in epoch 14 with model ComplEx
2024-05-16 10:42:21 INFO     Subgraph sub_002 Training Epoch 14 | average train loss: 5.4855
2024-05-16 10:42:21 INFO     Training subgraph sub_003 in epoch 14 with model ComplEx
2024-05-16 10:42:45 INFO     Subgraph sub_003 Training Epoch 14 | average train loss: 5.3454
2024-05-16 10:42:45 INFO     Calculating self-attention...
2024-05-16 10:42:48 INFO     Calculating unified embedding for entities and relation names.
2024-05-16 10:42:48 INFO     Applying general embeddings to all models.
2024-05-16 10:42:49 INFO     Validation Epoch 14 | average valid loss: 17.0352
2024-05-16 10:42:49 INFO     -/	Validating the ensemble with the score aggregation method "average score".	\-
2024-05-16 10:42:58 INFO     Combining scores of all models with average score.
2024-05-16 10:43:00 INFO     Successfully aggregated all scores with aggregation method average score.
2024-05-16 10:43:02 INFO     	 valid MR: 10469.05 | MRR: 0.315 | H@1: 0.266 | H@3: 0.350 | H@10: 0.399 | AMRI: 0.488652 | MR_deviation: 2.000
2024-05-16 10:43:02 INFO     -\	Finished validating the ensemble in 12.82 seconds	/-
2024-05-16 10:43:02 INFO     Saving models at epoch 14 in C:\Users\Tim\Documents\Masterarbeit\Software\Ensemble_Embedding_for_Link_Prediction\data\WN18RR_Entity_sampling_N4_min0.3\results\model_files
2024-05-16 10:43:02 INFO     -\	Training and optimization of epoch 14 finished in 1 minute, 53.43 seconds	/-
2024-05-16 10:43:02 INFO     Training subgraph sub_000 in epoch 15 with model ComplEx
2024-05-16 10:43:27 INFO     Subgraph sub_000 Training Epoch 15 | average train loss: 5.3332
2024-05-16 10:43:27 INFO     Training subgraph sub_001 in epoch 15 with model ComplEx
2024-05-16 10:43:51 INFO     Subgraph sub_001 Training Epoch 15 | average train loss: 5.2254
2024-05-16 10:43:51 INFO     Training subgraph sub_002 in epoch 15 with model ComplEx
2024-05-16 10:44:15 INFO     Subgraph sub_002 Training Epoch 15 | average train loss: 5.3431
2024-05-16 10:44:15 INFO     Training subgraph sub_003 in epoch 15 with model ComplEx
2024-05-16 10:44:39 INFO     Subgraph sub_003 Training Epoch 15 | average train loss: 5.2300
2024-05-16 10:44:39 INFO     Calculating self-attention...
2024-05-16 10:44:42 INFO     Calculating unified embedding for entities and relation names.
2024-05-16 10:44:42 INFO     Applying general embeddings to all models.
2024-05-16 10:44:43 INFO     Validation Epoch 15 | average valid loss: 16.6135
2024-05-16 10:44:43 INFO     -\	Training and optimization of epoch 15 finished in 1 minute, 40.26 seconds	/-
2024-05-16 10:44:43 INFO     Training subgraph sub_000 in epoch 16 with model ComplEx
2024-05-16 10:45:07 INFO     Subgraph sub_000 Training Epoch 16 | average train loss: 5.2164
2024-05-16 10:45:07 INFO     Training subgraph sub_001 in epoch 16 with model ComplEx
2024-05-16 10:45:31 INFO     Subgraph sub_001 Training Epoch 16 | average train loss: 5.1188
2024-05-16 10:45:31 INFO     Training subgraph sub_002 in epoch 16 with model ComplEx
2024-05-16 10:45:55 INFO     Subgraph sub_002 Training Epoch 16 | average train loss: 5.2218
2024-05-16 10:45:55 INFO     Training subgraph sub_003 in epoch 16 with model ComplEx
2024-05-16 10:46:19 INFO     Subgraph sub_003 Training Epoch 16 | average train loss: 5.1292
2024-05-16 10:46:19 INFO     Calculating self-attention...
2024-05-16 10:46:22 INFO     Calculating unified embedding for entities and relation names.
2024-05-16 10:46:22 INFO     Applying general embeddings to all models.
2024-05-16 10:46:23 INFO     Validation Epoch 16 | average valid loss: 16.2008
2024-05-16 10:46:23 INFO     -\	Training and optimization of epoch 16 finished in 1 minute, 40.46 seconds	/-
2024-05-16 10:46:23 INFO     Training subgraph sub_000 in epoch 17 with model ComplEx
2024-05-16 10:46:47 INFO     Subgraph sub_000 Training Epoch 17 | average train loss: 5.1159
2024-05-16 10:46:47 INFO     Training subgraph sub_001 in epoch 17 with model ComplEx
2024-05-16 10:47:11 INFO     Subgraph sub_001 Training Epoch 17 | average train loss: 5.0271
2024-05-16 10:47:11 INFO     Training subgraph sub_002 in epoch 17 with model ComplEx
2024-05-16 10:47:36 INFO     Subgraph sub_002 Training Epoch 17 | average train loss: 5.1177
2024-05-16 10:47:36 INFO     Training subgraph sub_003 in epoch 17 with model ComplEx
2024-05-16 10:48:00 INFO     Subgraph sub_003 Training Epoch 17 | average train loss: 5.0409
2024-05-16 10:48:00 INFO     Calculating self-attention...
2024-05-16 10:48:03 INFO     Calculating unified embedding for entities and relation names.
2024-05-16 10:48:03 INFO     Applying general embeddings to all models.
2024-05-16 10:48:03 INFO     Validation Epoch 17 | average valid loss: 15.8052
2024-05-16 10:48:03 INFO     -\	Training and optimization of epoch 17 finished in 1 minute, 40.46 seconds	/-
2024-05-16 10:48:03 INFO     Training subgraph sub_000 in epoch 18 with model ComplEx
2024-05-16 10:48:28 INFO     Subgraph sub_000 Training Epoch 18 | average train loss: 5.0290
2024-05-16 10:48:28 INFO     Training subgraph sub_001 in epoch 18 with model ComplEx
2024-05-16 10:48:52 INFO     Subgraph sub_001 Training Epoch 18 | average train loss: 4.9480
2024-05-16 10:48:52 INFO     Training subgraph sub_002 in epoch 18 with model ComplEx
2024-05-16 10:49:16 INFO     Subgraph sub_002 Training Epoch 18 | average train loss: 5.0281
2024-05-16 10:49:16 INFO     Training subgraph sub_003 in epoch 18 with model ComplEx
2024-05-16 10:49:40 INFO     Subgraph sub_003 Training Epoch 18 | average train loss: 4.9633
2024-05-16 10:49:40 INFO     Calculating self-attention...
2024-05-16 10:49:43 INFO     Calculating unified embedding for entities and relation names.
2024-05-16 10:49:43 INFO     Applying general embeddings to all models.
2024-05-16 10:49:44 INFO     Validation Epoch 18 | average valid loss: 15.4242
2024-05-16 10:49:44 INFO     -\	Training and optimization of epoch 18 finished in 1 minute, 40.31 seconds	/-
2024-05-16 10:49:44 INFO     Training subgraph sub_000 in epoch 19 with model ComplEx
2024-05-16 10:50:08 INFO     Subgraph sub_000 Training Epoch 19 | average train loss: 4.9532
2024-05-16 10:50:08 INFO     Training subgraph sub_001 in epoch 19 with model ComplEx
2024-05-16 10:50:32 INFO     Subgraph sub_001 Training Epoch 19 | average train loss: 4.8789
2024-05-16 10:50:32 INFO     Training subgraph sub_002 in epoch 19 with model ComplEx
2024-05-16 10:50:56 INFO     Subgraph sub_002 Training Epoch 19 | average train loss: 4.9502
2024-05-16 10:50:56 INFO     Training subgraph sub_003 in epoch 19 with model ComplEx
2024-05-16 10:51:19 INFO     Subgraph sub_003 Training Epoch 19 | average train loss: 4.8947
2024-05-16 10:51:19 INFO     Calculating self-attention...
2024-05-16 10:51:22 INFO     Calculating unified embedding for entities and relation names.
2024-05-16 10:51:22 INFO     Applying general embeddings to all models.
2024-05-16 10:51:23 INFO     Validation Epoch 19 | average valid loss: 15.0589
2024-05-16 10:51:23 INFO     -/	Validating the ensemble with the score aggregation method "average score".	\-
2024-05-16 10:51:31 INFO     Combining scores of all models with average score.
2024-05-16 10:51:33 INFO     Successfully aggregated all scores with aggregation method average score.
2024-05-16 10:51:35 INFO     	 valid MR: 10579.73 | MRR: 0.316 | H@1: 0.266 | H@3: 0.352 | H@10: 0.397 | AMRI: 0.483246 | MR_deviation: 2.000
2024-05-16 10:51:35 INFO     -\	Finished validating the ensemble in 12.17 seconds	/-
2024-05-16 10:51:35 INFO     Saving models at epoch 19 in C:\Users\Tim\Documents\Masterarbeit\Software\Ensemble_Embedding_for_Link_Prediction\data\WN18RR_Entity_sampling_N4_min0.3\results\model_files
2024-05-16 10:51:35 INFO     -\	Training and optimization of epoch 19 finished in 1 minute, 51.16 seconds	/-
2024-05-16 10:51:35 INFO     Training subgraph sub_000 in epoch 20 with model ComplEx
2024-05-16 10:51:58 INFO     Subgraph sub_000 Training Epoch 20 | average train loss: 4.8867
2024-05-16 10:51:58 INFO     Training subgraph sub_001 in epoch 20 with model ComplEx
2024-05-16 10:52:21 INFO     Subgraph sub_001 Training Epoch 20 | average train loss: 4.8186
2024-05-16 10:52:21 INFO     Training subgraph sub_002 in epoch 20 with model ComplEx
2024-05-16 10:52:45 INFO     Subgraph sub_002 Training Epoch 20 | average train loss: 4.8822
2024-05-16 10:52:45 INFO     Training subgraph sub_003 in epoch 20 with model ComplEx
2024-05-16 10:53:08 INFO     Subgraph sub_003 Training Epoch 20 | average train loss: 4.8339
2024-05-16 10:53:08 INFO     Calculating self-attention...
2024-05-16 10:53:11 INFO     Calculating unified embedding for entities and relation names.
2024-05-16 10:53:11 INFO     Applying general embeddings to all models.
2024-05-16 10:53:12 INFO     Validation Epoch 20 | average valid loss: 14.7203
2024-05-16 10:53:12 INFO     -\	Training and optimization of epoch 20 finished in 1 minute, 37.08 seconds	/-
2024-05-16 10:53:12 INFO     Training subgraph sub_000 in epoch 21 with model ComplEx
2024-05-16 10:53:35 INFO     Subgraph sub_000 Training Epoch 21 | average train loss: 4.8282
2024-05-16 10:53:35 INFO     Training subgraph sub_001 in epoch 21 with model ComplEx
2024-05-16 10:53:59 INFO     Subgraph sub_001 Training Epoch 21 | average train loss: 4.7653
2024-05-16 10:53:59 INFO     Training subgraph sub_002 in epoch 21 with model ComplEx
2024-05-16 10:54:22 INFO     Subgraph sub_002 Training Epoch 21 | average train loss: 4.8224
2024-05-16 10:54:22 INFO     Training subgraph sub_003 in epoch 21 with model ComplEx
2024-05-16 10:54:46 INFO     Subgraph sub_003 Training Epoch 21 | average train loss: 4.7796
2024-05-16 10:54:46 INFO     Calculating self-attention...
2024-05-16 10:54:49 INFO     Calculating unified embedding for entities and relation names.
2024-05-16 10:54:49 INFO     Applying general embeddings to all models.
2024-05-16 10:54:50 INFO     Validation Epoch 21 | average valid loss: 14.3975
2024-05-16 10:54:50 INFO     -\	Training and optimization of epoch 21 finished in 1 minute, 37.47 seconds	/-
2024-05-16 10:54:50 INFO     Training subgraph sub_000 in epoch 22 with model ComplEx
2024-05-16 10:55:13 INFO     Subgraph sub_000 Training Epoch 22 | average train loss: 4.7763
2024-05-16 10:55:13 INFO     Training subgraph sub_001 in epoch 22 with model ComplEx
2024-05-16 10:55:36 INFO     Subgraph sub_001 Training Epoch 22 | average train loss: 4.7179
2024-05-16 10:55:36 INFO     Training subgraph sub_002 in epoch 22 with model ComplEx
2024-05-16 10:56:01 INFO     Subgraph sub_002 Training Epoch 22 | average train loss: 4.7695
2024-05-16 10:56:01 INFO     Training subgraph sub_003 in epoch 22 with model ComplEx
2024-05-16 10:56:25 INFO     Subgraph sub_003 Training Epoch 22 | average train loss: 4.7312
2024-05-16 10:56:25 INFO     Calculating self-attention...
2024-05-16 10:56:28 INFO     Calculating unified embedding for entities and relation names.
2024-05-16 10:56:28 INFO     Applying general embeddings to all models.
2024-05-16 10:56:28 INFO     Validation Epoch 22 | average valid loss: 14.0911
2024-05-16 10:56:28 INFO     -\	Training and optimization of epoch 22 finished in 1 minute, 38.92 seconds	/-
2024-05-16 10:56:28 INFO     Training subgraph sub_000 in epoch 23 with model ComplEx
2024-05-16 10:56:52 INFO     Subgraph sub_000 Training Epoch 23 | average train loss: 4.7302
2024-05-16 10:56:52 INFO     Training subgraph sub_001 in epoch 23 with model ComplEx
2024-05-16 10:57:15 INFO     Subgraph sub_001 Training Epoch 23 | average train loss: 4.6757
2024-05-16 10:57:15 INFO     Training subgraph sub_002 in epoch 23 with model ComplEx
2024-05-16 10:57:39 INFO     Subgraph sub_002 Training Epoch 23 | average train loss: 4.7226
2024-05-16 10:57:39 INFO     Training subgraph sub_003 in epoch 23 with model ComplEx
2024-05-16 10:58:02 INFO     Subgraph sub_003 Training Epoch 23 | average train loss: 4.6877
2024-05-16 10:58:02 INFO     Calculating self-attention...
2024-05-16 10:58:05 INFO     Calculating unified embedding for entities and relation names.
2024-05-16 10:58:05 INFO     Applying general embeddings to all models.
2024-05-16 10:58:06 INFO     Validation Epoch 23 | average valid loss: 13.8192
2024-05-16 10:58:06 INFO     -\	Training and optimization of epoch 23 finished in 1 minute, 37.28 seconds	/-
2024-05-16 10:58:06 INFO     Training subgraph sub_000 in epoch 24 with model ComplEx
2024-05-16 10:58:29 INFO     Subgraph sub_000 Training Epoch 24 | average train loss: 4.6887
2024-05-16 10:58:29 INFO     Training subgraph sub_001 in epoch 24 with model ComplEx
2024-05-16 10:58:53 INFO     Subgraph sub_001 Training Epoch 24 | average train loss: 4.6377
2024-05-16 10:58:53 INFO     Training subgraph sub_002 in epoch 24 with model ComplEx
2024-05-16 10:59:16 INFO     Subgraph sub_002 Training Epoch 24 | average train loss: 4.6804
2024-05-16 10:59:16 INFO     Training subgraph sub_003 in epoch 24 with model ComplEx
2024-05-16 10:59:39 INFO     Subgraph sub_003 Training Epoch 24 | average train loss: 4.6483
2024-05-16 10:59:39 INFO     Calculating self-attention...
2024-05-16 10:59:42 INFO     Calculating unified embedding for entities and relation names.
2024-05-16 10:59:42 INFO     Applying general embeddings to all models.
2024-05-16 10:59:43 INFO     Validation Epoch 24 | average valid loss: 13.5578
2024-05-16 10:59:43 INFO     -/	Validating the ensemble with the score aggregation method "average score".	\-
2024-05-16 10:59:52 INFO     Combining scores of all models with average score.
2024-05-16 10:59:54 INFO     Successfully aggregated all scores with aggregation method average score.
2024-05-16 10:59:56 INFO     	 valid MR: 10665.88 | MRR: 0.315 | H@1: 0.265 | H@3: 0.351 | H@10: 0.398 | AMRI: 0.479038 | MR_deviation: 1.000
2024-05-16 10:59:56 INFO     -\	Finished validating the ensemble in 12.87 seconds	/-
2024-05-16 10:59:56 INFO     -\	Training and optimization of epoch 24 finished in 1 minute, 50.18 seconds	/-
2024-05-16 10:59:56 INFO     Training subgraph sub_000 in epoch 25 with model ComplEx
2024-05-16 11:00:20 INFO     Subgraph sub_000 Training Epoch 25 | average train loss: 4.6513
2024-05-16 11:00:20 INFO     Training subgraph sub_001 in epoch 25 with model ComplEx
2024-05-16 11:00:43 INFO     Subgraph sub_001 Training Epoch 25 | average train loss: 4.6035
2024-05-16 11:00:43 INFO     Training subgraph sub_002 in epoch 25 with model ComplEx
2024-05-16 11:01:06 INFO     Subgraph sub_002 Training Epoch 25 | average train loss: 4.6426
2024-05-16 11:01:06 INFO     Training subgraph sub_003 in epoch 25 with model ComplEx
2024-05-16 11:01:30 INFO     Subgraph sub_003 Training Epoch 25 | average train loss: 4.6127
2024-05-16 11:01:30 INFO     Calculating self-attention...
2024-05-16 11:01:33 INFO     Calculating unified embedding for entities and relation names.
2024-05-16 11:01:33 INFO     Applying general embeddings to all models.
2024-05-16 11:01:33 INFO     Validation Epoch 25 | average valid loss: 13.3216
2024-05-16 11:01:33 INFO     -\	Training and optimization of epoch 25 finished in 1 minute, 37.32 seconds	/-
2024-05-16 11:01:33 INFO     Training subgraph sub_000 in epoch 26 with model ComplEx
2024-05-16 11:01:57 INFO     Subgraph sub_000 Training Epoch 26 | average train loss: 4.6174
2024-05-16 11:01:57 INFO     Training subgraph sub_001 in epoch 26 with model ComplEx
2024-05-16 11:02:20 INFO     Subgraph sub_001 Training Epoch 26 | average train loss: 4.5724
2024-05-16 11:02:20 INFO     Training subgraph sub_002 in epoch 26 with model ComplEx
2024-05-16 11:02:43 INFO     Subgraph sub_002 Training Epoch 26 | average train loss: 4.6083
2024-05-16 11:02:43 INFO     Training subgraph sub_003 in epoch 26 with model ComplEx
2024-05-16 11:03:07 INFO     Subgraph sub_003 Training Epoch 26 | average train loss: 4.5803
2024-05-16 11:03:07 INFO     Calculating self-attention...
2024-05-16 11:03:10 INFO     Calculating unified embedding for entities and relation names.
2024-05-16 11:03:10 INFO     Applying general embeddings to all models.
2024-05-16 11:03:10 INFO     Validation Epoch 26 | average valid loss: 13.1023
2024-05-16 11:03:10 INFO     -\	Training and optimization of epoch 26 finished in 1 minute, 37.22 seconds	/-
2024-05-16 11:03:10 INFO     Training subgraph sub_000 in epoch 27 with model ComplEx
2024-05-16 11:03:34 INFO     Subgraph sub_000 Training Epoch 27 | average train loss: 4.5866
2024-05-16 11:03:34 INFO     Training subgraph sub_001 in epoch 27 with model ComplEx
2024-05-16 11:03:57 INFO     Subgraph sub_001 Training Epoch 27 | average train loss: 4.5440
2024-05-16 11:03:57 INFO     Training subgraph sub_002 in epoch 27 with model ComplEx
2024-05-16 11:04:21 INFO     Subgraph sub_002 Training Epoch 27 | average train loss: 4.5771
2024-05-16 11:04:21 INFO     Training subgraph sub_003 in epoch 27 with model ComplEx
2024-05-16 11:04:44 INFO     Subgraph sub_003 Training Epoch 27 | average train loss: 4.5506
2024-05-16 11:04:44 INFO     Calculating self-attention...
2024-05-16 11:04:47 INFO     Calculating unified embedding for entities and relation names.
2024-05-16 11:04:47 INFO     Applying general embeddings to all models.
2024-05-16 11:04:48 INFO     Validation Epoch 27 | average valid loss: 12.9035
2024-05-16 11:04:48 INFO     -\	Training and optimization of epoch 27 finished in 1 minute, 37.28 seconds	/-
2024-05-16 11:04:48 INFO     Training subgraph sub_000 in epoch 28 with model ComplEx
2024-05-16 11:05:11 INFO     Subgraph sub_000 Training Epoch 28 | average train loss: 4.5584
2024-05-16 11:05:11 INFO     Training subgraph sub_001 in epoch 28 with model ComplEx
2024-05-16 11:05:34 INFO     Subgraph sub_001 Training Epoch 28 | average train loss: 4.5179
2024-05-16 11:05:34 INFO     Training subgraph sub_002 in epoch 28 with model ComplEx
2024-05-16 11:05:58 INFO     Subgraph sub_002 Training Epoch 28 | average train loss: 4.5487
2024-05-16 11:05:58 INFO     Training subgraph sub_003 in epoch 28 with model ComplEx
2024-05-16 11:06:21 INFO     Subgraph sub_003 Training Epoch 28 | average train loss: 4.5234
2024-05-16 11:06:21 INFO     Calculating self-attention...
2024-05-16 11:06:24 INFO     Calculating unified embedding for entities and relation names.
2024-05-16 11:06:24 INFO     Applying general embeddings to all models.
2024-05-16 11:06:25 INFO     Validation Epoch 28 | average valid loss: 12.7259
2024-05-16 11:06:25 INFO     -\	Training and optimization of epoch 28 finished in 1 minute, 37.46 seconds	/-
2024-05-16 11:06:25 INFO     Training subgraph sub_000 in epoch 29 with model ComplEx
2024-05-16 11:06:49 INFO     Subgraph sub_000 Training Epoch 29 | average train loss: 4.5325
2024-05-16 11:06:49 INFO     Training subgraph sub_001 in epoch 29 with model ComplEx
2024-05-16 11:07:12 INFO     Subgraph sub_001 Training Epoch 29 | average train loss: 4.4941
2024-05-16 11:07:12 INFO     Training subgraph sub_002 in epoch 29 with model ComplEx
2024-05-16 11:07:35 INFO     Subgraph sub_002 Training Epoch 29 | average train loss: 4.5226
2024-05-16 11:07:35 INFO     Training subgraph sub_003 in epoch 29 with model ComplEx
2024-05-16 11:07:59 INFO     Subgraph sub_003 Training Epoch 29 | average train loss: 4.4984
2024-05-16 11:07:59 INFO     Calculating self-attention...
2024-05-16 11:08:02 INFO     Calculating unified embedding for entities and relation names.
2024-05-16 11:08:02 INFO     Applying general embeddings to all models.
2024-05-16 11:08:03 INFO     Validation Epoch 29 | average valid loss: 12.5598
2024-05-16 11:08:03 INFO     -/	Validating the ensemble with the score aggregation method "average score".	\-
2024-05-16 11:08:11 INFO     Combining scores of all models with average score.
2024-05-16 11:08:13 INFO     Successfully aggregated all scores with aggregation method average score.
2024-05-16 11:08:15 INFO     	 valid MR: 10752.19 | MRR: 0.313 | H@1: 0.262 | H@3: 0.350 | H@10: 0.400 | AMRI: 0.474822 | MR_deviation: 2.000
2024-05-16 11:08:15 INFO     -\	Finished validating the ensemble in 12.04 seconds	/-
2024-05-16 11:08:15 INFO     -\	Training and optimization of epoch 29 finished in 1 minute, 49.56 seconds	/-
2024-05-16 11:08:15 INFO     Loading best models saved at epoch 19
2024-05-16 11:08:15 INFO     -\	Successfully finished training and optimizing all subgraphs in 51 minutes, 10.59 seconds	/-
2024-05-16 11:08:15 INFO     -/	Testing the ensemble with the score aggregation method "maximum score".	\-
2024-05-16 11:08:24 INFO     Combining scores of all models with maximum score.
2024-05-16 11:08:27 INFO     Successfully aggregated all scores with aggregation method maximum score.
2024-05-16 11:08:28 INFO     	 test MR: 17446.31 | MRR: 0.120 | H@1: 0.038 | H@3: 0.180 | H@10: 0.281 | AMRI: 0.147825 | MR_deviation: 1675.000
2024-05-16 11:08:28 INFO     -\	Finished testing the ensemble in 13.68 seconds	/-
2024-05-16 11:08:28 INFO     Finished ensemble training and testing in 51 minutes, 26.56 seconds.
2024-05-16 11:08:29 INFO     The entire process including sampling, training and testing took 51 minutes, 27.0 seconds.
