2024-08-27 17:57:32 INFO     ### Saving logs in: logs\08_27\NELL-995-h100\TransE_17_57_32 ###
2024-08-27 17:57:35 INFO     	 (22411, 86, 22411)
2024-08-27 17:57:35 INFO     Total number of parameters 764726
2024-08-27 17:57:36 INFO     	 Start training
2024-08-27 17:57:40 INFO     	 Epoch 0 | average train loss: 9.4457
2024-08-27 17:57:40 INFO     	 Epoch 0 | average valid loss: 8.1035
2024-08-27 17:57:44 INFO     	 Epoch 1 | average train loss: 7.5221
2024-08-27 17:57:44 INFO     	 Epoch 1 | average valid loss: 6.5257
2024-08-27 17:57:48 INFO     	 Epoch 2 | average train loss: 6.6365
2024-08-27 17:57:48 INFO     	 Epoch 2 | average valid loss: 6.1837
2024-08-27 17:57:52 INFO     	 Epoch 3 | average train loss: 6.2567
2024-08-27 17:57:52 INFO     	 Epoch 3 | average valid loss: 6.0298
2024-08-27 17:57:55 INFO     	 Epoch 4 | average train loss: 5.9892
2024-08-27 17:57:55 INFO     	 Epoch 4 | average valid loss: 5.9473
2024-08-27 17:57:58 INFO     
average valid metrics:	MR: 2690.516	| MRR: 0.251	| H@1: 0.177	| H@3: 0.283	| H@10: 0.398	| AMRI: 0.760	| rank_deviation: 0.00080
2024-08-27 17:57:58 INFO     	 Saving model at epoch 4 in logs\08_27\NELL-995-h100\TransE_17_57_32
2024-08-27 17:58:02 INFO     	 Epoch 5 | average train loss: 5.7888
2024-08-27 17:58:02 INFO     	 Epoch 5 | average valid loss: 5.8989
2024-08-27 17:58:05 INFO     	 Epoch 6 | average train loss: 5.6197
2024-08-27 17:58:05 INFO     	 Epoch 6 | average valid loss: 5.8736
2024-08-27 17:58:09 INFO     	 Epoch 7 | average train loss: 5.4686
2024-08-27 17:58:09 INFO     	 Epoch 7 | average valid loss: 5.8618
2024-08-27 17:58:13 INFO     	 Epoch 8 | average train loss: 5.3283
2024-08-27 17:58:13 INFO     	 Epoch 8 | average valid loss: 5.8607
2024-08-27 17:58:17 INFO     	 Epoch 9 | average train loss: 5.1995
2024-08-27 17:58:17 INFO     	 Epoch 9 | average valid loss: 5.8678
2024-08-27 17:58:19 INFO     
average valid metrics:	MR: 2526.344	| MRR: 0.273	| H@1: 0.190	| H@3: 0.313	| H@10: 0.435	| AMRI: 0.775	| rank_deviation: 0.00106
2024-08-27 17:58:19 INFO     	 Saving model at epoch 9 in logs\08_27\NELL-995-h100\TransE_17_57_32
2024-08-27 17:58:23 INFO     	 Epoch 10 | average train loss: 5.0751
2024-08-27 17:58:23 INFO     	 Epoch 10 | average valid loss: 5.8862
2024-08-27 17:58:26 INFO     	 Epoch 11 | average train loss: 4.9573
2024-08-27 17:58:27 INFO     	 Epoch 11 | average valid loss: 5.9064
2024-08-27 17:58:30 INFO     	 Epoch 12 | average train loss: 4.8466
2024-08-27 17:58:30 INFO     	 Epoch 12 | average valid loss: 5.9409
2024-08-27 17:58:34 INFO     	 Epoch 13 | average train loss: 4.7388
2024-08-27 17:58:34 INFO     	 Epoch 13 | average valid loss: 5.9717
2024-08-27 17:58:38 INFO     	 Epoch 14 | average train loss: 4.6348
2024-08-27 17:58:38 INFO     	 Epoch 14 | average valid loss: 6.0101
2024-08-27 17:58:40 INFO     
average valid metrics:	MR: 2445.234	| MRR: 0.283	| H@1: 0.199	| H@3: 0.321	| H@10: 0.447	| AMRI: 0.782	| rank_deviation: 0.00040
2024-08-27 17:58:40 INFO     	 Saving model at epoch 14 in logs\08_27\NELL-995-h100\TransE_17_57_32
2024-08-27 17:58:44 INFO     	 Epoch 15 | average train loss: 4.5344
2024-08-27 17:58:44 INFO     	 Epoch 15 | average valid loss: 6.0466
2024-08-27 17:58:48 INFO     	 Epoch 16 | average train loss: 4.4442
2024-08-27 17:58:48 INFO     	 Epoch 16 | average valid loss: 6.0952
2024-08-27 17:58:52 INFO     	 Epoch 17 | average train loss: 4.3536
2024-08-27 17:58:52 INFO     	 Epoch 17 | average valid loss: 6.1384
2024-08-27 17:58:56 INFO     	 Epoch 18 | average train loss: 4.2696
2024-08-27 17:58:56 INFO     	 Epoch 18 | average valid loss: 6.1906
2024-08-27 17:59:00 INFO     	 Epoch 19 | average train loss: 4.1891
2024-08-27 17:59:00 INFO     	 Epoch 19 | average valid loss: 6.2437
2024-08-27 17:59:02 INFO     
average valid metrics:	MR: 2409.623	| MRR: 0.289	| H@1: 0.206	| H@3: 0.323	| H@10: 0.453	| AMRI: 0.785	| rank_deviation: 0.00106
2024-08-27 17:59:02 INFO     	 Saving model at epoch 19 in logs\08_27\NELL-995-h100\TransE_17_57_32
2024-08-27 17:59:06 INFO     	 Epoch 20 | average train loss: 4.1174
2024-08-27 17:59:06 INFO     	 Epoch 20 | average valid loss: 6.2943
2024-08-27 17:59:10 INFO     	 Epoch 21 | average train loss: 4.0476
2024-08-27 17:59:10 INFO     	 Epoch 21 | average valid loss: 6.3488
2024-08-27 17:59:13 INFO     	 Epoch 22 | average train loss: 3.9824
2024-08-27 17:59:13 INFO     	 Epoch 22 | average valid loss: 6.4066
2024-08-27 17:59:17 INFO     	 Epoch 23 | average train loss: 3.9223
2024-08-27 17:59:17 INFO     	 Epoch 23 | average valid loss: 6.4559
2024-08-27 17:59:21 INFO     	 Epoch 24 | average train loss: 3.8684
2024-08-27 17:59:21 INFO     	 Epoch 24 | average valid loss: 6.5155
2024-08-27 17:59:23 INFO     
average valid metrics:	MR: 2396.379	| MRR: 0.291	| H@1: 0.204	| H@3: 0.330	| H@10: 0.462	| AMRI: 0.786	| rank_deviation: 0.00066
2024-08-27 17:59:23 INFO     	 Saving model at epoch 24 in logs\08_27\NELL-995-h100\TransE_17_57_32
2024-08-27 17:59:27 INFO     	 Epoch 25 | average train loss: 3.8184
2024-08-27 17:59:27 INFO     	 Epoch 25 | average valid loss: 6.5714
2024-08-27 17:59:31 INFO     	 Epoch 26 | average train loss: 3.7684
2024-08-27 17:59:31 INFO     	 Epoch 26 | average valid loss: 6.6219
2024-08-27 17:59:35 INFO     	 Epoch 27 | average train loss: 3.7251
2024-08-27 17:59:35 INFO     	 Epoch 27 | average valid loss: 6.6806
2024-08-27 17:59:38 INFO     	 Epoch 28 | average train loss: 3.6868
2024-08-27 17:59:39 INFO     	 Epoch 28 | average valid loss: 6.7336
2024-08-27 17:59:42 INFO     	 Epoch 29 | average train loss: 3.6475
2024-08-27 17:59:42 INFO     	 Epoch 29 | average valid loss: 6.7942
2024-08-27 17:59:44 INFO     
average valid metrics:	MR: 2394.341	| MRR: 0.289	| H@1: 0.204	| H@3: 0.328	| H@10: 0.461	| AMRI: 0.786	| rank_deviation: 0.00027
2024-08-27 17:59:48 INFO     	 Epoch 30 | average train loss: 3.6133
2024-08-27 17:59:48 INFO     	 Epoch 30 | average valid loss: 6.8423
2024-08-27 17:59:52 INFO     	 Epoch 31 | average train loss: 3.5812
2024-08-27 17:59:52 INFO     	 Epoch 31 | average valid loss: 6.8978
2024-08-27 17:59:56 INFO     	 Epoch 32 | average train loss: 3.5503
2024-08-27 17:59:56 INFO     	 Epoch 32 | average valid loss: 6.9563
2024-08-27 18:00:00 INFO     	 Epoch 33 | average train loss: 3.5220
2024-08-27 18:00:00 INFO     	 Epoch 33 | average valid loss: 7.0051
2024-08-27 18:00:03 INFO     	 Epoch 34 | average train loss: 3.4978
2024-08-27 18:00:03 INFO     	 Epoch 34 | average valid loss: 7.0528
2024-08-27 18:00:06 INFO     
average valid metrics:	MR: 2400.276	| MRR: 0.288	| H@1: 0.203	| H@3: 0.326	| H@10: 0.458	| AMRI: 0.786	| rank_deviation: 0.00093
2024-08-27 18:00:09 INFO     	 Epoch 35 | average train loss: 3.4741
2024-08-27 18:00:10 INFO     	 Epoch 35 | average valid loss: 7.1047
2024-08-27 18:00:13 INFO     	 Epoch 36 | average train loss: 3.4505
2024-08-27 18:00:13 INFO     	 Epoch 36 | average valid loss: 7.1626
2024-08-27 18:00:17 INFO     	 Epoch 37 | average train loss: 3.4313
2024-08-27 18:00:17 INFO     	 Epoch 37 | average valid loss: 7.2162
2024-08-27 18:00:21 INFO     	 Epoch 38 | average train loss: 3.4118
2024-08-27 18:00:21 INFO     	 Epoch 38 | average valid loss: 7.2618
2024-08-27 18:00:25 INFO     	 Epoch 39 | average train loss: 3.3952
2024-08-27 18:00:25 INFO     	 Epoch 39 | average valid loss: 7.3044
2024-08-27 18:00:27 INFO     
average valid metrics:	MR: 2410.305	| MRR: 0.284	| H@1: 0.199	| H@3: 0.321	| H@10: 0.457	| AMRI: 0.785	| rank_deviation: 0.00106
2024-08-27 18:00:31 INFO     	 Epoch 40 | average train loss: 3.3770
2024-08-27 18:00:31 INFO     	 Epoch 40 | average valid loss: 7.3537
2024-08-27 18:00:35 INFO     	 Epoch 41 | average train loss: 3.3627
2024-08-27 18:00:35 INFO     	 Epoch 41 | average valid loss: 7.4036
2024-08-27 18:00:39 INFO     	 Epoch 42 | average train loss: 3.3483
2024-08-27 18:00:39 INFO     	 Epoch 42 | average valid loss: 7.4495
2024-08-27 18:00:43 INFO     	 Epoch 43 | average train loss: 3.3329
2024-08-27 18:00:43 INFO     	 Epoch 43 | average valid loss: 7.5053
2024-08-27 18:00:47 INFO     	 Epoch 44 | average train loss: 3.3203
2024-08-27 18:00:47 INFO     	 Epoch 44 | average valid loss: 7.5465
2024-08-27 18:00:50 INFO     
average valid metrics:	MR: 2423.052	| MRR: 0.283	| H@1: 0.201	| H@3: 0.318	| H@10: 0.453	| AMRI: 0.784	| rank_deviation: 0.00066
2024-08-27 18:00:54 INFO     	 Epoch 45 | average train loss: 3.3094
2024-08-27 18:00:54 INFO     	 Epoch 45 | average valid loss: 7.5939
2024-08-27 18:00:58 INFO     	 Epoch 46 | average train loss: 3.2960
2024-08-27 18:00:58 INFO     	 Epoch 46 | average valid loss: 7.6396
2024-08-27 18:01:02 INFO     	 Epoch 47 | average train loss: 3.2867
2024-08-27 18:01:02 INFO     	 Epoch 47 | average valid loss: 7.6846
2024-08-27 18:01:06 INFO     	 Epoch 48 | average train loss: 3.2760
2024-08-27 18:01:06 INFO     	 Epoch 48 | average valid loss: 7.7284
2024-08-27 18:01:10 INFO     	 Epoch 49 | average train loss: 3.2664
2024-08-27 18:01:10 INFO     	 Epoch 49 | average valid loss: 7.7713
2024-08-27 18:01:13 INFO     
average valid metrics:	MR: 2436.394	| MRR: 0.280	| H@1: 0.197	| H@3: 0.313	| H@10: 0.451	| AMRI: 0.783	| rank_deviation: 0.00133
2024-08-27 18:01:16 INFO     	 Epoch 50 | average train loss: 3.2574
2024-08-27 18:01:16 INFO     	 Epoch 50 | average valid loss: 7.8118
2024-08-27 18:01:20 INFO     	 Epoch 51 | average train loss: 3.2499
2024-08-27 18:01:20 INFO     	 Epoch 51 | average valid loss: 7.8533
2024-08-27 18:01:24 INFO     	 Epoch 52 | average train loss: 3.2388
2024-08-27 18:01:24 INFO     	 Epoch 52 | average valid loss: 7.8941
2024-08-27 18:01:28 INFO     	 Epoch 53 | average train loss: 3.2328
2024-08-27 18:01:28 INFO     	 Epoch 53 | average valid loss: 7.9367
2024-08-27 18:01:32 INFO     	 Epoch 54 | average train loss: 3.2256
2024-08-27 18:01:32 INFO     	 Epoch 54 | average valid loss: 7.9747
2024-08-27 18:01:35 INFO     
average valid metrics:	MR: 2449.813	| MRR: 0.276	| H@1: 0.194	| H@3: 0.307	| H@10: 0.446	| AMRI: 0.781	| rank_deviation: 0.00000
2024-08-27 18:01:39 INFO     	 Epoch 55 | average train loss: 3.2192
2024-08-27 18:01:40 INFO     	 Epoch 55 | average valid loss: 8.0152
2024-08-27 18:01:43 INFO     	 Epoch 56 | average train loss: 3.2126
2024-08-27 18:01:43 INFO     	 Epoch 56 | average valid loss: 8.0514
2024-08-27 18:01:47 INFO     	 Epoch 57 | average train loss: 3.2052
2024-08-27 18:01:47 INFO     	 Epoch 57 | average valid loss: 8.0908
2024-08-27 18:01:51 INFO     	 Epoch 58 | average train loss: 3.1998
2024-08-27 18:01:51 INFO     	 Epoch 58 | average valid loss: 8.1234
2024-08-27 18:01:54 INFO     	 Epoch 59 | average train loss: 3.1952
2024-08-27 18:01:55 INFO     	 Epoch 59 | average valid loss: 8.1630
2024-08-27 18:01:57 INFO     
average valid metrics:	MR: 2462.828	| MRR: 0.275	| H@1: 0.192	| H@3: 0.306	| H@10: 0.447	| AMRI: 0.780	| rank_deviation: 0.00040
2024-08-27 18:02:00 INFO     	 Epoch 60 | average train loss: 3.1866
2024-08-27 18:02:00 INFO     	 Epoch 60 | average valid loss: 8.2012
2024-08-27 18:02:04 INFO     	 Epoch 61 | average train loss: 3.1816
2024-08-27 18:02:04 INFO     	 Epoch 61 | average valid loss: 8.2369
2024-08-27 18:02:08 INFO     	 Epoch 62 | average train loss: 3.1766
2024-08-27 18:02:08 INFO     	 Epoch 62 | average valid loss: 8.2760
2024-08-27 18:02:12 INFO     	 Epoch 63 | average train loss: 3.1744
2024-08-27 18:02:12 INFO     	 Epoch 63 | average valid loss: 8.3065
2024-08-27 18:02:15 INFO     	 Epoch 64 | average train loss: 3.1690
2024-08-27 18:02:15 INFO     	 Epoch 64 | average valid loss: 8.3408
2024-08-27 18:02:18 INFO     
average valid metrics:	MR: 2475.384	| MRR: 0.274	| H@1: 0.192	| H@3: 0.304	| H@10: 0.444	| AMRI: 0.779	| rank_deviation: 0.00066
2024-08-27 18:02:21 INFO     	 Epoch 65 | average train loss: 3.1649
2024-08-27 18:02:21 INFO     	 Epoch 65 | average valid loss: 8.3773
2024-08-27 18:02:25 INFO     	 Epoch 66 | average train loss: 3.1591
2024-08-27 18:02:25 INFO     	 Epoch 66 | average valid loss: 8.4038
2024-08-27 18:02:29 INFO     	 Epoch 67 | average train loss: 3.1551
2024-08-27 18:02:29 INFO     	 Epoch 67 | average valid loss: 8.4374
2024-08-27 18:02:33 INFO     	 Epoch 68 | average train loss: 3.1524
2024-08-27 18:02:33 INFO     	 Epoch 68 | average valid loss: 8.4699
2024-08-27 18:02:37 INFO     	 Epoch 69 | average train loss: 3.1478
2024-08-27 18:02:37 INFO     	 Epoch 69 | average valid loss: 8.5030
2024-08-27 18:02:39 INFO     
average valid metrics:	MR: 2487.999	| MRR: 0.271	| H@1: 0.188	| H@3: 0.300	| H@10: 0.443	| AMRI: 0.778	| rank_deviation: 0.00053
2024-08-27 18:02:43 INFO     	 Epoch 70 | average train loss: 3.1434
2024-08-27 18:02:43 INFO     	 Epoch 70 | average valid loss: 8.5319
2024-08-27 18:02:46 INFO     	 Epoch 71 | average train loss: 3.1419
2024-08-27 18:02:46 INFO     	 Epoch 71 | average valid loss: 8.5604
2024-08-27 18:02:50 INFO     	 Epoch 72 | average train loss: 3.1376
2024-08-27 18:02:50 INFO     	 Epoch 72 | average valid loss: 8.5923
2024-08-27 18:02:54 INFO     	 Epoch 73 | average train loss: 3.1347
2024-08-27 18:02:54 INFO     	 Epoch 73 | average valid loss: 8.6273
2024-08-27 18:02:58 INFO     	 Epoch 74 | average train loss: 3.1302
2024-08-27 18:02:58 INFO     	 Epoch 74 | average valid loss: 8.6501
2024-08-27 18:03:00 INFO     
average valid metrics:	MR: 2498.236	| MRR: 0.270	| H@1: 0.188	| H@3: 0.301	| H@10: 0.443	| AMRI: 0.777	| rank_deviation: 0.00093
2024-08-27 18:03:00 INFO     	 Early stopping
2024-08-27 18:03:00 INFO     	 Optimization finished
2024-08-27 18:03:00 INFO     	 Loading best model saved at epoch 24
2024-08-27 18:03:02 INFO     
average valid metrics:	MR: 2396.379	| MRR: 0.291	| H@1: 0.204	| H@3: 0.330	| H@10: 0.462	| AMRI: 0.786	| rank_deviation: 0.00066
