2024-04-02 19:13:24 INFO     ### Saving logs in: D:\OneDrive - bwedu\MASTER\Masterarbeit\Software\Ensemble_Embedding_for_Link_Prediction\data\YAGO3-10_Entity_sampling_N10_min0.6\results ###
2024-04-02 19:13:24 INFO     Sampling 10 subgraphs with a relative size (0.6, 0.7) from YAGO3-10 with Entity sampling
2024-04-02 19:13:30 INFO     -/	Sampling subgraph data\YAGO3-10_Entity_sampling_N10_min0.6\sub_000 from YAGO3-10 with params:
		Entity sampling and (0.6, 0.7) relative subgraph size.	\-
2024-04-02 19:16:02 INFO     Current subgraph size 0.7000936017200474 reached or exceeded target size 0.7.
2024-04-02 19:16:02 INFO     Created subgraph 0 with 4119 entities and 0 relation names left unused and a relative subgraph size 0.7000936017200474.
2024-04-02 19:16:09 CRITICAL Length of delta: 755429	Unnecessary sampling steps: 1184
2024-04-02 19:16:09 INFO     -\	Updated config file D:\OneDrive - bwedu\MASTER\Masterarbeit\Software\Ensemble_Embedding_for_Link_Prediction\data\YAGO3-10_Entity_sampling_N10_min0.6\results\subgraph_config.csv for subgraph 000, sampling took 158.346 sec	/-

2024-04-02 19:16:12 INFO     -/	Sampling subgraph data\YAGO3-10_Entity_sampling_N10_min0.6\sub_001 from YAGO3-10 with params:
		Entity sampling and (0.6, 0.7) relative subgraph size.	\-
2024-04-02 19:18:47 INFO     Current subgraph size 0.7000055604982206 reached or exceeded target size 0.7.
2024-04-02 19:18:47 INFO     Created subgraph 1 with 669 entities and 0 relation names left unused and a relative subgraph size 0.7000055604982206.
2024-04-02 19:18:54 CRITICAL Length of delta: 755334	Unnecessary sampling steps: 1176
2024-04-02 19:18:54 INFO     -\	Updated config file D:\OneDrive - bwedu\MASTER\Masterarbeit\Software\Ensemble_Embedding_for_Link_Prediction\data\YAGO3-10_Entity_sampling_N10_min0.6\results\subgraph_config.csv for subgraph 001, sampling took 162.817 sec	/-

2024-04-02 19:18:58 INFO     -/	Sampling subgraph data\YAGO3-10_Entity_sampling_N10_min0.6\sub_002 from YAGO3-10 with params:
		Entity sampling and (0.6, 0.7) relative subgraph size.	\-
2024-04-02 19:22:02 INFO     Current subgraph size 0.7000055604982206 reached or exceeded target size 0.7.
2024-04-02 19:22:02 INFO     Created subgraph 2 with 150 entities and 0 relation names left unused and a relative subgraph size 0.7000055604982206.
2024-04-02 19:22:09 CRITICAL Length of delta: 755334	Unnecessary sampling steps: 771
2024-04-02 19:22:09 INFO     -\	Updated config file D:\OneDrive - bwedu\MASTER\Masterarbeit\Software\Ensemble_Embedding_for_Link_Prediction\data\YAGO3-10_Entity_sampling_N10_min0.6\results\subgraph_config.csv for subgraph 002, sampling took 191.002 sec	/-

2024-04-02 19:22:12 INFO     -/	Sampling subgraph data\YAGO3-10_Entity_sampling_N10_min0.6\sub_003 from YAGO3-10 with params:
		Entity sampling and (0.6, 0.7) relative subgraph size.	\-
2024-04-02 19:25:15 INFO     Current subgraph size 0.7000398502372479 reached or exceeded target size 0.7.
2024-04-02 19:25:15 INFO     Created subgraph 3 with 38 entities and 0 relation names left unused and a relative subgraph size 0.7000398502372479.
2024-04-02 19:25:22 CRITICAL Length of delta: 755371	Unnecessary sampling steps: 600
2024-04-02 19:25:22 INFO     -\	Updated config file D:\OneDrive - bwedu\MASTER\Masterarbeit\Software\Ensemble_Embedding_for_Link_Prediction\data\YAGO3-10_Entity_sampling_N10_min0.6\results\subgraph_config.csv for subgraph 003, sampling took 190.6 sec	/-

2024-04-02 19:25:26 INFO     -/	Sampling subgraph data\YAGO3-10_Entity_sampling_N10_min0.6\sub_004 from YAGO3-10 with params:
		Entity sampling and (0.6, 0.7) relative subgraph size.	\-
2024-04-02 19:28:29 INFO     Current subgraph size 0.7000454107354686 reached or exceeded target size 0.7.
2024-04-02 19:28:29 INFO     Created subgraph 4 with 8 entities and 0 relation names left unused and a relative subgraph size 0.7000454107354686.
2024-04-02 19:28:36 CRITICAL Length of delta: 755377	Unnecessary sampling steps: 841
2024-04-02 19:28:36 INFO     -\	Updated config file D:\OneDrive - bwedu\MASTER\Masterarbeit\Software\Ensemble_Embedding_for_Link_Prediction\data\YAGO3-10_Entity_sampling_N10_min0.6\results\subgraph_config.csv for subgraph 004, sampling took 190.708 sec	/-

2024-04-02 19:28:40 INFO     -/	Sampling subgraph data\YAGO3-10_Entity_sampling_N10_min0.6\sub_005 from YAGO3-10 with params:
		Entity sampling and (0.6, 0.7) relative subgraph size.	\-
2024-04-02 19:31:47 INFO     Current subgraph size 0.7000101942467378 reached or exceeded target size 0.7.
2024-04-02 19:31:47 INFO     Created subgraph 5 with 2 entities and 0 relation names left unused and a relative subgraph size 0.7000101942467378.
2024-04-02 19:31:54 CRITICAL Length of delta: 755339	Unnecessary sampling steps: 701
2024-04-02 19:31:54 INFO     -\	Updated config file D:\OneDrive - bwedu\MASTER\Masterarbeit\Software\Ensemble_Embedding_for_Link_Prediction\data\YAGO3-10_Entity_sampling_N10_min0.6\results\subgraph_config.csv for subgraph 005, sampling took 193.591 sec	/-

2024-04-02 19:31:58 INFO     -/	Sampling subgraph data\YAGO3-10_Entity_sampling_N10_min0.6\sub_006 from YAGO3-10 with params:
		Entity sampling and (0.6, 0.7) relative subgraph size.	\-
2024-04-02 19:35:04 INFO     Current subgraph size 0.7003002669039146 reached or exceeded target size 0.7.
2024-04-02 19:35:04 INFO     Created subgraph 6 with 0 entities and 0 relation names left unused and a relative subgraph size 0.7003002669039146.
2024-04-02 19:35:11 CRITICAL Length of delta: 755652	Unnecessary sampling steps: 922
2024-04-02 19:35:11 INFO     -\	Updated config file D:\OneDrive - bwedu\MASTER\Masterarbeit\Software\Ensemble_Embedding_for_Link_Prediction\data\YAGO3-10_Entity_sampling_N10_min0.6\results\subgraph_config.csv for subgraph 006, sampling took 192.979 sec	/-

2024-04-02 19:35:14 INFO     -/	Sampling subgraph data\YAGO3-10_Entity_sampling_N10_min0.6\sub_007 from YAGO3-10 with params:
		Entity sampling and (0.6, 0.7) relative subgraph size.	\-
2024-04-02 19:38:24 INFO     Current subgraph size 0.700008340747331 reached or exceeded target size 0.7.
2024-04-02 19:38:24 INFO     Created subgraph 7 with 0 entities and 0 relation names left unused and a relative subgraph size 0.700008340747331.
2024-04-02 19:38:31 CRITICAL Length of delta: 755337	Unnecessary sampling steps: 602
2024-04-02 19:38:31 INFO     -\	Updated config file D:\OneDrive - bwedu\MASTER\Masterarbeit\Software\Ensemble_Embedding_for_Link_Prediction\data\YAGO3-10_Entity_sampling_N10_min0.6\results\subgraph_config.csv for subgraph 007, sampling took 197.678 sec	/-

2024-04-02 19:38:35 INFO     -/	Sampling subgraph data\YAGO3-10_Entity_sampling_N10_min0.6\sub_008 from YAGO3-10 with params:
		Entity sampling and (0.6, 0.7) relative subgraph size.	\-
2024-04-02 19:41:42 INFO     Current subgraph size 0.700031509489917 reached or exceeded target size 0.7.
2024-04-02 19:41:42 INFO     Created subgraph 8 with 0 entities and 0 relation names left unused and a relative subgraph size 0.700031509489917.
2024-04-02 19:41:49 CRITICAL Length of delta: 755362	Unnecessary sampling steps: 697
2024-04-02 19:41:49 INFO     -\	Updated config file D:\OneDrive - bwedu\MASTER\Masterarbeit\Software\Ensemble_Embedding_for_Link_Prediction\data\YAGO3-10_Entity_sampling_N10_min0.6\results\subgraph_config.csv for subgraph 008, sampling took 193.399 sec	/-

2024-04-02 19:41:52 INFO     -/	Sampling subgraph data\YAGO3-10_Entity_sampling_N10_min0.6\sub_009 from YAGO3-10 with params:
		Entity sampling and (0.6, 0.7) relative subgraph size.	\-
2024-04-02 19:45:01 INFO     Current subgraph size 0.7000055604982206 reached or exceeded target size 0.7.
2024-04-02 19:45:01 INFO     Created subgraph 9 with 0 entities and 0 relation names left unused and a relative subgraph size 0.7000055604982206.
2024-04-02 19:45:08 CRITICAL Length of delta: 755334	Unnecessary sampling steps: 762
2024-04-02 19:45:08 INFO     -\	Updated config file D:\OneDrive - bwedu\MASTER\Masterarbeit\Software\Ensemble_Embedding_for_Link_Prediction\data\YAGO3-10_Entity_sampling_N10_min0.6\results\subgraph_config.csv for subgraph 009, sampling took 196.273 sec	/-

2024-04-02 19:45:08 INFO     ### Successfully created 10 subgraphs of the relative size (0.6, 0.7) from the original KG "YAGO3-10" in a total of 1903.79 seconds (avg: 190.379 sec) ###
