2024-08-26 12:29:53 INFO     ### Saving logs in: logs\08_26\WN18RR\TransE_12_29_53 ###
2024-08-26 12:29:56 INFO     	 (40943, 22, 40943)
2024-08-26 12:29:56 INFO     Total number of parameters 1392766
2024-08-26 12:29:57 INFO     	 Start training
2024-08-26 12:30:10 INFO     	 Epoch 0 | average train loss: 0.2463
2024-08-26 12:30:10 INFO     	 Epoch 0 | average valid loss: 0.0423
2024-08-26 12:30:23 INFO     	 Epoch 1 | average train loss: 0.0305
2024-08-26 12:30:23 INFO     	 Epoch 1 | average valid loss: 0.0273
2024-08-26 12:30:38 INFO     	 Epoch 2 | average train loss: 0.0257
2024-08-26 12:30:38 INFO     	 Epoch 2 | average valid loss: 0.0254
2024-08-26 12:30:51 INFO     	 Epoch 3 | average train loss: 0.0248
2024-08-26 12:30:51 INFO     	 Epoch 3 | average valid loss: 0.0245
2024-08-26 12:31:04 INFO     	 Epoch 4 | average train loss: 0.0242
2024-08-26 12:31:04 INFO     	 Epoch 4 | average valid loss: 0.0239
2024-08-26 12:31:06 INFO     
average valid metrics:	MR: 12947.340	| MRR: 0.022	| H@1: 0.013	| H@3: 0.022	| H@10: 0.039	| AMRI: 0.368	| rank_deviation: 0.00000
2024-08-26 12:31:06 INFO     	 Saving model at epoch 4 in logs\08_26\WN18RR\TransE_12_29_53
2024-08-26 12:31:20 INFO     	 Epoch 5 | average train loss: 0.0236
2024-08-26 12:31:20 INFO     	 Epoch 5 | average valid loss: 0.0234
2024-08-26 12:31:34 INFO     	 Epoch 6 | average train loss: 0.0231
2024-08-26 12:31:34 INFO     	 Epoch 6 | average valid loss: 0.0230
2024-08-26 12:31:47 INFO     	 Epoch 7 | average train loss: 0.0227
2024-08-26 12:31:47 INFO     	 Epoch 7 | average valid loss: 0.0226
2024-08-26 12:32:00 INFO     	 Epoch 8 | average train loss: 0.0222
2024-08-26 12:32:00 INFO     	 Epoch 8 | average valid loss: 0.0223
2024-08-26 12:32:14 INFO     	 Epoch 9 | average train loss: 0.0218
2024-08-26 12:32:14 INFO     	 Epoch 9 | average valid loss: 0.0221
2024-08-26 12:32:17 INFO     
average valid metrics:	MR: 11891.726	| MRR: 0.024	| H@1: 0.014	| H@3: 0.023	| H@10: 0.045	| AMRI: 0.419	| rank_deviation: 0.00000
2024-08-26 12:32:17 INFO     	 Saving model at epoch 9 in logs\08_26\WN18RR\TransE_12_29_53
2024-08-26 12:32:31 INFO     	 Epoch 10 | average train loss: 0.0214
2024-08-26 12:32:31 INFO     	 Epoch 10 | average valid loss: 0.0218
2024-08-26 12:32:46 INFO     	 Epoch 11 | average train loss: 0.0210
2024-08-26 12:32:47 INFO     	 Epoch 11 | average valid loss: 0.0216
2024-08-26 12:33:00 INFO     	 Epoch 12 | average train loss: 0.0206
2024-08-26 12:33:00 INFO     	 Epoch 12 | average valid loss: 0.0214
2024-08-26 12:33:14 INFO     	 Epoch 13 | average train loss: 0.0202
2024-08-26 12:33:14 INFO     	 Epoch 13 | average valid loss: 0.0212
2024-08-26 12:33:28 INFO     	 Epoch 14 | average train loss: 0.0198
2024-08-26 12:33:28 INFO     	 Epoch 14 | average valid loss: 0.0211
2024-08-26 12:33:30 INFO     
average valid metrics:	MR: 10670.023	| MRR: 0.029	| H@1: 0.016	| H@3: 0.030	| H@10: 0.053	| AMRI: 0.479	| rank_deviation: 0.00000
2024-08-26 12:33:30 INFO     	 Saving model at epoch 14 in logs\08_26\WN18RR\TransE_12_29_53
2024-08-26 12:33:43 INFO     	 Epoch 15 | average train loss: 0.0193
2024-08-26 12:33:43 INFO     	 Epoch 15 | average valid loss: 0.0209
2024-08-26 12:33:57 INFO     	 Epoch 16 | average train loss: 0.0188
2024-08-26 12:33:57 INFO     	 Epoch 16 | average valid loss: 0.0207
2024-08-26 12:34:12 INFO     	 Epoch 17 | average train loss: 0.0183
2024-08-26 12:34:12 INFO     	 Epoch 17 | average valid loss: 0.0205
2024-08-26 12:34:26 INFO     	 Epoch 18 | average train loss: 0.0176
2024-08-26 12:34:26 INFO     	 Epoch 18 | average valid loss: 0.0203
2024-08-26 12:34:41 INFO     	 Epoch 19 | average train loss: 0.0169
2024-08-26 12:34:41 INFO     	 Epoch 19 | average valid loss: 0.0200
2024-08-26 12:34:43 INFO     
average valid metrics:	MR: 8297.846	| MRR: 0.041	| H@1: 0.023	| H@3: 0.040	| H@10: 0.075	| AMRI: 0.595	| rank_deviation: 0.00000
2024-08-26 12:34:43 INFO     	 Saving model at epoch 19 in logs\08_26\WN18RR\TransE_12_29_53
2024-08-26 12:34:57 INFO     	 Epoch 20 | average train loss: 0.0161
2024-08-26 12:34:57 INFO     	 Epoch 20 | average valid loss: 0.0196
2024-08-26 12:35:10 INFO     	 Epoch 21 | average train loss: 0.0151
2024-08-26 12:35:10 INFO     	 Epoch 21 | average valid loss: 0.0192
2024-08-26 12:35:24 INFO     	 Epoch 22 | average train loss: 0.0139
2024-08-26 12:35:24 INFO     	 Epoch 22 | average valid loss: 0.0187
2024-08-26 12:35:38 INFO     	 Epoch 23 | average train loss: 0.0127
2024-08-26 12:35:38 INFO     	 Epoch 23 | average valid loss: 0.0182
2024-08-26 12:35:52 INFO     	 Epoch 24 | average train loss: 0.0114
2024-08-26 12:35:52 INFO     	 Epoch 24 | average valid loss: 0.0176
2024-08-26 12:35:54 INFO     
average valid metrics:	MR: 5697.980	| MRR: 0.153	| H@1: 0.097	| H@3: 0.178	| H@10: 0.255	| AMRI: 0.722	| rank_deviation: 0.00000
2024-08-26 12:35:54 INFO     	 Saving model at epoch 24 in logs\08_26\WN18RR\TransE_12_29_53
2024-08-26 12:36:07 INFO     	 Epoch 25 | average train loss: 0.0102
2024-08-26 12:36:07 INFO     	 Epoch 25 | average valid loss: 0.0172
2024-08-26 12:36:21 INFO     	 Epoch 26 | average train loss: 0.0092
2024-08-26 12:36:21 INFO     	 Epoch 26 | average valid loss: 0.0170
2024-08-26 12:36:34 INFO     	 Epoch 27 | average train loss: 0.0084
2024-08-26 12:36:34 INFO     	 Epoch 27 | average valid loss: 0.0170
2024-08-26 12:36:49 INFO     	 Epoch 28 | average train loss: 0.0078
2024-08-26 12:36:49 INFO     	 Epoch 28 | average valid loss: 0.0169
2024-08-26 12:37:03 INFO     	 Epoch 29 | average train loss: 0.0074
2024-08-26 12:37:03 INFO     	 Epoch 29 | average valid loss: 0.0169
2024-08-26 12:37:05 INFO     
average valid metrics:	MR: 4466.272	| MRR: 0.249	| H@1: 0.172	| H@3: 0.294	| H@10: 0.389	| AMRI: 0.782	| rank_deviation: 0.00000
2024-08-26 12:37:05 INFO     	 Saving model at epoch 29 in logs\08_26\WN18RR\TransE_12_29_53
2024-08-26 12:37:18 INFO     	 Epoch 30 | average train loss: 0.0069
2024-08-26 12:37:18 INFO     	 Epoch 30 | average valid loss: 0.0168
2024-08-26 12:37:31 INFO     	 Epoch 31 | average train loss: 0.0066
2024-08-26 12:37:31 INFO     	 Epoch 31 | average valid loss: 0.0168
2024-08-26 12:37:45 INFO     	 Epoch 32 | average train loss: 0.0062
2024-08-26 12:37:45 INFO     	 Epoch 32 | average valid loss: 0.0167
2024-08-26 12:37:59 INFO     	 Epoch 33 | average train loss: 0.0059
2024-08-26 12:37:59 INFO     	 Epoch 33 | average valid loss: 0.0166
2024-08-26 12:38:12 INFO     	 Epoch 34 | average train loss: 0.0057
2024-08-26 12:38:13 INFO     	 Epoch 34 | average valid loss: 0.0166
2024-08-26 12:38:15 INFO     
average valid metrics:	MR: 4045.460	| MRR: 0.279	| H@1: 0.192	| H@3: 0.333	| H@10: 0.438	| AMRI: 0.802	| rank_deviation: 0.00000
2024-08-26 12:38:15 INFO     	 Saving model at epoch 34 in logs\08_26\WN18RR\TransE_12_29_53
2024-08-26 12:38:28 INFO     	 Epoch 35 | average train loss: 0.0054
2024-08-26 12:38:28 INFO     	 Epoch 35 | average valid loss: 0.0166
2024-08-26 12:38:42 INFO     	 Epoch 36 | average train loss: 0.0052
2024-08-26 12:38:42 INFO     	 Epoch 36 | average valid loss: 0.0165
2024-08-26 12:38:56 INFO     	 Epoch 37 | average train loss: 0.0049
2024-08-26 12:38:56 INFO     	 Epoch 37 | average valid loss: 0.0165
2024-08-26 12:39:10 INFO     	 Epoch 38 | average train loss: 0.0047
2024-08-26 12:39:10 INFO     	 Epoch 38 | average valid loss: 0.0164
2024-08-26 12:39:24 INFO     	 Epoch 39 | average train loss: 0.0045
2024-08-26 12:39:24 INFO     	 Epoch 39 | average valid loss: 0.0164
2024-08-26 12:39:26 INFO     
average valid metrics:	MR: 3780.996	| MRR: 0.298	| H@1: 0.202	| H@3: 0.357	| H@10: 0.468	| AMRI: 0.815	| rank_deviation: 0.00000
2024-08-26 12:39:26 INFO     	 Saving model at epoch 39 in logs\08_26\WN18RR\TransE_12_29_53
2024-08-26 12:39:40 INFO     	 Epoch 40 | average train loss: 0.0044
2024-08-26 12:39:40 INFO     	 Epoch 40 | average valid loss: 0.0163
2024-08-26 12:39:54 INFO     	 Epoch 41 | average train loss: 0.0042
2024-08-26 12:39:54 INFO     	 Epoch 41 | average valid loss: 0.0163
2024-08-26 12:40:08 INFO     	 Epoch 42 | average train loss: 0.0040
2024-08-26 12:40:08 INFO     	 Epoch 42 | average valid loss: 0.0163
2024-08-26 12:40:21 INFO     	 Epoch 43 | average train loss: 0.0039
2024-08-26 12:40:21 INFO     	 Epoch 43 | average valid loss: 0.0163
2024-08-26 12:40:35 INFO     	 Epoch 44 | average train loss: 0.0037
2024-08-26 12:40:35 INFO     	 Epoch 44 | average valid loss: 0.0162
2024-08-26 12:40:37 INFO     
average valid metrics:	MR: 3596.054	| MRR: 0.309	| H@1: 0.210	| H@3: 0.370	| H@10: 0.488	| AMRI: 0.824	| rank_deviation: 0.00000
2024-08-26 12:40:37 INFO     	 Saving model at epoch 44 in logs\08_26\WN18RR\TransE_12_29_53
2024-08-26 12:40:51 INFO     	 Epoch 45 | average train loss: 0.0036
2024-08-26 12:40:51 INFO     	 Epoch 45 | average valid loss: 0.0163
2024-08-26 12:41:05 INFO     	 Epoch 46 | average train loss: 0.0035
2024-08-26 12:41:05 INFO     	 Epoch 46 | average valid loss: 0.0163
2024-08-26 12:41:18 INFO     	 Epoch 47 | average train loss: 0.0034
2024-08-26 12:41:19 INFO     	 Epoch 47 | average valid loss: 0.0163
2024-08-26 12:41:32 INFO     	 Epoch 48 | average train loss: 0.0033
2024-08-26 12:41:32 INFO     	 Epoch 48 | average valid loss: 0.0163
2024-08-26 12:41:48 INFO     	 Epoch 49 | average train loss: 0.0032
2024-08-26 12:41:48 INFO     	 Epoch 49 | average valid loss: 0.0163
2024-08-26 12:41:50 INFO     
average valid metrics:	MR: 3469.319	| MRR: 0.316	| H@1: 0.216	| H@3: 0.376	| H@10: 0.500	| AMRI: 0.831	| rank_deviation: 0.00000
2024-08-26 12:41:50 INFO     	 Saving model at epoch 49 in logs\08_26\WN18RR\TransE_12_29_53
2024-08-26 12:42:04 INFO     	 Epoch 50 | average train loss: 0.0031
2024-08-26 12:42:04 INFO     	 Epoch 50 | average valid loss: 0.0163
2024-08-26 12:42:18 INFO     	 Epoch 51 | average train loss: 0.0030
2024-08-26 12:42:18 INFO     	 Epoch 51 | average valid loss: 0.0164
2024-08-26 12:42:32 INFO     	 Epoch 52 | average train loss: 0.0029
2024-08-26 12:42:32 INFO     	 Epoch 52 | average valid loss: 0.0164
2024-08-26 12:42:46 INFO     	 Epoch 53 | average train loss: 0.0028
2024-08-26 12:42:46 INFO     	 Epoch 53 | average valid loss: 0.0165
2024-08-26 12:43:02 INFO     	 Epoch 54 | average train loss: 0.0027
2024-08-26 12:43:02 INFO     	 Epoch 54 | average valid loss: 0.0164
2024-08-26 12:43:04 INFO     
average valid metrics:	MR: 3364.590	| MRR: 0.322	| H@1: 0.220	| H@3: 0.387	| H@10: 0.508	| AMRI: 0.836	| rank_deviation: 0.00000
2024-08-26 12:43:04 INFO     	 Saving model at epoch 54 in logs\08_26\WN18RR\TransE_12_29_53
2024-08-26 12:43:19 INFO     	 Epoch 55 | average train loss: 0.0026
2024-08-26 12:43:19 INFO     	 Epoch 55 | average valid loss: 0.0165
2024-08-26 12:43:32 INFO     	 Epoch 56 | average train loss: 0.0026
2024-08-26 12:43:32 INFO     	 Epoch 56 | average valid loss: 0.0165
2024-08-26 12:43:46 INFO     	 Epoch 57 | average train loss: 0.0025
2024-08-26 12:43:46 INFO     	 Epoch 57 | average valid loss: 0.0166
2024-08-26 12:44:00 INFO     	 Epoch 58 | average train loss: 0.0025
2024-08-26 12:44:00 INFO     	 Epoch 58 | average valid loss: 0.0166
2024-08-26 12:44:13 INFO     	 Epoch 59 | average train loss: 0.0024
2024-08-26 12:44:14 INFO     	 Epoch 59 | average valid loss: 0.0167
2024-08-26 12:44:16 INFO     
average valid metrics:	MR: 3292.400	| MRR: 0.326	| H@1: 0.221	| H@3: 0.395	| H@10: 0.512	| AMRI: 0.839	| rank_deviation: 0.00000
2024-08-26 12:44:16 INFO     	 Saving model at epoch 59 in logs\08_26\WN18RR\TransE_12_29_53
2024-08-26 12:44:30 INFO     	 Epoch 60 | average train loss: 0.0023
2024-08-26 12:44:30 INFO     	 Epoch 60 | average valid loss: 0.0167
2024-08-26 12:44:45 INFO     	 Epoch 61 | average train loss: 0.0023
2024-08-26 12:44:45 INFO     	 Epoch 61 | average valid loss: 0.0168
2024-08-26 12:44:59 INFO     	 Epoch 62 | average train loss: 0.0022
2024-08-26 12:44:59 INFO     	 Epoch 62 | average valid loss: 0.0169
2024-08-26 12:45:13 INFO     	 Epoch 63 | average train loss: 0.0022
2024-08-26 12:45:13 INFO     	 Epoch 63 | average valid loss: 0.0170
2024-08-26 12:45:28 INFO     	 Epoch 64 | average train loss: 0.0021
2024-08-26 12:45:28 INFO     	 Epoch 64 | average valid loss: 0.0170
2024-08-26 12:45:30 INFO     
average valid metrics:	MR: 3234.101	| MRR: 0.329	| H@1: 0.225	| H@3: 0.397	| H@10: 0.515	| AMRI: 0.842	| rank_deviation: 0.00000
2024-08-26 12:45:30 INFO     	 Saving model at epoch 64 in logs\08_26\WN18RR\TransE_12_29_53
2024-08-26 12:45:45 INFO     	 Epoch 65 | average train loss: 0.0021
2024-08-26 12:45:45 INFO     	 Epoch 65 | average valid loss: 0.0171
2024-08-26 12:45:58 INFO     	 Epoch 66 | average train loss: 0.0021
2024-08-26 12:45:59 INFO     	 Epoch 66 | average valid loss: 0.0172
2024-08-26 12:46:12 INFO     	 Epoch 67 | average train loss: 0.0020
2024-08-26 12:46:12 INFO     	 Epoch 67 | average valid loss: 0.0172
2024-08-26 12:46:26 INFO     	 Epoch 68 | average train loss: 0.0020
2024-08-26 12:46:26 INFO     	 Epoch 68 | average valid loss: 0.0173
2024-08-26 12:46:39 INFO     	 Epoch 69 | average train loss: 0.0019
2024-08-26 12:46:40 INFO     	 Epoch 69 | average valid loss: 0.0174
2024-08-26 12:46:42 INFO     
average valid metrics:	MR: 3187.258	| MRR: 0.332	| H@1: 0.227	| H@3: 0.401	| H@10: 0.516	| AMRI: 0.844	| rank_deviation: 0.00000
2024-08-26 12:46:42 INFO     	 Saving model at epoch 69 in logs\08_26\WN18RR\TransE_12_29_53
2024-08-26 12:46:56 INFO     	 Epoch 70 | average train loss: 0.0019
2024-08-26 12:46:56 INFO     	 Epoch 70 | average valid loss: 0.0176
2024-08-26 12:47:10 INFO     	 Epoch 71 | average train loss: 0.0019
2024-08-26 12:47:10 INFO     	 Epoch 71 | average valid loss: 0.0176
2024-08-26 12:47:24 INFO     	 Epoch 72 | average train loss: 0.0018
2024-08-26 12:47:24 INFO     	 Epoch 72 | average valid loss: 0.0176
2024-08-26 12:47:38 INFO     	 Epoch 73 | average train loss: 0.0018
2024-08-26 12:47:39 INFO     	 Epoch 73 | average valid loss: 0.0178
2024-08-26 12:47:53 INFO     	 Epoch 74 | average train loss: 0.0018
2024-08-26 12:47:53 INFO     	 Epoch 74 | average valid loss: 0.0178
2024-08-26 12:47:55 INFO     
average valid metrics:	MR: 3152.391	| MRR: 0.334	| H@1: 0.228	| H@3: 0.403	| H@10: 0.517	| AMRI: 0.846	| rank_deviation: 0.00000
2024-08-26 12:47:55 INFO     	 Saving model at epoch 74 in logs\08_26\WN18RR\TransE_12_29_53
2024-08-26 12:48:08 INFO     	 Epoch 75 | average train loss: 0.0018
2024-08-26 12:48:08 INFO     	 Epoch 75 | average valid loss: 0.0179
2024-08-26 12:48:22 INFO     	 Epoch 76 | average train loss: 0.0017
2024-08-26 12:48:22 INFO     	 Epoch 76 | average valid loss: 0.0180
2024-08-26 12:48:36 INFO     	 Epoch 77 | average train loss: 0.0017
2024-08-26 12:48:36 INFO     	 Epoch 77 | average valid loss: 0.0180
2024-08-26 12:48:50 INFO     	 Epoch 78 | average train loss: 0.0017
2024-08-26 12:48:50 INFO     	 Epoch 78 | average valid loss: 0.0182
2024-08-26 12:49:03 INFO     	 Epoch 79 | average train loss: 0.0017
2024-08-26 12:49:03 INFO     	 Epoch 79 | average valid loss: 0.0182
2024-08-26 12:49:05 INFO     
average valid metrics:	MR: 3121.057	| MRR: 0.337	| H@1: 0.231	| H@3: 0.406	| H@10: 0.516	| AMRI: 0.848	| rank_deviation: 0.00000
2024-08-26 12:49:05 INFO     	 Saving model at epoch 79 in logs\08_26\WN18RR\TransE_12_29_53
2024-08-26 12:49:18 INFO     	 Epoch 80 | average train loss: 0.0017
2024-08-26 12:49:18 INFO     	 Epoch 80 | average valid loss: 0.0184
2024-08-26 12:49:32 INFO     	 Epoch 81 | average train loss: 0.0016
2024-08-26 12:49:32 INFO     	 Epoch 81 | average valid loss: 0.0184
2024-08-26 12:49:45 INFO     	 Epoch 82 | average train loss: 0.0016
2024-08-26 12:49:45 INFO     	 Epoch 82 | average valid loss: 0.0186
2024-08-26 12:49:59 INFO     	 Epoch 83 | average train loss: 0.0016
2024-08-26 12:49:59 INFO     	 Epoch 83 | average valid loss: 0.0187
2024-08-26 12:50:13 INFO     	 Epoch 84 | average train loss: 0.0016
2024-08-26 12:50:13 INFO     	 Epoch 84 | average valid loss: 0.0187
2024-08-26 12:50:15 INFO     
average valid metrics:	MR: 3098.472	| MRR: 0.340	| H@1: 0.236	| H@3: 0.412	| H@10: 0.517	| AMRI: 0.849	| rank_deviation: 0.00000
2024-08-26 12:50:15 INFO     	 Saving model at epoch 84 in logs\08_26\WN18RR\TransE_12_29_53
2024-08-26 12:50:29 INFO     	 Epoch 85 | average train loss: 0.0016
2024-08-26 12:50:29 INFO     	 Epoch 85 | average valid loss: 0.0187
2024-08-26 12:50:43 INFO     	 Epoch 86 | average train loss: 0.0015
2024-08-26 12:50:43 INFO     	 Epoch 86 | average valid loss: 0.0190
2024-08-26 12:50:57 INFO     	 Epoch 87 | average train loss: 0.0015
2024-08-26 12:50:57 INFO     	 Epoch 87 | average valid loss: 0.0190
2024-08-26 12:51:10 INFO     	 Epoch 88 | average train loss: 0.0015
2024-08-26 12:51:10 INFO     	 Epoch 88 | average valid loss: 0.0191
2024-08-26 12:51:24 INFO     	 Epoch 89 | average train loss: 0.0015
2024-08-26 12:51:24 INFO     	 Epoch 89 | average valid loss: 0.0191
2024-08-26 12:51:26 INFO     
average valid metrics:	MR: 3076.319	| MRR: 0.340	| H@1: 0.235	| H@3: 0.412	| H@10: 0.516	| AMRI: 0.850	| rank_deviation: 0.00000
2024-08-26 12:51:40 INFO     	 Epoch 90 | average train loss: 0.0015
2024-08-26 12:51:40 INFO     	 Epoch 90 | average valid loss: 0.0192
2024-08-26 12:51:54 INFO     	 Epoch 91 | average train loss: 0.0015
2024-08-26 12:51:54 INFO     	 Epoch 91 | average valid loss: 0.0193
2024-08-26 12:52:07 INFO     	 Epoch 92 | average train loss: 0.0014
2024-08-26 12:52:07 INFO     	 Epoch 92 | average valid loss: 0.0193
2024-08-26 12:52:21 INFO     	 Epoch 93 | average train loss: 0.0014
2024-08-26 12:52:21 INFO     	 Epoch 93 | average valid loss: 0.0194
2024-08-26 12:52:35 INFO     	 Epoch 94 | average train loss: 0.0014
2024-08-26 12:52:35 INFO     	 Epoch 94 | average valid loss: 0.0196
2024-08-26 12:52:37 INFO     
average valid metrics:	MR: 3053.337	| MRR: 0.344	| H@1: 0.241	| H@3: 0.414	| H@10: 0.520	| AMRI: 0.851	| rank_deviation: 0.00000
2024-08-26 12:52:37 INFO     	 Saving model at epoch 94 in logs\08_26\WN18RR\TransE_12_29_53
2024-08-26 12:52:51 INFO     	 Epoch 95 | average train loss: 0.0014
2024-08-26 12:52:51 INFO     	 Epoch 95 | average valid loss: 0.0196
2024-08-26 12:53:04 INFO     	 Epoch 96 | average train loss: 0.0014
2024-08-26 12:53:04 INFO     	 Epoch 96 | average valid loss: 0.0197
2024-08-26 12:53:17 INFO     	 Epoch 97 | average train loss: 0.0014
2024-08-26 12:53:18 INFO     	 Epoch 97 | average valid loss: 0.0199
2024-08-26 12:53:31 INFO     	 Epoch 98 | average train loss: 0.0014
2024-08-26 12:53:32 INFO     	 Epoch 98 | average valid loss: 0.0200
2024-08-26 12:53:46 INFO     	 Epoch 99 | average train loss: 0.0014
2024-08-26 12:53:46 INFO     	 Epoch 99 | average valid loss: 0.0200
2024-08-26 12:53:49 INFO     
average valid metrics:	MR: 3046.908	| MRR: 0.344	| H@1: 0.241	| H@3: 0.414	| H@10: 0.520	| AMRI: 0.851	| rank_deviation: 0.00000
2024-08-26 12:53:49 INFO     	 Saving model at epoch 99 in logs\08_26\WN18RR\TransE_12_29_53
2024-08-26 12:54:03 INFO     	 Epoch 100 | average train loss: 0.0014
2024-08-26 12:54:03 INFO     	 Epoch 100 | average valid loss: 0.0201
2024-08-26 12:54:16 INFO     	 Epoch 101 | average train loss: 0.0014
2024-08-26 12:54:16 INFO     	 Epoch 101 | average valid loss: 0.0203
2024-08-26 12:54:30 INFO     	 Epoch 102 | average train loss: 0.0013
2024-08-26 12:54:30 INFO     	 Epoch 102 | average valid loss: 0.0202
2024-08-26 12:54:44 INFO     	 Epoch 103 | average train loss: 0.0013
2024-08-26 12:54:44 INFO     	 Epoch 103 | average valid loss: 0.0203
2024-08-26 12:54:58 INFO     	 Epoch 104 | average train loss: 0.0013
2024-08-26 12:54:58 INFO     	 Epoch 104 | average valid loss: 0.0203
2024-08-26 12:55:00 INFO     
average valid metrics:	MR: 3037.537	| MRR: 0.344	| H@1: 0.241	| H@3: 0.416	| H@10: 0.521	| AMRI: 0.852	| rank_deviation: 0.00000
2024-08-26 12:55:00 INFO     	 Saving model at epoch 104 in logs\08_26\WN18RR\TransE_12_29_53
2024-08-26 12:55:13 INFO     	 Epoch 105 | average train loss: 0.0013
2024-08-26 12:55:13 INFO     	 Epoch 105 | average valid loss: 0.0204
2024-08-26 12:55:27 INFO     	 Epoch 106 | average train loss: 0.0013
2024-08-26 12:55:27 INFO     	 Epoch 106 | average valid loss: 0.0205
2024-08-26 12:55:41 INFO     	 Epoch 107 | average train loss: 0.0013
2024-08-26 12:55:41 INFO     	 Epoch 107 | average valid loss: 0.0206
2024-08-26 12:55:55 INFO     	 Epoch 108 | average train loss: 0.0013
2024-08-26 12:55:55 INFO     	 Epoch 108 | average valid loss: 0.0208
2024-08-26 12:56:09 INFO     	 Epoch 109 | average train loss: 0.0013
2024-08-26 12:56:09 INFO     	 Epoch 109 | average valid loss: 0.0208
2024-08-26 12:56:11 INFO     
average valid metrics:	MR: 3027.577	| MRR: 0.349	| H@1: 0.249	| H@3: 0.416	| H@10: 0.520	| AMRI: 0.852	| rank_deviation: 0.00000
2024-08-26 12:56:11 INFO     	 Saving model at epoch 109 in logs\08_26\WN18RR\TransE_12_29_53
2024-08-26 12:56:25 INFO     	 Epoch 110 | average train loss: 0.0013
2024-08-26 12:56:25 INFO     	 Epoch 110 | average valid loss: 0.0209
2024-08-26 12:56:39 INFO     	 Epoch 111 | average train loss: 0.0013
2024-08-26 12:56:39 INFO     	 Epoch 111 | average valid loss: 0.0210
2024-08-26 12:56:53 INFO     	 Epoch 112 | average train loss: 0.0013
2024-08-26 12:56:53 INFO     	 Epoch 112 | average valid loss: 0.0210
2024-08-26 12:57:07 INFO     	 Epoch 113 | average train loss: 0.0013
2024-08-26 12:57:07 INFO     	 Epoch 113 | average valid loss: 0.0211
2024-08-26 12:57:21 INFO     	 Epoch 114 | average train loss: 0.0013
2024-08-26 12:57:21 INFO     	 Epoch 114 | average valid loss: 0.0213
2024-08-26 12:57:23 INFO     
average valid metrics:	MR: 3018.861	| MRR: 0.348	| H@1: 0.249	| H@3: 0.413	| H@10: 0.521	| AMRI: 0.853	| rank_deviation: 0.00000
2024-08-26 12:57:37 INFO     	 Epoch 115 | average train loss: 0.0013
2024-08-26 12:57:37 INFO     	 Epoch 115 | average valid loss: 0.0213
2024-08-26 12:57:52 INFO     	 Epoch 116 | average train loss: 0.0012
2024-08-26 12:57:52 INFO     	 Epoch 116 | average valid loss: 0.0214
2024-08-26 12:58:05 INFO     	 Epoch 117 | average train loss: 0.0012
2024-08-26 12:58:05 INFO     	 Epoch 117 | average valid loss: 0.0215
2024-08-26 12:58:19 INFO     	 Epoch 118 | average train loss: 0.0012
2024-08-26 12:58:19 INFO     	 Epoch 118 | average valid loss: 0.0215
2024-08-26 12:58:32 INFO     	 Epoch 119 | average train loss: 0.0012
2024-08-26 12:58:32 INFO     	 Epoch 119 | average valid loss: 0.0216
2024-08-26 12:58:34 INFO     
average valid metrics:	MR: 3022.652	| MRR: 0.348	| H@1: 0.249	| H@3: 0.416	| H@10: 0.520	| AMRI: 0.852	| rank_deviation: 0.00000
2024-08-26 12:58:47 INFO     	 Epoch 120 | average train loss: 0.0012
2024-08-26 12:58:48 INFO     	 Epoch 120 | average valid loss: 0.0216
2024-08-26 12:59:01 INFO     	 Epoch 121 | average train loss: 0.0012
2024-08-26 12:59:01 INFO     	 Epoch 121 | average valid loss: 0.0218
2024-08-26 12:59:15 INFO     	 Epoch 122 | average train loss: 0.0012
2024-08-26 12:59:15 INFO     	 Epoch 122 | average valid loss: 0.0218
2024-08-26 12:59:28 INFO     	 Epoch 123 | average train loss: 0.0012
2024-08-26 12:59:28 INFO     	 Epoch 123 | average valid loss: 0.0220
2024-08-26 12:59:42 INFO     	 Epoch 124 | average train loss: 0.0012
2024-08-26 12:59:42 INFO     	 Epoch 124 | average valid loss: 0.0221
2024-08-26 12:59:44 INFO     
average valid metrics:	MR: 3020.913	| MRR: 0.349	| H@1: 0.250	| H@3: 0.415	| H@10: 0.520	| AMRI: 0.852	| rank_deviation: 0.00000
2024-08-26 12:59:58 INFO     	 Epoch 125 | average train loss: 0.0012
2024-08-26 12:59:58 INFO     	 Epoch 125 | average valid loss: 0.0221
2024-08-26 13:00:11 INFO     	 Epoch 126 | average train loss: 0.0012
2024-08-26 13:00:11 INFO     	 Epoch 126 | average valid loss: 0.0222
2024-08-26 13:00:25 INFO     	 Epoch 127 | average train loss: 0.0012
2024-08-26 13:00:26 INFO     	 Epoch 127 | average valid loss: 0.0222
2024-08-26 13:00:40 INFO     	 Epoch 128 | average train loss: 0.0012
2024-08-26 13:00:40 INFO     	 Epoch 128 | average valid loss: 0.0223
2024-08-26 13:00:53 INFO     	 Epoch 129 | average train loss: 0.0012
2024-08-26 13:00:54 INFO     	 Epoch 129 | average valid loss: 0.0223
2024-08-26 13:00:56 INFO     
average valid metrics:	MR: 3009.071	| MRR: 0.349	| H@1: 0.250	| H@3: 0.419	| H@10: 0.520	| AMRI: 0.853	| rank_deviation: 0.00000
2024-08-26 13:00:56 INFO     	 Saving model at epoch 129 in logs\08_26\WN18RR\TransE_12_29_53
2024-08-26 13:01:09 INFO     	 Epoch 130 | average train loss: 0.0012
2024-08-26 13:01:09 INFO     	 Epoch 130 | average valid loss: 0.0224
2024-08-26 13:01:23 INFO     	 Epoch 131 | average train loss: 0.0012
2024-08-26 13:01:23 INFO     	 Epoch 131 | average valid loss: 0.0225
2024-08-26 13:01:37 INFO     	 Epoch 132 | average train loss: 0.0012
2024-08-26 13:01:37 INFO     	 Epoch 132 | average valid loss: 0.0225
2024-08-26 13:01:51 INFO     	 Epoch 133 | average train loss: 0.0012
2024-08-26 13:01:51 INFO     	 Epoch 133 | average valid loss: 0.0226
2024-08-26 13:02:04 INFO     	 Epoch 134 | average train loss: 0.0011
2024-08-26 13:02:04 INFO     	 Epoch 134 | average valid loss: 0.0226
2024-08-26 13:02:07 INFO     
average valid metrics:	MR: 3002.350	| MRR: 0.351	| H@1: 0.253	| H@3: 0.417	| H@10: 0.517	| AMRI: 0.853	| rank_deviation: 0.00000
2024-08-26 13:02:07 INFO     	 Saving model at epoch 134 in logs\08_26\WN18RR\TransE_12_29_53
2024-08-26 13:02:20 INFO     	 Epoch 135 | average train loss: 0.0012
2024-08-26 13:02:20 INFO     	 Epoch 135 | average valid loss: 0.0227
2024-08-26 13:02:34 INFO     	 Epoch 136 | average train loss: 0.0012
2024-08-26 13:02:34 INFO     	 Epoch 136 | average valid loss: 0.0228
2024-08-26 13:02:53 INFO     	 Epoch 137 | average train loss: 0.0011
2024-08-26 13:02:53 INFO     	 Epoch 137 | average valid loss: 0.0229
2024-08-26 13:03:07 INFO     	 Epoch 138 | average train loss: 0.0011
2024-08-26 13:03:07 INFO     	 Epoch 138 | average valid loss: 0.0229
2024-08-26 13:03:21 INFO     	 Epoch 139 | average train loss: 0.0011
2024-08-26 13:03:21 INFO     	 Epoch 139 | average valid loss: 0.0231
2024-08-26 13:03:23 INFO     
average valid metrics:	MR: 2994.971	| MRR: 0.350	| H@1: 0.253	| H@3: 0.416	| H@10: 0.519	| AMRI: 0.854	| rank_deviation: 0.00000
2024-08-26 13:03:37 INFO     	 Epoch 140 | average train loss: 0.0011
2024-08-26 13:03:37 INFO     	 Epoch 140 | average valid loss: 0.0232
2024-08-26 13:03:51 INFO     	 Epoch 141 | average train loss: 0.0011
2024-08-26 13:03:51 INFO     	 Epoch 141 | average valid loss: 0.0232
2024-08-26 13:04:04 INFO     	 Epoch 142 | average train loss: 0.0011
2024-08-26 13:04:04 INFO     	 Epoch 142 | average valid loss: 0.0234
2024-08-26 13:04:17 INFO     	 Epoch 143 | average train loss: 0.0011
2024-08-26 13:04:17 INFO     	 Epoch 143 | average valid loss: 0.0233
2024-08-26 13:04:31 INFO     	 Epoch 144 | average train loss: 0.0011
2024-08-26 13:04:31 INFO     	 Epoch 144 | average valid loss: 0.0233
2024-08-26 13:04:33 INFO     
average valid metrics:	MR: 2991.403	| MRR: 0.351	| H@1: 0.253	| H@3: 0.417	| H@10: 0.517	| AMRI: 0.854	| rank_deviation: 0.00000
2024-08-26 13:04:47 INFO     	 Epoch 145 | average train loss: 0.0011
2024-08-26 13:04:47 INFO     	 Epoch 145 | average valid loss: 0.0235
2024-08-26 13:05:01 INFO     	 Epoch 146 | average train loss: 0.0011
2024-08-26 13:05:01 INFO     	 Epoch 146 | average valid loss: 0.0237
2024-08-26 13:05:14 INFO     	 Epoch 147 | average train loss: 0.0011
2024-08-26 13:05:14 INFO     	 Epoch 147 | average valid loss: 0.0237
2024-08-26 13:05:28 INFO     	 Epoch 148 | average train loss: 0.0011
2024-08-26 13:05:28 INFO     	 Epoch 148 | average valid loss: 0.0237
2024-08-26 13:05:42 INFO     	 Epoch 149 | average train loss: 0.0011
2024-08-26 13:05:42 INFO     	 Epoch 149 | average valid loss: 0.0239
2024-08-26 13:05:44 INFO     
average valid metrics:	MR: 3005.237	| MRR: 0.350	| H@1: 0.251	| H@3: 0.416	| H@10: 0.517	| AMRI: 0.853	| rank_deviation: 0.00000
2024-08-26 13:05:57 INFO     	 Epoch 150 | average train loss: 0.0011
2024-08-26 13:05:58 INFO     	 Epoch 150 | average valid loss: 0.0239
2024-08-26 13:06:11 INFO     	 Epoch 151 | average train loss: 0.0011
2024-08-26 13:06:11 INFO     	 Epoch 151 | average valid loss: 0.0240
2024-08-26 13:06:25 INFO     	 Epoch 152 | average train loss: 0.0011
2024-08-26 13:06:25 INFO     	 Epoch 152 | average valid loss: 0.0241
2024-08-26 13:06:39 INFO     	 Epoch 153 | average train loss: 0.0011
2024-08-26 13:06:39 INFO     	 Epoch 153 | average valid loss: 0.0242
2024-08-26 13:06:53 INFO     	 Epoch 154 | average train loss: 0.0011
2024-08-26 13:06:53 INFO     	 Epoch 154 | average valid loss: 0.0242
2024-08-26 13:06:55 INFO     
average valid metrics:	MR: 2999.253	| MRR: 0.352	| H@1: 0.254	| H@3: 0.422	| H@10: 0.517	| AMRI: 0.854	| rank_deviation: 0.00000
2024-08-26 13:06:55 INFO     	 Saving model at epoch 154 in logs\08_26\WN18RR\TransE_12_29_53
2024-08-26 13:07:09 INFO     	 Epoch 155 | average train loss: 0.0011
2024-08-26 13:07:09 INFO     	 Epoch 155 | average valid loss: 0.0242
2024-08-26 13:07:22 INFO     	 Epoch 156 | average train loss: 0.0011
2024-08-26 13:07:22 INFO     	 Epoch 156 | average valid loss: 0.0243
2024-08-26 13:07:39 INFO     	 Epoch 157 | average train loss: 0.0011
2024-08-26 13:07:39 INFO     	 Epoch 157 | average valid loss: 0.0244
2024-08-26 13:07:55 INFO     	 Epoch 158 | average train loss: 0.0011
2024-08-26 13:07:55 INFO     	 Epoch 158 | average valid loss: 0.0245
2024-08-26 13:08:09 INFO     	 Epoch 159 | average train loss: 0.0011
2024-08-26 13:08:09 INFO     	 Epoch 159 | average valid loss: 0.0245
2024-08-26 13:08:11 INFO     
average valid metrics:	MR: 2998.665	| MRR: 0.352	| H@1: 0.254	| H@3: 0.422	| H@10: 0.517	| AMRI: 0.854	| rank_deviation: 0.00000
2024-08-26 13:08:26 INFO     	 Epoch 160 | average train loss: 0.0011
2024-08-26 13:08:26 INFO     	 Epoch 160 | average valid loss: 0.0246
2024-08-26 13:08:40 INFO     	 Epoch 161 | average train loss: 0.0011
2024-08-26 13:08:40 INFO     	 Epoch 161 | average valid loss: 0.0247
2024-08-26 13:08:54 INFO     	 Epoch 162 | average train loss: 0.0011
2024-08-26 13:08:54 INFO     	 Epoch 162 | average valid loss: 0.0248
2024-08-26 13:09:08 INFO     	 Epoch 163 | average train loss: 0.0011
2024-08-26 13:09:08 INFO     	 Epoch 163 | average valid loss: 0.0249
2024-08-26 13:09:21 INFO     	 Epoch 164 | average train loss: 0.0011
2024-08-26 13:09:22 INFO     	 Epoch 164 | average valid loss: 0.0249
2024-08-26 13:09:24 INFO     
average valid metrics:	MR: 2993.756	| MRR: 0.353	| H@1: 0.256	| H@3: 0.421	| H@10: 0.517	| AMRI: 0.854	| rank_deviation: 0.00000
2024-08-26 13:09:24 INFO     	 Saving model at epoch 164 in logs\08_26\WN18RR\TransE_12_29_53
2024-08-26 13:09:37 INFO     	 Epoch 165 | average train loss: 0.0011
2024-08-26 13:09:37 INFO     	 Epoch 165 | average valid loss: 0.0249
2024-08-26 13:09:51 INFO     	 Epoch 166 | average train loss: 0.0011
2024-08-26 13:09:51 INFO     	 Epoch 166 | average valid loss: 0.0250
2024-08-26 13:10:04 INFO     	 Epoch 167 | average train loss: 0.0011
2024-08-26 13:10:04 INFO     	 Epoch 167 | average valid loss: 0.0250
2024-08-26 13:10:18 INFO     	 Epoch 168 | average train loss: 0.0011
2024-08-26 13:10:18 INFO     	 Epoch 168 | average valid loss: 0.0250
2024-08-26 13:10:31 INFO     	 Epoch 169 | average train loss: 0.0011
2024-08-26 13:10:31 INFO     	 Epoch 169 | average valid loss: 0.0252
2024-08-26 13:10:33 INFO     
average valid metrics:	MR: 2988.958	| MRR: 0.353	| H@1: 0.257	| H@3: 0.419	| H@10: 0.518	| AMRI: 0.854	| rank_deviation: 0.00000
2024-08-26 13:10:47 INFO     	 Epoch 170 | average train loss: 0.0011
2024-08-26 13:10:47 INFO     	 Epoch 170 | average valid loss: 0.0254
2024-08-26 13:11:00 INFO     	 Epoch 171 | average train loss: 0.0011
2024-08-26 13:11:00 INFO     	 Epoch 171 | average valid loss: 0.0252
2024-08-26 13:11:14 INFO     	 Epoch 172 | average train loss: 0.0011
2024-08-26 13:11:14 INFO     	 Epoch 172 | average valid loss: 0.0253
2024-08-26 13:11:28 INFO     	 Epoch 173 | average train loss: 0.0011
2024-08-26 13:11:28 INFO     	 Epoch 173 | average valid loss: 0.0252
2024-08-26 13:11:42 INFO     	 Epoch 174 | average train loss: 0.0011
2024-08-26 13:11:42 INFO     	 Epoch 174 | average valid loss: 0.0253
2024-08-26 13:11:44 INFO     
average valid metrics:	MR: 2985.841	| MRR: 0.353	| H@1: 0.256	| H@3: 0.420	| H@10: 0.516	| AMRI: 0.854	| rank_deviation: 0.00000
2024-08-26 13:11:58 INFO     	 Epoch 175 | average train loss: 0.0011
2024-08-26 13:11:58 INFO     	 Epoch 175 | average valid loss: 0.0256
2024-08-26 13:12:12 INFO     	 Epoch 176 | average train loss: 0.0011
2024-08-26 13:12:12 INFO     	 Epoch 176 | average valid loss: 0.0254
2024-08-26 13:12:25 INFO     	 Epoch 177 | average train loss: 0.0011
2024-08-26 13:12:26 INFO     	 Epoch 177 | average valid loss: 0.0255
2024-08-26 13:12:39 INFO     	 Epoch 178 | average train loss: 0.0010
2024-08-26 13:12:40 INFO     	 Epoch 178 | average valid loss: 0.0256
2024-08-26 13:12:53 INFO     	 Epoch 179 | average train loss: 0.0011
2024-08-26 13:12:53 INFO     	 Epoch 179 | average valid loss: 0.0256
2024-08-26 13:12:55 INFO     
average valid metrics:	MR: 2982.919	| MRR: 0.351	| H@1: 0.253	| H@3: 0.420	| H@10: 0.517	| AMRI: 0.854	| rank_deviation: 0.00000
2024-08-26 13:13:09 INFO     	 Epoch 180 | average train loss: 0.0010
2024-08-26 13:13:09 INFO     	 Epoch 180 | average valid loss: 0.0256
2024-08-26 13:13:23 INFO     	 Epoch 181 | average train loss: 0.0011
2024-08-26 13:13:23 INFO     	 Epoch 181 | average valid loss: 0.0257
2024-08-26 13:13:37 INFO     	 Epoch 182 | average train loss: 0.0011
2024-08-26 13:13:37 INFO     	 Epoch 182 | average valid loss: 0.0258
2024-08-26 13:13:50 INFO     	 Epoch 183 | average train loss: 0.0010
2024-08-26 13:13:51 INFO     	 Epoch 183 | average valid loss: 0.0258
2024-08-26 13:14:04 INFO     	 Epoch 184 | average train loss: 0.0010
2024-08-26 13:14:04 INFO     	 Epoch 184 | average valid loss: 0.0259
2024-08-26 13:14:06 INFO     
average valid metrics:	MR: 2987.555	| MRR: 0.354	| H@1: 0.258	| H@3: 0.424	| H@10: 0.516	| AMRI: 0.854	| rank_deviation: 0.00000
2024-08-26 13:14:06 INFO     	 Saving model at epoch 184 in logs\08_26\WN18RR\TransE_12_29_53
2024-08-26 13:14:19 INFO     	 Epoch 185 | average train loss: 0.0010
2024-08-26 13:14:20 INFO     	 Epoch 185 | average valid loss: 0.0261
2024-08-26 13:14:33 INFO     	 Epoch 186 | average train loss: 0.0010
2024-08-26 13:14:33 INFO     	 Epoch 186 | average valid loss: 0.0260
2024-08-26 13:14:47 INFO     	 Epoch 187 | average train loss: 0.0010
2024-08-26 13:14:47 INFO     	 Epoch 187 | average valid loss: 0.0261
2024-08-26 13:15:00 INFO     	 Epoch 188 | average train loss: 0.0010
2024-08-26 13:15:00 INFO     	 Epoch 188 | average valid loss: 0.0261
2024-08-26 13:15:14 INFO     	 Epoch 189 | average train loss: 0.0010
2024-08-26 13:15:14 INFO     	 Epoch 189 | average valid loss: 0.0261
2024-08-26 13:15:16 INFO     
average valid metrics:	MR: 2982.281	| MRR: 0.352	| H@1: 0.255	| H@3: 0.421	| H@10: 0.514	| AMRI: 0.854	| rank_deviation: 0.00000
2024-08-26 13:15:30 INFO     	 Epoch 190 | average train loss: 0.0010
2024-08-26 13:15:30 INFO     	 Epoch 190 | average valid loss: 0.0262
2024-08-26 13:15:43 INFO     	 Epoch 191 | average train loss: 0.0010
2024-08-26 13:15:44 INFO     	 Epoch 191 | average valid loss: 0.0263
2024-08-26 13:15:58 INFO     	 Epoch 192 | average train loss: 0.0010
2024-08-26 13:15:58 INFO     	 Epoch 192 | average valid loss: 0.0264
2024-08-26 13:16:12 INFO     	 Epoch 193 | average train loss: 0.0010
2024-08-26 13:16:12 INFO     	 Epoch 193 | average valid loss: 0.0265
2024-08-26 13:16:27 INFO     	 Epoch 194 | average train loss: 0.0010
2024-08-26 13:16:27 INFO     	 Epoch 194 | average valid loss: 0.0266
2024-08-26 13:16:29 INFO     
average valid metrics:	MR: 2987.784	| MRR: 0.354	| H@1: 0.258	| H@3: 0.420	| H@10: 0.514	| AMRI: 0.854	| rank_deviation: 0.00000
2024-08-26 13:16:43 INFO     	 Epoch 195 | average train loss: 0.0010
2024-08-26 13:16:43 INFO     	 Epoch 195 | average valid loss: 0.0267
2024-08-26 13:16:57 INFO     	 Epoch 196 | average train loss: 0.0010
2024-08-26 13:16:57 INFO     	 Epoch 196 | average valid loss: 0.0267
2024-08-26 13:17:10 INFO     	 Epoch 197 | average train loss: 0.0010
2024-08-26 13:17:11 INFO     	 Epoch 197 | average valid loss: 0.0267
2024-08-26 13:17:24 INFO     	 Epoch 198 | average train loss: 0.0010
2024-08-26 13:17:24 INFO     	 Epoch 198 | average valid loss: 0.0268
2024-08-26 13:17:38 INFO     	 Epoch 199 | average train loss: 0.0010
2024-08-26 13:17:38 INFO     	 Epoch 199 | average valid loss: 0.0269
2024-08-26 13:17:40 INFO     
average valid metrics:	MR: 2992.293	| MRR: 0.356	| H@1: 0.262	| H@3: 0.422	| H@10: 0.514	| AMRI: 0.854	| rank_deviation: 0.00000
2024-08-26 13:17:40 INFO     	 Saving model at epoch 199 in logs\08_26\WN18RR\TransE_12_29_53
2024-08-26 13:17:55 INFO     	 Epoch 200 | average train loss: 0.0010
2024-08-26 13:17:55 INFO     	 Epoch 200 | average valid loss: 0.0269
2024-08-26 13:18:09 INFO     	 Epoch 201 | average train loss: 0.0010
2024-08-26 13:18:09 INFO     	 Epoch 201 | average valid loss: 0.0271
2024-08-26 13:18:23 INFO     	 Epoch 202 | average train loss: 0.0010
2024-08-26 13:18:23 INFO     	 Epoch 202 | average valid loss: 0.0271
2024-08-26 13:18:36 INFO     	 Epoch 203 | average train loss: 0.0010
2024-08-26 13:18:36 INFO     	 Epoch 203 | average valid loss: 0.0272
2024-08-26 13:18:50 INFO     	 Epoch 204 | average train loss: 0.0010
2024-08-26 13:18:50 INFO     	 Epoch 204 | average valid loss: 0.0271
2024-08-26 13:18:53 INFO     
average valid metrics:	MR: 2993.429	| MRR: 0.354	| H@1: 0.259	| H@3: 0.420	| H@10: 0.515	| AMRI: 0.854	| rank_deviation: 0.00000
2024-08-26 13:19:05 INFO     	 Epoch 205 | average train loss: 0.0010
2024-08-26 13:19:06 INFO     	 Epoch 205 | average valid loss: 0.0272
2024-08-26 13:19:19 INFO     	 Epoch 206 | average train loss: 0.0010
2024-08-26 13:19:19 INFO     	 Epoch 206 | average valid loss: 0.0272
2024-08-26 13:19:33 INFO     	 Epoch 207 | average train loss: 0.0010
2024-08-26 13:19:33 INFO     	 Epoch 207 | average valid loss: 0.0272
2024-08-26 13:19:47 INFO     	 Epoch 208 | average train loss: 0.0010
2024-08-26 13:19:47 INFO     	 Epoch 208 | average valid loss: 0.0274
2024-08-26 13:20:01 INFO     	 Epoch 209 | average train loss: 0.0010
2024-08-26 13:20:01 INFO     	 Epoch 209 | average valid loss: 0.0274
2024-08-26 13:20:03 INFO     
average valid metrics:	MR: 3007.718	| MRR: 0.353	| H@1: 0.258	| H@3: 0.419	| H@10: 0.514	| AMRI: 0.853	| rank_deviation: 0.00000
2024-08-26 13:20:16 INFO     	 Epoch 210 | average train loss: 0.0010
2024-08-26 13:20:16 INFO     	 Epoch 210 | average valid loss: 0.0274
2024-08-26 13:20:30 INFO     	 Epoch 211 | average train loss: 0.0010
2024-08-26 13:20:30 INFO     	 Epoch 211 | average valid loss: 0.0275
2024-08-26 13:20:44 INFO     	 Epoch 212 | average train loss: 0.0010
2024-08-26 13:20:44 INFO     	 Epoch 212 | average valid loss: 0.0276
2024-08-26 13:20:58 INFO     	 Epoch 213 | average train loss: 0.0010
2024-08-26 13:20:58 INFO     	 Epoch 213 | average valid loss: 0.0276
2024-08-26 13:21:11 INFO     	 Epoch 214 | average train loss: 0.0010
2024-08-26 13:21:12 INFO     	 Epoch 214 | average valid loss: 0.0277
2024-08-26 13:21:13 INFO     
average valid metrics:	MR: 2988.631	| MRR: 0.353	| H@1: 0.258	| H@3: 0.421	| H@10: 0.512	| AMRI: 0.854	| rank_deviation: 0.00000
2024-08-26 13:21:27 INFO     	 Epoch 215 | average train loss: 0.0010
2024-08-26 13:21:27 INFO     	 Epoch 215 | average valid loss: 0.0276
2024-08-26 13:21:41 INFO     	 Epoch 216 | average train loss: 0.0010
2024-08-26 13:21:41 INFO     	 Epoch 216 | average valid loss: 0.0278
2024-08-26 13:21:54 INFO     	 Epoch 217 | average train loss: 0.0010
2024-08-26 13:21:55 INFO     	 Epoch 217 | average valid loss: 0.0279
2024-08-26 13:22:09 INFO     	 Epoch 218 | average train loss: 0.0010
2024-08-26 13:22:09 INFO     	 Epoch 218 | average valid loss: 0.0279
2024-08-26 13:22:23 INFO     	 Epoch 219 | average train loss: 0.0010
2024-08-26 13:22:23 INFO     	 Epoch 219 | average valid loss: 0.0280
2024-08-26 13:22:25 INFO     
average valid metrics:	MR: 2998.343	| MRR: 0.353	| H@1: 0.258	| H@3: 0.422	| H@10: 0.514	| AMRI: 0.854	| rank_deviation: 0.00000
2024-08-26 13:22:39 INFO     	 Epoch 220 | average train loss: 0.0010
2024-08-26 13:22:39 INFO     	 Epoch 220 | average valid loss: 0.0279
2024-08-26 13:22:52 INFO     	 Epoch 221 | average train loss: 0.0010
2024-08-26 13:22:53 INFO     	 Epoch 221 | average valid loss: 0.0280
2024-08-26 13:23:06 INFO     	 Epoch 222 | average train loss: 0.0010
2024-08-26 13:23:06 INFO     	 Epoch 222 | average valid loss: 0.0280
2024-08-26 13:23:19 INFO     	 Epoch 223 | average train loss: 0.0010
2024-08-26 13:23:19 INFO     	 Epoch 223 | average valid loss: 0.0282
2024-08-26 13:23:33 INFO     	 Epoch 224 | average train loss: 0.0010
2024-08-26 13:23:33 INFO     	 Epoch 224 | average valid loss: 0.0283
2024-08-26 13:23:35 INFO     
average valid metrics:	MR: 3008.334	| MRR: 0.356	| H@1: 0.262	| H@3: 0.420	| H@10: 0.516	| AMRI: 0.853	| rank_deviation: 0.00000
2024-08-26 13:23:49 INFO     	 Epoch 225 | average train loss: 0.0010
2024-08-26 13:23:49 INFO     	 Epoch 225 | average valid loss: 0.0282
2024-08-26 13:24:03 INFO     	 Epoch 226 | average train loss: 0.0010
2024-08-26 13:24:03 INFO     	 Epoch 226 | average valid loss: 0.0284
2024-08-26 13:24:16 INFO     	 Epoch 227 | average train loss: 0.0010
2024-08-26 13:24:16 INFO     	 Epoch 227 | average valid loss: 0.0285
2024-08-26 13:24:30 INFO     	 Epoch 228 | average train loss: 0.0010
2024-08-26 13:24:30 INFO     	 Epoch 228 | average valid loss: 0.0285
2024-08-26 13:24:44 INFO     	 Epoch 229 | average train loss: 0.0010
2024-08-26 13:24:44 INFO     	 Epoch 229 | average valid loss: 0.0285
2024-08-26 13:24:46 INFO     
average valid metrics:	MR: 3009.406	| MRR: 0.355	| H@1: 0.261	| H@3: 0.422	| H@10: 0.514	| AMRI: 0.853	| rank_deviation: 0.00000
2024-08-26 13:24:59 INFO     	 Epoch 230 | average train loss: 0.0010
2024-08-26 13:24:59 INFO     	 Epoch 230 | average valid loss: 0.0286
2024-08-26 13:25:13 INFO     	 Epoch 231 | average train loss: 0.0010
2024-08-26 13:25:13 INFO     	 Epoch 231 | average valid loss: 0.0286
2024-08-26 13:25:26 INFO     	 Epoch 232 | average train loss: 0.0010
2024-08-26 13:25:27 INFO     	 Epoch 232 | average valid loss: 0.0286
2024-08-26 13:25:40 INFO     	 Epoch 233 | average train loss: 0.0010
2024-08-26 13:25:40 INFO     	 Epoch 233 | average valid loss: 0.0287
2024-08-26 13:25:54 INFO     	 Epoch 234 | average train loss: 0.0010
2024-08-26 13:25:54 INFO     	 Epoch 234 | average valid loss: 0.0287
2024-08-26 13:25:56 INFO     
average valid metrics:	MR: 3015.050	| MRR: 0.356	| H@1: 0.264	| H@3: 0.420	| H@10: 0.512	| AMRI: 0.853	| rank_deviation: 0.00000
2024-08-26 13:25:56 INFO     	 Saving model at epoch 234 in logs\08_26\WN18RR\TransE_12_29_53
2024-08-26 13:26:10 INFO     	 Epoch 235 | average train loss: 0.0010
2024-08-26 13:26:10 INFO     	 Epoch 235 | average valid loss: 0.0287
2024-08-26 13:26:23 INFO     	 Epoch 236 | average train loss: 0.0010
2024-08-26 13:26:23 INFO     	 Epoch 236 | average valid loss: 0.0288
2024-08-26 13:26:36 INFO     	 Epoch 237 | average train loss: 0.0010
2024-08-26 13:26:36 INFO     	 Epoch 237 | average valid loss: 0.0288
2024-08-26 13:26:49 INFO     	 Epoch 238 | average train loss: 0.0010
2024-08-26 13:26:49 INFO     	 Epoch 238 | average valid loss: 0.0288
2024-08-26 13:27:02 INFO     	 Epoch 239 | average train loss: 0.0010
2024-08-26 13:27:02 INFO     	 Epoch 239 | average valid loss: 0.0289
2024-08-26 13:27:04 INFO     
average valid metrics:	MR: 3012.220	| MRR: 0.356	| H@1: 0.263	| H@3: 0.420	| H@10: 0.512	| AMRI: 0.853	| rank_deviation: 0.00000
2024-08-26 13:27:17 INFO     	 Epoch 240 | average train loss: 0.0010
2024-08-26 13:27:17 INFO     	 Epoch 240 | average valid loss: 0.0288
2024-08-26 13:27:31 INFO     	 Epoch 241 | average train loss: 0.0010
2024-08-26 13:27:31 INFO     	 Epoch 241 | average valid loss: 0.0290
2024-08-26 13:27:45 INFO     	 Epoch 242 | average train loss: 0.0010
2024-08-26 13:27:45 INFO     	 Epoch 242 | average valid loss: 0.0290
2024-08-26 13:27:58 INFO     	 Epoch 243 | average train loss: 0.0010
2024-08-26 13:27:58 INFO     	 Epoch 243 | average valid loss: 0.0289
2024-08-26 13:28:12 INFO     	 Epoch 244 | average train loss: 0.0010
2024-08-26 13:28:12 INFO     	 Epoch 244 | average valid loss: 0.0293
2024-08-26 13:28:14 INFO     
average valid metrics:	MR: 3013.123	| MRR: 0.356	| H@1: 0.262	| H@3: 0.421	| H@10: 0.512	| AMRI: 0.853	| rank_deviation: 0.00000
2024-08-26 13:28:28 INFO     	 Epoch 245 | average train loss: 0.0010
2024-08-26 13:28:28 INFO     	 Epoch 245 | average valid loss: 0.0292
2024-08-26 13:28:42 INFO     	 Epoch 246 | average train loss: 0.0010
2024-08-26 13:28:42 INFO     	 Epoch 246 | average valid loss: 0.0293
2024-08-26 13:28:55 INFO     	 Epoch 247 | average train loss: 0.0010
2024-08-26 13:28:56 INFO     	 Epoch 247 | average valid loss: 0.0292
2024-08-26 13:29:09 INFO     	 Epoch 248 | average train loss: 0.0010
2024-08-26 13:29:09 INFO     	 Epoch 248 | average valid loss: 0.0293
2024-08-26 13:29:23 INFO     	 Epoch 249 | average train loss: 0.0010
2024-08-26 13:29:23 INFO     	 Epoch 249 | average valid loss: 0.0294
2024-08-26 13:29:25 INFO     
average valid metrics:	MR: 3016.157	| MRR: 0.356	| H@1: 0.262	| H@3: 0.421	| H@10: 0.511	| AMRI: 0.853	| rank_deviation: 0.00000
2024-08-26 13:29:38 INFO     	 Epoch 250 | average train loss: 0.0010
2024-08-26 13:29:39 INFO     	 Epoch 250 | average valid loss: 0.0293
2024-08-26 13:29:52 INFO     	 Epoch 251 | average train loss: 0.0010
2024-08-26 13:29:52 INFO     	 Epoch 251 | average valid loss: 0.0295
2024-08-26 13:30:06 INFO     	 Epoch 252 | average train loss: 0.0010
2024-08-26 13:30:06 INFO     	 Epoch 252 | average valid loss: 0.0297
2024-08-26 13:30:19 INFO     	 Epoch 253 | average train loss: 0.0010
2024-08-26 13:30:20 INFO     	 Epoch 253 | average valid loss: 0.0296
2024-08-26 13:30:33 INFO     	 Epoch 254 | average train loss: 0.0010
2024-08-26 13:30:33 INFO     	 Epoch 254 | average valid loss: 0.0298
2024-08-26 13:30:35 INFO     
average valid metrics:	MR: 3014.653	| MRR: 0.356	| H@1: 0.263	| H@3: 0.422	| H@10: 0.511	| AMRI: 0.853	| rank_deviation: 0.00000
2024-08-26 13:30:49 INFO     	 Epoch 255 | average train loss: 0.0010
2024-08-26 13:30:50 INFO     	 Epoch 255 | average valid loss: 0.0297
2024-08-26 13:31:03 INFO     	 Epoch 256 | average train loss: 0.0010
2024-08-26 13:31:03 INFO     	 Epoch 256 | average valid loss: 0.0296
2024-08-26 13:31:16 INFO     	 Epoch 257 | average train loss: 0.0010
2024-08-26 13:31:17 INFO     	 Epoch 257 | average valid loss: 0.0298
2024-08-26 13:31:30 INFO     	 Epoch 258 | average train loss: 0.0010
2024-08-26 13:31:30 INFO     	 Epoch 258 | average valid loss: 0.0299
2024-08-26 13:31:44 INFO     	 Epoch 259 | average train loss: 0.0010
2024-08-26 13:31:44 INFO     	 Epoch 259 | average valid loss: 0.0299
2024-08-26 13:31:46 INFO     
average valid metrics:	MR: 3017.608	| MRR: 0.356	| H@1: 0.262	| H@3: 0.424	| H@10: 0.510	| AMRI: 0.853	| rank_deviation: 0.00000
2024-08-26 13:32:00 INFO     	 Epoch 260 | average train loss: 0.0010
2024-08-26 13:32:00 INFO     	 Epoch 260 | average valid loss: 0.0299
2024-08-26 13:32:13 INFO     	 Epoch 261 | average train loss: 0.0010
2024-08-26 13:32:13 INFO     	 Epoch 261 | average valid loss: 0.0299
2024-08-26 13:32:27 INFO     	 Epoch 262 | average train loss: 0.0010
2024-08-26 13:32:27 INFO     	 Epoch 262 | average valid loss: 0.0299
2024-08-26 13:32:42 INFO     	 Epoch 263 | average train loss: 0.0010
2024-08-26 13:32:42 INFO     	 Epoch 263 | average valid loss: 0.0300
2024-08-26 13:32:55 INFO     	 Epoch 264 | average train loss: 0.0010
2024-08-26 13:32:55 INFO     	 Epoch 264 | average valid loss: 0.0301
2024-08-26 13:32:57 INFO     
average valid metrics:	MR: 3018.762	| MRR: 0.356	| H@1: 0.263	| H@3: 0.423	| H@10: 0.510	| AMRI: 0.853	| rank_deviation: 0.00000
2024-08-26 13:33:10 INFO     	 Epoch 265 | average train loss: 0.0010
2024-08-26 13:33:10 INFO     	 Epoch 265 | average valid loss: 0.0301
2024-08-26 13:33:23 INFO     	 Epoch 266 | average train loss: 0.0010
2024-08-26 13:33:23 INFO     	 Epoch 266 | average valid loss: 0.0301
2024-08-26 13:33:36 INFO     	 Epoch 267 | average train loss: 0.0010
2024-08-26 13:33:36 INFO     	 Epoch 267 | average valid loss: 0.0301
2024-08-26 13:33:50 INFO     	 Epoch 268 | average train loss: 0.0010
2024-08-26 13:33:50 INFO     	 Epoch 268 | average valid loss: 0.0301
2024-08-26 13:34:04 INFO     	 Epoch 269 | average train loss: 0.0010
2024-08-26 13:34:04 INFO     	 Epoch 269 | average valid loss: 0.0304
2024-08-26 13:34:06 INFO     
average valid metrics:	MR: 3020.011	| MRR: 0.354	| H@1: 0.261	| H@3: 0.422	| H@10: 0.510	| AMRI: 0.853	| rank_deviation: 0.00000
2024-08-26 13:34:19 INFO     	 Epoch 270 | average train loss: 0.0010
2024-08-26 13:34:19 INFO     	 Epoch 270 | average valid loss: 0.0302
2024-08-26 13:34:33 INFO     	 Epoch 271 | average train loss: 0.0010
2024-08-26 13:34:33 INFO     	 Epoch 271 | average valid loss: 0.0303
2024-08-26 13:34:47 INFO     	 Epoch 272 | average train loss: 0.0010
2024-08-26 13:34:47 INFO     	 Epoch 272 | average valid loss: 0.0305
2024-08-26 13:35:01 INFO     	 Epoch 273 | average train loss: 0.0010
2024-08-26 13:35:01 INFO     	 Epoch 273 | average valid loss: 0.0305
2024-08-26 13:35:15 INFO     	 Epoch 274 | average train loss: 0.0010
2024-08-26 13:35:15 INFO     	 Epoch 274 | average valid loss: 0.0305
2024-08-26 13:35:17 INFO     
average valid metrics:	MR: 3014.272	| MRR: 0.356	| H@1: 0.263	| H@3: 0.425	| H@10: 0.509	| AMRI: 0.853	| rank_deviation: 0.00000
2024-08-26 13:35:30 INFO     	 Epoch 275 | average train loss: 0.0010
2024-08-26 13:35:30 INFO     	 Epoch 275 | average valid loss: 0.0305
2024-08-26 13:35:45 INFO     	 Epoch 276 | average train loss: 0.0010
2024-08-26 13:35:45 INFO     	 Epoch 276 | average valid loss: 0.0306
2024-08-26 13:35:58 INFO     	 Epoch 277 | average train loss: 0.0010
2024-08-26 13:35:59 INFO     	 Epoch 277 | average valid loss: 0.0305
2024-08-26 13:36:12 INFO     	 Epoch 278 | average train loss: 0.0010
2024-08-26 13:36:12 INFO     	 Epoch 278 | average valid loss: 0.0307
2024-08-26 13:36:26 INFO     	 Epoch 279 | average train loss: 0.0010
2024-08-26 13:36:26 INFO     	 Epoch 279 | average valid loss: 0.0306
2024-08-26 13:36:28 INFO     
average valid metrics:	MR: 3018.016	| MRR: 0.355	| H@1: 0.261	| H@3: 0.423	| H@10: 0.507	| AMRI: 0.853	| rank_deviation: 0.00000
2024-08-26 13:36:42 INFO     	 Epoch 280 | average train loss: 0.0010
2024-08-26 13:36:42 INFO     	 Epoch 280 | average valid loss: 0.0308
2024-08-26 13:36:56 INFO     	 Epoch 281 | average train loss: 0.0010
2024-08-26 13:36:56 INFO     	 Epoch 281 | average valid loss: 0.0308
2024-08-26 13:37:09 INFO     	 Epoch 282 | average train loss: 0.0010
2024-08-26 13:37:09 INFO     	 Epoch 282 | average valid loss: 0.0308
2024-08-26 13:37:22 INFO     	 Epoch 283 | average train loss: 0.0010
2024-08-26 13:37:23 INFO     	 Epoch 283 | average valid loss: 0.0309
2024-08-26 13:37:36 INFO     	 Epoch 284 | average train loss: 0.0010
2024-08-26 13:37:36 INFO     	 Epoch 284 | average valid loss: 0.0308
2024-08-26 13:37:38 INFO     
average valid metrics:	MR: 3009.714	| MRR: 0.356	| H@1: 0.263	| H@3: 0.424	| H@10: 0.507	| AMRI: 0.853	| rank_deviation: 0.00000
2024-08-26 13:37:52 INFO     	 Epoch 285 | average train loss: 0.0010
2024-08-26 13:37:52 INFO     	 Epoch 285 | average valid loss: 0.0310
2024-08-26 13:38:06 INFO     	 Epoch 286 | average train loss: 0.0010
2024-08-26 13:38:06 INFO     	 Epoch 286 | average valid loss: 0.0312
2024-08-26 13:38:19 INFO     	 Epoch 287 | average train loss: 0.0010
2024-08-26 13:38:19 INFO     	 Epoch 287 | average valid loss: 0.0310
2024-08-26 13:38:33 INFO     	 Epoch 288 | average train loss: 0.0010
2024-08-26 13:38:33 INFO     	 Epoch 288 | average valid loss: 0.0310
2024-08-26 13:38:47 INFO     	 Epoch 289 | average train loss: 0.0010
2024-08-26 13:38:47 INFO     	 Epoch 289 | average valid loss: 0.0312
2024-08-26 13:38:49 INFO     
average valid metrics:	MR: 3019.913	| MRR: 0.355	| H@1: 0.262	| H@3: 0.422	| H@10: 0.507	| AMRI: 0.853	| rank_deviation: 0.00000
2024-08-26 13:39:03 INFO     	 Epoch 290 | average train loss: 0.0010
2024-08-26 13:39:03 INFO     	 Epoch 290 | average valid loss: 0.0312
2024-08-26 13:39:16 INFO     	 Epoch 291 | average train loss: 0.0010
2024-08-26 13:39:17 INFO     	 Epoch 291 | average valid loss: 0.0312
2024-08-26 13:39:30 INFO     	 Epoch 292 | average train loss: 0.0010
2024-08-26 13:39:30 INFO     	 Epoch 292 | average valid loss: 0.0311
2024-08-26 13:39:44 INFO     	 Epoch 293 | average train loss: 0.0010
2024-08-26 13:39:44 INFO     	 Epoch 293 | average valid loss: 0.0311
2024-08-26 13:39:58 INFO     	 Epoch 294 | average train loss: 0.0010
2024-08-26 13:39:58 INFO     	 Epoch 294 | average valid loss: 0.0312
2024-08-26 13:40:00 INFO     
average valid metrics:	MR: 3017.668	| MRR: 0.358	| H@1: 0.266	| H@3: 0.423	| H@10: 0.505	| AMRI: 0.853	| rank_deviation: 0.00000
2024-08-26 13:40:00 INFO     	 Saving model at epoch 294 in logs\08_26\WN18RR\TransE_12_29_53
2024-08-26 13:40:14 INFO     	 Epoch 295 | average train loss: 0.0010
2024-08-26 13:40:14 INFO     	 Epoch 295 | average valid loss: 0.0314
2024-08-26 13:40:27 INFO     	 Epoch 296 | average train loss: 0.0010
2024-08-26 13:40:27 INFO     	 Epoch 296 | average valid loss: 0.0314
2024-08-26 13:40:41 INFO     	 Epoch 297 | average train loss: 0.0010
2024-08-26 13:40:41 INFO     	 Epoch 297 | average valid loss: 0.0314
2024-08-26 13:40:55 INFO     	 Epoch 298 | average train loss: 0.0010
2024-08-26 13:40:55 INFO     	 Epoch 298 | average valid loss: 0.0315
2024-08-26 13:41:08 INFO     	 Epoch 299 | average train loss: 0.0010
2024-08-26 13:41:08 INFO     	 Epoch 299 | average valid loss: 0.0315
2024-08-26 13:41:10 INFO     
average valid metrics:	MR: 3011.514	| MRR: 0.358	| H@1: 0.268	| H@3: 0.424	| H@10: 0.504	| AMRI: 0.853	| rank_deviation: 0.00000
2024-08-26 13:41:10 INFO     	 Saving model at epoch 299 in logs\08_26\WN18RR\TransE_12_29_53
2024-08-26 13:41:23 INFO     	 Epoch 300 | average train loss: 0.0010
2024-08-26 13:41:24 INFO     	 Epoch 300 | average valid loss: 0.0316
2024-08-26 13:41:37 INFO     	 Epoch 301 | average train loss: 0.0010
2024-08-26 13:41:37 INFO     	 Epoch 301 | average valid loss: 0.0316
2024-08-26 13:41:51 INFO     	 Epoch 302 | average train loss: 0.0010
2024-08-26 13:41:51 INFO     	 Epoch 302 | average valid loss: 0.0317
2024-08-26 13:42:05 INFO     	 Epoch 303 | average train loss: 0.0010
2024-08-26 13:42:05 INFO     	 Epoch 303 | average valid loss: 0.0316
2024-08-26 13:42:19 INFO     	 Epoch 304 | average train loss: 0.0010
2024-08-26 13:42:19 INFO     	 Epoch 304 | average valid loss: 0.0316
2024-08-26 13:42:21 INFO     
average valid metrics:	MR: 3027.831	| MRR: 0.358	| H@1: 0.268	| H@3: 0.423	| H@10: 0.505	| AMRI: 0.852	| rank_deviation: 0.00000
2024-08-26 13:42:35 INFO     	 Epoch 305 | average train loss: 0.0010
2024-08-26 13:42:35 INFO     	 Epoch 305 | average valid loss: 0.0318
2024-08-26 13:42:49 INFO     	 Epoch 306 | average train loss: 0.0010
2024-08-26 13:42:49 INFO     	 Epoch 306 | average valid loss: 0.0317
2024-08-26 13:43:02 INFO     	 Epoch 307 | average train loss: 0.0010
2024-08-26 13:43:03 INFO     	 Epoch 307 | average valid loss: 0.0320
2024-08-26 13:43:16 INFO     	 Epoch 308 | average train loss: 0.0010
2024-08-26 13:43:16 INFO     	 Epoch 308 | average valid loss: 0.0320
2024-08-26 13:43:30 INFO     	 Epoch 309 | average train loss: 0.0010
2024-08-26 13:43:30 INFO     	 Epoch 309 | average valid loss: 0.0319
2024-08-26 13:43:32 INFO     
average valid metrics:	MR: 3028.980	| MRR: 0.360	| H@1: 0.271	| H@3: 0.424	| H@10: 0.505	| AMRI: 0.852	| rank_deviation: 0.00000
2024-08-26 13:43:32 INFO     	 Saving model at epoch 309 in logs\08_26\WN18RR\TransE_12_29_53
2024-08-26 13:43:46 INFO     	 Epoch 310 | average train loss: 0.0010
2024-08-26 13:43:46 INFO     	 Epoch 310 | average valid loss: 0.0320
2024-08-26 13:44:01 INFO     	 Epoch 311 | average train loss: 0.0009
2024-08-26 13:44:01 INFO     	 Epoch 311 | average valid loss: 0.0319
2024-08-26 13:44:17 INFO     	 Epoch 312 | average train loss: 0.0010
2024-08-26 13:44:17 INFO     	 Epoch 312 | average valid loss: 0.0320
2024-08-26 13:44:31 INFO     	 Epoch 313 | average train loss: 0.0010
2024-08-26 13:44:31 INFO     	 Epoch 313 | average valid loss: 0.0320
2024-08-26 13:44:45 INFO     	 Epoch 314 | average train loss: 0.0010
2024-08-26 13:44:45 INFO     	 Epoch 314 | average valid loss: 0.0320
2024-08-26 13:44:47 INFO     
average valid metrics:	MR: 3022.816	| MRR: 0.358	| H@1: 0.267	| H@3: 0.425	| H@10: 0.507	| AMRI: 0.852	| rank_deviation: 0.00000
2024-08-26 13:45:01 INFO     	 Epoch 315 | average train loss: 0.0010
2024-08-26 13:45:01 INFO     	 Epoch 315 | average valid loss: 0.0321
2024-08-26 13:45:14 INFO     	 Epoch 316 | average train loss: 0.0010
2024-08-26 13:45:15 INFO     	 Epoch 316 | average valid loss: 0.0322
2024-08-26 13:45:28 INFO     	 Epoch 317 | average train loss: 0.0010
2024-08-26 13:45:28 INFO     	 Epoch 317 | average valid loss: 0.0323
2024-08-26 13:45:42 INFO     	 Epoch 318 | average train loss: 0.0010
2024-08-26 13:45:42 INFO     	 Epoch 318 | average valid loss: 0.0323
2024-08-26 13:45:55 INFO     	 Epoch 319 | average train loss: 0.0010
2024-08-26 13:45:55 INFO     	 Epoch 319 | average valid loss: 0.0323
2024-08-26 13:45:57 INFO     
average valid metrics:	MR: 3023.579	| MRR: 0.358	| H@1: 0.266	| H@3: 0.426	| H@10: 0.505	| AMRI: 0.852	| rank_deviation: 0.00000
2024-08-26 13:46:11 INFO     	 Epoch 320 | average train loss: 0.0010
2024-08-26 13:46:11 INFO     	 Epoch 320 | average valid loss: 0.0323
2024-08-26 13:46:24 INFO     	 Epoch 321 | average train loss: 0.0010
2024-08-26 13:46:24 INFO     	 Epoch 321 | average valid loss: 0.0324
2024-08-26 13:46:37 INFO     	 Epoch 322 | average train loss: 0.0009
2024-08-26 13:46:38 INFO     	 Epoch 322 | average valid loss: 0.0323
2024-08-26 13:46:51 INFO     	 Epoch 323 | average train loss: 0.0010
2024-08-26 13:46:51 INFO     	 Epoch 323 | average valid loss: 0.0325
2024-08-26 13:47:05 INFO     	 Epoch 324 | average train loss: 0.0010
2024-08-26 13:47:05 INFO     	 Epoch 324 | average valid loss: 0.0325
2024-08-26 13:47:07 INFO     
average valid metrics:	MR: 3022.053	| MRR: 0.361	| H@1: 0.272	| H@3: 0.427	| H@10: 0.505	| AMRI: 0.852	| rank_deviation: 0.00000
2024-08-26 13:47:07 INFO     	 Saving model at epoch 324 in logs\08_26\WN18RR\TransE_12_29_53
2024-08-26 13:47:20 INFO     	 Epoch 325 | average train loss: 0.0010
2024-08-26 13:47:20 INFO     	 Epoch 325 | average valid loss: 0.0325
2024-08-26 13:47:34 INFO     	 Epoch 326 | average train loss: 0.0010
2024-08-26 13:47:34 INFO     	 Epoch 326 | average valid loss: 0.0325
2024-08-26 13:47:47 INFO     	 Epoch 327 | average train loss: 0.0010
2024-08-26 13:47:47 INFO     	 Epoch 327 | average valid loss: 0.0326
2024-08-26 13:48:01 INFO     	 Epoch 328 | average train loss: 0.0010
2024-08-26 13:48:01 INFO     	 Epoch 328 | average valid loss: 0.0326
2024-08-26 13:48:14 INFO     	 Epoch 329 | average train loss: 0.0010
2024-08-26 13:48:14 INFO     	 Epoch 329 | average valid loss: 0.0326
2024-08-26 13:48:16 INFO     
average valid metrics:	MR: 3029.028	| MRR: 0.360	| H@1: 0.271	| H@3: 0.426	| H@10: 0.505	| AMRI: 0.852	| rank_deviation: 0.00000
2024-08-26 13:48:30 INFO     	 Epoch 330 | average train loss: 0.0010
2024-08-26 13:48:30 INFO     	 Epoch 330 | average valid loss: 0.0326
2024-08-26 13:48:43 INFO     	 Epoch 331 | average train loss: 0.0010
2024-08-26 13:48:43 INFO     	 Epoch 331 | average valid loss: 0.0328
2024-08-26 13:48:57 INFO     	 Epoch 332 | average train loss: 0.0009
2024-08-26 13:48:57 INFO     	 Epoch 332 | average valid loss: 0.0328
2024-08-26 13:49:10 INFO     	 Epoch 333 | average train loss: 0.0009
2024-08-26 13:49:10 INFO     	 Epoch 333 | average valid loss: 0.0326
2024-08-26 13:49:23 INFO     	 Epoch 334 | average train loss: 0.0009
2024-08-26 13:49:23 INFO     	 Epoch 334 | average valid loss: 0.0329
2024-08-26 13:49:26 INFO     
average valid metrics:	MR: 3035.933	| MRR: 0.362	| H@1: 0.275	| H@3: 0.426	| H@10: 0.505	| AMRI: 0.852	| rank_deviation: 0.00000
2024-08-26 13:49:26 INFO     	 Saving model at epoch 334 in logs\08_26\WN18RR\TransE_12_29_53
2024-08-26 13:49:39 INFO     	 Epoch 335 | average train loss: 0.0009
2024-08-26 13:49:39 INFO     	 Epoch 335 | average valid loss: 0.0330
2024-08-26 13:49:52 INFO     	 Epoch 336 | average train loss: 0.0010
2024-08-26 13:49:53 INFO     	 Epoch 336 | average valid loss: 0.0329
2024-08-26 13:50:06 INFO     	 Epoch 337 | average train loss: 0.0009
2024-08-26 13:50:06 INFO     	 Epoch 337 | average valid loss: 0.0329
2024-08-26 13:50:20 INFO     	 Epoch 338 | average train loss: 0.0010
2024-08-26 13:50:20 INFO     	 Epoch 338 | average valid loss: 0.0330
2024-08-26 13:50:33 INFO     	 Epoch 339 | average train loss: 0.0009
2024-08-26 13:50:33 INFO     	 Epoch 339 | average valid loss: 0.0330
2024-08-26 13:50:35 INFO     
average valid metrics:	MR: 3036.083	| MRR: 0.360	| H@1: 0.270	| H@3: 0.426	| H@10: 0.503	| AMRI: 0.852	| rank_deviation: 0.00000
2024-08-26 13:50:49 INFO     	 Epoch 340 | average train loss: 0.0010
2024-08-26 13:50:49 INFO     	 Epoch 340 | average valid loss: 0.0330
2024-08-26 13:51:02 INFO     	 Epoch 341 | average train loss: 0.0010
2024-08-26 13:51:02 INFO     	 Epoch 341 | average valid loss: 0.0331
2024-08-26 13:51:16 INFO     	 Epoch 342 | average train loss: 0.0009
2024-08-26 13:51:16 INFO     	 Epoch 342 | average valid loss: 0.0331
2024-08-26 13:51:30 INFO     	 Epoch 343 | average train loss: 0.0010
2024-08-26 13:51:30 INFO     	 Epoch 343 | average valid loss: 0.0331
2024-08-26 13:51:43 INFO     	 Epoch 344 | average train loss: 0.0010
2024-08-26 13:51:43 INFO     	 Epoch 344 | average valid loss: 0.0333
2024-08-26 13:51:46 INFO     
average valid metrics:	MR: 3039.773	| MRR: 0.360	| H@1: 0.270	| H@3: 0.426	| H@10: 0.504	| AMRI: 0.852	| rank_deviation: 0.00000
2024-08-26 13:52:00 INFO     	 Epoch 345 | average train loss: 0.0010
2024-08-26 13:52:00 INFO     	 Epoch 345 | average valid loss: 0.0332
2024-08-26 13:52:13 INFO     	 Epoch 346 | average train loss: 0.0010
2024-08-26 13:52:13 INFO     	 Epoch 346 | average valid loss: 0.0331
2024-08-26 13:52:27 INFO     	 Epoch 347 | average train loss: 0.0010
2024-08-26 13:52:27 INFO     	 Epoch 347 | average valid loss: 0.0331
2024-08-26 13:52:40 INFO     	 Epoch 348 | average train loss: 0.0009
2024-08-26 13:52:40 INFO     	 Epoch 348 | average valid loss: 0.0332
2024-08-26 13:52:54 INFO     	 Epoch 349 | average train loss: 0.0009
2024-08-26 13:52:54 INFO     	 Epoch 349 | average valid loss: 0.0333
2024-08-26 13:52:56 INFO     
average valid metrics:	MR: 3041.291	| MRR: 0.361	| H@1: 0.273	| H@3: 0.424	| H@10: 0.504	| AMRI: 0.851	| rank_deviation: 0.00000
2024-08-26 13:53:10 INFO     	 Epoch 350 | average train loss: 0.0010
2024-08-26 13:53:10 INFO     	 Epoch 350 | average valid loss: 0.0334
2024-08-26 13:53:25 INFO     	 Epoch 351 | average train loss: 0.0010
2024-08-26 13:53:25 INFO     	 Epoch 351 | average valid loss: 0.0334
2024-08-26 13:53:39 INFO     	 Epoch 352 | average train loss: 0.0009
2024-08-26 13:53:39 INFO     	 Epoch 352 | average valid loss: 0.0333
2024-08-26 13:53:53 INFO     	 Epoch 353 | average train loss: 0.0009
2024-08-26 13:53:53 INFO     	 Epoch 353 | average valid loss: 0.0333
2024-08-26 13:54:07 INFO     	 Epoch 354 | average train loss: 0.0009
2024-08-26 13:54:07 INFO     	 Epoch 354 | average valid loss: 0.0334
2024-08-26 13:54:09 INFO     
average valid metrics:	MR: 3051.655	| MRR: 0.360	| H@1: 0.271	| H@3: 0.423	| H@10: 0.504	| AMRI: 0.851	| rank_deviation: 0.00000
2024-08-26 13:54:23 INFO     	 Epoch 355 | average train loss: 0.0009
2024-08-26 13:54:24 INFO     	 Epoch 355 | average valid loss: 0.0337
2024-08-26 13:54:37 INFO     	 Epoch 356 | average train loss: 0.0010
2024-08-26 13:54:38 INFO     	 Epoch 356 | average valid loss: 0.0335
2024-08-26 13:54:52 INFO     	 Epoch 357 | average train loss: 0.0009
2024-08-26 13:54:52 INFO     	 Epoch 357 | average valid loss: 0.0336
2024-08-26 13:55:06 INFO     	 Epoch 358 | average train loss: 0.0009
2024-08-26 13:55:06 INFO     	 Epoch 358 | average valid loss: 0.0336
2024-08-26 13:55:21 INFO     	 Epoch 359 | average train loss: 0.0009
2024-08-26 13:55:21 INFO     	 Epoch 359 | average valid loss: 0.0336
2024-08-26 13:55:23 INFO     
average valid metrics:	MR: 3051.479	| MRR: 0.362	| H@1: 0.274	| H@3: 0.427	| H@10: 0.504	| AMRI: 0.851	| rank_deviation: 0.00000
2024-08-26 13:55:37 INFO     	 Epoch 360 | average train loss: 0.0009
2024-08-26 13:55:37 INFO     	 Epoch 360 | average valid loss: 0.0337
2024-08-26 13:55:50 INFO     	 Epoch 361 | average train loss: 0.0010
2024-08-26 13:55:51 INFO     	 Epoch 361 | average valid loss: 0.0336
2024-08-26 13:56:05 INFO     	 Epoch 362 | average train loss: 0.0009
2024-08-26 13:56:05 INFO     	 Epoch 362 | average valid loss: 0.0337
2024-08-26 13:56:19 INFO     	 Epoch 363 | average train loss: 0.0009
2024-08-26 13:56:19 INFO     	 Epoch 363 | average valid loss: 0.0338
2024-08-26 13:56:33 INFO     	 Epoch 364 | average train loss: 0.0009
2024-08-26 13:56:34 INFO     	 Epoch 364 | average valid loss: 0.0338
2024-08-26 13:56:36 INFO     
average valid metrics:	MR: 3054.786	| MRR: 0.362	| H@1: 0.275	| H@3: 0.425	| H@10: 0.504	| AMRI: 0.851	| rank_deviation: 0.00000
2024-08-26 13:56:49 INFO     	 Epoch 365 | average train loss: 0.0009
2024-08-26 13:56:49 INFO     	 Epoch 365 | average valid loss: 0.0338
2024-08-26 13:57:03 INFO     	 Epoch 366 | average train loss: 0.0009
2024-08-26 13:57:03 INFO     	 Epoch 366 | average valid loss: 0.0338
2024-08-26 13:57:17 INFO     	 Epoch 367 | average train loss: 0.0010
2024-08-26 13:57:17 INFO     	 Epoch 367 | average valid loss: 0.0338
2024-08-26 13:57:31 INFO     	 Epoch 368 | average train loss: 0.0009
2024-08-26 13:57:31 INFO     	 Epoch 368 | average valid loss: 0.0337
2024-08-26 13:57:45 INFO     	 Epoch 369 | average train loss: 0.0009
2024-08-26 13:57:45 INFO     	 Epoch 369 | average valid loss: 0.0338
2024-08-26 13:57:47 INFO     
average valid metrics:	MR: 3055.768	| MRR: 0.361	| H@1: 0.273	| H@3: 0.425	| H@10: 0.504	| AMRI: 0.851	| rank_deviation: 0.00000
2024-08-26 13:58:01 INFO     	 Epoch 370 | average train loss: 0.0009
2024-08-26 13:58:01 INFO     	 Epoch 370 | average valid loss: 0.0340
2024-08-26 13:58:14 INFO     	 Epoch 371 | average train loss: 0.0009
2024-08-26 13:58:15 INFO     	 Epoch 371 | average valid loss: 0.0339
2024-08-26 13:58:28 INFO     	 Epoch 372 | average train loss: 0.0009
2024-08-26 13:58:28 INFO     	 Epoch 372 | average valid loss: 0.0339
2024-08-26 13:58:42 INFO     	 Epoch 373 | average train loss: 0.0009
2024-08-26 13:58:42 INFO     	 Epoch 373 | average valid loss: 0.0339
2024-08-26 13:58:55 INFO     	 Epoch 374 | average train loss: 0.0009
2024-08-26 13:58:55 INFO     	 Epoch 374 | average valid loss: 0.0340
2024-08-26 13:58:58 INFO     
average valid metrics:	MR: 3072.426	| MRR: 0.360	| H@1: 0.272	| H@3: 0.426	| H@10: 0.502	| AMRI: 0.850	| rank_deviation: 0.00000
2024-08-26 13:59:12 INFO     	 Epoch 375 | average train loss: 0.0009
2024-08-26 13:59:12 INFO     	 Epoch 375 | average valid loss: 0.0340
2024-08-26 13:59:26 INFO     	 Epoch 376 | average train loss: 0.0009
2024-08-26 13:59:26 INFO     	 Epoch 376 | average valid loss: 0.0341
2024-08-26 13:59:39 INFO     	 Epoch 377 | average train loss: 0.0009
2024-08-26 13:59:39 INFO     	 Epoch 377 | average valid loss: 0.0340
2024-08-26 13:59:53 INFO     	 Epoch 378 | average train loss: 0.0009
2024-08-26 13:59:53 INFO     	 Epoch 378 | average valid loss: 0.0341
2024-08-26 14:00:08 INFO     	 Epoch 379 | average train loss: 0.0009
2024-08-26 14:00:08 INFO     	 Epoch 379 | average valid loss: 0.0343
2024-08-26 14:00:10 INFO     
average valid metrics:	MR: 3069.144	| MRR: 0.364	| H@1: 0.276	| H@3: 0.427	| H@10: 0.501	| AMRI: 0.850	| rank_deviation: 0.00000
2024-08-26 14:00:10 INFO     	 Saving model at epoch 379 in logs\08_26\WN18RR\TransE_12_29_53
2024-08-26 14:00:24 INFO     	 Epoch 380 | average train loss: 0.0009
2024-08-26 14:00:24 INFO     	 Epoch 380 | average valid loss: 0.0342
2024-08-26 14:00:37 INFO     	 Epoch 381 | average train loss: 0.0009
2024-08-26 14:00:37 INFO     	 Epoch 381 | average valid loss: 0.0343
2024-08-26 14:00:51 INFO     	 Epoch 382 | average train loss: 0.0009
2024-08-26 14:00:51 INFO     	 Epoch 382 | average valid loss: 0.0344
2024-08-26 14:01:05 INFO     	 Epoch 383 | average train loss: 0.0009
2024-08-26 14:01:05 INFO     	 Epoch 383 | average valid loss: 0.0342
2024-08-26 14:01:19 INFO     	 Epoch 384 | average train loss: 0.0009
2024-08-26 14:01:19 INFO     	 Epoch 384 | average valid loss: 0.0344
2024-08-26 14:01:21 INFO     
average valid metrics:	MR: 3082.348	| MRR: 0.363	| H@1: 0.276	| H@3: 0.426	| H@10: 0.501	| AMRI: 0.849	| rank_deviation: 0.00000
2024-08-26 14:01:35 INFO     	 Epoch 385 | average train loss: 0.0009
2024-08-26 14:01:35 INFO     	 Epoch 385 | average valid loss: 0.0344
2024-08-26 14:01:49 INFO     	 Epoch 386 | average train loss: 0.0009
2024-08-26 14:01:49 INFO     	 Epoch 386 | average valid loss: 0.0344
2024-08-26 14:02:03 INFO     	 Epoch 387 | average train loss: 0.0009
2024-08-26 14:02:03 INFO     	 Epoch 387 | average valid loss: 0.0345
2024-08-26 14:02:17 INFO     	 Epoch 388 | average train loss: 0.0009
2024-08-26 14:02:17 INFO     	 Epoch 388 | average valid loss: 0.0346
2024-08-26 14:02:30 INFO     	 Epoch 389 | average train loss: 0.0009
2024-08-26 14:02:30 INFO     	 Epoch 389 | average valid loss: 0.0347
2024-08-26 14:02:32 INFO     
average valid metrics:	MR: 3092.202	| MRR: 0.364	| H@1: 0.279	| H@3: 0.425	| H@10: 0.501	| AMRI: 0.849	| rank_deviation: 0.00000
2024-08-26 14:02:32 INFO     	 Saving model at epoch 389 in logs\08_26\WN18RR\TransE_12_29_53
2024-08-26 14:02:46 INFO     	 Epoch 390 | average train loss: 0.0009
2024-08-26 14:02:46 INFO     	 Epoch 390 | average valid loss: 0.0348
2024-08-26 14:03:00 INFO     	 Epoch 391 | average train loss: 0.0009
2024-08-26 14:03:00 INFO     	 Epoch 391 | average valid loss: 0.0348
2024-08-26 14:03:13 INFO     	 Epoch 392 | average train loss: 0.0009
2024-08-26 14:03:13 INFO     	 Epoch 392 | average valid loss: 0.0348
2024-08-26 14:03:27 INFO     	 Epoch 393 | average train loss: 0.0009
2024-08-26 14:03:27 INFO     	 Epoch 393 | average valid loss: 0.0347
2024-08-26 14:03:40 INFO     	 Epoch 394 | average train loss: 0.0009
2024-08-26 14:03:40 INFO     	 Epoch 394 | average valid loss: 0.0347
2024-08-26 14:03:42 INFO     
average valid metrics:	MR: 3090.746	| MRR: 0.364	| H@1: 0.278	| H@3: 0.428	| H@10: 0.501	| AMRI: 0.849	| rank_deviation: 0.00000
2024-08-26 14:03:55 INFO     	 Epoch 395 | average train loss: 0.0009
2024-08-26 14:03:55 INFO     	 Epoch 395 | average valid loss: 0.0347
2024-08-26 14:04:07 INFO     	 Epoch 396 | average train loss: 0.0009
2024-08-26 14:04:07 INFO     	 Epoch 396 | average valid loss: 0.0348
2024-08-26 14:04:20 INFO     	 Epoch 397 | average train loss: 0.0009
2024-08-26 14:04:20 INFO     	 Epoch 397 | average valid loss: 0.0348
2024-08-26 14:04:33 INFO     	 Epoch 398 | average train loss: 0.0009
2024-08-26 14:04:33 INFO     	 Epoch 398 | average valid loss: 0.0347
2024-08-26 14:04:46 INFO     	 Epoch 399 | average train loss: 0.0009
2024-08-26 14:04:46 INFO     	 Epoch 399 | average valid loss: 0.0348
2024-08-26 14:04:48 INFO     
average valid metrics:	MR: 3082.260	| MRR: 0.364	| H@1: 0.277	| H@3: 0.426	| H@10: 0.502	| AMRI: 0.849	| rank_deviation: 0.00000
2024-08-26 14:05:00 INFO     	 Epoch 400 | average train loss: 0.0009
2024-08-26 14:05:01 INFO     	 Epoch 400 | average valid loss: 0.0347
2024-08-26 14:05:13 INFO     	 Epoch 401 | average train loss: 0.0009
2024-08-26 14:05:13 INFO     	 Epoch 401 | average valid loss: 0.0347
2024-08-26 14:05:26 INFO     	 Epoch 402 | average train loss: 0.0009
2024-08-26 14:05:26 INFO     	 Epoch 402 | average valid loss: 0.0348
2024-08-26 14:05:40 INFO     	 Epoch 403 | average train loss: 0.0010
2024-08-26 14:05:40 INFO     	 Epoch 403 | average valid loss: 0.0349
2024-08-26 14:05:55 INFO     	 Epoch 404 | average train loss: 0.0009
2024-08-26 14:05:55 INFO     	 Epoch 404 | average valid loss: 0.0350
2024-08-26 14:05:58 INFO     
average valid metrics:	MR: 3090.822	| MRR: 0.367	| H@1: 0.282	| H@3: 0.430	| H@10: 0.501	| AMRI: 0.849	| rank_deviation: 0.00000
2024-08-26 14:05:58 INFO     	 Saving model at epoch 404 in logs\08_26\WN18RR\TransE_12_29_53
2024-08-26 14:06:11 INFO     	 Epoch 405 | average train loss: 0.0009
2024-08-26 14:06:11 INFO     	 Epoch 405 | average valid loss: 0.0350
2024-08-26 14:06:25 INFO     	 Epoch 406 | average train loss: 0.0009
2024-08-26 14:06:25 INFO     	 Epoch 406 | average valid loss: 0.0351
2024-08-26 14:06:39 INFO     	 Epoch 407 | average train loss: 0.0009
2024-08-26 14:06:39 INFO     	 Epoch 407 | average valid loss: 0.0352
2024-08-26 14:06:52 INFO     	 Epoch 408 | average train loss: 0.0009
2024-08-26 14:06:52 INFO     	 Epoch 408 | average valid loss: 0.0354
2024-08-26 14:07:06 INFO     	 Epoch 409 | average train loss: 0.0009
2024-08-26 14:07:06 INFO     	 Epoch 409 | average valid loss: 0.0352
2024-08-26 14:07:08 INFO     
average valid metrics:	MR: 3100.389	| MRR: 0.364	| H@1: 0.278	| H@3: 0.427	| H@10: 0.504	| AMRI: 0.849	| rank_deviation: 0.00000
2024-08-26 14:07:21 INFO     	 Epoch 410 | average train loss: 0.0009
2024-08-26 14:07:22 INFO     	 Epoch 410 | average valid loss: 0.0353
2024-08-26 14:07:35 INFO     	 Epoch 411 | average train loss: 0.0009
2024-08-26 14:07:35 INFO     	 Epoch 411 | average valid loss: 0.0353
2024-08-26 14:07:48 INFO     	 Epoch 412 | average train loss: 0.0009
2024-08-26 14:07:48 INFO     	 Epoch 412 | average valid loss: 0.0354
2024-08-26 14:08:02 INFO     	 Epoch 413 | average train loss: 0.0009
2024-08-26 14:08:02 INFO     	 Epoch 413 | average valid loss: 0.0352
2024-08-26 14:08:15 INFO     	 Epoch 414 | average train loss: 0.0009
2024-08-26 14:08:15 INFO     	 Epoch 414 | average valid loss: 0.0355
2024-08-26 14:08:17 INFO     
average valid metrics:	MR: 3099.691	| MRR: 0.365	| H@1: 0.279	| H@3: 0.427	| H@10: 0.503	| AMRI: 0.849	| rank_deviation: 0.00000
2024-08-26 14:08:31 INFO     	 Epoch 415 | average train loss: 0.0009
2024-08-26 14:08:31 INFO     	 Epoch 415 | average valid loss: 0.0354
2024-08-26 14:08:44 INFO     	 Epoch 416 | average train loss: 0.0009
2024-08-26 14:08:44 INFO     	 Epoch 416 | average valid loss: 0.0355
2024-08-26 14:08:58 INFO     	 Epoch 417 | average train loss: 0.0009
2024-08-26 14:08:58 INFO     	 Epoch 417 | average valid loss: 0.0355
2024-08-26 14:09:12 INFO     	 Epoch 418 | average train loss: 0.0009
2024-08-26 14:09:12 INFO     	 Epoch 418 | average valid loss: 0.0356
2024-08-26 14:09:26 INFO     	 Epoch 419 | average train loss: 0.0009
2024-08-26 14:09:26 INFO     	 Epoch 419 | average valid loss: 0.0356
2024-08-26 14:09:28 INFO     
average valid metrics:	MR: 3101.788	| MRR: 0.365	| H@1: 0.281	| H@3: 0.427	| H@10: 0.500	| AMRI: 0.849	| rank_deviation: 0.00000
2024-08-26 14:09:41 INFO     	 Epoch 420 | average train loss: 0.0009
2024-08-26 14:09:41 INFO     	 Epoch 420 | average valid loss: 0.0355
2024-08-26 14:09:54 INFO     	 Epoch 421 | average train loss: 0.0009
2024-08-26 14:09:55 INFO     	 Epoch 421 | average valid loss: 0.0357
2024-08-26 14:10:08 INFO     	 Epoch 422 | average train loss: 0.0009
2024-08-26 14:10:09 INFO     	 Epoch 422 | average valid loss: 0.0356
2024-08-26 14:10:22 INFO     	 Epoch 423 | average train loss: 0.0009
2024-08-26 14:10:23 INFO     	 Epoch 423 | average valid loss: 0.0357
2024-08-26 14:10:37 INFO     	 Epoch 424 | average train loss: 0.0009
2024-08-26 14:10:37 INFO     	 Epoch 424 | average valid loss: 0.0357
2024-08-26 14:10:39 INFO     
average valid metrics:	MR: 3110.840	| MRR: 0.365	| H@1: 0.280	| H@3: 0.425	| H@10: 0.500	| AMRI: 0.848	| rank_deviation: 0.00000
2024-08-26 14:10:52 INFO     	 Epoch 425 | average train loss: 0.0009
2024-08-26 14:10:52 INFO     	 Epoch 425 | average valid loss: 0.0358
2024-08-26 14:11:06 INFO     	 Epoch 426 | average train loss: 0.0009
2024-08-26 14:11:06 INFO     	 Epoch 426 | average valid loss: 0.0359
2024-08-26 14:11:20 INFO     	 Epoch 427 | average train loss: 0.0009
2024-08-26 14:11:20 INFO     	 Epoch 427 | average valid loss: 0.0359
2024-08-26 14:11:34 INFO     	 Epoch 428 | average train loss: 0.0009
2024-08-26 14:11:34 INFO     	 Epoch 428 | average valid loss: 0.0359
2024-08-26 14:11:48 INFO     	 Epoch 429 | average train loss: 0.0009
2024-08-26 14:11:48 INFO     	 Epoch 429 | average valid loss: 0.0358
2024-08-26 14:11:50 INFO     
average valid metrics:	MR: 3110.730	| MRR: 0.366	| H@1: 0.281	| H@3: 0.426	| H@10: 0.502	| AMRI: 0.848	| rank_deviation: 0.00000
2024-08-26 14:12:03 INFO     	 Epoch 430 | average train loss: 0.0009
2024-08-26 14:12:03 INFO     	 Epoch 430 | average valid loss: 0.0358
2024-08-26 14:12:17 INFO     	 Epoch 431 | average train loss: 0.0009
2024-08-26 14:12:17 INFO     	 Epoch 431 | average valid loss: 0.0358
2024-08-26 14:12:30 INFO     	 Epoch 432 | average train loss: 0.0009
2024-08-26 14:12:30 INFO     	 Epoch 432 | average valid loss: 0.0358
2024-08-26 14:12:44 INFO     	 Epoch 433 | average train loss: 0.0009
2024-08-26 14:12:44 INFO     	 Epoch 433 | average valid loss: 0.0359
2024-08-26 14:12:58 INFO     	 Epoch 434 | average train loss: 0.0009
2024-08-26 14:12:58 INFO     	 Epoch 434 | average valid loss: 0.0359
2024-08-26 14:13:00 INFO     
average valid metrics:	MR: 3110.476	| MRR: 0.367	| H@1: 0.283	| H@3: 0.426	| H@10: 0.501	| AMRI: 0.848	| rank_deviation: 0.00000
2024-08-26 14:13:00 INFO     	 Saving model at epoch 434 in logs\08_26\WN18RR\TransE_12_29_53
2024-08-26 14:13:14 INFO     	 Epoch 435 | average train loss: 0.0009
2024-08-26 14:13:14 INFO     	 Epoch 435 | average valid loss: 0.0358
2024-08-26 14:13:27 INFO     	 Epoch 436 | average train loss: 0.0009
2024-08-26 14:13:28 INFO     	 Epoch 436 | average valid loss: 0.0359
2024-08-26 14:13:41 INFO     	 Epoch 437 | average train loss: 0.0009
2024-08-26 14:13:41 INFO     	 Epoch 437 | average valid loss: 0.0359
2024-08-26 14:13:54 INFO     	 Epoch 438 | average train loss: 0.0009
2024-08-26 14:13:54 INFO     	 Epoch 438 | average valid loss: 0.0359
2024-08-26 14:14:07 INFO     	 Epoch 439 | average train loss: 0.0009
2024-08-26 14:14:07 INFO     	 Epoch 439 | average valid loss: 0.0359
2024-08-26 14:14:10 INFO     
average valid metrics:	MR: 3107.828	| MRR: 0.367	| H@1: 0.282	| H@3: 0.428	| H@10: 0.500	| AMRI: 0.848	| rank_deviation: 0.00000
2024-08-26 14:14:10 INFO     	 Saving model at epoch 439 in logs\08_26\WN18RR\TransE_12_29_53
2024-08-26 14:14:24 INFO     	 Epoch 440 | average train loss: 0.0009
2024-08-26 14:14:24 INFO     	 Epoch 440 | average valid loss: 0.0361
2024-08-26 14:14:37 INFO     	 Epoch 441 | average train loss: 0.0009
2024-08-26 14:14:37 INFO     	 Epoch 441 | average valid loss: 0.0360
2024-08-26 14:14:50 INFO     	 Epoch 442 | average train loss: 0.0009
2024-08-26 14:14:51 INFO     	 Epoch 442 | average valid loss: 0.0360
2024-08-26 14:15:04 INFO     	 Epoch 443 | average train loss: 0.0009
2024-08-26 14:15:04 INFO     	 Epoch 443 | average valid loss: 0.0361
2024-08-26 14:15:17 INFO     	 Epoch 444 | average train loss: 0.0009
2024-08-26 14:15:17 INFO     	 Epoch 444 | average valid loss: 0.0363
2024-08-26 14:15:19 INFO     
average valid metrics:	MR: 3110.264	| MRR: 0.366	| H@1: 0.282	| H@3: 0.427	| H@10: 0.501	| AMRI: 0.848	| rank_deviation: 0.00000
2024-08-26 14:15:33 INFO     	 Epoch 445 | average train loss: 0.0009
2024-08-26 14:15:34 INFO     	 Epoch 445 | average valid loss: 0.0361
2024-08-26 14:15:47 INFO     	 Epoch 446 | average train loss: 0.0009
2024-08-26 14:15:47 INFO     	 Epoch 446 | average valid loss: 0.0360
2024-08-26 14:16:01 INFO     	 Epoch 447 | average train loss: 0.0009
2024-08-26 14:16:01 INFO     	 Epoch 447 | average valid loss: 0.0362
2024-08-26 14:16:14 INFO     	 Epoch 448 | average train loss: 0.0009
2024-08-26 14:16:14 INFO     	 Epoch 448 | average valid loss: 0.0362
2024-08-26 14:16:27 INFO     	 Epoch 449 | average train loss: 0.0009
2024-08-26 14:16:28 INFO     	 Epoch 449 | average valid loss: 0.0362
2024-08-26 14:16:30 INFO     
average valid metrics:	MR: 3102.927	| MRR: 0.366	| H@1: 0.282	| H@3: 0.425	| H@10: 0.499	| AMRI: 0.848	| rank_deviation: 0.00000
2024-08-26 14:16:43 INFO     	 Epoch 450 | average train loss: 0.0009
2024-08-26 14:16:43 INFO     	 Epoch 450 | average valid loss: 0.0365
2024-08-26 14:16:57 INFO     	 Epoch 451 | average train loss: 0.0009
2024-08-26 14:16:57 INFO     	 Epoch 451 | average valid loss: 0.0364
2024-08-26 14:17:10 INFO     	 Epoch 452 | average train loss: 0.0009
2024-08-26 14:17:10 INFO     	 Epoch 452 | average valid loss: 0.0364
2024-08-26 14:17:23 INFO     	 Epoch 453 | average train loss: 0.0009
2024-08-26 14:17:23 INFO     	 Epoch 453 | average valid loss: 0.0367
2024-08-26 14:17:37 INFO     	 Epoch 454 | average train loss: 0.0009
2024-08-26 14:17:37 INFO     	 Epoch 454 | average valid loss: 0.0365
2024-08-26 14:17:39 INFO     
average valid metrics:	MR: 3117.078	| MRR: 0.367	| H@1: 0.283	| H@3: 0.429	| H@10: 0.501	| AMRI: 0.848	| rank_deviation: 0.00000
2024-08-26 14:17:39 INFO     	 Saving model at epoch 454 in logs\08_26\WN18RR\TransE_12_29_53
2024-08-26 14:17:52 INFO     	 Epoch 455 | average train loss: 0.0009
2024-08-26 14:17:52 INFO     	 Epoch 455 | average valid loss: 0.0366
2024-08-26 14:18:06 INFO     	 Epoch 456 | average train loss: 0.0009
2024-08-26 14:18:06 INFO     	 Epoch 456 | average valid loss: 0.0366
2024-08-26 14:18:19 INFO     	 Epoch 457 | average train loss: 0.0009
2024-08-26 14:18:19 INFO     	 Epoch 457 | average valid loss: 0.0364
2024-08-26 14:18:33 INFO     	 Epoch 458 | average train loss: 0.0009
2024-08-26 14:18:33 INFO     	 Epoch 458 | average valid loss: 0.0366
2024-08-26 14:18:46 INFO     	 Epoch 459 | average train loss: 0.0009
2024-08-26 14:18:46 INFO     	 Epoch 459 | average valid loss: 0.0365
2024-08-26 14:18:48 INFO     
average valid metrics:	MR: 3122.674	| MRR: 0.367	| H@1: 0.283	| H@3: 0.427	| H@10: 0.499	| AMRI: 0.848	| rank_deviation: 0.00000
2024-08-26 14:19:02 INFO     	 Epoch 460 | average train loss: 0.0009
2024-08-26 14:19:02 INFO     	 Epoch 460 | average valid loss: 0.0367
2024-08-26 14:19:15 INFO     	 Epoch 461 | average train loss: 0.0009
2024-08-26 14:19:15 INFO     	 Epoch 461 | average valid loss: 0.0366
2024-08-26 14:19:29 INFO     	 Epoch 462 | average train loss: 0.0009
2024-08-26 14:19:29 INFO     	 Epoch 462 | average valid loss: 0.0368
2024-08-26 14:19:42 INFO     	 Epoch 463 | average train loss: 0.0009
2024-08-26 14:19:42 INFO     	 Epoch 463 | average valid loss: 0.0368
2024-08-26 14:19:56 INFO     	 Epoch 464 | average train loss: 0.0009
2024-08-26 14:19:56 INFO     	 Epoch 464 | average valid loss: 0.0368
2024-08-26 14:19:58 INFO     
average valid metrics:	MR: 3130.673	| MRR: 0.367	| H@1: 0.282	| H@3: 0.428	| H@10: 0.501	| AMRI: 0.847	| rank_deviation: 0.00000
2024-08-26 14:20:12 INFO     	 Epoch 465 | average train loss: 0.0009
2024-08-26 14:20:12 INFO     	 Epoch 465 | average valid loss: 0.0368
2024-08-26 14:20:25 INFO     	 Epoch 466 | average train loss: 0.0009
2024-08-26 14:20:25 INFO     	 Epoch 466 | average valid loss: 0.0370
2024-08-26 14:20:38 INFO     	 Epoch 467 | average train loss: 0.0009
2024-08-26 14:20:39 INFO     	 Epoch 467 | average valid loss: 0.0373
2024-08-26 14:20:52 INFO     	 Epoch 468 | average train loss: 0.0009
2024-08-26 14:20:52 INFO     	 Epoch 468 | average valid loss: 0.0369
2024-08-26 14:21:05 INFO     	 Epoch 469 | average train loss: 0.0009
2024-08-26 14:21:05 INFO     	 Epoch 469 | average valid loss: 0.0368
2024-08-26 14:21:07 INFO     
average valid metrics:	MR: 3133.798	| MRR: 0.368	| H@1: 0.286	| H@3: 0.428	| H@10: 0.501	| AMRI: 0.847	| rank_deviation: 0.00000
2024-08-26 14:21:07 INFO     	 Saving model at epoch 469 in logs\08_26\WN18RR\TransE_12_29_53
2024-08-26 14:21:21 INFO     	 Epoch 470 | average train loss: 0.0009
2024-08-26 14:21:21 INFO     	 Epoch 470 | average valid loss: 0.0370
2024-08-26 14:21:35 INFO     	 Epoch 471 | average train loss: 0.0009
2024-08-26 14:21:35 INFO     	 Epoch 471 | average valid loss: 0.0369
2024-08-26 14:21:48 INFO     	 Epoch 472 | average train loss: 0.0009
2024-08-26 14:21:48 INFO     	 Epoch 472 | average valid loss: 0.0369
2024-08-26 14:22:02 INFO     	 Epoch 473 | average train loss: 0.0009
2024-08-26 14:22:02 INFO     	 Epoch 473 | average valid loss: 0.0370
2024-08-26 14:22:15 INFO     	 Epoch 474 | average train loss: 0.0009
2024-08-26 14:22:15 INFO     	 Epoch 474 | average valid loss: 0.0372
2024-08-26 14:22:17 INFO     
average valid metrics:	MR: 3133.788	| MRR: 0.370	| H@1: 0.289	| H@3: 0.428	| H@10: 0.500	| AMRI: 0.847	| rank_deviation: 0.00000
2024-08-26 14:22:17 INFO     	 Saving model at epoch 474 in logs\08_26\WN18RR\TransE_12_29_53
2024-08-26 14:22:31 INFO     	 Epoch 475 | average train loss: 0.0009
2024-08-26 14:22:31 INFO     	 Epoch 475 | average valid loss: 0.0370
2024-08-26 14:22:44 INFO     	 Epoch 476 | average train loss: 0.0009
2024-08-26 14:22:44 INFO     	 Epoch 476 | average valid loss: 0.0372
2024-08-26 14:22:58 INFO     	 Epoch 477 | average train loss: 0.0009
2024-08-26 14:22:58 INFO     	 Epoch 477 | average valid loss: 0.0373
2024-08-26 14:23:12 INFO     	 Epoch 478 | average train loss: 0.0009
2024-08-26 14:23:12 INFO     	 Epoch 478 | average valid loss: 0.0372
2024-08-26 14:23:26 INFO     	 Epoch 479 | average train loss: 0.0009
2024-08-26 14:23:26 INFO     	 Epoch 479 | average valid loss: 0.0371
2024-08-26 14:23:28 INFO     
average valid metrics:	MR: 3137.356	| MRR: 0.368	| H@1: 0.285	| H@3: 0.429	| H@10: 0.499	| AMRI: 0.847	| rank_deviation: 0.00000
2024-08-26 14:23:42 INFO     	 Epoch 480 | average train loss: 0.0009
2024-08-26 14:23:42 INFO     	 Epoch 480 | average valid loss: 0.0372
2024-08-26 14:23:55 INFO     	 Epoch 481 | average train loss: 0.0009
2024-08-26 14:23:55 INFO     	 Epoch 481 | average valid loss: 0.0373
2024-08-26 14:24:08 INFO     	 Epoch 482 | average train loss: 0.0009
2024-08-26 14:24:08 INFO     	 Epoch 482 | average valid loss: 0.0373
2024-08-26 14:24:21 INFO     	 Epoch 483 | average train loss: 0.0009
2024-08-26 14:24:21 INFO     	 Epoch 483 | average valid loss: 0.0372
2024-08-26 14:24:35 INFO     	 Epoch 484 | average train loss: 0.0009
2024-08-26 14:24:35 INFO     	 Epoch 484 | average valid loss: 0.0372
2024-08-26 14:24:37 INFO     
average valid metrics:	MR: 3135.692	| MRR: 0.370	| H@1: 0.289	| H@3: 0.428	| H@10: 0.499	| AMRI: 0.847	| rank_deviation: 0.00000
2024-08-26 14:24:50 INFO     	 Epoch 485 | average train loss: 0.0009
2024-08-26 14:24:50 INFO     	 Epoch 485 | average valid loss: 0.0374
2024-08-26 14:25:04 INFO     	 Epoch 486 | average train loss: 0.0009
2024-08-26 14:25:04 INFO     	 Epoch 486 | average valid loss: 0.0372
2024-08-26 14:25:18 INFO     	 Epoch 487 | average train loss: 0.0009
2024-08-26 14:25:18 INFO     	 Epoch 487 | average valid loss: 0.0373
2024-08-26 14:25:31 INFO     	 Epoch 488 | average train loss: 0.0009
2024-08-26 14:25:31 INFO     	 Epoch 488 | average valid loss: 0.0373
2024-08-26 14:25:45 INFO     	 Epoch 489 | average train loss: 0.0009
2024-08-26 14:25:45 INFO     	 Epoch 489 | average valid loss: 0.0373
2024-08-26 14:25:47 INFO     
average valid metrics:	MR: 3137.560	| MRR: 0.370	| H@1: 0.288	| H@3: 0.427	| H@10: 0.497	| AMRI: 0.847	| rank_deviation: 0.00000
2024-08-26 14:26:00 INFO     	 Epoch 490 | average train loss: 0.0009
2024-08-26 14:26:00 INFO     	 Epoch 490 | average valid loss: 0.0374
2024-08-26 14:26:14 INFO     	 Epoch 491 | average train loss: 0.0009
2024-08-26 14:26:14 INFO     	 Epoch 491 | average valid loss: 0.0375
2024-08-26 14:26:27 INFO     	 Epoch 492 | average train loss: 0.0009
2024-08-26 14:26:27 INFO     	 Epoch 492 | average valid loss: 0.0376
2024-08-26 14:26:41 INFO     	 Epoch 493 | average train loss: 0.0009
2024-08-26 14:26:41 INFO     	 Epoch 493 | average valid loss: 0.0375
2024-08-26 14:26:55 INFO     	 Epoch 494 | average train loss: 0.0009
2024-08-26 14:26:55 INFO     	 Epoch 494 | average valid loss: 0.0375
2024-08-26 14:26:57 INFO     
average valid metrics:	MR: 3158.718	| MRR: 0.368	| H@1: 0.286	| H@3: 0.426	| H@10: 0.496	| AMRI: 0.846	| rank_deviation: 0.00000
2024-08-26 14:27:10 INFO     	 Epoch 495 | average train loss: 0.0009
2024-08-26 14:27:10 INFO     	 Epoch 495 | average valid loss: 0.0376
2024-08-26 14:27:23 INFO     	 Epoch 496 | average train loss: 0.0009
2024-08-26 14:27:23 INFO     	 Epoch 496 | average valid loss: 0.0377
2024-08-26 14:27:37 INFO     	 Epoch 497 | average train loss: 0.0009
2024-08-26 14:27:37 INFO     	 Epoch 497 | average valid loss: 0.0377
2024-08-26 14:27:50 INFO     	 Epoch 498 | average train loss: 0.0009
2024-08-26 14:27:51 INFO     	 Epoch 498 | average valid loss: 0.0377
2024-08-26 14:28:04 INFO     	 Epoch 499 | average train loss: 0.0009
2024-08-26 14:28:04 INFO     	 Epoch 499 | average valid loss: 0.0377
2024-08-26 14:28:06 INFO     
average valid metrics:	MR: 3151.302	| MRR: 0.369	| H@1: 0.288	| H@3: 0.429	| H@10: 0.499	| AMRI: 0.846	| rank_deviation: 0.00000
2024-08-26 14:28:06 INFO     	 Optimization finished
2024-08-26 14:28:06 INFO     	 Loading best model saved at epoch 474
2024-08-26 14:28:08 INFO     
average valid metrics:	MR: 3133.788	| MRR: 0.370	| H@1: 0.289	| H@3: 0.428	| H@10: 0.500	| AMRI: 0.847	| rank_deviation: 0.00000
