2024-08-26 18:53:41 INFO     ### Saving logs in: logs\08_26\NELL-995-h100\DistMult_18_53_41 ###
2024-08-26 18:53:44 INFO     	 (22411, 86, 22411)
2024-08-26 18:53:44 INFO     Total number of parameters 764726
2024-08-26 18:53:45 INFO     	 Start training
2024-08-26 18:53:48 INFO     	 Epoch 0 | average train loss: 9.3164
2024-08-26 18:53:48 INFO     	 Epoch 0 | average valid loss: 8.3571
2024-08-26 18:53:52 INFO     	 Epoch 1 | average train loss: 8.5531
2024-08-26 18:53:52 INFO     	 Epoch 1 | average valid loss: 8.2964
2024-08-26 18:53:55 INFO     	 Epoch 2 | average train loss: 8.1012
2024-08-26 18:53:55 INFO     	 Epoch 2 | average valid loss: 8.1114
2024-08-26 18:53:58 INFO     	 Epoch 3 | average train loss: 7.6124
2024-08-26 18:53:58 INFO     	 Epoch 3 | average valid loss: 7.9670
2024-08-26 18:54:01 INFO     	 Epoch 4 | average train loss: 7.2023
2024-08-26 18:54:01 INFO     	 Epoch 4 | average valid loss: 7.9168
2024-08-26 18:54:04 INFO     
average valid metrics:	MR: 3748.101	| MRR: 0.184	| H@1: 0.123	| H@3: 0.207	| H@10: 0.305	| AMRI: 0.666	| rank_deviation: 0.00040
2024-08-26 18:54:04 INFO     	 Saving model at epoch 4 in logs\08_26\NELL-995-h100\DistMult_18_53_41
2024-08-26 18:54:07 INFO     	 Epoch 5 | average train loss: 6.8546
2024-08-26 18:54:07 INFO     	 Epoch 5 | average valid loss: 7.9085
2024-08-26 18:54:10 INFO     	 Epoch 6 | average train loss: 6.5542
2024-08-26 18:54:10 INFO     	 Epoch 6 | average valid loss: 7.9174
2024-08-26 18:54:13 INFO     	 Epoch 7 | average train loss: 6.3039
2024-08-26 18:54:13 INFO     	 Epoch 7 | average valid loss: 7.9306
2024-08-26 18:54:17 INFO     	 Epoch 8 | average train loss: 6.0920
2024-08-26 18:54:17 INFO     	 Epoch 8 | average valid loss: 7.9574
2024-08-26 18:54:20 INFO     	 Epoch 9 | average train loss: 5.9137
2024-08-26 18:54:20 INFO     	 Epoch 9 | average valid loss: 7.9719
2024-08-26 18:54:22 INFO     
average valid metrics:	MR: 3353.344	| MRR: 0.232	| H@1: 0.162	| H@3: 0.262	| H@10: 0.370	| AMRI: 0.701	| rank_deviation: 0.00106
2024-08-26 18:54:22 INFO     	 Saving model at epoch 9 in logs\08_26\NELL-995-h100\DistMult_18_53_41
2024-08-26 18:54:25 INFO     	 Epoch 10 | average train loss: 5.7608
2024-08-26 18:54:25 INFO     	 Epoch 10 | average valid loss: 7.9872
2024-08-26 18:54:28 INFO     	 Epoch 11 | average train loss: 5.6274
2024-08-26 18:54:28 INFO     	 Epoch 11 | average valid loss: 8.0061
2024-08-26 18:54:32 INFO     	 Epoch 12 | average train loss: 5.5152
2024-08-26 18:54:32 INFO     	 Epoch 12 | average valid loss: 8.0207
2024-08-26 18:54:35 INFO     	 Epoch 13 | average train loss: 5.4170
2024-08-26 18:54:35 INFO     	 Epoch 13 | average valid loss: 8.0349
2024-08-26 18:54:38 INFO     	 Epoch 14 | average train loss: 5.3297
2024-08-26 18:54:38 INFO     	 Epoch 14 | average valid loss: 8.0428
2024-08-26 18:54:40 INFO     
average valid metrics:	MR: 3223.252	| MRR: 0.254	| H@1: 0.181	| H@3: 0.286	| H@10: 0.399	| AMRI: 0.712	| rank_deviation: 0.00040
2024-08-26 18:54:40 INFO     	 Saving model at epoch 14 in logs\08_26\NELL-995-h100\DistMult_18_53_41
2024-08-26 18:54:43 INFO     	 Epoch 15 | average train loss: 5.2527
2024-08-26 18:54:43 INFO     	 Epoch 15 | average valid loss: 8.0619
2024-08-26 18:54:47 INFO     	 Epoch 16 | average train loss: 5.1824
2024-08-26 18:54:47 INFO     	 Epoch 16 | average valid loss: 8.0638
2024-08-26 18:54:50 INFO     	 Epoch 17 | average train loss: 5.1225
2024-08-26 18:54:50 INFO     	 Epoch 17 | average valid loss: 8.0727
2024-08-26 18:54:53 INFO     	 Epoch 18 | average train loss: 5.0680
2024-08-26 18:54:53 INFO     	 Epoch 18 | average valid loss: 8.0900
2024-08-26 18:54:56 INFO     	 Epoch 19 | average train loss: 5.0192
2024-08-26 18:54:56 INFO     	 Epoch 19 | average valid loss: 8.0919
2024-08-26 18:54:58 INFO     
average valid metrics:	MR: 3164.215	| MRR: 0.268	| H@1: 0.195	| H@3: 0.300	| H@10: 0.416	| AMRI: 0.718	| rank_deviation: 0.00053
2024-08-26 18:54:58 INFO     	 Saving model at epoch 19 in logs\08_26\NELL-995-h100\DistMult_18_53_41
2024-08-26 18:55:02 INFO     	 Epoch 20 | average train loss: 4.9738
2024-08-26 18:55:02 INFO     	 Epoch 20 | average valid loss: 8.1020
2024-08-26 18:55:05 INFO     	 Epoch 21 | average train loss: 4.9342
2024-08-26 18:55:05 INFO     	 Epoch 21 | average valid loss: 8.1109
2024-08-26 18:55:08 INFO     	 Epoch 22 | average train loss: 4.8956
2024-08-26 18:55:08 INFO     	 Epoch 22 | average valid loss: 8.1217
2024-08-26 18:55:12 INFO     	 Epoch 23 | average train loss: 4.8648
2024-08-26 18:55:12 INFO     	 Epoch 23 | average valid loss: 8.1209
2024-08-26 18:55:15 INFO     	 Epoch 24 | average train loss: 4.8326
2024-08-26 18:55:15 INFO     	 Epoch 24 | average valid loss: 8.1291
2024-08-26 18:55:18 INFO     
average valid metrics:	MR: 3130.415	| MRR: 0.273	| H@1: 0.198	| H@3: 0.301	| H@10: 0.421	| AMRI: 0.721	| rank_deviation: 0.00053
2024-08-26 18:55:18 INFO     	 Saving model at epoch 24 in logs\08_26\NELL-995-h100\DistMult_18_53_41
2024-08-26 18:55:21 INFO     	 Epoch 25 | average train loss: 4.8073
2024-08-26 18:55:21 INFO     	 Epoch 25 | average valid loss: 8.1399
2024-08-26 18:55:24 INFO     	 Epoch 26 | average train loss: 4.7811
2024-08-26 18:55:24 INFO     	 Epoch 26 | average valid loss: 8.1457
2024-08-26 18:55:27 INFO     	 Epoch 27 | average train loss: 4.7565
2024-08-26 18:55:27 INFO     	 Epoch 27 | average valid loss: 8.1423
2024-08-26 18:55:30 INFO     	 Epoch 28 | average train loss: 4.7347
2024-08-26 18:55:30 INFO     	 Epoch 28 | average valid loss: 8.1531
2024-08-26 18:55:34 INFO     	 Epoch 29 | average train loss: 4.7145
2024-08-26 18:55:34 INFO     	 Epoch 29 | average valid loss: 8.1556
2024-08-26 18:55:36 INFO     
average valid metrics:	MR: 3106.391	| MRR: 0.278	| H@1: 0.204	| H@3: 0.311	| H@10: 0.426	| AMRI: 0.723	| rank_deviation: 0.00053
2024-08-26 18:55:36 INFO     	 Saving model at epoch 29 in logs\08_26\NELL-995-h100\DistMult_18_53_41
2024-08-26 18:55:39 INFO     	 Epoch 30 | average train loss: 4.6948
2024-08-26 18:55:39 INFO     	 Epoch 30 | average valid loss: 8.1544
2024-08-26 18:55:42 INFO     	 Epoch 31 | average train loss: 4.6766
2024-08-26 18:55:42 INFO     	 Epoch 31 | average valid loss: 8.1621
2024-08-26 18:55:46 INFO     	 Epoch 32 | average train loss: 4.6617
2024-08-26 18:55:46 INFO     	 Epoch 32 | average valid loss: 8.1702
2024-08-26 18:55:49 INFO     	 Epoch 33 | average train loss: 4.6451
2024-08-26 18:55:49 INFO     	 Epoch 33 | average valid loss: 8.1709
2024-08-26 18:55:52 INFO     	 Epoch 34 | average train loss: 4.6322
2024-08-26 18:55:52 INFO     	 Epoch 34 | average valid loss: 8.1752
2024-08-26 18:55:55 INFO     
average valid metrics:	MR: 3089.511	| MRR: 0.280	| H@1: 0.204	| H@3: 0.314	| H@10: 0.427	| AMRI: 0.724	| rank_deviation: 0.00040
2024-08-26 18:55:55 INFO     	 Saving model at epoch 34 in logs\08_26\NELL-995-h100\DistMult_18_53_41
2024-08-26 18:55:58 INFO     	 Epoch 35 | average train loss: 4.6181
2024-08-26 18:55:58 INFO     	 Epoch 35 | average valid loss: 8.1809
2024-08-26 18:56:01 INFO     	 Epoch 36 | average train loss: 4.6048
2024-08-26 18:56:01 INFO     	 Epoch 36 | average valid loss: 8.1826
2024-08-26 18:56:04 INFO     	 Epoch 37 | average train loss: 4.5921
2024-08-26 18:56:04 INFO     	 Epoch 37 | average valid loss: 8.1833
2024-08-26 18:56:08 INFO     	 Epoch 38 | average train loss: 4.5811
2024-08-26 18:56:08 INFO     	 Epoch 38 | average valid loss: 8.1865
2024-08-26 18:56:11 INFO     	 Epoch 39 | average train loss: 4.5700
2024-08-26 18:56:11 INFO     	 Epoch 39 | average valid loss: 8.1886
2024-08-26 18:56:14 INFO     
average valid metrics:	MR: 3074.779	| MRR: 0.282	| H@1: 0.208	| H@3: 0.315	| H@10: 0.430	| AMRI: 0.726	| rank_deviation: 0.00027
2024-08-26 18:56:14 INFO     	 Saving model at epoch 39 in logs\08_26\NELL-995-h100\DistMult_18_53_41
2024-08-26 18:56:17 INFO     	 Epoch 40 | average train loss: 4.5599
2024-08-26 18:56:17 INFO     	 Epoch 40 | average valid loss: 8.1920
2024-08-26 18:56:21 INFO     	 Epoch 41 | average train loss: 4.5514
2024-08-26 18:56:21 INFO     	 Epoch 41 | average valid loss: 8.2021
2024-08-26 18:56:24 INFO     	 Epoch 42 | average train loss: 4.5410
2024-08-26 18:56:24 INFO     	 Epoch 42 | average valid loss: 8.2023
2024-08-26 18:56:27 INFO     	 Epoch 43 | average train loss: 4.5322
2024-08-26 18:56:27 INFO     	 Epoch 43 | average valid loss: 8.2005
2024-08-26 18:56:30 INFO     	 Epoch 44 | average train loss: 4.5240
2024-08-26 18:56:30 INFO     	 Epoch 44 | average valid loss: 8.2073
2024-08-26 18:56:33 INFO     
average valid metrics:	MR: 3065.725	| MRR: 0.281	| H@1: 0.205	| H@3: 0.315	| H@10: 0.432	| AMRI: 0.726	| rank_deviation: 0.00040
2024-08-26 18:56:36 INFO     	 Epoch 45 | average train loss: 4.5150
2024-08-26 18:56:36 INFO     	 Epoch 45 | average valid loss: 8.2087
2024-08-26 18:56:40 INFO     	 Epoch 46 | average train loss: 4.5080
2024-08-26 18:56:40 INFO     	 Epoch 46 | average valid loss: 8.2152
2024-08-26 18:56:43 INFO     	 Epoch 47 | average train loss: 4.4985
2024-08-26 18:56:43 INFO     	 Epoch 47 | average valid loss: 8.2165
2024-08-26 18:56:46 INFO     	 Epoch 48 | average train loss: 4.4935
2024-08-26 18:56:46 INFO     	 Epoch 48 | average valid loss: 8.2178
2024-08-26 18:56:50 INFO     	 Epoch 49 | average train loss: 4.4872
2024-08-26 18:56:50 INFO     	 Epoch 49 | average valid loss: 8.2191
2024-08-26 18:56:53 INFO     
average valid metrics:	MR: 3056.673	| MRR: 0.283	| H@1: 0.207	| H@3: 0.318	| H@10: 0.435	| AMRI: 0.727	| rank_deviation: 0.00013
2024-08-26 18:56:53 INFO     	 Saving model at epoch 49 in logs\08_26\NELL-995-h100\DistMult_18_53_41
2024-08-26 18:56:56 INFO     	 Epoch 50 | average train loss: 4.4786
2024-08-26 18:56:56 INFO     	 Epoch 50 | average valid loss: 8.2198
2024-08-26 18:56:59 INFO     	 Epoch 51 | average train loss: 4.4742
2024-08-26 18:56:59 INFO     	 Epoch 51 | average valid loss: 8.2200
2024-08-26 18:57:03 INFO     	 Epoch 52 | average train loss: 4.4658
2024-08-26 18:57:03 INFO     	 Epoch 52 | average valid loss: 8.2234
2024-08-26 18:57:07 INFO     	 Epoch 53 | average train loss: 4.4601
2024-08-26 18:57:07 INFO     	 Epoch 53 | average valid loss: 8.2287
2024-08-26 18:57:10 INFO     	 Epoch 54 | average train loss: 4.4555
2024-08-26 18:57:10 INFO     	 Epoch 54 | average valid loss: 8.2284
2024-08-26 18:57:13 INFO     
average valid metrics:	MR: 3047.268	| MRR: 0.285	| H@1: 0.210	| H@3: 0.317	| H@10: 0.435	| AMRI: 0.728	| rank_deviation: 0.00040
2024-08-26 18:57:13 INFO     	 Saving model at epoch 54 in logs\08_26\NELL-995-h100\DistMult_18_53_41
2024-08-26 18:57:17 INFO     	 Epoch 55 | average train loss: 4.4502
2024-08-26 18:57:17 INFO     	 Epoch 55 | average valid loss: 8.2295
2024-08-26 18:57:20 INFO     	 Epoch 56 | average train loss: 4.4432
2024-08-26 18:57:20 INFO     	 Epoch 56 | average valid loss: 8.2354
2024-08-26 18:57:23 INFO     	 Epoch 57 | average train loss: 4.4408
2024-08-26 18:57:23 INFO     	 Epoch 57 | average valid loss: 8.2365
2024-08-26 18:57:26 INFO     	 Epoch 58 | average train loss: 4.4335
2024-08-26 18:57:26 INFO     	 Epoch 58 | average valid loss: 8.2387
2024-08-26 18:57:30 INFO     	 Epoch 59 | average train loss: 4.4291
2024-08-26 18:57:30 INFO     	 Epoch 59 | average valid loss: 8.2416
2024-08-26 18:57:32 INFO     
average valid metrics:	MR: 3041.118	| MRR: 0.286	| H@1: 0.210	| H@3: 0.319	| H@10: 0.437	| AMRI: 0.729	| rank_deviation: 0.00040
2024-08-26 18:57:32 INFO     	 Saving model at epoch 59 in logs\08_26\NELL-995-h100\DistMult_18_53_41
2024-08-26 18:57:36 INFO     	 Epoch 60 | average train loss: 4.4254
2024-08-26 18:57:36 INFO     	 Epoch 60 | average valid loss: 8.2417
2024-08-26 18:57:39 INFO     	 Epoch 61 | average train loss: 4.4198
2024-08-26 18:57:39 INFO     	 Epoch 61 | average valid loss: 8.2425
2024-08-26 18:57:42 INFO     	 Epoch 62 | average train loss: 4.4148
2024-08-26 18:57:42 INFO     	 Epoch 62 | average valid loss: 8.2488
2024-08-26 18:57:45 INFO     	 Epoch 63 | average train loss: 4.4111
2024-08-26 18:57:45 INFO     	 Epoch 63 | average valid loss: 8.2455
2024-08-26 18:57:49 INFO     	 Epoch 64 | average train loss: 4.4088
2024-08-26 18:57:49 INFO     	 Epoch 64 | average valid loss: 8.2487
2024-08-26 18:57:51 INFO     
average valid metrics:	MR: 3033.908	| MRR: 0.285	| H@1: 0.209	| H@3: 0.319	| H@10: 0.437	| AMRI: 0.729	| rank_deviation: 0.00066
2024-08-26 18:57:54 INFO     	 Epoch 65 | average train loss: 4.4027
2024-08-26 18:57:55 INFO     	 Epoch 65 | average valid loss: 8.2503
2024-08-26 18:57:58 INFO     	 Epoch 66 | average train loss: 4.3985
2024-08-26 18:57:58 INFO     	 Epoch 66 | average valid loss: 8.2518
2024-08-26 18:58:02 INFO     	 Epoch 67 | average train loss: 4.3946
2024-08-26 18:58:02 INFO     	 Epoch 67 | average valid loss: 8.2550
2024-08-26 18:58:05 INFO     	 Epoch 68 | average train loss: 4.3909
2024-08-26 18:58:05 INFO     	 Epoch 68 | average valid loss: 8.2537
2024-08-26 18:58:09 INFO     	 Epoch 69 | average train loss: 4.3868
2024-08-26 18:58:09 INFO     	 Epoch 69 | average valid loss: 8.2581
2024-08-26 18:58:11 INFO     
average valid metrics:	MR: 3028.711	| MRR: 0.286	| H@1: 0.209	| H@3: 0.321	| H@10: 0.438	| AMRI: 0.730	| rank_deviation: 0.00027
2024-08-26 18:58:11 INFO     	 Saving model at epoch 69 in logs\08_26\NELL-995-h100\DistMult_18_53_41
2024-08-26 18:58:14 INFO     	 Epoch 70 | average train loss: 4.3822
2024-08-26 18:58:14 INFO     	 Epoch 70 | average valid loss: 8.2617
2024-08-26 18:58:17 INFO     	 Epoch 71 | average train loss: 4.3792
2024-08-26 18:58:18 INFO     	 Epoch 71 | average valid loss: 8.2638
2024-08-26 18:58:21 INFO     	 Epoch 72 | average train loss: 4.3771
2024-08-26 18:58:21 INFO     	 Epoch 72 | average valid loss: 8.2642
2024-08-26 18:58:25 INFO     	 Epoch 73 | average train loss: 4.3730
2024-08-26 18:58:25 INFO     	 Epoch 73 | average valid loss: 8.2676
2024-08-26 18:58:28 INFO     	 Epoch 74 | average train loss: 4.3685
2024-08-26 18:58:28 INFO     	 Epoch 74 | average valid loss: 8.2704
2024-08-26 18:58:30 INFO     
average valid metrics:	MR: 3023.253	| MRR: 0.287	| H@1: 0.209	| H@3: 0.322	| H@10: 0.438	| AMRI: 0.730	| rank_deviation: 0.00000
2024-08-26 18:58:30 INFO     	 Saving model at epoch 74 in logs\08_26\NELL-995-h100\DistMult_18_53_41
2024-08-26 18:58:34 INFO     	 Epoch 75 | average train loss: 4.3664
2024-08-26 18:58:34 INFO     	 Epoch 75 | average valid loss: 8.2720
2024-08-26 18:58:37 INFO     	 Epoch 76 | average train loss: 4.3628
2024-08-26 18:58:37 INFO     	 Epoch 76 | average valid loss: 8.2718
2024-08-26 18:58:40 INFO     	 Epoch 77 | average train loss: 4.3583
2024-08-26 18:58:40 INFO     	 Epoch 77 | average valid loss: 8.2723
2024-08-26 18:58:43 INFO     	 Epoch 78 | average train loss: 4.3558
2024-08-26 18:58:43 INFO     	 Epoch 78 | average valid loss: 8.2785
2024-08-26 18:58:47 INFO     	 Epoch 79 | average train loss: 4.3532
2024-08-26 18:58:47 INFO     	 Epoch 79 | average valid loss: 8.2787
2024-08-26 18:58:49 INFO     
average valid metrics:	MR: 3020.000	| MRR: 0.288	| H@1: 0.210	| H@3: 0.321	| H@10: 0.438	| AMRI: 0.731	| rank_deviation: 0.00053
2024-08-26 18:58:49 INFO     	 Saving model at epoch 79 in logs\08_26\NELL-995-h100\DistMult_18_53_41
2024-08-26 18:58:52 INFO     	 Epoch 80 | average train loss: 4.3509
2024-08-26 18:58:52 INFO     	 Epoch 80 | average valid loss: 8.2796
2024-08-26 18:58:56 INFO     	 Epoch 81 | average train loss: 4.3485
2024-08-26 18:58:56 INFO     	 Epoch 81 | average valid loss: 8.2800
2024-08-26 18:58:59 INFO     	 Epoch 82 | average train loss: 4.3451
2024-08-26 18:58:59 INFO     	 Epoch 82 | average valid loss: 8.2788
2024-08-26 18:59:02 INFO     	 Epoch 83 | average train loss: 4.3420
2024-08-26 18:59:02 INFO     	 Epoch 83 | average valid loss: 8.2842
2024-08-26 18:59:05 INFO     	 Epoch 84 | average train loss: 4.3397
2024-08-26 18:59:05 INFO     	 Epoch 84 | average valid loss: 8.2838
2024-08-26 18:59:08 INFO     
average valid metrics:	MR: 3015.260	| MRR: 0.288	| H@1: 0.211	| H@3: 0.321	| H@10: 0.440	| AMRI: 0.731	| rank_deviation: 0.00040
2024-08-26 18:59:08 INFO     	 Saving model at epoch 84 in logs\08_26\NELL-995-h100\DistMult_18_53_41
2024-08-26 18:59:11 INFO     	 Epoch 85 | average train loss: 4.3366
2024-08-26 18:59:11 INFO     	 Epoch 85 | average valid loss: 8.2870
2024-08-26 18:59:14 INFO     	 Epoch 86 | average train loss: 4.3335
2024-08-26 18:59:14 INFO     	 Epoch 86 | average valid loss: 8.2913
2024-08-26 18:59:18 INFO     	 Epoch 87 | average train loss: 4.3323
2024-08-26 18:59:18 INFO     	 Epoch 87 | average valid loss: 8.2929
2024-08-26 18:59:21 INFO     	 Epoch 88 | average train loss: 4.3283
2024-08-26 18:59:21 INFO     	 Epoch 88 | average valid loss: 8.2903
2024-08-26 18:59:24 INFO     	 Epoch 89 | average train loss: 4.3276
2024-08-26 18:59:24 INFO     	 Epoch 89 | average valid loss: 8.2948
2024-08-26 18:59:27 INFO     
average valid metrics:	MR: 3010.752	| MRR: 0.289	| H@1: 0.212	| H@3: 0.324	| H@10: 0.440	| AMRI: 0.731	| rank_deviation: 0.00093
2024-08-26 18:59:27 INFO     	 Saving model at epoch 89 in logs\08_26\NELL-995-h100\DistMult_18_53_41
2024-08-26 18:59:30 INFO     	 Epoch 90 | average train loss: 4.3235
2024-08-26 18:59:30 INFO     	 Epoch 90 | average valid loss: 8.2927
2024-08-26 18:59:33 INFO     	 Epoch 91 | average train loss: 4.3212
2024-08-26 18:59:33 INFO     	 Epoch 91 | average valid loss: 8.2979
2024-08-26 18:59:37 INFO     	 Epoch 92 | average train loss: 4.3206
2024-08-26 18:59:37 INFO     	 Epoch 92 | average valid loss: 8.2997
2024-08-26 18:59:40 INFO     	 Epoch 93 | average train loss: 4.3172
2024-08-26 18:59:40 INFO     	 Epoch 93 | average valid loss: 8.2992
2024-08-26 18:59:43 INFO     	 Epoch 94 | average train loss: 4.3138
2024-08-26 18:59:43 INFO     	 Epoch 94 | average valid loss: 8.3040
2024-08-26 18:59:46 INFO     
average valid metrics:	MR: 3008.496	| MRR: 0.289	| H@1: 0.211	| H@3: 0.323	| H@10: 0.441	| AMRI: 0.732	| rank_deviation: 0.00027
2024-08-26 18:59:46 INFO     	 Saving model at epoch 94 in logs\08_26\NELL-995-h100\DistMult_18_53_41
2024-08-26 18:59:49 INFO     	 Epoch 95 | average train loss: 4.3119
2024-08-26 18:59:49 INFO     	 Epoch 95 | average valid loss: 8.3034
2024-08-26 18:59:52 INFO     	 Epoch 96 | average train loss: 4.3111
2024-08-26 18:59:52 INFO     	 Epoch 96 | average valid loss: 8.3049
2024-08-26 18:59:55 INFO     	 Epoch 97 | average train loss: 4.3083
2024-08-26 18:59:55 INFO     	 Epoch 97 | average valid loss: 8.3085
2024-08-26 18:59:59 INFO     	 Epoch 98 | average train loss: 4.3053
2024-08-26 18:59:59 INFO     	 Epoch 98 | average valid loss: 8.3056
2024-08-26 19:00:02 INFO     	 Epoch 99 | average train loss: 4.3034
2024-08-26 19:00:02 INFO     	 Epoch 99 | average valid loss: 8.3126
2024-08-26 19:00:05 INFO     
average valid metrics:	MR: 3004.406	| MRR: 0.288	| H@1: 0.210	| H@3: 0.323	| H@10: 0.440	| AMRI: 0.732	| rank_deviation: 0.00053
2024-08-26 19:00:08 INFO     	 Epoch 100 | average train loss: 4.3027
2024-08-26 19:00:08 INFO     	 Epoch 100 | average valid loss: 8.3096
2024-08-26 19:00:11 INFO     	 Epoch 101 | average train loss: 4.2986
2024-08-26 19:00:11 INFO     	 Epoch 101 | average valid loss: 8.3146
2024-08-26 19:00:14 INFO     	 Epoch 102 | average train loss: 4.2982
2024-08-26 19:00:14 INFO     	 Epoch 102 | average valid loss: 8.3142
2024-08-26 19:00:18 INFO     	 Epoch 103 | average train loss: 4.2960
2024-08-26 19:00:18 INFO     	 Epoch 103 | average valid loss: 8.3162
2024-08-26 19:00:21 INFO     	 Epoch 104 | average train loss: 4.2934
2024-08-26 19:00:21 INFO     	 Epoch 104 | average valid loss: 8.3168
2024-08-26 19:00:24 INFO     
average valid metrics:	MR: 3001.554	| MRR: 0.289	| H@1: 0.211	| H@3: 0.325	| H@10: 0.439	| AMRI: 0.732	| rank_deviation: 0.00040
2024-08-26 19:00:24 INFO     	 Saving model at epoch 104 in logs\08_26\NELL-995-h100\DistMult_18_53_41
2024-08-26 19:00:27 INFO     	 Epoch 105 | average train loss: 4.2910
2024-08-26 19:00:27 INFO     	 Epoch 105 | average valid loss: 8.3170
2024-08-26 19:00:30 INFO     	 Epoch 106 | average train loss: 4.2906
2024-08-26 19:00:30 INFO     	 Epoch 106 | average valid loss: 8.3203
2024-08-26 19:00:33 INFO     	 Epoch 107 | average train loss: 4.2860
2024-08-26 19:00:34 INFO     	 Epoch 107 | average valid loss: 8.3240
2024-08-26 19:00:37 INFO     	 Epoch 108 | average train loss: 4.2861
2024-08-26 19:00:37 INFO     	 Epoch 108 | average valid loss: 8.3249
2024-08-26 19:00:40 INFO     	 Epoch 109 | average train loss: 4.2832
2024-08-26 19:00:40 INFO     	 Epoch 109 | average valid loss: 8.3234
2024-08-26 19:00:43 INFO     
average valid metrics:	MR: 2998.460	| MRR: 0.289	| H@1: 0.212	| H@3: 0.323	| H@10: 0.440	| AMRI: 0.733	| rank_deviation: 0.00093
2024-08-26 19:00:43 INFO     	 Saving model at epoch 109 in logs\08_26\NELL-995-h100\DistMult_18_53_41
2024-08-26 19:00:46 INFO     	 Epoch 110 | average train loss: 4.2824
2024-08-26 19:00:46 INFO     	 Epoch 110 | average valid loss: 8.3263
2024-08-26 19:00:49 INFO     	 Epoch 111 | average train loss: 4.2796
2024-08-26 19:00:49 INFO     	 Epoch 111 | average valid loss: 8.3290
2024-08-26 19:00:53 INFO     	 Epoch 112 | average train loss: 4.2786
2024-08-26 19:00:53 INFO     	 Epoch 112 | average valid loss: 8.3278
2024-08-26 19:00:56 INFO     	 Epoch 113 | average train loss: 4.2760
2024-08-26 19:00:56 INFO     	 Epoch 113 | average valid loss: 8.3305
2024-08-26 19:00:59 INFO     	 Epoch 114 | average train loss: 4.2752
2024-08-26 19:00:59 INFO     	 Epoch 114 | average valid loss: 8.3326
2024-08-26 19:01:02 INFO     
average valid metrics:	MR: 2995.426	| MRR: 0.289	| H@1: 0.211	| H@3: 0.325	| H@10: 0.439	| AMRI: 0.733	| rank_deviation: 0.00013
2024-08-26 19:01:05 INFO     	 Epoch 115 | average train loss: 4.2732
2024-08-26 19:01:05 INFO     	 Epoch 115 | average valid loss: 8.3358
2024-08-26 19:01:08 INFO     	 Epoch 116 | average train loss: 4.2697
2024-08-26 19:01:08 INFO     	 Epoch 116 | average valid loss: 8.3374
2024-08-26 19:01:11 INFO     	 Epoch 117 | average train loss: 4.2693
2024-08-26 19:01:11 INFO     	 Epoch 117 | average valid loss: 8.3381
2024-08-26 19:01:15 INFO     	 Epoch 118 | average train loss: 4.2704
2024-08-26 19:01:15 INFO     	 Epoch 118 | average valid loss: 8.3385
2024-08-26 19:01:18 INFO     	 Epoch 119 | average train loss: 4.2663
2024-08-26 19:01:18 INFO     	 Epoch 119 | average valid loss: 8.3409
2024-08-26 19:01:21 INFO     
average valid metrics:	MR: 2992.173	| MRR: 0.289	| H@1: 0.211	| H@3: 0.326	| H@10: 0.440	| AMRI: 0.733	| rank_deviation: 0.00000
2024-08-26 19:01:21 INFO     	 Saving model at epoch 119 in logs\08_26\NELL-995-h100\DistMult_18_53_41
2024-08-26 19:01:24 INFO     	 Epoch 120 | average train loss: 4.2648
2024-08-26 19:01:24 INFO     	 Epoch 120 | average valid loss: 8.3423
2024-08-26 19:01:28 INFO     	 Epoch 121 | average train loss: 4.2632
2024-08-26 19:01:28 INFO     	 Epoch 121 | average valid loss: 8.3419
2024-08-26 19:01:31 INFO     	 Epoch 122 | average train loss: 4.2614
2024-08-26 19:01:31 INFO     	 Epoch 122 | average valid loss: 8.3434
2024-08-26 19:01:34 INFO     	 Epoch 123 | average train loss: 4.2610
2024-08-26 19:01:34 INFO     	 Epoch 123 | average valid loss: 8.3456
2024-08-26 19:01:37 INFO     	 Epoch 124 | average train loss: 4.2580
2024-08-26 19:01:37 INFO     	 Epoch 124 | average valid loss: 8.3484
2024-08-26 19:01:40 INFO     
average valid metrics:	MR: 2991.254	| MRR: 0.290	| H@1: 0.212	| H@3: 0.327	| H@10: 0.441	| AMRI: 0.733	| rank_deviation: 0.00013
2024-08-26 19:01:40 INFO     	 Saving model at epoch 124 in logs\08_26\NELL-995-h100\DistMult_18_53_41
2024-08-26 19:01:43 INFO     	 Epoch 125 | average train loss: 4.2568
2024-08-26 19:01:43 INFO     	 Epoch 125 | average valid loss: 8.3484
2024-08-26 19:01:46 INFO     	 Epoch 126 | average train loss: 4.2554
2024-08-26 19:01:46 INFO     	 Epoch 126 | average valid loss: 8.3498
2024-08-26 19:01:50 INFO     	 Epoch 127 | average train loss: 4.2544
2024-08-26 19:01:50 INFO     	 Epoch 127 | average valid loss: 8.3509
2024-08-26 19:01:53 INFO     	 Epoch 128 | average train loss: 4.2530
2024-08-26 19:01:53 INFO     	 Epoch 128 | average valid loss: 8.3523
2024-08-26 19:01:56 INFO     	 Epoch 129 | average train loss: 4.2512
2024-08-26 19:01:56 INFO     	 Epoch 129 | average valid loss: 8.3534
2024-08-26 19:01:59 INFO     
average valid metrics:	MR: 2988.424	| MRR: 0.288	| H@1: 0.210	| H@3: 0.325	| H@10: 0.438	| AMRI: 0.733	| rank_deviation: 0.00013
2024-08-26 19:02:02 INFO     	 Epoch 130 | average train loss: 4.2494
2024-08-26 19:02:02 INFO     	 Epoch 130 | average valid loss: 8.3585
2024-08-26 19:02:06 INFO     	 Epoch 131 | average train loss: 4.2492
2024-08-26 19:02:06 INFO     	 Epoch 131 | average valid loss: 8.3585
2024-08-26 19:02:09 INFO     	 Epoch 132 | average train loss: 4.2470
2024-08-26 19:02:09 INFO     	 Epoch 132 | average valid loss: 8.3582
2024-08-26 19:02:12 INFO     	 Epoch 133 | average train loss: 4.2446
2024-08-26 19:02:12 INFO     	 Epoch 133 | average valid loss: 8.3604
2024-08-26 19:02:15 INFO     	 Epoch 134 | average train loss: 4.2439
2024-08-26 19:02:15 INFO     	 Epoch 134 | average valid loss: 8.3632
2024-08-26 19:02:18 INFO     
average valid metrics:	MR: 2987.109	| MRR: 0.289	| H@1: 0.210	| H@3: 0.327	| H@10: 0.440	| AMRI: 0.734	| rank_deviation: 0.00027
2024-08-26 19:02:22 INFO     	 Epoch 135 | average train loss: 4.2429
2024-08-26 19:02:22 INFO     	 Epoch 135 | average valid loss: 8.3608
2024-08-26 19:02:25 INFO     	 Epoch 136 | average train loss: 4.2421
2024-08-26 19:02:25 INFO     	 Epoch 136 | average valid loss: 8.3625
2024-08-26 19:02:28 INFO     	 Epoch 137 | average train loss: 4.2394
2024-08-26 19:02:28 INFO     	 Epoch 137 | average valid loss: 8.3647
2024-08-26 19:02:31 INFO     	 Epoch 138 | average train loss: 4.2400
2024-08-26 19:02:31 INFO     	 Epoch 138 | average valid loss: 8.3675
2024-08-26 19:02:35 INFO     	 Epoch 139 | average train loss: 4.2383
2024-08-26 19:02:35 INFO     	 Epoch 139 | average valid loss: 8.3682
2024-08-26 19:02:38 INFO     
average valid metrics:	MR: 2985.009	| MRR: 0.290	| H@1: 0.213	| H@3: 0.326	| H@10: 0.439	| AMRI: 0.734	| rank_deviation: 0.00066
2024-08-26 19:02:38 INFO     	 Saving model at epoch 139 in logs\08_26\NELL-995-h100\DistMult_18_53_41
2024-08-26 19:02:41 INFO     	 Epoch 140 | average train loss: 4.2356
2024-08-26 19:02:41 INFO     	 Epoch 140 | average valid loss: 8.3704
2024-08-26 19:02:44 INFO     	 Epoch 141 | average train loss: 4.2364
2024-08-26 19:02:44 INFO     	 Epoch 141 | average valid loss: 8.3725
2024-08-26 19:02:48 INFO     	 Epoch 142 | average train loss: 4.2339
2024-08-26 19:02:48 INFO     	 Epoch 142 | average valid loss: 8.3724
2024-08-26 19:02:51 INFO     	 Epoch 143 | average train loss: 4.2337
2024-08-26 19:02:51 INFO     	 Epoch 143 | average valid loss: 8.3725
2024-08-26 19:02:54 INFO     	 Epoch 144 | average train loss: 4.2317
2024-08-26 19:02:54 INFO     	 Epoch 144 | average valid loss: 8.3753
2024-08-26 19:02:57 INFO     
average valid metrics:	MR: 2983.255	| MRR: 0.290	| H@1: 0.212	| H@3: 0.326	| H@10: 0.438	| AMRI: 0.734	| rank_deviation: 0.00040
2024-08-26 19:03:00 INFO     	 Epoch 145 | average train loss: 4.2308
2024-08-26 19:03:00 INFO     	 Epoch 145 | average valid loss: 8.3728
2024-08-26 19:03:03 INFO     	 Epoch 146 | average train loss: 4.2280
2024-08-26 19:03:03 INFO     	 Epoch 146 | average valid loss: 8.3739
2024-08-26 19:03:07 INFO     	 Epoch 147 | average train loss: 4.2292
2024-08-26 19:03:07 INFO     	 Epoch 147 | average valid loss: 8.3775
2024-08-26 19:03:10 INFO     	 Epoch 148 | average train loss: 4.2270
2024-08-26 19:03:10 INFO     	 Epoch 148 | average valid loss: 8.3777
2024-08-26 19:03:13 INFO     	 Epoch 149 | average train loss: 4.2258
2024-08-26 19:03:13 INFO     	 Epoch 149 | average valid loss: 8.3790
2024-08-26 19:03:16 INFO     
average valid metrics:	MR: 2980.679	| MRR: 0.290	| H@1: 0.212	| H@3: 0.327	| H@10: 0.440	| AMRI: 0.734	| rank_deviation: 0.00013
2024-08-26 19:03:19 INFO     	 Epoch 150 | average train loss: 4.2229
2024-08-26 19:03:19 INFO     	 Epoch 150 | average valid loss: 8.3789
2024-08-26 19:03:22 INFO     	 Epoch 151 | average train loss: 4.2236
2024-08-26 19:03:22 INFO     	 Epoch 151 | average valid loss: 8.3806
2024-08-26 19:03:26 INFO     	 Epoch 152 | average train loss: 4.2222
2024-08-26 19:03:26 INFO     	 Epoch 152 | average valid loss: 8.3836
2024-08-26 19:03:29 INFO     	 Epoch 153 | average train loss: 4.2218
2024-08-26 19:03:29 INFO     	 Epoch 153 | average valid loss: 8.3841
2024-08-26 19:03:32 INFO     	 Epoch 154 | average train loss: 4.2196
2024-08-26 19:03:32 INFO     	 Epoch 154 | average valid loss: 8.3842
2024-08-26 19:03:35 INFO     
average valid metrics:	MR: 2978.274	| MRR: 0.290	| H@1: 0.212	| H@3: 0.326	| H@10: 0.440	| AMRI: 0.734	| rank_deviation: 0.00027
2024-08-26 19:03:38 INFO     	 Epoch 155 | average train loss: 4.2186
2024-08-26 19:03:38 INFO     	 Epoch 155 | average valid loss: 8.3851
2024-08-26 19:03:42 INFO     	 Epoch 156 | average train loss: 4.2183
2024-08-26 19:03:42 INFO     	 Epoch 156 | average valid loss: 8.3891
2024-08-26 19:03:45 INFO     	 Epoch 157 | average train loss: 4.2162
2024-08-26 19:03:45 INFO     	 Epoch 157 | average valid loss: 8.3883
2024-08-26 19:03:48 INFO     	 Epoch 158 | average train loss: 4.2157
2024-08-26 19:03:48 INFO     	 Epoch 158 | average valid loss: 8.3893
2024-08-26 19:03:51 INFO     	 Epoch 159 | average train loss: 4.2156
2024-08-26 19:03:51 INFO     	 Epoch 159 | average valid loss: 8.3902
2024-08-26 19:03:54 INFO     
average valid metrics:	MR: 2976.709	| MRR: 0.290	| H@1: 0.213	| H@3: 0.327	| H@10: 0.440	| AMRI: 0.734	| rank_deviation: 0.00027
2024-08-26 19:03:57 INFO     	 Epoch 160 | average train loss: 4.2131
2024-08-26 19:03:57 INFO     	 Epoch 160 | average valid loss: 8.3919
2024-08-26 19:04:00 INFO     	 Epoch 161 | average train loss: 4.2107
2024-08-26 19:04:00 INFO     	 Epoch 161 | average valid loss: 8.3926
2024-08-26 19:04:04 INFO     	 Epoch 162 | average train loss: 4.2116
2024-08-26 19:04:04 INFO     	 Epoch 162 | average valid loss: 8.3924
2024-08-26 19:04:07 INFO     	 Epoch 163 | average train loss: 4.2104
2024-08-26 19:04:07 INFO     	 Epoch 163 | average valid loss: 8.3942
2024-08-26 19:04:10 INFO     	 Epoch 164 | average train loss: 4.2085
2024-08-26 19:04:10 INFO     	 Epoch 164 | average valid loss: 8.3964
2024-08-26 19:04:13 INFO     
average valid metrics:	MR: 2975.676	| MRR: 0.291	| H@1: 0.214	| H@3: 0.327	| H@10: 0.440	| AMRI: 0.735	| rank_deviation: 0.00066
2024-08-26 19:04:13 INFO     	 Saving model at epoch 164 in logs\08_26\NELL-995-h100\DistMult_18_53_41
2024-08-26 19:04:16 INFO     	 Epoch 165 | average train loss: 4.2079
2024-08-26 19:04:16 INFO     	 Epoch 165 | average valid loss: 8.3989
2024-08-26 19:04:19 INFO     	 Epoch 166 | average train loss: 4.2081
2024-08-26 19:04:19 INFO     	 Epoch 166 | average valid loss: 8.3993
2024-08-26 19:04:23 INFO     	 Epoch 167 | average train loss: 4.2068
2024-08-26 19:04:23 INFO     	 Epoch 167 | average valid loss: 8.3985
2024-08-26 19:04:26 INFO     	 Epoch 168 | average train loss: 4.2048
2024-08-26 19:04:26 INFO     	 Epoch 168 | average valid loss: 8.4017
2024-08-26 19:04:29 INFO     	 Epoch 169 | average train loss: 4.2029
2024-08-26 19:04:29 INFO     	 Epoch 169 | average valid loss: 8.4027
2024-08-26 19:04:32 INFO     
average valid metrics:	MR: 2974.240	| MRR: 0.291	| H@1: 0.214	| H@3: 0.326	| H@10: 0.440	| AMRI: 0.735	| rank_deviation: 0.00066
2024-08-26 19:04:35 INFO     	 Epoch 170 | average train loss: 4.2039
2024-08-26 19:04:35 INFO     	 Epoch 170 | average valid loss: 8.4014
2024-08-26 19:04:38 INFO     	 Epoch 171 | average train loss: 4.2013
2024-08-26 19:04:38 INFO     	 Epoch 171 | average valid loss: 8.4056
2024-08-26 19:04:41 INFO     	 Epoch 172 | average train loss: 4.2006
2024-08-26 19:04:41 INFO     	 Epoch 172 | average valid loss: 8.4075
2024-08-26 19:04:45 INFO     	 Epoch 173 | average train loss: 4.2018
2024-08-26 19:04:45 INFO     	 Epoch 173 | average valid loss: 8.4090
2024-08-26 19:04:48 INFO     	 Epoch 174 | average train loss: 4.1983
2024-08-26 19:04:48 INFO     	 Epoch 174 | average valid loss: 8.4099
2024-08-26 19:04:51 INFO     
average valid metrics:	MR: 2972.996	| MRR: 0.290	| H@1: 0.212	| H@3: 0.327	| H@10: 0.441	| AMRI: 0.735	| rank_deviation: 0.00040
2024-08-26 19:04:54 INFO     	 Epoch 175 | average train loss: 4.1989
2024-08-26 19:04:54 INFO     	 Epoch 175 | average valid loss: 8.4100
2024-08-26 19:04:57 INFO     	 Epoch 176 | average train loss: 4.1982
2024-08-26 19:04:57 INFO     	 Epoch 176 | average valid loss: 8.4104
2024-08-26 19:05:01 INFO     	 Epoch 177 | average train loss: 4.1970
2024-08-26 19:05:01 INFO     	 Epoch 177 | average valid loss: 8.4120
2024-08-26 19:05:04 INFO     	 Epoch 178 | average train loss: 4.1962
2024-08-26 19:05:04 INFO     	 Epoch 178 | average valid loss: 8.4124
2024-08-26 19:05:07 INFO     	 Epoch 179 | average train loss: 4.1949
2024-08-26 19:05:07 INFO     	 Epoch 179 | average valid loss: 8.4154
2024-08-26 19:05:10 INFO     
average valid metrics:	MR: 2971.321	| MRR: 0.289	| H@1: 0.212	| H@3: 0.326	| H@10: 0.440	| AMRI: 0.735	| rank_deviation: 0.00080
2024-08-26 19:05:14 INFO     	 Epoch 180 | average train loss: 4.1948
2024-08-26 19:05:14 INFO     	 Epoch 180 | average valid loss: 8.4150
2024-08-26 19:05:17 INFO     	 Epoch 181 | average train loss: 4.1923
2024-08-26 19:05:17 INFO     	 Epoch 181 | average valid loss: 8.4166
2024-08-26 19:05:20 INFO     	 Epoch 182 | average train loss: 4.1912
2024-08-26 19:05:20 INFO     	 Epoch 182 | average valid loss: 8.4174
2024-08-26 19:05:24 INFO     	 Epoch 183 | average train loss: 4.1913
2024-08-26 19:05:24 INFO     	 Epoch 183 | average valid loss: 8.4176
2024-08-26 19:05:27 INFO     	 Epoch 184 | average train loss: 4.1913
2024-08-26 19:05:27 INFO     	 Epoch 184 | average valid loss: 8.4182
2024-08-26 19:05:31 INFO     
average valid metrics:	MR: 2969.502	| MRR: 0.290	| H@1: 0.211	| H@3: 0.327	| H@10: 0.440	| AMRI: 0.735	| rank_deviation: 0.00066
2024-08-26 19:05:34 INFO     	 Epoch 185 | average train loss: 4.1888
2024-08-26 19:05:34 INFO     	 Epoch 185 | average valid loss: 8.4181
2024-08-26 19:05:37 INFO     	 Epoch 186 | average train loss: 4.1908
2024-08-26 19:05:37 INFO     	 Epoch 186 | average valid loss: 8.4219
2024-08-26 19:05:40 INFO     	 Epoch 187 | average train loss: 4.1898
2024-08-26 19:05:40 INFO     	 Epoch 187 | average valid loss: 8.4218
2024-08-26 19:05:44 INFO     	 Epoch 188 | average train loss: 4.1871
2024-08-26 19:05:44 INFO     	 Epoch 188 | average valid loss: 8.4248
2024-08-26 19:05:47 INFO     	 Epoch 189 | average train loss: 4.1881
2024-08-26 19:05:47 INFO     	 Epoch 189 | average valid loss: 8.4235
2024-08-26 19:05:50 INFO     
average valid metrics:	MR: 2968.337	| MRR: 0.290	| H@1: 0.212	| H@3: 0.328	| H@10: 0.440	| AMRI: 0.735	| rank_deviation: 0.00053
2024-08-26 19:05:53 INFO     	 Epoch 190 | average train loss: 4.1857
2024-08-26 19:05:53 INFO     	 Epoch 190 | average valid loss: 8.4235
2024-08-26 19:05:56 INFO     	 Epoch 191 | average train loss: 4.1846
2024-08-26 19:05:56 INFO     	 Epoch 191 | average valid loss: 8.4261
2024-08-26 19:05:59 INFO     	 Epoch 192 | average train loss: 4.1850
2024-08-26 19:05:59 INFO     	 Epoch 192 | average valid loss: 8.4253
2024-08-26 19:06:03 INFO     	 Epoch 193 | average train loss: 4.1841
2024-08-26 19:06:03 INFO     	 Epoch 193 | average valid loss: 8.4263
2024-08-26 19:06:06 INFO     	 Epoch 194 | average train loss: 4.1821
2024-08-26 19:06:06 INFO     	 Epoch 194 | average valid loss: 8.4274
2024-08-26 19:06:09 INFO     
average valid metrics:	MR: 2966.487	| MRR: 0.290	| H@1: 0.212	| H@3: 0.326	| H@10: 0.440	| AMRI: 0.735	| rank_deviation: 0.00040
2024-08-26 19:06:12 INFO     	 Epoch 195 | average train loss: 4.1820
2024-08-26 19:06:12 INFO     	 Epoch 195 | average valid loss: 8.4290
2024-08-26 19:06:15 INFO     	 Epoch 196 | average train loss: 4.1823
2024-08-26 19:06:15 INFO     	 Epoch 196 | average valid loss: 8.4321
2024-08-26 19:06:18 INFO     	 Epoch 197 | average train loss: 4.1802
2024-08-26 19:06:18 INFO     	 Epoch 197 | average valid loss: 8.4331
2024-08-26 19:06:22 INFO     	 Epoch 198 | average train loss: 4.1798
2024-08-26 19:06:22 INFO     	 Epoch 198 | average valid loss: 8.4324
2024-08-26 19:06:25 INFO     	 Epoch 199 | average train loss: 4.1792
2024-08-26 19:06:25 INFO     	 Epoch 199 | average valid loss: 8.4341
2024-08-26 19:06:28 INFO     
average valid metrics:	MR: 2965.968	| MRR: 0.291	| H@1: 0.213	| H@3: 0.326	| H@10: 0.441	| AMRI: 0.735	| rank_deviation: 0.00027
2024-08-26 19:06:31 INFO     	 Epoch 200 | average train loss: 4.1777
2024-08-26 19:06:31 INFO     	 Epoch 200 | average valid loss: 8.4346
2024-08-26 19:06:34 INFO     	 Epoch 201 | average train loss: 4.1779
2024-08-26 19:06:34 INFO     	 Epoch 201 | average valid loss: 8.4345
2024-08-26 19:06:38 INFO     	 Epoch 202 | average train loss: 4.1773
2024-08-26 19:06:38 INFO     	 Epoch 202 | average valid loss: 8.4360
2024-08-26 19:06:41 INFO     	 Epoch 203 | average train loss: 4.1764
2024-08-26 19:06:41 INFO     	 Epoch 203 | average valid loss: 8.4345
2024-08-26 19:06:44 INFO     	 Epoch 204 | average train loss: 4.1771
2024-08-26 19:06:44 INFO     	 Epoch 204 | average valid loss: 8.4382
2024-08-26 19:06:47 INFO     
average valid metrics:	MR: 2964.032	| MRR: 0.291	| H@1: 0.213	| H@3: 0.328	| H@10: 0.442	| AMRI: 0.736	| rank_deviation: 0.00040
2024-08-26 19:06:50 INFO     	 Epoch 205 | average train loss: 4.1755
2024-08-26 19:06:50 INFO     	 Epoch 205 | average valid loss: 8.4403
2024-08-26 19:06:53 INFO     	 Epoch 206 | average train loss: 4.1743
2024-08-26 19:06:54 INFO     	 Epoch 206 | average valid loss: 8.4405
2024-08-26 19:06:57 INFO     	 Epoch 207 | average train loss: 4.1755
2024-08-26 19:06:57 INFO     	 Epoch 207 | average valid loss: 8.4398
2024-08-26 19:07:00 INFO     	 Epoch 208 | average train loss: 4.1726
2024-08-26 19:07:00 INFO     	 Epoch 208 | average valid loss: 8.4409
2024-08-26 19:07:03 INFO     	 Epoch 209 | average train loss: 4.1725
2024-08-26 19:07:03 INFO     	 Epoch 209 | average valid loss: 8.4416
2024-08-26 19:07:06 INFO     
average valid metrics:	MR: 2962.749	| MRR: 0.290	| H@1: 0.212	| H@3: 0.326	| H@10: 0.442	| AMRI: 0.736	| rank_deviation: 0.00040
2024-08-26 19:07:09 INFO     	 Epoch 210 | average train loss: 4.1719
2024-08-26 19:07:09 INFO     	 Epoch 210 | average valid loss: 8.4410
2024-08-26 19:07:13 INFO     	 Epoch 211 | average train loss: 4.1699
2024-08-26 19:07:13 INFO     	 Epoch 211 | average valid loss: 8.4434
2024-08-26 19:07:16 INFO     	 Epoch 212 | average train loss: 4.1698
2024-08-26 19:07:16 INFO     	 Epoch 212 | average valid loss: 8.4441
2024-08-26 19:07:19 INFO     	 Epoch 213 | average train loss: 4.1698
2024-08-26 19:07:19 INFO     	 Epoch 213 | average valid loss: 8.4442
2024-08-26 19:07:22 INFO     	 Epoch 214 | average train loss: 4.1687
2024-08-26 19:07:22 INFO     	 Epoch 214 | average valid loss: 8.4477
2024-08-26 19:07:25 INFO     
average valid metrics:	MR: 2961.755	| MRR: 0.290	| H@1: 0.212	| H@3: 0.326	| H@10: 0.442	| AMRI: 0.736	| rank_deviation: 0.00040
2024-08-26 19:07:29 INFO     	 Epoch 215 | average train loss: 4.1671
2024-08-26 19:07:29 INFO     	 Epoch 215 | average valid loss: 8.4476
2024-08-26 19:07:32 INFO     	 Epoch 216 | average train loss: 4.1681
2024-08-26 19:07:32 INFO     	 Epoch 216 | average valid loss: 8.4466
2024-08-26 19:07:35 INFO     	 Epoch 217 | average train loss: 4.1675
2024-08-26 19:07:35 INFO     	 Epoch 217 | average valid loss: 8.4499
2024-08-26 19:07:38 INFO     	 Epoch 218 | average train loss: 4.1658
2024-08-26 19:07:38 INFO     	 Epoch 218 | average valid loss: 8.4509
2024-08-26 19:07:41 INFO     	 Epoch 219 | average train loss: 4.1657
2024-08-26 19:07:41 INFO     	 Epoch 219 | average valid loss: 8.4488
2024-08-26 19:07:45 INFO     
average valid metrics:	MR: 2961.161	| MRR: 0.290	| H@1: 0.212	| H@3: 0.326	| H@10: 0.441	| AMRI: 0.736	| rank_deviation: 0.00053
2024-08-26 19:07:48 INFO     	 Epoch 220 | average train loss: 4.1643
2024-08-26 19:07:48 INFO     	 Epoch 220 | average valid loss: 8.4516
2024-08-26 19:07:51 INFO     	 Epoch 221 | average train loss: 4.1642
2024-08-26 19:07:51 INFO     	 Epoch 221 | average valid loss: 8.4515
2024-08-26 19:07:55 INFO     	 Epoch 222 | average train loss: 4.1651
2024-08-26 19:07:55 INFO     	 Epoch 222 | average valid loss: 8.4524
2024-08-26 19:07:58 INFO     	 Epoch 223 | average train loss: 4.1632
2024-08-26 19:07:58 INFO     	 Epoch 223 | average valid loss: 8.4520
2024-08-26 19:08:01 INFO     	 Epoch 224 | average train loss: 4.1624
2024-08-26 19:08:01 INFO     	 Epoch 224 | average valid loss: 8.4546
2024-08-26 19:08:04 INFO     
average valid metrics:	MR: 2959.193	| MRR: 0.291	| H@1: 0.213	| H@3: 0.326	| H@10: 0.441	| AMRI: 0.736	| rank_deviation: 0.00027
2024-08-26 19:08:04 INFO     	 Saving model at epoch 224 in logs\08_26\NELL-995-h100\DistMult_18_53_41
2024-08-26 19:08:07 INFO     	 Epoch 225 | average train loss: 4.1618
2024-08-26 19:08:07 INFO     	 Epoch 225 | average valid loss: 8.4566
2024-08-26 19:08:11 INFO     	 Epoch 226 | average train loss: 4.1610
2024-08-26 19:08:11 INFO     	 Epoch 226 | average valid loss: 8.4581
2024-08-26 19:08:14 INFO     	 Epoch 227 | average train loss: 4.1608
2024-08-26 19:08:14 INFO     	 Epoch 227 | average valid loss: 8.4582
2024-08-26 19:08:17 INFO     	 Epoch 228 | average train loss: 4.1594
2024-08-26 19:08:17 INFO     	 Epoch 228 | average valid loss: 8.4569
2024-08-26 19:08:21 INFO     	 Epoch 229 | average train loss: 4.1585
2024-08-26 19:08:21 INFO     	 Epoch 229 | average valid loss: 8.4586
2024-08-26 19:08:24 INFO     
average valid metrics:	MR: 2957.635	| MRR: 0.290	| H@1: 0.212	| H@3: 0.327	| H@10: 0.442	| AMRI: 0.736	| rank_deviation: 0.00040
2024-08-26 19:08:27 INFO     	 Epoch 230 | average train loss: 4.1599
2024-08-26 19:08:27 INFO     	 Epoch 230 | average valid loss: 8.4595
2024-08-26 19:08:31 INFO     	 Epoch 231 | average train loss: 4.1572
2024-08-26 19:08:31 INFO     	 Epoch 231 | average valid loss: 8.4579
2024-08-26 19:08:34 INFO     	 Epoch 232 | average train loss: 4.1593
2024-08-26 19:08:34 INFO     	 Epoch 232 | average valid loss: 8.4604
2024-08-26 19:08:38 INFO     	 Epoch 233 | average train loss: 4.1562
2024-08-26 19:08:38 INFO     	 Epoch 233 | average valid loss: 8.4615
2024-08-26 19:08:41 INFO     	 Epoch 234 | average train loss: 4.1566
2024-08-26 19:08:41 INFO     	 Epoch 234 | average valid loss: 8.4633
2024-08-26 19:08:45 INFO     
average valid metrics:	MR: 2957.369	| MRR: 0.290	| H@1: 0.212	| H@3: 0.326	| H@10: 0.442	| AMRI: 0.736	| rank_deviation: 0.00000
2024-08-26 19:08:48 INFO     	 Epoch 235 | average train loss: 4.1565
2024-08-26 19:08:48 INFO     	 Epoch 235 | average valid loss: 8.4634
2024-08-26 19:08:51 INFO     	 Epoch 236 | average train loss: 4.1569
2024-08-26 19:08:51 INFO     	 Epoch 236 | average valid loss: 8.4641
2024-08-26 19:08:55 INFO     	 Epoch 237 | average train loss: 4.1564
2024-08-26 19:08:55 INFO     	 Epoch 237 | average valid loss: 8.4631
2024-08-26 19:08:58 INFO     	 Epoch 238 | average train loss: 4.1552
2024-08-26 19:08:58 INFO     	 Epoch 238 | average valid loss: 8.4640
2024-08-26 19:09:01 INFO     	 Epoch 239 | average train loss: 4.1550
2024-08-26 19:09:01 INFO     	 Epoch 239 | average valid loss: 8.4632
2024-08-26 19:09:04 INFO     
average valid metrics:	MR: 2956.109	| MRR: 0.290	| H@1: 0.211	| H@3: 0.326	| H@10: 0.442	| AMRI: 0.736	| rank_deviation: 0.00066
2024-08-26 19:09:07 INFO     	 Epoch 240 | average train loss: 4.1542
2024-08-26 19:09:07 INFO     	 Epoch 240 | average valid loss: 8.4656
2024-08-26 19:09:11 INFO     	 Epoch 241 | average train loss: 4.1538
2024-08-26 19:09:11 INFO     	 Epoch 241 | average valid loss: 8.4666
2024-08-26 19:09:14 INFO     	 Epoch 242 | average train loss: 4.1531
2024-08-26 19:09:14 INFO     	 Epoch 242 | average valid loss: 8.4676
2024-08-26 19:09:17 INFO     	 Epoch 243 | average train loss: 4.1504
2024-08-26 19:09:17 INFO     	 Epoch 243 | average valid loss: 8.4700
2024-08-26 19:09:20 INFO     	 Epoch 244 | average train loss: 4.1528
2024-08-26 19:09:20 INFO     	 Epoch 244 | average valid loss: 8.4688
2024-08-26 19:09:23 INFO     
average valid metrics:	MR: 2955.366	| MRR: 0.290	| H@1: 0.211	| H@3: 0.327	| H@10: 0.442	| AMRI: 0.736	| rank_deviation: 0.00013
2024-08-26 19:09:26 INFO     	 Epoch 245 | average train loss: 4.1514
2024-08-26 19:09:26 INFO     	 Epoch 245 | average valid loss: 8.4707
2024-08-26 19:09:30 INFO     	 Epoch 246 | average train loss: 4.1499
2024-08-26 19:09:30 INFO     	 Epoch 246 | average valid loss: 8.4710
2024-08-26 19:09:33 INFO     	 Epoch 247 | average train loss: 4.1500
2024-08-26 19:09:33 INFO     	 Epoch 247 | average valid loss: 8.4715
2024-08-26 19:09:36 INFO     	 Epoch 248 | average train loss: 4.1491
2024-08-26 19:09:36 INFO     	 Epoch 248 | average valid loss: 8.4723
2024-08-26 19:09:39 INFO     	 Epoch 249 | average train loss: 4.1484
2024-08-26 19:09:39 INFO     	 Epoch 249 | average valid loss: 8.4728
2024-08-26 19:09:42 INFO     
average valid metrics:	MR: 2953.880	| MRR: 0.291	| H@1: 0.213	| H@3: 0.327	| H@10: 0.442	| AMRI: 0.736	| rank_deviation: 0.00040
2024-08-26 19:09:45 INFO     	 Epoch 250 | average train loss: 4.1494
2024-08-26 19:09:45 INFO     	 Epoch 250 | average valid loss: 8.4730
2024-08-26 19:09:48 INFO     	 Epoch 251 | average train loss: 4.1480
2024-08-26 19:09:48 INFO     	 Epoch 251 | average valid loss: 8.4737
2024-08-26 19:09:52 INFO     	 Epoch 252 | average train loss: 4.1476
2024-08-26 19:09:52 INFO     	 Epoch 252 | average valid loss: 8.4743
2024-08-26 19:09:55 INFO     	 Epoch 253 | average train loss: 4.1470
2024-08-26 19:09:55 INFO     	 Epoch 253 | average valid loss: 8.4742
2024-08-26 19:09:59 INFO     	 Epoch 254 | average train loss: 4.1469
2024-08-26 19:09:59 INFO     	 Epoch 254 | average valid loss: 8.4764
2024-08-26 19:10:02 INFO     
average valid metrics:	MR: 2953.384	| MRR: 0.290	| H@1: 0.211	| H@3: 0.326	| H@10: 0.442	| AMRI: 0.737	| rank_deviation: 0.00027
2024-08-26 19:10:05 INFO     	 Epoch 255 | average train loss: 4.1469
2024-08-26 19:10:05 INFO     	 Epoch 255 | average valid loss: 8.4767
2024-08-26 19:10:08 INFO     	 Epoch 256 | average train loss: 4.1454
2024-08-26 19:10:08 INFO     	 Epoch 256 | average valid loss: 8.4772
2024-08-26 19:10:12 INFO     	 Epoch 257 | average train loss: 4.1465
2024-08-26 19:10:12 INFO     	 Epoch 257 | average valid loss: 8.4792
2024-08-26 19:10:15 INFO     	 Epoch 258 | average train loss: 4.1449
2024-08-26 19:10:15 INFO     	 Epoch 258 | average valid loss: 8.4798
2024-08-26 19:10:19 INFO     	 Epoch 259 | average train loss: 4.1434
2024-08-26 19:10:19 INFO     	 Epoch 259 | average valid loss: 8.4808
2024-08-26 19:10:22 INFO     
average valid metrics:	MR: 2953.322	| MRR: 0.290	| H@1: 0.212	| H@3: 0.327	| H@10: 0.443	| AMRI: 0.737	| rank_deviation: 0.00093
2024-08-26 19:10:25 INFO     	 Epoch 260 | average train loss: 4.1421
2024-08-26 19:10:25 INFO     	 Epoch 260 | average valid loss: 8.4797
2024-08-26 19:10:29 INFO     	 Epoch 261 | average train loss: 4.1444
2024-08-26 19:10:29 INFO     	 Epoch 261 | average valid loss: 8.4815
2024-08-26 19:10:32 INFO     	 Epoch 262 | average train loss: 4.1431
2024-08-26 19:10:32 INFO     	 Epoch 262 | average valid loss: 8.4820
2024-08-26 19:10:35 INFO     	 Epoch 263 | average train loss: 4.1411
2024-08-26 19:10:35 INFO     	 Epoch 263 | average valid loss: 8.4824
2024-08-26 19:10:38 INFO     	 Epoch 264 | average train loss: 4.1436
2024-08-26 19:10:38 INFO     	 Epoch 264 | average valid loss: 8.4838
2024-08-26 19:10:42 INFO     
average valid metrics:	MR: 2951.651	| MRR: 0.291	| H@1: 0.213	| H@3: 0.327	| H@10: 0.442	| AMRI: 0.737	| rank_deviation: 0.00040
2024-08-26 19:10:42 INFO     	 Saving model at epoch 264 in logs\08_26\NELL-995-h100\DistMult_18_53_41
2024-08-26 19:10:45 INFO     	 Epoch 265 | average train loss: 4.1403
2024-08-26 19:10:46 INFO     	 Epoch 265 | average valid loss: 8.4847
2024-08-26 19:10:49 INFO     	 Epoch 266 | average train loss: 4.1418
2024-08-26 19:10:49 INFO     	 Epoch 266 | average valid loss: 8.4842
2024-08-26 19:10:52 INFO     	 Epoch 267 | average train loss: 4.1412
2024-08-26 19:10:52 INFO     	 Epoch 267 | average valid loss: 8.4860
2024-08-26 19:10:55 INFO     	 Epoch 268 | average train loss: 4.1394
2024-08-26 19:10:55 INFO     	 Epoch 268 | average valid loss: 8.4854
2024-08-26 19:10:58 INFO     	 Epoch 269 | average train loss: 4.1403
2024-08-26 19:10:58 INFO     	 Epoch 269 | average valid loss: 8.4853
2024-08-26 19:11:01 INFO     
average valid metrics:	MR: 2950.568	| MRR: 0.291	| H@1: 0.212	| H@3: 0.327	| H@10: 0.443	| AMRI: 0.737	| rank_deviation: 0.00040
2024-08-26 19:11:05 INFO     	 Epoch 270 | average train loss: 4.1392
2024-08-26 19:11:05 INFO     	 Epoch 270 | average valid loss: 8.4871
2024-08-26 19:11:08 INFO     	 Epoch 271 | average train loss: 4.1390
2024-08-26 19:11:08 INFO     	 Epoch 271 | average valid loss: 8.4886
2024-08-26 19:11:11 INFO     	 Epoch 272 | average train loss: 4.1381
2024-08-26 19:11:11 INFO     	 Epoch 272 | average valid loss: 8.4894
2024-08-26 19:11:14 INFO     	 Epoch 273 | average train loss: 4.1380
2024-08-26 19:11:14 INFO     	 Epoch 273 | average valid loss: 8.4897
2024-08-26 19:11:18 INFO     	 Epoch 274 | average train loss: 4.1374
2024-08-26 19:11:18 INFO     	 Epoch 274 | average valid loss: 8.4897
2024-08-26 19:11:21 INFO     
average valid metrics:	MR: 2949.844	| MRR: 0.290	| H@1: 0.211	| H@3: 0.328	| H@10: 0.444	| AMRI: 0.737	| rank_deviation: 0.00066
2024-08-26 19:11:25 INFO     	 Epoch 275 | average train loss: 4.1376
2024-08-26 19:11:25 INFO     	 Epoch 275 | average valid loss: 8.4904
2024-08-26 19:11:28 INFO     	 Epoch 276 | average train loss: 4.1376
2024-08-26 19:11:28 INFO     	 Epoch 276 | average valid loss: 8.4916
2024-08-26 19:11:31 INFO     	 Epoch 277 | average train loss: 4.1364
2024-08-26 19:11:31 INFO     	 Epoch 277 | average valid loss: 8.4921
2024-08-26 19:11:34 INFO     	 Epoch 278 | average train loss: 4.1359
2024-08-26 19:11:34 INFO     	 Epoch 278 | average valid loss: 8.4927
2024-08-26 19:11:38 INFO     	 Epoch 279 | average train loss: 4.1365
2024-08-26 19:11:38 INFO     	 Epoch 279 | average valid loss: 8.4944
2024-08-26 19:11:41 INFO     
average valid metrics:	MR: 2949.022	| MRR: 0.290	| H@1: 0.212	| H@3: 0.325	| H@10: 0.443	| AMRI: 0.737	| rank_deviation: 0.00040
2024-08-26 19:11:44 INFO     	 Epoch 280 | average train loss: 4.1344
2024-08-26 19:11:44 INFO     	 Epoch 280 | average valid loss: 8.4946
2024-08-26 19:11:47 INFO     	 Epoch 281 | average train loss: 4.1358
2024-08-26 19:11:47 INFO     	 Epoch 281 | average valid loss: 8.4954
2024-08-26 19:11:51 INFO     	 Epoch 282 | average train loss: 4.1328
2024-08-26 19:11:51 INFO     	 Epoch 282 | average valid loss: 8.4962
2024-08-26 19:11:54 INFO     	 Epoch 283 | average train loss: 4.1324
2024-08-26 19:11:54 INFO     	 Epoch 283 | average valid loss: 8.4943
2024-08-26 19:11:57 INFO     	 Epoch 284 | average train loss: 4.1318
2024-08-26 19:11:57 INFO     	 Epoch 284 | average valid loss: 8.4961
2024-08-26 19:12:00 INFO     
average valid metrics:	MR: 2948.171	| MRR: 0.291	| H@1: 0.213	| H@3: 0.326	| H@10: 0.443	| AMRI: 0.737	| rank_deviation: 0.00066
2024-08-26 19:12:03 INFO     	 Epoch 285 | average train loss: 4.1337
2024-08-26 19:12:03 INFO     	 Epoch 285 | average valid loss: 8.4961
2024-08-26 19:12:07 INFO     	 Epoch 286 | average train loss: 4.1323
2024-08-26 19:12:07 INFO     	 Epoch 286 | average valid loss: 8.4966
2024-08-26 19:12:10 INFO     	 Epoch 287 | average train loss: 4.1321
2024-08-26 19:12:10 INFO     	 Epoch 287 | average valid loss: 8.4972
2024-08-26 19:12:13 INFO     	 Epoch 288 | average train loss: 4.1316
2024-08-26 19:12:13 INFO     	 Epoch 288 | average valid loss: 8.4988
2024-08-26 19:12:16 INFO     	 Epoch 289 | average train loss: 4.1321
2024-08-26 19:12:16 INFO     	 Epoch 289 | average valid loss: 8.4997
2024-08-26 19:12:20 INFO     
average valid metrics:	MR: 2947.377	| MRR: 0.291	| H@1: 0.213	| H@3: 0.327	| H@10: 0.443	| AMRI: 0.737	| rank_deviation: 0.00027
2024-08-26 19:12:23 INFO     	 Epoch 290 | average train loss: 4.1309
2024-08-26 19:12:23 INFO     	 Epoch 290 | average valid loss: 8.5009
2024-08-26 19:12:26 INFO     	 Epoch 291 | average train loss: 4.1296
2024-08-26 19:12:27 INFO     	 Epoch 291 | average valid loss: 8.5002
2024-08-26 19:12:30 INFO     	 Epoch 292 | average train loss: 4.1312
2024-08-26 19:12:30 INFO     	 Epoch 292 | average valid loss: 8.5008
2024-08-26 19:12:33 INFO     	 Epoch 293 | average train loss: 4.1295
2024-08-26 19:12:33 INFO     	 Epoch 293 | average valid loss: 8.5015
2024-08-26 19:12:36 INFO     	 Epoch 294 | average train loss: 4.1283
2024-08-26 19:12:36 INFO     	 Epoch 294 | average valid loss: 8.5001
2024-08-26 19:12:39 INFO     
average valid metrics:	MR: 2947.102	| MRR: 0.291	| H@1: 0.212	| H@3: 0.328	| H@10: 0.443	| AMRI: 0.737	| rank_deviation: 0.00013
2024-08-26 19:12:43 INFO     	 Epoch 295 | average train loss: 4.1298
2024-08-26 19:12:43 INFO     	 Epoch 295 | average valid loss: 8.5015
2024-08-26 19:12:46 INFO     	 Epoch 296 | average train loss: 4.1287
2024-08-26 19:12:46 INFO     	 Epoch 296 | average valid loss: 8.5041
2024-08-26 19:12:49 INFO     	 Epoch 297 | average train loss: 4.1289
2024-08-26 19:12:49 INFO     	 Epoch 297 | average valid loss: 8.5032
2024-08-26 19:12:52 INFO     	 Epoch 298 | average train loss: 4.1282
2024-08-26 19:12:53 INFO     	 Epoch 298 | average valid loss: 8.5036
2024-08-26 19:12:56 INFO     	 Epoch 299 | average train loss: 4.1267
2024-08-26 19:12:56 INFO     	 Epoch 299 | average valid loss: 8.5040
2024-08-26 19:12:59 INFO     
average valid metrics:	MR: 2945.859	| MRR: 0.291	| H@1: 0.213	| H@3: 0.327	| H@10: 0.444	| AMRI: 0.737	| rank_deviation: 0.00053
2024-08-26 19:13:02 INFO     	 Epoch 300 | average train loss: 4.1276
2024-08-26 19:13:02 INFO     	 Epoch 300 | average valid loss: 8.5049
2024-08-26 19:13:05 INFO     	 Epoch 301 | average train loss: 4.1263
2024-08-26 19:13:05 INFO     	 Epoch 301 | average valid loss: 8.5049
2024-08-26 19:13:09 INFO     	 Epoch 302 | average train loss: 4.1270
2024-08-26 19:13:09 INFO     	 Epoch 302 | average valid loss: 8.5058
2024-08-26 19:13:12 INFO     	 Epoch 303 | average train loss: 4.1258
2024-08-26 19:13:12 INFO     	 Epoch 303 | average valid loss: 8.5041
2024-08-26 19:13:15 INFO     	 Epoch 304 | average train loss: 4.1257
2024-08-26 19:13:15 INFO     	 Epoch 304 | average valid loss: 8.5068
2024-08-26 19:13:18 INFO     
average valid metrics:	MR: 2945.390	| MRR: 0.292	| H@1: 0.214	| H@3: 0.328	| H@10: 0.444	| AMRI: 0.737	| rank_deviation: 0.00027
2024-08-26 19:13:18 INFO     	 Saving model at epoch 304 in logs\08_26\NELL-995-h100\DistMult_18_53_41
2024-08-26 19:13:22 INFO     	 Epoch 305 | average train loss: 4.1259
2024-08-26 19:13:22 INFO     	 Epoch 305 | average valid loss: 8.5078
2024-08-26 19:13:25 INFO     	 Epoch 306 | average train loss: 4.1243
2024-08-26 19:13:25 INFO     	 Epoch 306 | average valid loss: 8.5086
2024-08-26 19:13:28 INFO     	 Epoch 307 | average train loss: 4.1247
2024-08-26 19:13:28 INFO     	 Epoch 307 | average valid loss: 8.5097
2024-08-26 19:13:31 INFO     	 Epoch 308 | average train loss: 4.1227
2024-08-26 19:13:31 INFO     	 Epoch 308 | average valid loss: 8.5098
2024-08-26 19:13:35 INFO     	 Epoch 309 | average train loss: 4.1247
2024-08-26 19:13:35 INFO     	 Epoch 309 | average valid loss: 8.5108
2024-08-26 19:13:38 INFO     
average valid metrics:	MR: 2944.898	| MRR: 0.291	| H@1: 0.214	| H@3: 0.327	| H@10: 0.444	| AMRI: 0.737	| rank_deviation: 0.00040
2024-08-26 19:13:41 INFO     	 Epoch 310 | average train loss: 4.1234
2024-08-26 19:13:41 INFO     	 Epoch 310 | average valid loss: 8.5109
2024-08-26 19:13:44 INFO     	 Epoch 311 | average train loss: 4.1228
2024-08-26 19:13:44 INFO     	 Epoch 311 | average valid loss: 8.5112
2024-08-26 19:13:48 INFO     	 Epoch 312 | average train loss: 4.1215
2024-08-26 19:13:48 INFO     	 Epoch 312 | average valid loss: 8.5128
2024-08-26 19:13:51 INFO     	 Epoch 313 | average train loss: 4.1223
2024-08-26 19:13:51 INFO     	 Epoch 313 | average valid loss: 8.5135
2024-08-26 19:13:55 INFO     	 Epoch 314 | average train loss: 4.1226
2024-08-26 19:13:55 INFO     	 Epoch 314 | average valid loss: 8.5134
2024-08-26 19:13:58 INFO     
average valid metrics:	MR: 2944.331	| MRR: 0.291	| H@1: 0.213	| H@3: 0.326	| H@10: 0.444	| AMRI: 0.737	| rank_deviation: 0.00053
2024-08-26 19:14:01 INFO     	 Epoch 315 | average train loss: 4.1210
2024-08-26 19:14:01 INFO     	 Epoch 315 | average valid loss: 8.5131
2024-08-26 19:14:05 INFO     	 Epoch 316 | average train loss: 4.1200
2024-08-26 19:14:05 INFO     	 Epoch 316 | average valid loss: 8.5134
2024-08-26 19:14:08 INFO     	 Epoch 317 | average train loss: 4.1199
2024-08-26 19:14:08 INFO     	 Epoch 317 | average valid loss: 8.5152
2024-08-26 19:14:11 INFO     	 Epoch 318 | average train loss: 4.1207
2024-08-26 19:14:12 INFO     	 Epoch 318 | average valid loss: 8.5174
2024-08-26 19:14:15 INFO     	 Epoch 319 | average train loss: 4.1202
2024-08-26 19:14:15 INFO     	 Epoch 319 | average valid loss: 8.5165
2024-08-26 19:14:18 INFO     
average valid metrics:	MR: 2943.396	| MRR: 0.291	| H@1: 0.213	| H@3: 0.327	| H@10: 0.444	| AMRI: 0.737	| rank_deviation: 0.00040
2024-08-26 19:14:22 INFO     	 Epoch 320 | average train loss: 4.1199
2024-08-26 19:14:22 INFO     	 Epoch 320 | average valid loss: 8.5163
2024-08-26 19:14:25 INFO     	 Epoch 321 | average train loss: 4.1201
2024-08-26 19:14:25 INFO     	 Epoch 321 | average valid loss: 8.5163
2024-08-26 19:14:28 INFO     	 Epoch 322 | average train loss: 4.1182
2024-08-26 19:14:29 INFO     	 Epoch 322 | average valid loss: 8.5161
2024-08-26 19:14:32 INFO     	 Epoch 323 | average train loss: 4.1175
2024-08-26 19:14:32 INFO     	 Epoch 323 | average valid loss: 8.5187
2024-08-26 19:14:36 INFO     	 Epoch 324 | average train loss: 4.1192
2024-08-26 19:14:36 INFO     	 Epoch 324 | average valid loss: 8.5189
2024-08-26 19:14:39 INFO     
average valid metrics:	MR: 2942.679	| MRR: 0.292	| H@1: 0.213	| H@3: 0.328	| H@10: 0.444	| AMRI: 0.737	| rank_deviation: 0.00080
2024-08-26 19:14:42 INFO     	 Epoch 325 | average train loss: 4.1173
2024-08-26 19:14:42 INFO     	 Epoch 325 | average valid loss: 8.5183
2024-08-26 19:14:46 INFO     	 Epoch 326 | average train loss: 4.1180
2024-08-26 19:14:46 INFO     	 Epoch 326 | average valid loss: 8.5188
2024-08-26 19:14:49 INFO     	 Epoch 327 | average train loss: 4.1183
2024-08-26 19:14:49 INFO     	 Epoch 327 | average valid loss: 8.5192
2024-08-26 19:14:52 INFO     	 Epoch 328 | average train loss: 4.1175
2024-08-26 19:14:52 INFO     	 Epoch 328 | average valid loss: 8.5206
2024-08-26 19:14:56 INFO     	 Epoch 329 | average train loss: 4.1175
2024-08-26 19:14:56 INFO     	 Epoch 329 | average valid loss: 8.5210
2024-08-26 19:14:59 INFO     
average valid metrics:	MR: 2942.131	| MRR: 0.292	| H@1: 0.213	| H@3: 0.328	| H@10: 0.444	| AMRI: 0.738	| rank_deviation: 0.00040
2024-08-26 19:15:02 INFO     	 Epoch 330 | average train loss: 4.1170
2024-08-26 19:15:02 INFO     	 Epoch 330 | average valid loss: 8.5208
2024-08-26 19:15:06 INFO     	 Epoch 331 | average train loss: 4.1155
2024-08-26 19:15:06 INFO     	 Epoch 331 | average valid loss: 8.5211
2024-08-26 19:15:09 INFO     	 Epoch 332 | average train loss: 4.1161
2024-08-26 19:15:09 INFO     	 Epoch 332 | average valid loss: 8.5213
2024-08-26 19:15:12 INFO     	 Epoch 333 | average train loss: 4.1151
2024-08-26 19:15:12 INFO     	 Epoch 333 | average valid loss: 8.5219
2024-08-26 19:15:16 INFO     	 Epoch 334 | average train loss: 4.1137
2024-08-26 19:15:16 INFO     	 Epoch 334 | average valid loss: 8.5212
2024-08-26 19:15:19 INFO     
average valid metrics:	MR: 2940.955	| MRR: 0.292	| H@1: 0.213	| H@3: 0.328	| H@10: 0.444	| AMRI: 0.738	| rank_deviation: 0.00106
2024-08-26 19:15:19 INFO     	 Saving model at epoch 334 in logs\08_26\NELL-995-h100\DistMult_18_53_41
2024-08-26 19:15:22 INFO     	 Epoch 335 | average train loss: 4.1152
2024-08-26 19:15:23 INFO     	 Epoch 335 | average valid loss: 8.5220
2024-08-26 19:15:26 INFO     	 Epoch 336 | average train loss: 4.1139
2024-08-26 19:15:26 INFO     	 Epoch 336 | average valid loss: 8.5227
2024-08-26 19:15:29 INFO     	 Epoch 337 | average train loss: 4.1139
2024-08-26 19:15:29 INFO     	 Epoch 337 | average valid loss: 8.5240
2024-08-26 19:15:32 INFO     	 Epoch 338 | average train loss: 4.1133
2024-08-26 19:15:32 INFO     	 Epoch 338 | average valid loss: 8.5243
2024-08-26 19:15:36 INFO     	 Epoch 339 | average train loss: 4.1129
2024-08-26 19:15:36 INFO     	 Epoch 339 | average valid loss: 8.5247
2024-08-26 19:15:39 INFO     
average valid metrics:	MR: 2940.952	| MRR: 0.292	| H@1: 0.213	| H@3: 0.327	| H@10: 0.444	| AMRI: 0.738	| rank_deviation: 0.00053
2024-08-26 19:15:42 INFO     	 Epoch 340 | average train loss: 4.1138
2024-08-26 19:15:42 INFO     	 Epoch 340 | average valid loss: 8.5238
2024-08-26 19:15:45 INFO     	 Epoch 341 | average train loss: 4.1131
2024-08-26 19:15:45 INFO     	 Epoch 341 | average valid loss: 8.5253
2024-08-26 19:15:48 INFO     	 Epoch 342 | average train loss: 4.1125
2024-08-26 19:15:48 INFO     	 Epoch 342 | average valid loss: 8.5254
2024-08-26 19:15:52 INFO     	 Epoch 343 | average train loss: 4.1122
2024-08-26 19:15:52 INFO     	 Epoch 343 | average valid loss: 8.5255
2024-08-26 19:15:55 INFO     	 Epoch 344 | average train loss: 4.1107
2024-08-26 19:15:55 INFO     	 Epoch 344 | average valid loss: 8.5278
2024-08-26 19:15:58 INFO     
average valid metrics:	MR: 2939.967	| MRR: 0.292	| H@1: 0.213	| H@3: 0.328	| H@10: 0.443	| AMRI: 0.738	| rank_deviation: 0.00027
2024-08-26 19:16:01 INFO     	 Epoch 345 | average train loss: 4.1122
2024-08-26 19:16:02 INFO     	 Epoch 345 | average valid loss: 8.5277
2024-08-26 19:16:05 INFO     	 Epoch 346 | average train loss: 4.1100
2024-08-26 19:16:05 INFO     	 Epoch 346 | average valid loss: 8.5270
2024-08-26 19:16:08 INFO     	 Epoch 347 | average train loss: 4.1108
2024-08-26 19:16:08 INFO     	 Epoch 347 | average valid loss: 8.5280
2024-08-26 19:16:12 INFO     	 Epoch 348 | average train loss: 4.1124
2024-08-26 19:16:12 INFO     	 Epoch 348 | average valid loss: 8.5285
2024-08-26 19:16:15 INFO     	 Epoch 349 | average train loss: 4.1105
2024-08-26 19:16:15 INFO     	 Epoch 349 | average valid loss: 8.5285
2024-08-26 19:16:18 INFO     
average valid metrics:	MR: 2939.410	| MRR: 0.292	| H@1: 0.214	| H@3: 0.327	| H@10: 0.443	| AMRI: 0.738	| rank_deviation: 0.00066
2024-08-26 19:16:18 INFO     	 Saving model at epoch 349 in logs\08_26\NELL-995-h100\DistMult_18_53_41
2024-08-26 19:16:22 INFO     	 Epoch 350 | average train loss: 4.1112
2024-08-26 19:16:22 INFO     	 Epoch 350 | average valid loss: 8.5311
2024-08-26 19:16:25 INFO     	 Epoch 351 | average train loss: 4.1097
2024-08-26 19:16:25 INFO     	 Epoch 351 | average valid loss: 8.5311
2024-08-26 19:16:28 INFO     	 Epoch 352 | average train loss: 4.1101
2024-08-26 19:16:28 INFO     	 Epoch 352 | average valid loss: 8.5312
2024-08-26 19:16:31 INFO     	 Epoch 353 | average train loss: 4.1095
2024-08-26 19:16:31 INFO     	 Epoch 353 | average valid loss: 8.5322
2024-08-26 19:16:35 INFO     	 Epoch 354 | average train loss: 4.1096
2024-08-26 19:16:35 INFO     	 Epoch 354 | average valid loss: 8.5322
2024-08-26 19:16:38 INFO     
average valid metrics:	MR: 2939.028	| MRR: 0.291	| H@1: 0.213	| H@3: 0.326	| H@10: 0.444	| AMRI: 0.738	| rank_deviation: 0.00013
2024-08-26 19:16:41 INFO     	 Epoch 355 | average train loss: 4.1086
2024-08-26 19:16:41 INFO     	 Epoch 355 | average valid loss: 8.5331
2024-08-26 19:16:45 INFO     	 Epoch 356 | average train loss: 4.1105
2024-08-26 19:16:45 INFO     	 Epoch 356 | average valid loss: 8.5331
2024-08-26 19:16:48 INFO     	 Epoch 357 | average train loss: 4.1097
2024-08-26 19:16:48 INFO     	 Epoch 357 | average valid loss: 8.5335
2024-08-26 19:16:51 INFO     	 Epoch 358 | average train loss: 4.1083
2024-08-26 19:16:51 INFO     	 Epoch 358 | average valid loss: 8.5323
2024-08-26 19:16:55 INFO     	 Epoch 359 | average train loss: 4.1086
2024-08-26 19:16:55 INFO     	 Epoch 359 | average valid loss: 8.5337
2024-08-26 19:16:58 INFO     
average valid metrics:	MR: 2938.371	| MRR: 0.291	| H@1: 0.212	| H@3: 0.327	| H@10: 0.443	| AMRI: 0.738	| rank_deviation: 0.00000
2024-08-26 19:17:01 INFO     	 Epoch 360 | average train loss: 4.1080
2024-08-26 19:17:01 INFO     	 Epoch 360 | average valid loss: 8.5336
2024-08-26 19:17:05 INFO     	 Epoch 361 | average train loss: 4.1074
2024-08-26 19:17:05 INFO     	 Epoch 361 | average valid loss: 8.5344
2024-08-26 19:17:08 INFO     	 Epoch 362 | average train loss: 4.1073
2024-08-26 19:17:08 INFO     	 Epoch 362 | average valid loss: 8.5361
2024-08-26 19:17:11 INFO     	 Epoch 363 | average train loss: 4.1080
2024-08-26 19:17:11 INFO     	 Epoch 363 | average valid loss: 8.5382
2024-08-26 19:17:14 INFO     	 Epoch 364 | average train loss: 4.1043
2024-08-26 19:17:14 INFO     	 Epoch 364 | average valid loss: 8.5386
2024-08-26 19:17:18 INFO     
average valid metrics:	MR: 2938.726	| MRR: 0.292	| H@1: 0.213	| H@3: 0.328	| H@10: 0.443	| AMRI: 0.738	| rank_deviation: 0.00027
2024-08-26 19:17:21 INFO     	 Epoch 365 | average train loss: 4.1063
2024-08-26 19:17:21 INFO     	 Epoch 365 | average valid loss: 8.5373
2024-08-26 19:17:24 INFO     	 Epoch 366 | average train loss: 4.1060
2024-08-26 19:17:24 INFO     	 Epoch 366 | average valid loss: 8.5382
2024-08-26 19:17:27 INFO     	 Epoch 367 | average train loss: 4.1048
2024-08-26 19:17:27 INFO     	 Epoch 367 | average valid loss: 8.5387
2024-08-26 19:17:31 INFO     	 Epoch 368 | average train loss: 4.1052
2024-08-26 19:17:31 INFO     	 Epoch 368 | average valid loss: 8.5388
2024-08-26 19:17:34 INFO     	 Epoch 369 | average train loss: 4.1050
2024-08-26 19:17:34 INFO     	 Epoch 369 | average valid loss: 8.5380
2024-08-26 19:17:38 INFO     
average valid metrics:	MR: 2937.460	| MRR: 0.292	| H@1: 0.214	| H@3: 0.327	| H@10: 0.444	| AMRI: 0.738	| rank_deviation: 0.00027
2024-08-26 19:17:41 INFO     	 Epoch 370 | average train loss: 4.1043
2024-08-26 19:17:41 INFO     	 Epoch 370 | average valid loss: 8.5396
2024-08-26 19:17:45 INFO     	 Epoch 371 | average train loss: 4.1056
2024-08-26 19:17:45 INFO     	 Epoch 371 | average valid loss: 8.5394
2024-08-26 19:17:48 INFO     	 Epoch 372 | average train loss: 4.1038
2024-08-26 19:17:48 INFO     	 Epoch 372 | average valid loss: 8.5392
2024-08-26 19:17:51 INFO     	 Epoch 373 | average train loss: 4.1047
2024-08-26 19:17:51 INFO     	 Epoch 373 | average valid loss: 8.5398
2024-08-26 19:17:55 INFO     	 Epoch 374 | average train loss: 4.1036
2024-08-26 19:17:55 INFO     	 Epoch 374 | average valid loss: 8.5418
2024-08-26 19:17:58 INFO     
average valid metrics:	MR: 2937.345	| MRR: 0.292	| H@1: 0.214	| H@3: 0.328	| H@10: 0.443	| AMRI: 0.738	| rank_deviation: 0.00013
2024-08-26 19:17:58 INFO     	 Saving model at epoch 374 in logs\08_26\NELL-995-h100\DistMult_18_53_41
2024-08-26 19:18:02 INFO     	 Epoch 375 | average train loss: 4.1029
2024-08-26 19:18:02 INFO     	 Epoch 375 | average valid loss: 8.5420
2024-08-26 19:18:05 INFO     	 Epoch 376 | average train loss: 4.1027
2024-08-26 19:18:05 INFO     	 Epoch 376 | average valid loss: 8.5425
2024-08-26 19:18:08 INFO     	 Epoch 377 | average train loss: 4.1033
2024-08-26 19:18:08 INFO     	 Epoch 377 | average valid loss: 8.5422
2024-08-26 19:18:12 INFO     	 Epoch 378 | average train loss: 4.1021
2024-08-26 19:18:12 INFO     	 Epoch 378 | average valid loss: 8.5420
2024-08-26 19:18:15 INFO     	 Epoch 379 | average train loss: 4.1022
2024-08-26 19:18:15 INFO     	 Epoch 379 | average valid loss: 8.5440
2024-08-26 19:18:18 INFO     
average valid metrics:	MR: 2936.788	| MRR: 0.292	| H@1: 0.213	| H@3: 0.327	| H@10: 0.445	| AMRI: 0.738	| rank_deviation: 0.00027
2024-08-26 19:18:22 INFO     	 Epoch 380 | average train loss: 4.1027
2024-08-26 19:18:22 INFO     	 Epoch 380 | average valid loss: 8.5440
2024-08-26 19:18:25 INFO     	 Epoch 381 | average train loss: 4.1005
2024-08-26 19:18:25 INFO     	 Epoch 381 | average valid loss: 8.5436
2024-08-26 19:18:29 INFO     	 Epoch 382 | average train loss: 4.1025
2024-08-26 19:18:29 INFO     	 Epoch 382 | average valid loss: 8.5440
2024-08-26 19:18:32 INFO     	 Epoch 383 | average train loss: 4.1001
2024-08-26 19:18:32 INFO     	 Epoch 383 | average valid loss: 8.5451
2024-08-26 19:18:35 INFO     	 Epoch 384 | average train loss: 4.1016
2024-08-26 19:18:35 INFO     	 Epoch 384 | average valid loss: 8.5460
2024-08-26 19:18:39 INFO     
average valid metrics:	MR: 2936.440	| MRR: 0.292	| H@1: 0.213	| H@3: 0.328	| H@10: 0.444	| AMRI: 0.738	| rank_deviation: 0.00066
2024-08-26 19:18:42 INFO     	 Epoch 385 | average train loss: 4.1005
2024-08-26 19:18:42 INFO     	 Epoch 385 | average valid loss: 8.5458
2024-08-26 19:18:45 INFO     	 Epoch 386 | average train loss: 4.0990
2024-08-26 19:18:45 INFO     	 Epoch 386 | average valid loss: 8.5452
2024-08-26 19:18:48 INFO     	 Epoch 387 | average train loss: 4.1003
2024-08-26 19:18:48 INFO     	 Epoch 387 | average valid loss: 8.5471
2024-08-26 19:18:52 INFO     	 Epoch 388 | average train loss: 4.1011
2024-08-26 19:18:52 INFO     	 Epoch 388 | average valid loss: 8.5468
2024-08-26 19:18:55 INFO     	 Epoch 389 | average train loss: 4.1004
2024-08-26 19:18:55 INFO     	 Epoch 389 | average valid loss: 8.5477
2024-08-26 19:18:58 INFO     
average valid metrics:	MR: 2936.055	| MRR: 0.292	| H@1: 0.213	| H@3: 0.328	| H@10: 0.444	| AMRI: 0.738	| rank_deviation: 0.00093
2024-08-26 19:19:02 INFO     	 Epoch 390 | average train loss: 4.0999
2024-08-26 19:19:02 INFO     	 Epoch 390 | average valid loss: 8.5467
2024-08-26 19:19:05 INFO     	 Epoch 391 | average train loss: 4.0995
2024-08-26 19:19:05 INFO     	 Epoch 391 | average valid loss: 8.5481
2024-08-26 19:19:08 INFO     	 Epoch 392 | average train loss: 4.0994
2024-08-26 19:19:08 INFO     	 Epoch 392 | average valid loss: 8.5496
2024-08-26 19:19:12 INFO     	 Epoch 393 | average train loss: 4.0989
2024-08-26 19:19:12 INFO     	 Epoch 393 | average valid loss: 8.5507
2024-08-26 19:19:15 INFO     	 Epoch 394 | average train loss: 4.1006
2024-08-26 19:19:15 INFO     	 Epoch 394 | average valid loss: 8.5500
2024-08-26 19:19:19 INFO     
average valid metrics:	MR: 2935.985	| MRR: 0.292	| H@1: 0.214	| H@3: 0.329	| H@10: 0.444	| AMRI: 0.738	| rank_deviation: 0.00053
2024-08-26 19:19:19 INFO     	 Saving model at epoch 394 in logs\08_26\NELL-995-h100\DistMult_18_53_41
2024-08-26 19:19:22 INFO     	 Epoch 395 | average train loss: 4.0988
2024-08-26 19:19:22 INFO     	 Epoch 395 | average valid loss: 8.5480
2024-08-26 19:19:25 INFO     	 Epoch 396 | average train loss: 4.0987
2024-08-26 19:19:25 INFO     	 Epoch 396 | average valid loss: 8.5491
2024-08-26 19:19:29 INFO     	 Epoch 397 | average train loss: 4.0969
2024-08-26 19:19:29 INFO     	 Epoch 397 | average valid loss: 8.5510
2024-08-26 19:19:32 INFO     	 Epoch 398 | average train loss: 4.0981
2024-08-26 19:19:32 INFO     	 Epoch 398 | average valid loss: 8.5517
2024-08-26 19:19:35 INFO     	 Epoch 399 | average train loss: 4.0975
2024-08-26 19:19:35 INFO     	 Epoch 399 | average valid loss: 8.5512
2024-08-26 19:19:39 INFO     
average valid metrics:	MR: 2934.824	| MRR: 0.293	| H@1: 0.215	| H@3: 0.328	| H@10: 0.444	| AMRI: 0.738	| rank_deviation: 0.00027
2024-08-26 19:19:39 INFO     	 Saving model at epoch 399 in logs\08_26\NELL-995-h100\DistMult_18_53_41
2024-08-26 19:19:42 INFO     	 Epoch 400 | average train loss: 4.0970
2024-08-26 19:19:42 INFO     	 Epoch 400 | average valid loss: 8.5514
2024-08-26 19:19:45 INFO     	 Epoch 401 | average train loss: 4.0965
2024-08-26 19:19:45 INFO     	 Epoch 401 | average valid loss: 8.5522
2024-08-26 19:19:49 INFO     	 Epoch 402 | average train loss: 4.0976
2024-08-26 19:19:49 INFO     	 Epoch 402 | average valid loss: 8.5527
2024-08-26 19:19:52 INFO     	 Epoch 403 | average train loss: 4.0974
2024-08-26 19:19:52 INFO     	 Epoch 403 | average valid loss: 8.5529
2024-08-26 19:19:55 INFO     	 Epoch 404 | average train loss: 4.0961
2024-08-26 19:19:55 INFO     	 Epoch 404 | average valid loss: 8.5524
2024-08-26 19:19:59 INFO     
average valid metrics:	MR: 2934.660	| MRR: 0.293	| H@1: 0.215	| H@3: 0.328	| H@10: 0.444	| AMRI: 0.738	| rank_deviation: 0.00040
2024-08-26 19:19:59 INFO     	 Saving model at epoch 404 in logs\08_26\NELL-995-h100\DistMult_18_53_41
2024-08-26 19:20:02 INFO     	 Epoch 405 | average train loss: 4.0980
2024-08-26 19:20:02 INFO     	 Epoch 405 | average valid loss: 8.5527
2024-08-26 19:20:06 INFO     	 Epoch 406 | average train loss: 4.0962
2024-08-26 19:20:06 INFO     	 Epoch 406 | average valid loss: 8.5526
2024-08-26 19:20:09 INFO     	 Epoch 407 | average train loss: 4.0953
2024-08-26 19:20:09 INFO     	 Epoch 407 | average valid loss: 8.5536
2024-08-26 19:20:12 INFO     	 Epoch 408 | average train loss: 4.0967
2024-08-26 19:20:12 INFO     	 Epoch 408 | average valid loss: 8.5533
2024-08-26 19:20:15 INFO     	 Epoch 409 | average train loss: 4.0960
2024-08-26 19:20:15 INFO     	 Epoch 409 | average valid loss: 8.5552
2024-08-26 19:20:19 INFO     
average valid metrics:	MR: 2934.522	| MRR: 0.293	| H@1: 0.215	| H@3: 0.328	| H@10: 0.444	| AMRI: 0.738	| rank_deviation: 0.00066
2024-08-26 19:20:22 INFO     	 Epoch 410 | average train loss: 4.0958
2024-08-26 19:20:22 INFO     	 Epoch 410 | average valid loss: 8.5564
2024-08-26 19:20:25 INFO     	 Epoch 411 | average train loss: 4.0954
2024-08-26 19:20:25 INFO     	 Epoch 411 | average valid loss: 8.5547
2024-08-26 19:20:29 INFO     	 Epoch 412 | average train loss: 4.0951
2024-08-26 19:20:29 INFO     	 Epoch 412 | average valid loss: 8.5569
2024-08-26 19:20:32 INFO     	 Epoch 413 | average train loss: 4.0943
2024-08-26 19:20:32 INFO     	 Epoch 413 | average valid loss: 8.5579
2024-08-26 19:20:36 INFO     	 Epoch 414 | average train loss: 4.0957
2024-08-26 19:20:36 INFO     	 Epoch 414 | average valid loss: 8.5567
2024-08-26 19:20:39 INFO     
average valid metrics:	MR: 2933.488	| MRR: 0.293	| H@1: 0.216	| H@3: 0.327	| H@10: 0.444	| AMRI: 0.738	| rank_deviation: 0.00013
2024-08-26 19:20:42 INFO     	 Epoch 415 | average train loss: 4.0933
2024-08-26 19:20:42 INFO     	 Epoch 415 | average valid loss: 8.5585
2024-08-26 19:20:46 INFO     	 Epoch 416 | average train loss: 4.0952
2024-08-26 19:20:46 INFO     	 Epoch 416 | average valid loss: 8.5593
2024-08-26 19:20:49 INFO     	 Epoch 417 | average train loss: 4.0935
2024-08-26 19:20:49 INFO     	 Epoch 417 | average valid loss: 8.5582
2024-08-26 19:20:52 INFO     	 Epoch 418 | average train loss: 4.0947
2024-08-26 19:20:52 INFO     	 Epoch 418 | average valid loss: 8.5582
2024-08-26 19:20:55 INFO     	 Epoch 419 | average train loss: 4.0929
2024-08-26 19:20:55 INFO     	 Epoch 419 | average valid loss: 8.5582
2024-08-26 19:20:59 INFO     
average valid metrics:	MR: 2933.129	| MRR: 0.293	| H@1: 0.215	| H@3: 0.328	| H@10: 0.444	| AMRI: 0.738	| rank_deviation: 0.00053
2024-08-26 19:20:59 INFO     	 Saving model at epoch 419 in logs\08_26\NELL-995-h100\DistMult_18_53_41
2024-08-26 19:21:02 INFO     	 Epoch 420 | average train loss: 4.0929
2024-08-26 19:21:02 INFO     	 Epoch 420 | average valid loss: 8.5605
2024-08-26 19:21:05 INFO     	 Epoch 421 | average train loss: 4.0931
2024-08-26 19:21:05 INFO     	 Epoch 421 | average valid loss: 8.5597
2024-08-26 19:21:08 INFO     	 Epoch 422 | average train loss: 4.0918
2024-08-26 19:21:08 INFO     	 Epoch 422 | average valid loss: 8.5610
2024-08-26 19:21:12 INFO     	 Epoch 423 | average train loss: 4.0921
2024-08-26 19:21:12 INFO     	 Epoch 423 | average valid loss: 8.5617
2024-08-26 19:21:15 INFO     	 Epoch 424 | average train loss: 4.0921
2024-08-26 19:21:15 INFO     	 Epoch 424 | average valid loss: 8.5616
2024-08-26 19:21:18 INFO     
average valid metrics:	MR: 2932.956	| MRR: 0.293	| H@1: 0.214	| H@3: 0.328	| H@10: 0.444	| AMRI: 0.738	| rank_deviation: 0.00080
2024-08-26 19:21:21 INFO     	 Epoch 425 | average train loss: 4.0915
2024-08-26 19:21:21 INFO     	 Epoch 425 | average valid loss: 8.5611
2024-08-26 19:21:25 INFO     	 Epoch 426 | average train loss: 4.0907
2024-08-26 19:21:25 INFO     	 Epoch 426 | average valid loss: 8.5614
2024-08-26 19:21:28 INFO     	 Epoch 427 | average train loss: 4.0907
2024-08-26 19:21:28 INFO     	 Epoch 427 | average valid loss: 8.5612
2024-08-26 19:21:31 INFO     	 Epoch 428 | average train loss: 4.0927
2024-08-26 19:21:31 INFO     	 Epoch 428 | average valid loss: 8.5617
2024-08-26 19:21:34 INFO     	 Epoch 429 | average train loss: 4.0908
2024-08-26 19:21:34 INFO     	 Epoch 429 | average valid loss: 8.5623
2024-08-26 19:21:38 INFO     
average valid metrics:	MR: 2932.710	| MRR: 0.293	| H@1: 0.216	| H@3: 0.329	| H@10: 0.444	| AMRI: 0.738	| rank_deviation: 0.00040
2024-08-26 19:21:38 INFO     	 Saving model at epoch 429 in logs\08_26\NELL-995-h100\DistMult_18_53_41
2024-08-26 19:21:41 INFO     	 Epoch 430 | average train loss: 4.0896
2024-08-26 19:21:41 INFO     	 Epoch 430 | average valid loss: 8.5620
2024-08-26 19:21:44 INFO     	 Epoch 431 | average train loss: 4.0909
2024-08-26 19:21:44 INFO     	 Epoch 431 | average valid loss: 8.5638
2024-08-26 19:21:48 INFO     	 Epoch 432 | average train loss: 4.0906
2024-08-26 19:21:48 INFO     	 Epoch 432 | average valid loss: 8.5640
2024-08-26 19:21:51 INFO     	 Epoch 433 | average train loss: 4.0905
2024-08-26 19:21:51 INFO     	 Epoch 433 | average valid loss: 8.5647
2024-08-26 19:21:54 INFO     	 Epoch 434 | average train loss: 4.0913
2024-08-26 19:21:54 INFO     	 Epoch 434 | average valid loss: 8.5641
2024-08-26 19:21:59 INFO     
average valid metrics:	MR: 2932.783	| MRR: 0.293	| H@1: 0.215	| H@3: 0.329	| H@10: 0.444	| AMRI: 0.738	| rank_deviation: 0.00027
2024-08-26 19:22:03 INFO     	 Epoch 435 | average train loss: 4.0897
2024-08-26 19:22:03 INFO     	 Epoch 435 | average valid loss: 8.5649
2024-08-26 19:22:06 INFO     	 Epoch 436 | average train loss: 4.0901
2024-08-26 19:22:06 INFO     	 Epoch 436 | average valid loss: 8.5659
2024-08-26 19:22:09 INFO     	 Epoch 437 | average train loss: 4.0895
2024-08-26 19:22:09 INFO     	 Epoch 437 | average valid loss: 8.5655
2024-08-26 19:22:12 INFO     	 Epoch 438 | average train loss: 4.0898
2024-08-26 19:22:12 INFO     	 Epoch 438 | average valid loss: 8.5651
2024-08-26 19:22:16 INFO     	 Epoch 439 | average train loss: 4.0894
2024-08-26 19:22:16 INFO     	 Epoch 439 | average valid loss: 8.5668
2024-08-26 19:22:20 INFO     
average valid metrics:	MR: 2932.087	| MRR: 0.293	| H@1: 0.215	| H@3: 0.328	| H@10: 0.444	| AMRI: 0.738	| rank_deviation: 0.00027
2024-08-26 19:22:24 INFO     	 Epoch 440 | average train loss: 4.0890
2024-08-26 19:22:24 INFO     	 Epoch 440 | average valid loss: 8.5675
2024-08-26 19:22:27 INFO     	 Epoch 441 | average train loss: 4.0896
2024-08-26 19:22:27 INFO     	 Epoch 441 | average valid loss: 8.5676
2024-08-26 19:22:31 INFO     	 Epoch 442 | average train loss: 4.0879
2024-08-26 19:22:31 INFO     	 Epoch 442 | average valid loss: 8.5685
2024-08-26 19:22:34 INFO     	 Epoch 443 | average train loss: 4.0884
2024-08-26 19:22:34 INFO     	 Epoch 443 | average valid loss: 8.5706
2024-08-26 19:22:38 INFO     	 Epoch 444 | average train loss: 4.0875
2024-08-26 19:22:38 INFO     	 Epoch 444 | average valid loss: 8.5691
2024-08-26 19:22:42 INFO     
average valid metrics:	MR: 2931.850	| MRR: 0.293	| H@1: 0.216	| H@3: 0.329	| H@10: 0.445	| AMRI: 0.738	| rank_deviation: 0.00027
2024-08-26 19:22:42 INFO     	 Saving model at epoch 444 in logs\08_26\NELL-995-h100\DistMult_18_53_41
2024-08-26 19:22:45 INFO     	 Epoch 445 | average train loss: 4.0879
2024-08-26 19:22:45 INFO     	 Epoch 445 | average valid loss: 8.5687
2024-08-26 19:22:48 INFO     	 Epoch 446 | average train loss: 4.0870
2024-08-26 19:22:48 INFO     	 Epoch 446 | average valid loss: 8.5685
2024-08-26 19:22:51 INFO     	 Epoch 447 | average train loss: 4.0866
2024-08-26 19:22:51 INFO     	 Epoch 447 | average valid loss: 8.5695
2024-08-26 19:22:54 INFO     	 Epoch 448 | average train loss: 4.0864
2024-08-26 19:22:54 INFO     	 Epoch 448 | average valid loss: 8.5699
2024-08-26 19:22:58 INFO     	 Epoch 449 | average train loss: 4.0867
2024-08-26 19:22:58 INFO     	 Epoch 449 | average valid loss: 8.5720
2024-08-26 19:23:01 INFO     
average valid metrics:	MR: 2931.588	| MRR: 0.294	| H@1: 0.216	| H@3: 0.328	| H@10: 0.445	| AMRI: 0.738	| rank_deviation: 0.00066
2024-08-26 19:23:01 INFO     	 Saving model at epoch 449 in logs\08_26\NELL-995-h100\DistMult_18_53_41
2024-08-26 19:23:04 INFO     	 Epoch 450 | average train loss: 4.0860
2024-08-26 19:23:05 INFO     	 Epoch 450 | average valid loss: 8.5705
2024-08-26 19:23:08 INFO     	 Epoch 451 | average train loss: 4.0861
2024-08-26 19:23:08 INFO     	 Epoch 451 | average valid loss: 8.5711
2024-08-26 19:23:11 INFO     	 Epoch 452 | average train loss: 4.0861
2024-08-26 19:23:11 INFO     	 Epoch 452 | average valid loss: 8.5724
2024-08-26 19:23:14 INFO     	 Epoch 453 | average train loss: 4.0867
2024-08-26 19:23:14 INFO     	 Epoch 453 | average valid loss: 8.5712
2024-08-26 19:23:17 INFO     	 Epoch 454 | average train loss: 4.0860
2024-08-26 19:23:17 INFO     	 Epoch 454 | average valid loss: 8.5721
2024-08-26 19:23:21 INFO     
average valid metrics:	MR: 2931.156	| MRR: 0.293	| H@1: 0.215	| H@3: 0.328	| H@10: 0.444	| AMRI: 0.739	| rank_deviation: 0.00066
2024-08-26 19:23:24 INFO     	 Epoch 455 | average train loss: 4.0861
2024-08-26 19:23:24 INFO     	 Epoch 455 | average valid loss: 8.5726
2024-08-26 19:23:28 INFO     	 Epoch 456 | average train loss: 4.0862
2024-08-26 19:23:28 INFO     	 Epoch 456 | average valid loss: 8.5721
2024-08-26 19:23:31 INFO     	 Epoch 457 | average train loss: 4.0861
2024-08-26 19:23:31 INFO     	 Epoch 457 | average valid loss: 8.5729
2024-08-26 19:23:34 INFO     	 Epoch 458 | average train loss: 4.0857
2024-08-26 19:23:34 INFO     	 Epoch 458 | average valid loss: 8.5740
2024-08-26 19:23:37 INFO     	 Epoch 459 | average train loss: 4.0848
2024-08-26 19:23:37 INFO     	 Epoch 459 | average valid loss: 8.5737
2024-08-26 19:23:41 INFO     
average valid metrics:	MR: 2930.775	| MRR: 0.293	| H@1: 0.216	| H@3: 0.328	| H@10: 0.445	| AMRI: 0.739	| rank_deviation: 0.00053
2024-08-26 19:23:44 INFO     	 Epoch 460 | average train loss: 4.0835
2024-08-26 19:23:44 INFO     	 Epoch 460 | average valid loss: 8.5733
2024-08-26 19:23:47 INFO     	 Epoch 461 | average train loss: 4.0857
2024-08-26 19:23:47 INFO     	 Epoch 461 | average valid loss: 8.5742
2024-08-26 19:23:51 INFO     	 Epoch 462 | average train loss: 4.0826
2024-08-26 19:23:51 INFO     	 Epoch 462 | average valid loss: 8.5732
2024-08-26 19:23:54 INFO     	 Epoch 463 | average train loss: 4.0841
2024-08-26 19:23:54 INFO     	 Epoch 463 | average valid loss: 8.5732
2024-08-26 19:23:57 INFO     	 Epoch 464 | average train loss: 4.0841
2024-08-26 19:23:57 INFO     	 Epoch 464 | average valid loss: 8.5737
2024-08-26 19:24:01 INFO     
average valid metrics:	MR: 2929.590	| MRR: 0.294	| H@1: 0.217	| H@3: 0.328	| H@10: 0.445	| AMRI: 0.739	| rank_deviation: 0.00080
2024-08-26 19:24:01 INFO     	 Saving model at epoch 464 in logs\08_26\NELL-995-h100\DistMult_18_53_41
2024-08-26 19:24:04 INFO     	 Epoch 465 | average train loss: 4.0834
2024-08-26 19:24:04 INFO     	 Epoch 465 | average valid loss: 8.5743
2024-08-26 19:24:07 INFO     	 Epoch 466 | average train loss: 4.0853
2024-08-26 19:24:07 INFO     	 Epoch 466 | average valid loss: 8.5747
2024-08-26 19:24:10 INFO     	 Epoch 467 | average train loss: 4.0833
2024-08-26 19:24:11 INFO     	 Epoch 467 | average valid loss: 8.5762
2024-08-26 19:24:14 INFO     	 Epoch 468 | average train loss: 4.0823
2024-08-26 19:24:14 INFO     	 Epoch 468 | average valid loss: 8.5765
2024-08-26 19:24:17 INFO     	 Epoch 469 | average train loss: 4.0825
2024-08-26 19:24:17 INFO     	 Epoch 469 | average valid loss: 8.5758
2024-08-26 19:24:21 INFO     
average valid metrics:	MR: 2929.697	| MRR: 0.294	| H@1: 0.216	| H@3: 0.329	| H@10: 0.444	| AMRI: 0.739	| rank_deviation: 0.00093
2024-08-26 19:24:25 INFO     	 Epoch 470 | average train loss: 4.0839
2024-08-26 19:24:25 INFO     	 Epoch 470 | average valid loss: 8.5771
2024-08-26 19:24:28 INFO     	 Epoch 471 | average train loss: 4.0827
2024-08-26 19:24:28 INFO     	 Epoch 471 | average valid loss: 8.5772
2024-08-26 19:24:31 INFO     	 Epoch 472 | average train loss: 4.0828
2024-08-26 19:24:31 INFO     	 Epoch 472 | average valid loss: 8.5770
2024-08-26 19:24:34 INFO     	 Epoch 473 | average train loss: 4.0822
2024-08-26 19:24:34 INFO     	 Epoch 473 | average valid loss: 8.5781
2024-08-26 19:24:37 INFO     	 Epoch 474 | average train loss: 4.0814
2024-08-26 19:24:38 INFO     	 Epoch 474 | average valid loss: 8.5782
2024-08-26 19:24:41 INFO     
average valid metrics:	MR: 2929.750	| MRR: 0.294	| H@1: 0.216	| H@3: 0.329	| H@10: 0.444	| AMRI: 0.739	| rank_deviation: 0.00027
2024-08-26 19:24:45 INFO     	 Epoch 475 | average train loss: 4.0826
2024-08-26 19:24:45 INFO     	 Epoch 475 | average valid loss: 8.5781
2024-08-26 19:24:48 INFO     	 Epoch 476 | average train loss: 4.0823
2024-08-26 19:24:48 INFO     	 Epoch 476 | average valid loss: 8.5780
2024-08-26 19:24:51 INFO     	 Epoch 477 | average train loss: 4.0817
2024-08-26 19:24:52 INFO     	 Epoch 477 | average valid loss: 8.5799
2024-08-26 19:24:55 INFO     	 Epoch 478 | average train loss: 4.0806
2024-08-26 19:24:55 INFO     	 Epoch 478 | average valid loss: 8.5793
2024-08-26 19:24:59 INFO     	 Epoch 479 | average train loss: 4.0828
2024-08-26 19:24:59 INFO     	 Epoch 479 | average valid loss: 8.5807
2024-08-26 19:25:05 INFO     
average valid metrics:	MR: 2929.147	| MRR: 0.293	| H@1: 0.216	| H@3: 0.329	| H@10: 0.444	| AMRI: 0.739	| rank_deviation: 0.00040
2024-08-26 19:25:09 INFO     	 Epoch 480 | average train loss: 4.0798
2024-08-26 19:25:09 INFO     	 Epoch 480 | average valid loss: 8.5815
2024-08-26 19:25:12 INFO     	 Epoch 481 | average train loss: 4.0810
2024-08-26 19:25:12 INFO     	 Epoch 481 | average valid loss: 8.5801
2024-08-26 19:25:16 INFO     	 Epoch 482 | average train loss: 4.0809
2024-08-26 19:25:16 INFO     	 Epoch 482 | average valid loss: 8.5813
2024-08-26 19:25:20 INFO     	 Epoch 483 | average train loss: 4.0805
2024-08-26 19:25:20 INFO     	 Epoch 483 | average valid loss: 8.5819
2024-08-26 19:25:23 INFO     	 Epoch 484 | average train loss: 4.0809
2024-08-26 19:25:23 INFO     	 Epoch 484 | average valid loss: 8.5821
2024-08-26 19:25:28 INFO     
average valid metrics:	MR: 2929.262	| MRR: 0.294	| H@1: 0.217	| H@3: 0.330	| H@10: 0.444	| AMRI: 0.739	| rank_deviation: 0.00027
2024-08-26 19:25:28 INFO     	 Saving model at epoch 484 in logs\08_26\NELL-995-h100\DistMult_18_53_41
2024-08-26 19:25:31 INFO     	 Epoch 485 | average train loss: 4.0809
2024-08-26 19:25:31 INFO     	 Epoch 485 | average valid loss: 8.5835
2024-08-26 19:25:34 INFO     	 Epoch 486 | average train loss: 4.0808
2024-08-26 19:25:34 INFO     	 Epoch 486 | average valid loss: 8.5841
2024-08-26 19:25:38 INFO     	 Epoch 487 | average train loss: 4.0798
2024-08-26 19:25:38 INFO     	 Epoch 487 | average valid loss: 8.5833
2024-08-26 19:25:41 INFO     	 Epoch 488 | average train loss: 4.0807
2024-08-26 19:25:41 INFO     	 Epoch 488 | average valid loss: 8.5843
2024-08-26 19:25:44 INFO     	 Epoch 489 | average train loss: 4.0789
2024-08-26 19:25:44 INFO     	 Epoch 489 | average valid loss: 8.5841
2024-08-26 19:25:48 INFO     
average valid metrics:	MR: 2929.196	| MRR: 0.294	| H@1: 0.216	| H@3: 0.330	| H@10: 0.445	| AMRI: 0.739	| rank_deviation: 0.00027
2024-08-26 19:25:52 INFO     	 Epoch 490 | average train loss: 4.0798
2024-08-26 19:25:52 INFO     	 Epoch 490 | average valid loss: 8.5838
2024-08-26 19:25:55 INFO     	 Epoch 491 | average train loss: 4.0779
2024-08-26 19:25:55 INFO     	 Epoch 491 | average valid loss: 8.5847
2024-08-26 19:25:59 INFO     	 Epoch 492 | average train loss: 4.0787
2024-08-26 19:25:59 INFO     	 Epoch 492 | average valid loss: 8.5847
2024-08-26 19:26:03 INFO     	 Epoch 493 | average train loss: 4.0798
2024-08-26 19:26:03 INFO     	 Epoch 493 | average valid loss: 8.5843
2024-08-26 19:26:07 INFO     	 Epoch 494 | average train loss: 4.0790
2024-08-26 19:26:07 INFO     	 Epoch 494 | average valid loss: 8.5846
2024-08-26 19:26:12 INFO     
average valid metrics:	MR: 2928.766	| MRR: 0.294	| H@1: 0.216	| H@3: 0.329	| H@10: 0.445	| AMRI: 0.739	| rank_deviation: 0.00053
2024-08-26 19:26:15 INFO     	 Epoch 495 | average train loss: 4.0788
2024-08-26 19:26:15 INFO     	 Epoch 495 | average valid loss: 8.5859
2024-08-26 19:26:18 INFO     	 Epoch 496 | average train loss: 4.0787
2024-08-26 19:26:18 INFO     	 Epoch 496 | average valid loss: 8.5849
2024-08-26 19:26:22 INFO     	 Epoch 497 | average train loss: 4.0761
2024-08-26 19:26:22 INFO     	 Epoch 497 | average valid loss: 8.5856
2024-08-26 19:26:25 INFO     	 Epoch 498 | average train loss: 4.0790
2024-08-26 19:26:25 INFO     	 Epoch 498 | average valid loss: 8.5849
2024-08-26 19:26:29 INFO     	 Epoch 499 | average train loss: 4.0788
2024-08-26 19:26:29 INFO     	 Epoch 499 | average valid loss: 8.5857
2024-08-26 19:26:33 INFO     
average valid metrics:	MR: 2928.229	| MRR: 0.293	| H@1: 0.215	| H@3: 0.330	| H@10: 0.445	| AMRI: 0.739	| rank_deviation: 0.00027
2024-08-26 19:26:33 INFO     	 Optimization finished
2024-08-26 19:26:33 INFO     	 Loading best model saved at epoch 484
2024-08-26 19:26:38 INFO     
average valid metrics:	MR: 2929.262	| MRR: 0.294	| H@1: 0.217	| H@3: 0.330	| H@10: 0.444	| AMRI: 0.739	| rank_deviation: 0.00027
