2024-04-03 18:23:00 INFO     ### Saving logs in: D:\OneDrive - bwedu\MASTER\Masterarbeit\Software\Ensemble_Embedding_for_Link_Prediction\data\WN18RR_Entity_sampling_N10_min0.6\results ###
2024-04-03 18:23:00 INFO     Sampling 10 subgraphs with a relative size (0.6, 0.7) from WN18RR with Entity sampling
2024-04-03 18:23:00 INFO     -/	Sampling subgraph data\WN18RR_Entity_sampling_N10_min0.6\sub_000 from WN18RR with params:
		Entity sampling and (0.6, 0.7) relative subgraph size.	\-
2024-04-03 18:23:19 INFO     Current subgraph size 0.7000057580468705 reached or exceeded target size 0.7.
2024-04-03 18:23:19 INFO     Created subgraph 0 with 5634 entities and 0 relation names left unused and a relative subgraph size 0.7000057580468705.
2024-04-03 18:23:20 CRITICAL Length of delta: 60785
Total removed duplicates from delta: 17693
2024-04-03 18:23:20 INFO     -\	Updated config file D:\OneDrive - bwedu\MASTER\Masterarbeit\Software\Ensemble_Embedding_for_Link_Prediction\data\WN18RR_Entity_sampling_N10_min0.6\results\subgraph_config.csv for subgraph 000, sampling took 19.256 sec	/-

2024-04-03 18:23:20 INFO     -/	Sampling subgraph data\WN18RR_Entity_sampling_N10_min0.6\sub_001 from WN18RR with params:
		Entity sampling and (0.6, 0.7) relative subgraph size.	\-
2024-04-03 18:23:41 INFO     Current subgraph size 0.7000172741406115 reached or exceeded target size 0.7.
2024-04-03 18:23:41 INFO     Created subgraph 1 with 1148 entities and 0 relation names left unused and a relative subgraph size 0.7000172741406115.
2024-04-03 18:23:41 CRITICAL Length of delta: 60786
Total removed duplicates from delta: 17666
2024-04-03 18:23:41 INFO     -\	Updated config file D:\OneDrive - bwedu\MASTER\Masterarbeit\Software\Ensemble_Embedding_for_Link_Prediction\data\WN18RR_Entity_sampling_N10_min0.6\results\subgraph_config.csv for subgraph 001, sampling took 21.137 sec	/-

2024-04-03 18:23:41 INFO     -/	Sampling subgraph data\WN18RR_Entity_sampling_N10_min0.6\sub_002 from WN18RR with params:
		Entity sampling and (0.6, 0.7) relative subgraph size.	\-
2024-04-03 18:24:01 INFO     Current subgraph size 0.7000287902343525 reached or exceeded target size 0.7.
2024-04-03 18:24:01 INFO     Created subgraph 2 with 253 entities and 0 relation names left unused and a relative subgraph size 0.7000287902343525.
2024-04-03 18:24:02 CRITICAL Length of delta: 60787
Total removed duplicates from delta: 17493
2024-04-03 18:24:02 INFO     -\	Updated config file D:\OneDrive - bwedu\MASTER\Masterarbeit\Software\Ensemble_Embedding_for_Link_Prediction\data\WN18RR_Entity_sampling_N10_min0.6\results\subgraph_config.csv for subgraph 002, sampling took 20.293 sec	/-

2024-04-03 18:24:02 INFO     -/	Sampling subgraph data\WN18RR_Entity_sampling_N10_min0.6\sub_003 from WN18RR with params:
		Entity sampling and (0.6, 0.7) relative subgraph size.	\-
2024-04-03 18:24:22 INFO     Current subgraph size 0.7000057580468705 reached or exceeded target size 0.7.
2024-04-03 18:24:22 INFO     Created subgraph 3 with 65 entities and 0 relation names left unused and a relative subgraph size 0.7000057580468705.
2024-04-03 18:24:23 CRITICAL Length of delta: 60785
Total removed duplicates from delta: 17575
2024-04-03 18:24:23 INFO     -\	Updated config file D:\OneDrive - bwedu\MASTER\Masterarbeit\Software\Ensemble_Embedding_for_Link_Prediction\data\WN18RR_Entity_sampling_N10_min0.6\results\subgraph_config.csv for subgraph 003, sampling took 20.89 sec	/-

2024-04-03 18:24:23 INFO     -/	Sampling subgraph data\WN18RR_Entity_sampling_N10_min0.6\sub_004 from WN18RR with params:
		Entity sampling and (0.6, 0.7) relative subgraph size.	\-
2024-04-03 18:24:45 INFO     Current subgraph size 0.7001094028905396 reached or exceeded target size 0.7.
2024-04-03 18:24:45 INFO     Created subgraph 4 with 17 entities and 0 relation names left unused and a relative subgraph size 0.7001094028905396.
2024-04-03 18:24:45 CRITICAL Length of delta: 60794
Total removed duplicates from delta: 17679
2024-04-03 18:24:45 INFO     -\	Updated config file D:\OneDrive - bwedu\MASTER\Masterarbeit\Software\Ensemble_Embedding_for_Link_Prediction\data\WN18RR_Entity_sampling_N10_min0.6\results\subgraph_config.csv for subgraph 004, sampling took 22.413 sec	/-

2024-04-03 18:24:46 INFO     -/	Sampling subgraph data\WN18RR_Entity_sampling_N10_min0.6\sub_005 from WN18RR with params:
		Entity sampling and (0.6, 0.7) relative subgraph size.	\-
2024-04-03 18:25:09 INFO     Current subgraph size 0.7000518224218345 reached or exceeded target size 0.7.
2024-04-03 18:25:09 INFO     Created subgraph 5 with 6 entities and 0 relation names left unused and a relative subgraph size 0.7000518224218345.
2024-04-03 18:25:10 CRITICAL Length of delta: 60789
Total removed duplicates from delta: 17716
2024-04-03 18:25:10 INFO     -\	Updated config file D:\OneDrive - bwedu\MASTER\Masterarbeit\Software\Ensemble_Embedding_for_Link_Prediction\data\WN18RR_Entity_sampling_N10_min0.6\results\subgraph_config.csv for subgraph 005, sampling took 23.984 sec	/-

2024-04-03 18:25:10 INFO     -/	Sampling subgraph data\WN18RR_Entity_sampling_N10_min0.6\sub_006 from WN18RR with params:
		Entity sampling and (0.6, 0.7) relative subgraph size.	\-
2024-04-03 18:25:36 INFO     Current subgraph size 0.7000172741406115 reached or exceeded target size 0.7.
2024-04-03 18:25:36 INFO     Created subgraph 6 with 2 entities and 0 relation names left unused and a relative subgraph size 0.7000172741406115.
2024-04-03 18:25:36 CRITICAL Length of delta: 60786
Total removed duplicates from delta: 17662
2024-04-03 18:25:36 INFO     -\	Updated config file D:\OneDrive - bwedu\MASTER\Masterarbeit\Software\Ensemble_Embedding_for_Link_Prediction\data\WN18RR_Entity_sampling_N10_min0.6\results\subgraph_config.csv for subgraph 006, sampling took 26.136 sec	/-

2024-04-03 18:25:37 INFO     -/	Sampling subgraph data\WN18RR_Entity_sampling_N10_min0.6\sub_007 from WN18RR with params:
		Entity sampling and (0.6, 0.7) relative subgraph size.	\-
2024-04-03 18:25:37 INFO     Enforcing 2 entities to be present in the subgraph.
2024-04-03 18:25:59 INFO     Current subgraph size 0.7000057580468705 reached or exceeded target size 0.7.
2024-04-03 18:25:59 INFO     Created subgraph 7 with 0 entities and 0 relation names left unused and a relative subgraph size 0.7000057580468705.
2024-04-03 18:26:00 CRITICAL Length of delta: 60785
Total removed duplicates from delta: 17369
2024-04-03 18:26:00 INFO     -\	Updated config file D:\OneDrive - bwedu\MASTER\Masterarbeit\Software\Ensemble_Embedding_for_Link_Prediction\data\WN18RR_Entity_sampling_N10_min0.6\results\subgraph_config.csv for subgraph 007, sampling took 23.046 sec	/-

2024-04-03 18:26:00 INFO     -/	Sampling subgraph data\WN18RR_Entity_sampling_N10_min0.6\sub_008 from WN18RR with params:
		Entity sampling and (0.6, 0.7) relative subgraph size.	\-
2024-04-03 18:26:23 INFO     Current subgraph size 0.7000057580468705 reached or exceeded target size 0.7.
2024-04-03 18:26:23 INFO     Created subgraph 8 with 0 entities and 0 relation names left unused and a relative subgraph size 0.7000057580468705.
2024-04-03 18:26:24 CRITICAL Length of delta: 60785
Total removed duplicates from delta: 17786
2024-04-03 18:26:24 INFO     -\	Updated config file D:\OneDrive - bwedu\MASTER\Masterarbeit\Software\Ensemble_Embedding_for_Link_Prediction\data\WN18RR_Entity_sampling_N10_min0.6\results\subgraph_config.csv for subgraph 008, sampling took 23.845 sec	/-

2024-04-03 18:26:24 INFO     -/	Sampling subgraph data\WN18RR_Entity_sampling_N10_min0.6\sub_009 from WN18RR with params:
		Entity sampling and (0.6, 0.7) relative subgraph size.	\-
2024-04-03 18:26:46 INFO     Current subgraph size 0.7000057580468705 reached or exceeded target size 0.7.
2024-04-03 18:26:46 INFO     Created subgraph 9 with 0 entities and 0 relation names left unused and a relative subgraph size 0.7000057580468705.
2024-04-03 18:26:47 CRITICAL Length of delta: 60785
Total removed duplicates from delta: 18121
2024-04-03 18:26:47 INFO     -\	Updated config file D:\OneDrive - bwedu\MASTER\Masterarbeit\Software\Ensemble_Embedding_for_Link_Prediction\data\WN18RR_Entity_sampling_N10_min0.6\results\subgraph_config.csv for subgraph 009, sampling took 22.599 sec	/-

2024-04-03 18:26:47 INFO     ### Successfully created 10 subgraphs of the relative size (0.6, 0.7) from the original KG "WN18RR" in a total of 226.682 seconds (avg: 22.668 sec) ###
